2026-04-06 12:42:36,298 - ERROR - 获取K线失败 TSLAUSDT: API Error: Parameter verification failed
2026-04-06 21:54:57,054 - INFO - ==================================================
2026-04-06 21:54:57,054 - INFO - 🚀 美股交易机器人启动
2026-04-06 21:54:57,054 - INFO - 监控标的: 25 个
2026-04-06 21:54:57,055 - INFO - 开仓金额: 25 U/笔
2026-04-06 21:54:57,055 - INFO - 扫描间隔: 600 秒
2026-04-06 21:54:57,055 - INFO - ==================================================
2026-04-06 21:54:57,246 - INFO - 
[21:54:57] 美股开盘时段 | 余额: 0.00 U
2026-04-06 21:54:57,656 - ERROR - 获取K线失败 TSLAUSDT: API Error: Parameter verification failed
2026-04-06 21:54:58,091 - ERROR - 获取K线失败 NVDAUSDT: API Error: Parameter verification failed
2026-04-06 21:54:58,495 - ERROR - 获取K线失败 COINUSDT: API Error: Parameter verification failed
2026-04-06 21:54:58,874 - ERROR - 获取K线失败 MARAUSDT: API Error: Parameter verification failed
2026-04-06 21:54:59,261 - ERROR - 获取K线失败 RIOTUSDT: API Error: Parameter verification failed
2026-04-06 21:54:59,645 - ERROR - 获取K线失败 AMDUSDT: API Error: Parameter verification failed
2026-04-06 21:55:00,037 - ERROR - 获取K线失败 ARMUSDT: API Error: Parameter verification failed
2026-04-06 21:55:00,408 - ERROR - 获取K线失败 PLTRUSDT: API Error: Parameter verification failed
2026-04-06 21:55:00,791 - ERROR - 获取K线失败 SNOWUSDT: API Error: Parameter verification failed
2026-04-06 21:55:01,160 - ERROR - 获取K线失败 QBTSUSDT: API Error: Parameter verification failed
2026-04-06 21:55:01,527 - ERROR - 获取K线失败 AAPLUSDT: API Error: Parameter verification failed
2026-04-06 21:55:01,920 - ERROR - 获取K线失败 METAUSDT: API Error: Parameter verification failed
2026-04-06 21:55:02,312 - ERROR - 获取K线失败 AMZNUSDT: API Error: Parameter verification failed
2026-04-06 21:55:02,677 - ERROR - 获取K线失败 GOOGLUSDT: API Error: Parameter verification failed
2026-04-06 21:55:03,055 - ERROR - 获取K线失败 NFLXUSDT: API Error: Parameter verification failed
2026-04-06 21:55:03,429 - ERROR - 获取K线失败 TSMUSDT: API Error: Parameter verification failed
2026-04-06 21:55:03,968 - ERROR - 获取K线失败 KOUSDT: API Error: Parameter verification failed
2026-04-06 21:55:04,332 - ERROR - 获取K线失败 CVXUSDT: API Error: Parameter verification failed
2026-04-06 21:55:04,685 - ERROR - 获取K线失败 AXPUSDT: API Error: Parameter verification failed
2026-04-06 21:55:05,089 - ERROR - 获取K线失败 BIDUUSDT: API Error: Parameter verification failed
2026-04-06 21:55:05,460 - ERROR - 获取K线失败 PDDUSDT: API Error: Parameter verification failed
2026-04-06 21:55:05,841 - ERROR - 获取K线失败 GRABUSDT: API Error: Parameter verification failed
2026-04-06 21:55:06,214 - ERROR - 获取K线失败 TQQQUSDT: API Error: Parameter verification failed
2026-04-06 21:55:06,584 - ERROR - 获取K线失败 SQQQUSDT: API Error: Parameter verification failed
2026-04-06 21:55:06,954 - ERROR - 获取K线失败 VTIUSDT: API Error: Parameter verification failed
2026-04-06 21:55:07,143 - INFO - 本次扫描: 无交易信号
2026-04-06 22:01:16,697 - ERROR - 获取余额失败: API Error: Apikey does not exist
2026-04-06 22:05:07,320 - INFO - [22:05:07] 非开盘时段 | 每30分钟检查一次
2026-04-06 22:08:17,305 - INFO - ==================================================
2026-04-06 22:08:17,307 - INFO - 🚀 Bitget 美股交易机器人 v2 启动
2026-04-06 22:08:17,307 - INFO - 监控标的: 8 个
2026-04-06 22:08:17,308 - INFO - 开仓金额: 25 U/笔
2026-04-06 22:08:17,308 - INFO - 扫描间隔: 600 秒 (10分钟)
2026-04-06 22:08:17,308 - INFO - ==================================================
2026-04-06 22:08:17,523 - INFO - [22:08:17] ⏸ 非开盘时段
2026-04-06 22:09:14,603 - INFO - ==================================================
2026-04-06 22:09:14,603 - INFO - 🚀 Bitget 美股交易机器人 v2 启动
2026-04-06 22:09:14,603 - INFO - 监控标的: 8 个
2026-04-06 22:09:14,604 - INFO - 开仓金额: 25 U/笔
2026-04-06 22:09:14,604 - INFO - 扫描间隔: 600 秒 (10分钟)
2026-04-06 22:09:14,604 - INFO - ==================================================
2026-04-06 22:09:14,794 - INFO - 
[22:09:14] ✅ 美股开盘时段 | 余额: 77.25 U
2026-04-06 22:09:20,691 - INFO - 本次扫描: 无交易信号
2026-04-06 22:12:13,767 - INFO - ==================================================
2026-04-06 22:12:13,768 - INFO - 🚀 Bitget 美股交易机器人 v2 启动
2026-04-06 22:12:13,769 - INFO - 监控标的: 8 个
2026-04-06 22:12:13,769 - INFO - 开仓金额: 25 U/笔
2026-04-06 22:12:13,769 - INFO - 扫描间隔: 600 秒 (10分钟)
2026-04-06 22:12:13,769 - INFO - ==================================================
2026-04-06 22:12:13,769 - ERROR - 主循环异常: 'TradingBot' object has no attribute 'is_us_market_open'
2026-04-06 22:13:13,769 - ERROR - 主循环异常: 'TradingBot' object has no attribute 'is_us_market_open'
2026-04-06 22:13:39,450 - INFO - ==================================================
2026-04-06 22:13:39,451 - INFO - 🚀 Bitget 美股交易机器人 v2 启动
2026-04-06 22:13:39,451 - INFO - 监控标的: 8 个
2026-04-06 22:13:39,451 - INFO - 开仓金额: 25 U/笔
2026-04-06 22:13:39,451 - INFO - 扫描间隔: 600 秒 (10分钟)
2026-04-06 22:13:39,451 - INFO - ==================================================
2026-04-06 22:13:39,651 - ERROR - 主循环异常: name 'market_open' is not defined
2026-04-06 22:14:46,848 - INFO - ==================================================
2026-04-06 22:14:46,848 - INFO - 🚀 Bitget 美股交易机器人 v3 启动
2026-04-06 22:14:46,848 - INFO - 监控标的: 8 个
2026-04-06 22:14:46,848 - INFO - 开仓金额: 25 U/笔
2026-04-06 22:14:46,848 - INFO - ==================================================
2026-04-06 22:14:46,848 - INFO - 交易时段规则:
2026-04-06 22:14:46,848 - INFO -   📈 开盘交易: 21:30-04:00 (每10分钟扫描)
2026-04-06 22:14:46,848 - INFO -   🌅 盘前准备: 04:00-09:00 (每30分钟检查)
2026-04-06 22:14:46,848 - INFO -   🌙 盘后时段: 09:00-21:30 (每小时检查)
2026-04-06 22:14:46,849 - INFO -   🚫 周末: 每2小时检查一次
2026-04-06 22:14:46,849 - INFO - ==================================================
2026-04-06 22:14:47,070 - INFO - 
[22:14:47] 📈 美股开盘中 | 余额: 77.25 U
2026-04-06 22:14:52,815 - INFO - 本次扫描: 无交易信号
2026-04-06 22:16:17,356 - INFO - ==================================================
2026-04-06 22:16:17,360 - INFO - 🚀 Bitget 美股交易机器人 v3 启动
2026-04-06 22:16:17,360 - INFO - 监控标的: 8 个
2026-04-06 22:16:17,360 - INFO - 开仓金额: 25 U/笔
2026-04-06 22:16:17,360 - INFO - ==================================================
2026-04-06 22:16:17,360 - INFO - 交易时段规则:
2026-04-06 22:16:17,361 - INFO -   📈 开盘交易: 21:30-04:00 (每5分钟扫描)
2026-04-06 22:16:17,361 - INFO -   🌅 盘前准备: 04:00-09:00 (每30分钟检查)
2026-04-06 22:16:17,362 - INFO -   🌙 盘后时段: 09:00-21:30 (每小时检查)
2026-04-06 22:16:17,362 - INFO -   🚫 周末: 每2小时检查一次
2026-04-06 22:16:17,362 - INFO - ==================================================
2026-04-06 22:16:17,585 - INFO - 
[22:16:17] 📈 美股开盘中 | 余额: 77.25 U
2026-04-06 22:16:23,499 - INFO - 本次扫描: 无交易信号
2026-04-06 22:21:23,713 - INFO - 
[22:21:23] 📈 美股开盘中 | 余额: 77.25 U
2026-04-06 22:21:29,872 - INFO - 本次扫描: 无交易信号
2026-04-06 22:26:30,141 - INFO - 
[22:26:30] 📈 美股开盘中 | 余额: 77.25 U
2026-04-06 22:26:36,277 - INFO - 本次扫描: 无交易信号
2026-04-06 22:31:36,483 - INFO - 
[22:31:36] 📈 美股开盘中 | 余额: 77.25 U
2026-04-06 22:31:42,418 - INFO - 本次扫描: 无交易信号
2026-04-06 22:36:25,141 - INFO - ==================================================
2026-04-06 22:36:25,141 - INFO - 🚀 Bitget 美股交易机器人 v3 启动
2026-04-06 22:36:25,141 - INFO - 监控标的: 8 个
2026-04-06 22:36:25,141 - INFO - 开仓金额: 25 U/笔
2026-04-06 22:36:25,141 - INFO - ==================================================
2026-04-06 22:36:25,142 - INFO - 交易时段规则:
2026-04-06 22:36:25,142 - INFO -   📈 开盘交易: 21:30-04:00 (每5分钟扫描)
2026-04-06 22:36:25,142 - INFO -   🌅 盘前准备: 04:00-09:00 (每30分钟检查)
2026-04-06 22:36:25,142 - INFO -   🌙 盘后时段: 09:00-21:30 (每小时检查)
2026-04-06 22:36:25,142 - INFO -   🚫 周末: 每2小时检查一次
2026-04-06 22:36:25,142 - INFO - ==================================================
2026-04-06 22:36:25,340 - INFO - 
[22:36:25] 📈 美股开盘中 | 余额: 77.25 U
2026-04-06 22:36:30,697 - INFO - 开仓: NVDAONUSDT 价格:176.75 数量:0.14144271570014144 (25U)
2026-04-06 22:36:30,697 - INFO - 🟢 Buy Nvidia(NVDAONUSDT) Price: 176.7500 Tech: 1 News: 10.0 Signal: ['均线多头', 'MACD收缩', '新闻情绪偏多', '重大事件(1)'] Amt: 25U
2026-04-06 22:36:33,930 - INFO - 开仓: AAPLONUSDT 价格:262.46 数量:0.09525260992151185 (25U)
2026-04-06 22:36:33,931 - INFO - 🟢 Buy Apple(AAPLONUSDT) Price: 262.4600 Tech: 1 News: 10.0 Signal: ['均线多头', 'RSI超买(72.3)', 'MACD扩张', '新闻情绪偏多'] Amt: 25U
2026-04-06 22:36:37,409 - INFO - 开仓: METAONUSDT 价格:577.98 数量:0.04325409183708779 (25U)
2026-04-06 22:36:37,409 - INFO - 🟢 Buy Meta(METAONUSDT) Price: 577.9800 Tech: 2 News: 7.5 Signal: ['均线多头', '新闻情绪偏多'] Amt: 25U
2026-04-06 22:36:46,972 - INFO - 本次操作: 买入3笔, 卖出0笔
2026-04-06 22:41:47,180 - INFO - 
[22:41:47] 📈 美股开盘中 | 余额: 2.51 U
2026-04-06 22:42:08,498 - INFO - 本次扫描: 无交易信号
2026-04-06 22:47:08,690 - INFO - 
[22:47:08] 📈 美股开盘中 | 余额: 2.51 U
2026-04-06 22:47:29,826 - INFO - 本次扫描: 无交易信号
2026-04-06 22:52:30,023 - INFO - 
[22:52:30] 📈 美股开盘中 | 余额: 2.51 U
2026-04-06 22:52:50,687 - INFO - 本次扫描: 无交易信号
2026-04-06 22:54:16,851 - INFO - ==================================================
2026-04-06 22:54:16,851 - INFO - 🚀 Bitget 美股交易机器人 v3 启动
2026-04-06 22:54:16,852 - INFO - 监控标的: 8 个
2026-04-06 22:54:16,852 - INFO - 开仓金额: 25 U/笔
2026-04-06 22:54:16,852 - INFO - ==================================================
2026-04-06 22:54:16,852 - INFO - 交易时段规则:
2026-04-06 22:54:16,852 - INFO -   📈 开盘交易: 21:30-04:00 (每5分钟扫描)
2026-04-06 22:54:16,852 - INFO -   🌅 盘前准备: 04:00-09:00 (每30分钟检查)
2026-04-06 22:54:16,852 - INFO -   🌙 盘后时段: 09:00-21:30 (每小时检查)
2026-04-06 22:54:16,852 - INFO -   🚫 周末: 每2小时检查一次
2026-04-06 22:54:16,852 - INFO - ==================================================
2026-04-06 22:54:17,126 - INFO - 
[22:54:17] 📈 美股开盘中 | 余额: 2.51 U
2026-04-06 22:54:33,701 - INFO - 本次扫描: 无交易信号
2026-04-06 22:59:33,899 - INFO - 
[22:59:33] 📈 美股开盘中 | 余额: 26.05 U
2026-04-06 22:59:50,633 - INFO - 开仓: GOOGLONUSDT 价格:298.22 数量:0.08383072899201931 (25U)
2026-04-06 22:59:50,633 - INFO - 🟢 Buy Google(GOOGLONUSDT) Price: 298.2200 Tech: 3 News: 10.0 Signal: ['均线多头', 'MACD扩张', '新闻情绪偏多', '重大事件(1)'] Amt: 25U
2026-04-06 22:59:55,093 - INFO - 本次操作: 买入1笔, 卖出0笔
2026-04-06 23:04:55,279 - INFO - 
[23:04:55] 📈 美股开盘中 | 余额: 1.30 U
2026-04-06 23:05:17,105 - INFO - 本次扫描: 无交易信号
2026-04-06 23:10:17,333 - INFO - 
[23:10:17] 📈 美股开盘中 | 余额: 1.30 U
2026-04-06 23:10:38,584 - INFO - 本次扫描: 无交易信号
2026-04-06 23:15:38,795 - INFO - 
[23:15:38] 📈 美股开盘中 | 余额: 1.30 U
2026-04-06 23:15:59,484 - INFO - 本次扫描: 无交易信号
2026-04-06 23:20:59,701 - INFO - 
[23:20:59] 📈 美股开盘中 | 余额: 1.30 U
2026-04-06 23:21:20,289 - INFO - 本次扫描: 无交易信号
2026-04-06 23:22:46,693 - INFO - ==================================================
2026-04-06 23:22:46,693 - INFO - 🚀 Bitget 美股交易机器人 v3 启动
2026-04-06 23:22:46,693 - INFO - 监控标的: 8 个
2026-04-06 23:22:46,694 - INFO - 开仓金额: 25 U/笔
2026-04-06 23:22:46,694 - INFO - ==================================================
2026-04-06 23:22:46,694 - INFO - 交易时段规则:
2026-04-06 23:22:46,694 - INFO -   📈 开盘交易: 21:30-04:00 (每5分钟扫描)
2026-04-06 23:22:46,694 - INFO -   🌅 盘前准备: 04:00-09:00 (每30分钟检查)
2026-04-06 23:22:46,694 - INFO -   🌙 盘后时段: 09:00-21:30 (每小时检查)
2026-04-06 23:22:46,694 - INFO -   🚫 周末: 每2小时检查一次
2026-04-06 23:22:46,694 - INFO - ==================================================
2026-04-06 23:22:47,049 - INFO - 
[23:22:47] 📈 美股开盘中 | 余额: 1.30 U
2026-04-06 23:23:01,009 - INFO - 本次扫描: 无交易信号
2026-04-06 23:23:40,805 - INFO - ==================================================
2026-04-06 23:23:40,805 - INFO - 🚀 Bitget 美股交易机器人 v3 启动
2026-04-06 23:23:40,805 - INFO - 监控标的: 8 个
2026-04-06 23:23:40,805 - INFO - 开仓金额: 25 U/笔
2026-04-06 23:23:40,805 - INFO - ==================================================
2026-04-06 23:23:40,805 - INFO - 交易时段规则:
2026-04-06 23:23:40,805 - INFO -   📈 开盘交易: 21:30-04:00 (每5分钟扫描)
2026-04-06 23:23:40,806 - INFO -   🌅 盘前准备: 04:00-09:00 (每30分钟检查)
2026-04-06 23:23:40,806 - INFO -   🌙 盘后时段: 09:00-21:30 (每小时检查)
2026-04-06 23:23:40,806 - INFO -   🚫 周末: 每2小时检查一次
2026-04-06 23:23:40,806 - INFO - ==================================================
2026-04-06 23:23:41,015 - INFO - 
[23:23:41] 📈 美股开盘中 | 余额: 1.30 U
2026-04-06 23:24:02,007 - INFO - 本次扫描: 无交易信号
2026-04-06 23:29:02,310 - INFO - 
[23:29:02] 📈 美股开盘中 | 余额: 1.30 U
2026-04-06 23:29:22,214 - INFO - 本次扫描: 无交易信号
2026-04-06 23:34:22,426 - INFO - 
[23:34:22] 📈 美股开盘中 | 余额: 1.30 U
2026-04-06 23:34:43,337 - INFO - 本次扫描: 无交易信号
2026-04-06 23:39:43,551 - INFO - 
[23:39:43] 📈 美股开盘中 | 余额: 1.30 U
2026-04-06 23:40:04,514 - INFO - 本次扫描: 无交易信号
2026-04-06 23:45:04,701 - INFO - 
[23:45:04] 📈 美股开盘中 | 余额: 1.30 U
2026-04-06 23:45:25,198 - INFO - 本次扫描: 无交易信号
2026-04-06 23:50:25,399 - INFO - 
[23:50:25] 📈 美股开盘中 | 余额: 1.30 U
2026-04-06 23:50:46,047 - INFO - 本次扫描: 无交易信号
2026-04-06 23:55:46,225 - INFO - 
[23:55:46] 📈 美股开盘中 | 余额: 1.30 U
2026-04-06 23:56:07,373 - INFO - 本次扫描: 无交易信号
2026-04-07 00:01:07,559 - INFO - 
[00:01:07] 📈 美股开盘中 | 余额: 1.30 U
2026-04-07 00:01:27,779 - INFO - 本次扫描: 无交易信号
2026-04-07 00:06:27,980 - INFO - 
[00:06:27] 📈 美股开盘中 | 余额: 1.30 U
2026-04-07 00:06:48,589 - INFO - 本次扫描: 无交易信号
2026-04-07 00:11:48,786 - INFO - 
[00:11:48] 📈 美股开盘中 | 余额: 1.30 U
2026-04-07 00:12:10,033 - INFO - 本次扫描: 无交易信号
2026-04-07 00:17:10,256 - INFO - 
[00:17:10] 📈 美股开盘中 | 余额: 1.30 U
2026-04-07 00:17:29,842 - INFO - 本次扫描: 无交易信号
2026-04-07 00:22:30,055 - INFO - 
[00:22:30] 📈 美股开盘中 | 余额: 1.30 U
2026-04-07 00:22:49,672 - INFO - 本次扫描: 无交易信号
2026-04-07 00:27:49,849 - INFO - 
[00:27:49] 📈 美股开盘中 | 余额: 1.30 U
2026-04-07 00:28:09,558 - INFO - 本次扫描: 无交易信号
2026-04-07 00:33:09,770 - INFO - 
[00:33:09] 📈 美股开盘中 | 余额: 1.30 U
2026-04-07 00:33:29,862 - INFO - 本次扫描: 无交易信号
2026-04-07 00:38:30,055 - INFO - 
[00:38:30] 📈 美股开盘中 | 余额: 1.30 U
2026-04-07 00:38:49,293 - INFO - 本次扫描: 无交易信号
2026-04-07 00:43:49,498 - INFO - 
[00:43:49] 📈 美股开盘中 | 余额: 1.30 U
2026-04-07 00:44:08,606 - INFO - 本次扫描: 无交易信号
2026-04-07 00:49:08,804 - INFO - 
[00:49:08] 📈 美股开盘中 | 余额: 1.30 U
2026-04-07 00:49:28,279 - INFO - 本次扫描: 无交易信号
2026-04-07 00:54:28,477 - INFO - 
[00:54:28] 📈 美股开盘中 | 余额: 1.30 U
2026-04-07 00:54:48,024 - INFO - 本次扫描: 无交易信号
2026-04-07 00:59:48,233 - INFO - 
[00:59:48] 📈 美股开盘中 | 余额: 1.30 U
2026-04-07 01:00:07,909 - INFO - 本次扫描: 无交易信号
2026-04-07 01:05:08,111 - INFO - 
[01:05:08] 📈 美股开盘中 | 余额: 1.30 U
2026-04-07 01:05:27,293 - INFO - 本次扫描: 无交易信号
2026-04-07 01:10:27,503 - INFO - 
[01:10:27] 📈 美股开盘中 | 余额: 1.30 U
2026-04-07 01:10:47,320 - INFO - 本次扫描: 无交易信号
2026-04-07 01:15:47,510 - INFO - 
[01:15:47] 📈 美股开盘中 | 余额: 1.30 U
2026-04-07 01:16:06,163 - INFO - 本次扫描: 无交易信号
2026-04-07 01:21:06,355 - INFO - 
[01:21:06] 📈 美股开盘中 | 余额: 1.30 U
2026-04-07 01:21:25,690 - INFO - 本次扫描: 无交易信号
2026-04-07 01:26:25,903 - INFO - 
[01:26:25] 📈 美股开盘中 | 余额: 1.30 U
2026-04-07 01:26:44,861 - INFO - 本次扫描: 无交易信号
2026-04-07 01:31:45,079 - INFO - 
[01:31:45] 📈 美股开盘中 | 余额: 1.30 U
2026-04-07 01:32:03,915 - INFO - 本次扫描: 无交易信号
2026-04-07 01:37:04,117 - INFO - 
[01:37:04] 📈 美股开盘中 | 余额: 1.30 U
2026-04-07 01:37:23,104 - INFO - 本次扫描: 无交易信号
2026-04-07 01:42:23,333 - INFO - 
[01:42:23] 📈 美股开盘中 | 余额: 1.30 U
2026-04-07 01:42:41,970 - INFO - 本次扫描: 无交易信号
2026-04-07 01:47:42,195 - INFO - 
[01:47:42] 📈 美股开盘中 | 余额: 1.30 U
2026-04-07 01:48:01,359 - INFO - 本次扫描: 无交易信号
2026-04-07 01:53:01,564 - INFO - 
[01:53:01] 📈 美股开盘中 | 余额: 1.30 U
2026-04-07 01:53:20,352 - INFO - 本次扫描: 无交易信号
2026-04-07 01:58:20,548 - INFO - 
[01:58:20] 📈 美股开盘中 | 余额: 1.30 U
2026-04-07 01:58:39,299 - INFO - 本次扫描: 无交易信号
2026-04-07 02:03:39,503 - INFO - 
[02:03:39] 📈 美股开盘中 | 余额: 1.30 U
2026-04-07 02:03:58,547 - INFO - 本次扫描: 无交易信号
2026-04-07 02:08:58,754 - INFO - 
[02:08:58] 📈 美股开盘中 | 余额: 1.30 U
2026-04-07 02:09:17,444 - INFO - 本次扫描: 无交易信号
2026-04-07 02:14:17,652 - INFO - 
[02:14:17] 📈 美股开盘中 | 余额: 1.30 U
2026-04-07 02:14:36,206 - INFO - 本次扫描: 无交易信号
2026-04-07 02:19:36,400 - INFO - 
[02:19:36] 📈 美股开盘中 | 余额: 1.30 U
2026-04-07 02:19:54,884 - INFO - 本次扫描: 无交易信号
2026-04-07 02:24:55,082 - INFO - 
[02:24:55] 📈 美股开盘中 | 余额: 1.30 U
2026-04-07 02:25:14,388 - INFO - 本次扫描: 无交易信号
2026-04-07 02:30:14,593 - INFO - 
[02:30:14] 📈 美股开盘中 | 余额: 1.30 U
2026-04-07 02:30:33,279 - INFO - 本次扫描: 无交易信号
2026-04-07 02:35:33,484 - INFO - 
[02:35:33] 📈 美股开盘中 | 余额: 1.30 U
2026-04-07 02:35:52,225 - INFO - 本次扫描: 无交易信号
2026-04-07 02:40:52,418 - INFO - 
[02:40:52] 📈 美股开盘中 | 余额: 1.30 U
2026-04-07 02:41:10,687 - INFO - 本次扫描: 无交易信号
2026-04-07 02:46:10,879 - INFO - 
[02:46:10] 📈 美股开盘中 | 余额: 1.30 U
2026-04-07 02:46:29,409 - INFO - 本次扫描: 无交易信号
2026-04-07 02:51:29,593 - INFO - 
[02:51:29] 📈 美股开盘中 | 余额: 1.30 U
2026-04-07 02:51:48,607 - INFO - 本次扫描: 无交易信号
2026-04-07 02:56:48,793 - INFO - 
[02:56:48] 📈 美股开盘中 | 余额: 1.30 U
2026-04-07 02:57:07,179 - INFO - 本次扫描: 无交易信号
2026-04-07 03:02:07,378 - INFO - 
[03:02:07] 📈 美股开盘中 | 余额: 1.30 U
2026-04-07 03:02:26,214 - INFO - 本次扫描: 无交易信号
2026-04-07 03:07:26,415 - INFO - 
[03:07:26] 📈 美股开盘中 | 余额: 1.30 U
2026-04-07 03:07:44,919 - INFO - 本次扫描: 无交易信号
2026-04-07 03:12:45,139 - INFO - 
[03:12:45] 📈 美股开盘中 | 余额: 1.30 U
2026-04-07 03:13:04,180 - INFO - 本次扫描: 无交易信号
2026-04-07 03:18:04,377 - INFO - 
[03:18:04] 📈 美股开盘中 | 余额: 1.30 U
2026-04-07 03:18:22,781 - INFO - 本次扫描: 无交易信号
2026-04-07 03:23:22,994 - INFO - 
[03:23:22] 📈 美股开盘中 | 余额: 1.30 U
2026-04-07 03:23:41,846 - INFO - 本次扫描: 无交易信号
2026-04-07 03:28:42,072 - INFO - 
[03:28:42] 📈 美股开盘中 | 余额: 1.30 U
2026-04-07 03:29:00,723 - INFO - 本次扫描: 无交易信号
2026-04-07 03:34:00,910 - INFO - 
[03:34:00] 📈 美股开盘中 | 余额: 1.30 U
2026-04-07 03:34:18,993 - INFO - 本次扫描: 无交易信号
2026-04-07 03:39:19,208 - INFO - 
[03:39:19] 📈 美股开盘中 | 余额: 1.30 U
2026-04-07 03:39:37,354 - INFO - 本次扫描: 无交易信号
2026-04-07 03:44:37,545 - INFO - 
[03:44:37] 📈 美股开盘中 | 余额: 1.30 U
2026-04-07 03:44:55,577 - INFO - 本次扫描: 无交易信号
2026-04-07 03:49:55,763 - INFO - 
[03:49:55] 📈 美股开盘中 | 余额: 1.30 U
2026-04-07 03:50:14,188 - INFO - 本次扫描: 无交易信号
2026-04-07 03:55:14,390 - INFO - 
[03:55:14] 📈 美股开盘中 | 余额: 1.30 U
2026-04-07 03:55:33,176 - INFO - 本次扫描: 无交易信号
2026-04-07 04:00:33,387 - INFO - [04:00:33] 🌅 盘前准备中 (04:00-09:00)
2026-04-07 04:00:33,388 - INFO - 等待美股开盘...
2026-04-07 04:30:33,614 - INFO - [04:30:33] 🌅 盘前准备中 (04:00-09:00)
2026-04-07 04:30:33,614 - INFO - 等待美股开盘...
2026-04-07 05:00:33,880 - INFO - [05:00:33] 🌅 盘前准备中 (04:00-09:00)
2026-04-07 05:00:33,880 - INFO - 等待美股开盘...
2026-04-07 05:30:34,083 - INFO - [05:30:34] 🌅 盘前准备中 (04:00-09:00)
2026-04-07 05:30:34,084 - INFO - 等待美股开盘...
2026-04-07 06:00:34,290 - INFO - [06:00:34] 🌅 盘前准备中 (04:00-09:00)
2026-04-07 06:00:34,291 - INFO - 等待美股开盘...
2026-04-07 06:30:34,512 - INFO - [06:30:34] 🌅 盘前准备中 (04:00-09:00)
2026-04-07 06:30:34,512 - INFO - 等待美股开盘...
2026-04-07 07:00:34,706 - INFO - [07:00:34] 🌅 盘前准备中 (04:00-09:00)
2026-04-07 07:00:34,707 - INFO - 等待美股开盘...
2026-04-07 07:30:34,919 - INFO - [07:30:34] 🌅 盘前准备中 (04:00-09:00)
2026-04-07 07:30:34,919 - INFO - 等待美股开盘...
2026-04-07 08:00:35,107 - INFO - [08:00:35] 🌅 盘前准备中 (04:00-09:00)
2026-04-07 08:00:35,107 - INFO - 等待美股开盘...
2026-04-07 08:30:35,654 - INFO - [08:30:35] 🌅 盘前准备中 (04:00-09:00)
2026-04-07 08:30:35,669 - INFO - 等待美股开盘...
2026-04-07 09:00:35,902 - INFO - [09:00:35] 🌙 盘后时段 (09:00-21:30)
2026-04-07 09:00:35,902 - INFO - 等待下次美股开盘...
2026-04-07 10:00:36,089 - INFO - [10:00:36] 🌙 盘后时段 (09:00-21:30)
2026-04-07 10:00:36,091 - INFO - 等待下次美股开盘...
2026-04-07 11:00:36,309 - INFO - [11:00:36] 🌙 盘后时段 (09:00-21:30)
2026-04-07 11:00:36,309 - INFO - 等待下次美股开盘...
2026-04-07 12:00:36,529 - INFO - [12:00:36] 🌙 盘后时段 (09:00-21:30)
2026-04-07 12:00:36,529 - INFO - 等待下次美股开盘...
2026-04-07 13:00:36,733 - INFO - [13:00:36] 🌙 盘后时段 (09:00-21:30)
2026-04-07 13:00:36,733 - INFO - 等待下次美股开盘...
2026-04-07 14:00:36,950 - INFO - [14:00:36] 🌙 盘后时段 (09:00-21:30)
2026-04-07 14:00:36,950 - INFO - 等待下次美股开盘...
2026-04-07 15:00:37,119 - INFO - [15:00:37] 🌙 盘后时段 (09:00-21:30)
2026-04-07 15:00:37,119 - INFO - 等待下次美股开盘...
2026-04-07 16:00:37,339 - INFO - [16:00:37] 🌙 盘后时段 (09:00-21:30)
2026-04-07 16:00:37,339 - INFO - 等待下次美股开盘...
2026-04-07 17:00:37,542 - INFO - [17:00:37] 🌙 盘后时段 (09:00-21:30)
2026-04-07 17:00:37,544 - INFO - 等待下次美股开盘...
2026-04-07 18:00:37,754 - INFO - [18:00:37] 🌙 盘后时段 (09:00-21:30)
2026-04-07 18:00:37,757 - INFO - 等待下次美股开盘...
2026-04-07 19:00:37,979 - INFO - [19:00:37] 🌙 盘后时段 (09:00-21:30)
2026-04-07 19:00:37,979 - INFO - 等待下次美股开盘...
2026-04-07 20:00:38,188 - INFO - [20:00:38] 🌙 盘后时段 (09:00-21:30)
2026-04-07 20:00:38,189 - INFO - 等待下次美股开盘...
2026-04-07 21:00:38,412 - INFO - 
[21:00:38] 📈 美股开盘中 | 余额: 1.30 U
2026-04-07 21:00:57,364 - INFO - 本次扫描: 无交易信号
2026-04-07 21:05:57,591 - INFO - 
[21:05:57] 📈 美股开盘中 | 余额: 1.30 U
2026-04-07 21:06:16,402 - INFO - 本次扫描: 无交易信号
2026-04-07 21:11:16,613 - INFO - 
[21:11:16] 📈 美股开盘中 | 余额: 1.30 U
2026-04-07 21:11:35,891 - INFO - 本次扫描: 无交易信号
2026-04-07 21:16:36,107 - INFO - 
[21:16:36] 📈 美股开盘中 | 余额: 1.30 U
2026-04-07 21:16:55,191 - INFO - 本次扫描: 无交易信号
2026-04-07 21:21:55,447 - INFO - 
[21:21:55] 📈 美股开盘中 | 余额: 1.30 U
2026-04-07 21:22:14,420 - INFO - 本次扫描: 无交易信号
2026-04-07 21:27:14,632 - INFO - 
[21:27:14] 📈 美股开盘中 | 余额: 1.30 U
2026-04-07 21:27:33,904 - INFO - 本次扫描: 无交易信号
2026-04-07 21:32:34,102 - INFO - 
[21:32:34] 📈 美股开盘中 | 余额: 1.30 U
2026-04-07 21:32:54,752 - INFO - 本次扫描: 无交易信号
2026-04-07 21:37:54,975 - INFO - 
[21:37:54] 📈 美股开盘中 | 余额: 1.30 U
2026-04-07 21:38:15,524 - INFO - 本次扫描: 无交易信号
2026-04-07 21:43:15,754 - INFO - 
[21:43:15] 📈 美股开盘中 | 余额: 1.30 U
2026-04-07 21:43:35,814 - INFO - 本次扫描: 无交易信号
2026-04-07 21:48:36,007 - INFO - 
[21:48:36] 📈 美股开盘中 | 余额: 1.30 U
2026-04-07 21:48:54,528 - INFO - 本次扫描: 无交易信号
2026-04-07 21:53:54,725 - INFO - 
[21:53:54] 📈 美股开盘中 | 余额: 1.30 U
2026-04-07 21:54:15,385 - INFO - 本次扫描: 无交易信号
2026-04-07 21:59:15,600 - INFO - 
[21:59:15] 📈 美股开盘中 | 余额: 1.30 U
2026-04-07 21:59:34,420 - INFO - 本次扫描: 无交易信号
2026-04-07 22:04:34,619 - INFO - 
[22:04:34] 📈 美股开盘中 | 余额: 1.30 U
2026-04-07 22:04:55,432 - INFO - 本次扫描: 无交易信号
2026-04-07 22:09:55,637 - INFO - 
[22:09:55] 📈 美股开盘中 | 余额: 1.30 U
2026-04-07 22:10:17,392 - INFO - 本次扫描: 无交易信号
2026-04-07 22:15:17,593 - INFO - 
[22:15:17] 📈 美股开盘中 | 余额: 1.30 U
2026-04-07 22:15:26,544 - ERROR - 下单失败 AAPLONUSDT sell: API Error 43012: Insufficient balance
2026-04-07 22:15:38,915 - INFO - 本次扫描: 无交易信号
2026-04-07 22:20:39,138 - INFO - 
[22:20:39] 📈 美股开盘中 | 余额: 1.30 U
2026-04-07 22:20:48,025 - ERROR - 下单失败 AAPLONUSDT sell: API Error 43012: Insufficient balance
2026-04-07 22:20:58,420 - INFO - 本次扫描: 无交易信号
2026-04-07 22:25:58,638 - INFO - 
[22:25:58] 📈 美股开盘中 | 余额: 1.30 U
2026-04-07 22:26:07,272 - ERROR - 下单失败 AAPLONUSDT sell: API Error 43012: Insufficient balance
2026-04-07 22:26:18,455 - INFO - 本次扫描: 无交易信号
2026-04-07 22:31:18,665 - INFO - 
[22:31:18] 📈 美股开盘中 | 余额: 1.30 U
2026-04-07 22:31:26,739 - ERROR - 下单失败 AAPLONUSDT sell: API Error 43012: Insufficient balance
2026-04-07 22:31:37,822 - INFO - 本次扫描: 无交易信号
2026-04-07 22:36:38,006 - INFO - 
[22:36:38] 📈 美股开盘中 | 余额: 1.30 U
2026-04-07 22:36:46,788 - ERROR - 下单失败 AAPLONUSDT sell: API Error 43012: Insufficient balance
2026-04-07 22:36:57,736 - INFO - 本次扫描: 无交易信号
2026-04-07 22:41:57,938 - INFO - 
[22:41:57] 📈 美股开盘中 | 余额: 1.30 U
2026-04-07 22:42:07,072 - ERROR - 下单失败 AAPLONUSDT sell: API Error 43012: Insufficient balance
2026-04-07 22:42:18,489 - INFO - 本次扫描: 无交易信号
2026-04-07 22:47:18,702 - INFO - 
[22:47:18] 📈 美股开盘中 | 余额: 1.30 U
2026-04-07 22:47:27,412 - ERROR - 下单失败 AAPLONUSDT sell: API Error 43012: Insufficient balance
2026-04-07 22:47:39,117 - INFO - 本次扫描: 无交易信号
2026-04-07 22:52:39,337 - INFO - 
[22:52:39] 📈 美股开盘中 | 余额: 1.30 U
2026-04-07 22:52:48,259 - ERROR - 下单失败 AAPLONUSDT sell: API Error 43012: Insufficient balance
2026-04-07 22:52:58,705 - INFO - 本次扫描: 无交易信号
2026-04-07 22:57:58,909 - INFO - 
[22:57:58] 📈 美股开盘中 | 余额: 1.30 U
2026-04-07 22:58:07,413 - ERROR - 下单失败 AAPLONUSDT sell: API Error 43012: Insufficient balance
2026-04-07 22:58:18,186 - INFO - 本次扫描: 无交易信号
2026-04-07 23:03:18,403 - INFO - 
[23:03:18] 📈 美股开盘中 | 余额: 1.30 U
2026-04-07 23:03:26,450 - ERROR - 下单失败 AAPLONUSDT sell: API Error 43012: Insufficient balance
2026-04-07 23:03:37,972 - INFO - 本次扫描: 无交易信号
2026-04-07 23:08:38,573 - INFO - 
[23:08:38] 📈 美股开盘中 | 余额: 1.30 U
2026-04-07 23:08:47,299 - ERROR - 下单失败 AAPLONUSDT sell: API Error 43012: Insufficient balance
2026-04-07 23:08:58,099 - INFO - 本次扫描: 无交易信号
2026-04-07 23:13:58,317 - INFO - 
[23:13:58] 📈 美股开盘中 | 余额: 1.30 U
2026-04-07 23:14:07,023 - ERROR - 下单失败 AAPLONUSDT sell: API Error 43012: Insufficient balance
2026-04-07 23:14:17,724 - INFO - 本次扫描: 无交易信号
2026-04-07 23:19:18,063 - INFO - 
[23:19:18] 📈 美股开盘中 | 余额: 1.30 U
2026-04-07 23:19:27,553 - ERROR - 下单失败 AAPLONUSDT sell: API Error 43012: Insufficient balance
2026-04-07 23:19:38,122 - INFO - 本次扫描: 无交易信号
2026-04-07 23:24:38,330 - INFO - 
[23:24:38] 📈 美股开盘中 | 余额: 1.30 U
2026-04-07 23:24:47,349 - ERROR - 下单失败 AAPLONUSDT sell: API Error 43012: Insufficient balance
2026-04-07 23:24:57,595 - INFO - 本次扫描: 无交易信号
2026-04-07 23:29:57,778 - INFO - 
[23:29:57] 📈 美股开盘中 | 余额: 1.30 U
2026-04-07 23:30:06,413 - ERROR - 下单失败 AAPLONUSDT sell: API Error 43012: Insufficient balance
2026-04-07 23:30:17,885 - INFO - 本次扫描: 无交易信号
2026-04-07 23:35:18,100 - INFO - 
[23:35:18] 📈 美股开盘中 | 余额: 1.30 U
2026-04-07 23:35:26,957 - ERROR - 下单失败 AAPLONUSDT sell: API Error 43012: Insufficient balance
2026-04-07 23:35:37,522 - INFO - 本次扫描: 无交易信号
2026-04-07 23:40:37,781 - INFO - 
[23:40:37] 📈 美股开盘中 | 余额: 1.30 U
2026-04-07 23:40:46,984 - ERROR - 下单失败 AAPLONUSDT sell: API Error 43012: Insufficient balance
2026-04-07 23:40:57,780 - INFO - 本次扫描: 无交易信号
2026-04-07 23:45:57,992 - INFO - 
[23:45:57] 📈 美股开盘中 | 余额: 1.30 U
2026-04-07 23:46:06,871 - ERROR - 下单失败 AAPLONUSDT sell: API Error 43012: Insufficient balance
2026-04-07 23:46:17,257 - INFO - 本次扫描: 无交易信号
2026-04-07 23:51:17,460 - INFO - 
[23:51:17] 📈 美股开盘中 | 余额: 1.30 U
2026-04-07 23:51:25,124 - ERROR - 下单失败 AAPLONUSDT sell: API Error 43012: Insufficient balance
2026-04-07 23:51:35,818 - INFO - 本次扫描: 无交易信号
2026-04-07 23:56:36,012 - INFO - 
[23:56:36] 📈 美股开盘中 | 余额: 1.30 U
2026-04-07 23:56:44,174 - ERROR - 下单失败 AAPLONUSDT sell: API Error 43012: Insufficient balance
2026-04-07 23:56:54,949 - INFO - 本次扫描: 无交易信号
2026-04-08 00:01:55,142 - INFO - 
[00:01:55] 📈 美股开盘中 | 余额: 1.30 U
2026-04-08 00:02:03,103 - ERROR - 下单失败 AAPLONUSDT sell: API Error 43012: Insufficient balance
2026-04-08 00:02:13,354 - INFO - 本次扫描: 无交易信号
2026-04-08 00:07:13,563 - INFO - 
[00:07:13] 📈 美股开盘中 | 余额: 1.30 U
2026-04-08 00:07:21,933 - ERROR - 下单失败 AAPLONUSDT sell: API Error 43012: Insufficient balance
2026-04-08 00:07:32,970 - INFO - 本次扫描: 无交易信号
2026-04-08 00:12:33,174 - INFO - 
[00:12:33] 📈 美股开盘中 | 余额: 1.30 U
2026-04-08 00:12:40,860 - ERROR - 下单失败 AAPLONUSDT sell: API Error 43012: Insufficient balance
2026-04-08 00:12:50,923 - INFO - 本次扫描: 无交易信号
2026-04-08 00:17:51,142 - INFO - 
[00:17:51] 📈 美股开盘中 | 余额: 1.30 U
2026-04-08 00:17:59,578 - ERROR - 下单失败 AAPLONUSDT sell: API Error 43012: Insufficient balance
2026-04-08 00:18:10,025 - INFO - 本次扫描: 无交易信号
2026-04-08 00:23:10,219 - INFO - 
[00:23:10] 📈 美股开盘中 | 余额: 1.30 U
2026-04-08 00:23:18,714 - ERROR - 下单失败 AAPLONUSDT sell: API Error 43012: Insufficient balance
2026-04-08 00:23:28,844 - INFO - 本次扫描: 无交易信号
2026-04-08 00:28:29,050 - INFO - 
[00:28:29] 📈 美股开盘中 | 余额: 1.30 U
2026-04-08 00:28:47,651 - INFO - 本次扫描: 无交易信号
2026-04-08 00:33:47,839 - INFO - 
[00:33:47] 📈 美股开盘中 | 余额: 1.30 U
2026-04-08 00:34:05,826 - INFO - 本次扫描: 无交易信号
2026-04-08 00:39:06,045 - INFO - 
[00:39:06] 📈 美股开盘中 | 余额: 1.30 U
2026-04-08 00:39:24,412 - INFO - 本次扫描: 无交易信号
2026-04-08 00:44:24,604 - INFO - 
[00:44:24] 📈 美股开盘中 | 余额: 1.30 U
2026-04-08 00:44:42,158 - INFO - 本次扫描: 无交易信号
2026-04-08 00:49:42,356 - INFO - 
[00:49:42] 📈 美股开盘中 | 余额: 1.30 U
2026-04-08 00:50:01,144 - INFO - 本次扫描: 无交易信号
2026-04-08 00:55:01,338 - INFO - 
[00:55:01] 📈 美股开盘中 | 余额: 1.30 U
2026-04-08 00:55:19,412 - INFO - 本次扫描: 无交易信号
2026-04-08 01:00:19,598 - INFO - 
[01:00:19] 📈 美股开盘中 | 余额: 1.30 U
2026-04-08 01:00:37,577 - INFO - 本次扫描: 无交易信号
2026-04-08 01:05:37,774 - INFO - 
[01:05:37] 📈 美股开盘中 | 余额: 1.30 U
2026-04-08 01:05:55,239 - INFO - 本次扫描: 无交易信号
2026-04-08 01:10:55,433 - INFO - 
[01:10:55] 📈 美股开盘中 | 余额: 1.30 U
2026-04-08 01:11:13,179 - INFO - 本次扫描: 无交易信号
2026-04-08 01:16:13,371 - INFO - 
[01:16:13] 📈 美股开盘中 | 余额: 1.30 U
2026-04-08 01:16:31,067 - INFO - 本次扫描: 无交易信号
2026-04-08 01:21:31,273 - INFO - 
[01:21:31] 📈 美股开盘中 | 余额: 1.30 U
2026-04-08 01:21:50,103 - INFO - 本次扫描: 无交易信号
2026-04-08 01:26:50,314 - INFO - 
[01:26:50] 📈 美股开盘中 | 余额: 1.30 U
2026-04-08 01:27:08,204 - INFO - 本次扫描: 无交易信号
2026-04-08 01:32:08,414 - INFO - 
[01:32:08] 📈 美股开盘中 | 余额: 1.30 U
2026-04-08 01:32:25,856 - INFO - 本次扫描: 无交易信号
2026-04-08 01:37:26,064 - INFO - 
[01:37:26] 📈 美股开盘中 | 余额: 1.30 U
2026-04-08 01:37:43,487 - INFO - 本次扫描: 无交易信号
2026-04-08 01:42:43,709 - INFO - 
[01:42:43] 📈 美股开盘中 | 余额: 1.30 U
2026-04-08 01:43:01,216 - INFO - 本次扫描: 无交易信号
2026-04-08 01:48:01,431 - INFO - 
[01:48:01] 📈 美股开盘中 | 余额: 1.30 U
2026-04-08 01:48:19,540 - INFO - 本次扫描: 无交易信号
2026-04-08 01:53:19,724 - INFO - 
[01:53:19] 📈 美股开盘中 | 余额: 1.30 U
2026-04-08 01:53:36,934 - INFO - 本次扫描: 无交易信号
2026-04-08 01:58:37,144 - INFO - 
[01:58:37] 📈 美股开盘中 | 余额: 1.30 U
2026-04-08 01:58:54,134 - INFO - 本次扫描: 无交易信号
2026-04-08 02:03:54,337 - INFO - 
[02:03:54] 📈 美股开盘中 | 余额: 1.30 U
2026-04-08 02:04:11,419 - INFO - 本次扫描: 无交易信号
2026-04-08 02:09:11,650 - INFO - 
[02:09:11] 📈 美股开盘中 | 余额: 1.30 U
2026-04-08 02:09:28,979 - INFO - 本次扫描: 无交易信号
2026-04-08 02:14:29,171 - INFO - 
[02:14:29] 📈 美股开盘中 | 余额: 1.30 U
2026-04-08 02:14:47,312 - INFO - 本次扫描: 无交易信号
2026-04-08 02:19:47,522 - INFO - 
[02:19:47] 📈 美股开盘中 | 余额: 1.30 U
2026-04-08 02:20:04,174 - INFO - 本次扫描: 无交易信号
2026-04-08 02:25:04,378 - INFO - 
[02:25:04] 📈 美股开盘中 | 余额: 1.30 U
2026-04-08 02:25:21,593 - INFO - 本次扫描: 无交易信号
2026-04-08 02:30:21,786 - INFO - 
[02:30:21] 📈 美股开盘中 | 余额: 1.30 U
2026-04-08 02:30:38,857 - INFO - 本次扫描: 无交易信号
2026-04-08 02:35:39,049 - INFO - 
[02:35:39] 📈 美股开盘中 | 余额: 1.30 U
2026-04-08 02:35:55,852 - INFO - 本次扫描: 无交易信号
2026-04-08 02:40:56,054 - INFO - 
[02:40:56] 📈 美股开盘中 | 余额: 1.30 U
2026-04-08 02:41:12,984 - INFO - 本次扫描: 无交易信号
2026-04-08 02:46:13,177 - INFO - 
[02:46:13] 📈 美股开盘中 | 余额: 1.30 U
2026-04-08 02:46:30,151 - INFO - 本次扫描: 无交易信号
2026-04-08 02:51:30,342 - INFO - 
[02:51:30] 📈 美股开盘中 | 余额: 1.30 U
2026-04-08 02:51:47,445 - INFO - 本次扫描: 无交易信号
2026-04-08 02:56:47,661 - INFO - 
[02:56:47] 📈 美股开盘中 | 余额: 1.30 U
2026-04-08 02:57:04,956 - INFO - 本次扫描: 无交易信号
2026-04-08 03:02:05,146 - INFO - 
[03:02:05] 📈 美股开盘中 | 余额: 1.30 U
2026-04-08 03:02:22,895 - INFO - 本次扫描: 无交易信号
2026-04-08 03:07:23,113 - INFO - 
[03:07:23] 📈 美股开盘中 | 余额: 1.30 U
2026-04-08 03:07:39,913 - INFO - 本次扫描: 无交易信号
2026-04-08 03:12:40,131 - INFO - 
[03:12:40] 📈 美股开盘中 | 余额: 1.30 U
2026-04-08 03:12:57,075 - INFO - 本次扫描: 无交易信号
2026-04-08 03:17:57,307 - INFO - 
[03:17:57] 📈 美股开盘中 | 余额: 1.30 U
2026-04-08 03:18:14,116 - INFO - 本次扫描: 无交易信号
2026-04-08 03:23:14,324 - INFO - 
[03:23:14] 📈 美股开盘中 | 余额: 1.30 U
2026-04-08 03:23:30,861 - INFO - 本次扫描: 无交易信号
2026-04-08 03:28:31,062 - INFO - 
[03:28:31] 📈 美股开盘中 | 余额: 1.30 U
2026-04-08 03:28:47,935 - INFO - 本次扫描: 无交易信号
2026-04-08 03:33:48,152 - INFO - 
[03:33:48] 📈 美股开盘中 | 余额: 1.30 U
2026-04-08 03:34:04,742 - INFO - 本次扫描: 无交易信号
2026-04-08 03:39:04,944 - INFO - 
[03:39:04] 📈 美股开盘中 | 余额: 1.30 U
2026-04-08 03:39:21,601 - INFO - 本次扫描: 无交易信号
2026-04-08 03:44:21,813 - INFO - 
[03:44:21] 📈 美股开盘中 | 余额: 1.30 U
2026-04-08 03:44:38,308 - INFO - 本次扫描: 无交易信号
2026-04-08 03:49:38,491 - INFO - 
[03:49:38] 📈 美股开盘中 | 余额: 1.30 U
2026-04-08 03:49:55,700 - INFO - 本次扫描: 无交易信号
2026-04-08 03:54:55,890 - INFO - 
[03:54:55] 📈 美股开盘中 | 余额: 1.30 U
2026-04-08 03:55:13,343 - INFO - 本次扫描: 无交易信号
2026-04-08 04:00:13,555 - INFO - [04:00:13] 🌅 盘前准备中 (04:00-09:00)
2026-04-08 04:00:13,556 - INFO - 等待美股开盘...
2026-04-08 04:30:13,764 - INFO - [04:30:13] 🌅 盘前准备中 (04:00-09:00)
2026-04-08 04:30:13,765 - INFO - 等待美股开盘...
2026-04-08 05:00:13,967 - INFO - [05:00:13] 🌅 盘前准备中 (04:00-09:00)
2026-04-08 05:00:13,967 - INFO - 等待美股开盘...
2026-04-08 05:30:14,174 - INFO - [05:30:14] 🌅 盘前准备中 (04:00-09:00)
2026-04-08 05:30:14,174 - INFO - 等待美股开盘...
2026-04-08 06:00:14,405 - INFO - [06:00:14] 🌅 盘前准备中 (04:00-09:00)
2026-04-08 06:00:14,405 - INFO - 等待美股开盘...
2026-04-08 06:30:14,607 - INFO - [06:30:14] 🌅 盘前准备中 (04:00-09:00)
2026-04-08 06:30:14,608 - INFO - 等待美股开盘...
2026-04-08 07:00:14,834 - INFO - [07:00:14] 🌅 盘前准备中 (04:00-09:00)
2026-04-08 07:00:14,835 - INFO - 等待美股开盘...
2026-04-08 07:30:15,064 - INFO - [07:30:15] 🌅 盘前准备中 (04:00-09:00)
2026-04-08 07:30:15,064 - INFO - 等待美股开盘...
2026-04-08 08:00:15,257 - INFO - [08:00:15] 🌅 盘前准备中 (04:00-09:00)
2026-04-08 08:00:15,257 - INFO - 等待美股开盘...
2026-04-08 08:30:15,462 - INFO - [08:30:15] 🌅 盘前准备中 (04:00-09:00)
2026-04-08 08:30:15,462 - INFO - 等待美股开盘...
2026-04-08 09:00:15,669 - INFO - [09:00:15] 🌙 盘后时段 (09:00-21:30)
2026-04-08 09:00:15,670 - INFO - 等待下次美股开盘...
2026-04-08 10:00:15,882 - INFO - [10:00:15] 🌙 盘后时段 (09:00-21:30)
2026-04-08 10:00:15,882 - INFO - 等待下次美股开盘...
2026-04-08 11:00:16,066 - INFO - [11:00:16] 🌙 盘后时段 (09:00-21:30)
2026-04-08 11:00:16,067 - INFO - 等待下次美股开盘...
2026-04-08 12:00:16,300 - INFO - [12:00:16] 🌙 盘后时段 (09:00-21:30)
2026-04-08 12:00:16,301 - INFO - 等待下次美股开盘...
2026-04-08 13:00:16,510 - INFO - [13:00:16] 🌙 盘后时段 (09:00-21:30)
2026-04-08 13:00:16,512 - INFO - 等待下次美股开盘...
2026-04-08 14:00:16,719 - INFO - [14:00:16] 🌙 盘后时段 (09:00-21:30)
2026-04-08 14:00:16,719 - INFO - 等待下次美股开盘...
2026-04-08 15:00:16,940 - INFO - [15:00:16] 🌙 盘后时段 (09:00-21:30)
2026-04-08 15:00:16,941 - INFO - 等待下次美股开盘...
2026-04-08 16:00:17,144 - INFO - [16:00:17] 🌙 盘后时段 (09:00-21:30)
2026-04-08 16:00:17,148 - INFO - 等待下次美股开盘...
2026-04-08 17:00:17,353 - INFO - [17:00:17] 🌙 盘后时段 (09:00-21:30)
2026-04-08 17:00:17,358 - INFO - 等待下次美股开盘...
2026-04-08 18:00:17,556 - INFO - [18:00:17] 🌙 盘后时段 (09:00-21:30)
2026-04-08 18:00:17,556 - INFO - 等待下次美股开盘...
2026-04-08 19:00:17,764 - INFO - [19:00:17] 🌙 盘后时段 (09:00-21:30)
2026-04-08 19:00:17,765 - INFO - 等待下次美股开盘...
2026-04-08 20:00:17,993 - INFO - [20:00:17] 🌙 盘后时段 (09:00-21:30)
2026-04-08 20:00:17,993 - INFO - 等待下次美股开盘...
2026-04-08 21:00:18,205 - INFO - 
[21:00:18] 📈 美股开盘中 | 余额: 1.30 U
2026-04-08 21:00:36,865 - INFO - 本次扫描: 无交易信号
2026-04-08 21:05:37,082 - INFO - 
[21:05:37] 📈 美股开盘中 | 余额: 1.30 U
2026-04-08 21:05:55,194 - INFO - 本次扫描: 无交易信号
2026-04-08 21:10:55,418 - INFO - 
[21:10:55] 📈 美股开盘中 | 余额: 1.30 U
2026-04-08 21:11:14,668 - INFO - 本次扫描: 无交易信号
2026-04-08 21:16:14,882 - INFO - 
[21:16:14] 📈 美股开盘中 | 余额: 1.30 U
2026-04-08 21:16:35,797 - INFO - 本次扫描: 无交易信号
2026-04-08 21:21:35,998 - INFO - 
[21:21:35] 📈 美股开盘中 | 余额: 1.30 U
2026-04-08 21:21:54,462 - INFO - 本次扫描: 无交易信号
2026-04-08 21:26:54,644 - INFO - 
[21:26:54] 📈 美股开盘中 | 余额: 1.30 U
2026-04-08 21:27:13,898 - INFO - 本次扫描: 无交易信号
2026-04-08 21:32:14,120 - INFO - 
[21:32:14] 📈 美股开盘中 | 余额: 1.30 U
2026-04-08 21:32:34,693 - INFO - 本次扫描: 无交易信号
2026-04-08 21:37:34,894 - INFO - 
[21:37:34] 📈 美股开盘中 | 余额: 1.30 U
2026-04-08 21:37:54,391 - INFO - 本次扫描: 无交易信号
2026-04-08 21:42:54,599 - INFO - 
[21:42:54] 📈 美股开盘中 | 余额: 1.30 U
2026-04-08 21:43:13,349 - INFO - 本次扫描: 无交易信号
2026-04-08 21:48:13,572 - INFO - 
[21:48:13] 📈 美股开盘中 | 余额: 1.30 U
2026-04-08 21:48:34,188 - INFO - 本次扫描: 无交易信号
2026-04-08 21:53:34,398 - INFO - 
[21:53:34] 📈 美股开盘中 | 余额: 1.30 U
2026-04-08 21:53:53,838 - INFO - 本次扫描: 无交易信号
2026-04-08 21:58:54,048 - INFO - 
[21:58:54] 📈 美股开盘中 | 余额: 1.30 U
2026-04-08 21:59:13,340 - INFO - 本次扫描: 无交易信号
2026-04-08 22:04:13,566 - INFO - 
[22:04:13] 📈 美股开盘中 | 余额: 1.30 U
2026-04-08 22:04:32,793 - INFO - 本次扫描: 无交易信号
2026-04-08 22:09:32,985 - INFO - 
[22:09:32] 📈 美股开盘中 | 余额: 1.30 U
2026-04-08 22:09:51,866 - INFO - 本次扫描: 无交易信号
2026-04-08 22:14:52,068 - INFO - 
[22:14:52] 📈 美股开盘中 | 余额: 1.30 U
2026-04-08 22:15:11,692 - INFO - 本次扫描: 无交易信号
2026-04-08 22:20:12,019 - INFO - 
[22:20:12] 📈 美股开盘中 | 余额: 1.30 U
2026-04-08 22:20:30,436 - INFO - 本次扫描: 无交易信号
2026-04-08 22:25:30,643 - INFO - 
[22:25:30] 📈 美股开盘中 | 余额: 1.30 U
2026-04-08 22:25:49,340 - INFO - 本次扫描: 无交易信号
2026-04-08 22:30:49,552 - INFO - 
[22:30:49] 📈 美股开盘中 | 余额: 1.30 U
2026-04-08 22:31:07,774 - INFO - 本次扫描: 无交易信号
2026-04-08 22:36:07,970 - INFO - 
[22:36:07] 📈 美股开盘中 | 余额: 1.30 U
2026-04-08 22:36:27,289 - INFO - 本次扫描: 无交易信号
2026-04-08 22:41:27,499 - INFO - 
[22:41:27] 📈 美股开盘中 | 余额: 1.30 U
2026-04-08 22:41:45,879 - INFO - 本次扫描: 无交易信号
2026-04-08 22:46:46,076 - INFO - 
[22:46:46] 📈 美股开盘中 | 余额: 1.30 U
2026-04-08 22:47:05,595 - INFO - 本次扫描: 无交易信号
2026-04-08 22:52:05,797 - INFO - 
[22:52:05] 📈 美股开盘中 | 余额: 1.30 U
2026-04-08 22:52:23,787 - INFO - 本次扫描: 无交易信号
2026-04-08 22:57:24,019 - INFO - 
[22:57:24] 📈 美股开盘中 | 余额: 1.30 U
2026-04-08 22:57:42,118 - INFO - 本次扫描: 无交易信号
2026-04-08 23:02:42,322 - INFO - 
[23:02:42] 📈 美股开盘中 | 余额: 1.30 U
2026-04-08 23:03:00,214 - INFO - 本次扫描: 无交易信号
2026-04-08 23:08:00,521 - INFO - 
[23:08:00] 📈 美股开盘中 | 余额: 1.30 U
2026-04-08 23:08:19,110 - INFO - 本次扫描: 无交易信号
2026-04-08 23:13:19,329 - INFO - 
[23:13:19] 📈 美股开盘中 | 余额: 1.30 U
2026-04-08 23:13:38,492 - INFO - 本次扫描: 无交易信号
2026-04-08 23:18:38,702 - INFO - 
[23:18:38] 📈 美股开盘中 | 余额: 1.30 U
2026-04-08 23:18:56,967 - INFO - 本次扫描: 无交易信号
2026-04-08 23:23:57,159 - INFO - 
[23:23:57] 📈 美股开盘中 | 余额: 1.30 U
2026-04-08 23:24:14,729 - INFO - 本次扫描: 无交易信号
2026-04-08 23:29:14,918 - INFO - 
[23:29:14] 📈 美股开盘中 | 余额: 1.30 U
2026-04-08 23:29:32,784 - INFO - 本次扫描: 无交易信号
2026-04-08 23:34:32,996 - INFO - 
[23:34:32] 📈 美股开盘中 | 余额: 1.30 U
2026-04-08 23:34:52,437 - INFO - 本次扫描: 无交易信号
2026-04-08 23:39:52,655 - INFO - 
[23:39:52] 📈 美股开盘中 | 余额: 1.30 U
2026-04-08 23:40:10,742 - INFO - 本次扫描: 无交易信号
2026-04-08 23:45:10,951 - INFO - 
[23:45:10] 📈 美股开盘中 | 余额: 1.30 U
2026-04-08 23:45:30,601 - INFO - 本次扫描: 无交易信号
2026-04-08 23:50:30,789 - INFO - 
[23:50:30] 📈 美股开盘中 | 余额: 1.30 U
2026-04-08 23:50:48,409 - INFO - 本次扫描: 无交易信号
2026-04-08 23:55:48,619 - INFO - 
[23:55:48] 📈 美股开盘中 | 余额: 1.30 U
2026-04-08 23:56:07,382 - INFO - 本次扫描: 无交易信号
2026-04-09 00:01:07,592 - INFO - 
[00:01:07] 📈 美股开盘中 | 余额: 1.30 U
2026-04-09 00:01:26,807 - INFO - 本次扫描: 无交易信号
2026-04-09 00:06:27,032 - INFO - 
[00:06:27] 📈 美股开盘中 | 余额: 1.30 U
2026-04-09 00:06:44,466 - INFO - 本次扫描: 无交易信号
2026-04-09 00:11:44,687 - INFO - 
[00:11:44] 📈 美股开盘中 | 余额: 1.30 U
2026-04-09 00:12:03,014 - INFO - 本次扫描: 无交易信号
2026-04-09 00:17:03,216 - INFO - 
[00:17:03] 📈 美股开盘中 | 余额: 1.30 U
2026-04-09 00:17:21,181 - INFO - 本次扫描: 无交易信号
2026-04-09 00:22:21,383 - INFO - 
[00:22:21] 📈 美股开盘中 | 余额: 1.30 U
2026-04-09 00:22:39,340 - INFO - 本次扫描: 无交易信号
2026-04-09 00:27:39,559 - INFO - 
[00:27:39] 📈 美股开盘中 | 余额: 1.30 U
2026-04-09 00:27:56,800 - INFO - 本次扫描: 无交易信号
2026-04-09 00:32:57,002 - INFO - 
[00:32:57] 📈 美股开盘中 | 余额: 1.30 U
2026-04-09 00:33:15,049 - INFO - 本次扫描: 无交易信号
2026-04-09 00:38:15,253 - INFO - 
[00:38:15] 📈 美股开盘中 | 余额: 1.30 U
2026-04-09 00:38:32,626 - INFO - 本次扫描: 无交易信号
2026-04-09 00:43:32,822 - INFO - 
[00:43:32] 📈 美股开盘中 | 余额: 1.30 U
2026-04-09 00:43:51,010 - INFO - 本次扫描: 无交易信号
2026-04-09 00:48:51,212 - INFO - 
[00:48:51] 📈 美股开盘中 | 余额: 1.30 U
2026-04-09 00:49:09,806 - INFO - 本次扫描: 无交易信号
2026-04-09 00:54:10,013 - INFO - 
[00:54:10] 📈 美股开盘中 | 余额: 1.30 U
2026-04-09 00:54:27,488 - INFO - 本次扫描: 无交易信号
2026-04-09 00:59:27,692 - INFO - 
[00:59:27] 📈 美股开盘中 | 余额: 1.30 U
2026-04-09 00:59:44,859 - INFO - 本次扫描: 无交易信号
2026-04-09 01:04:45,045 - INFO - 
[01:04:45] 📈 美股开盘中 | 余额: 1.30 U
2026-04-09 01:05:02,805 - INFO - 本次扫描: 无交易信号
2026-04-09 01:10:02,989 - INFO - 
[01:10:02] 📈 美股开盘中 | 余额: 1.30 U
2026-04-09 01:10:20,789 - INFO - 本次扫描: 无交易信号
2026-04-09 01:15:21,003 - INFO - 
[01:15:21] 📈 美股开盘中 | 余额: 1.30 U
2026-04-09 01:15:38,082 - INFO - 本次扫描: 无交易信号
2026-04-09 01:20:38,300 - INFO - 
[01:20:38] 📈 美股开盘中 | 余额: 1.30 U
2026-04-09 01:20:55,656 - INFO - 本次扫描: 无交易信号
2026-04-09 01:25:55,847 - INFO - 
[01:25:55] 📈 美股开盘中 | 余额: 1.30 U
2026-04-09 01:26:12,903 - INFO - 本次扫描: 无交易信号
2026-04-09 01:31:13,094 - INFO - 
[01:31:13] 📈 美股开盘中 | 余额: 1.30 U
2026-04-09 01:31:30,669 - INFO - 本次扫描: 无交易信号
2026-04-09 01:36:30,859 - INFO - 
[01:36:30] 📈 美股开盘中 | 余额: 1.30 U
2026-04-09 01:36:49,343 - INFO - 本次扫描: 无交易信号
2026-04-09 01:41:49,554 - INFO - 
[01:41:49] 📈 美股开盘中 | 余额: 1.30 U
2026-04-09 01:42:06,259 - INFO - 本次扫描: 无交易信号
2026-04-09 01:47:06,445 - INFO - 
[01:47:06] 📈 美股开盘中 | 余额: 1.30 U
2026-04-09 01:47:24,553 - INFO - 本次扫描: 无交易信号
2026-04-09 01:52:24,748 - INFO - 
[01:52:24] 📈 美股开盘中 | 余额: 1.30 U
2026-04-09 01:52:41,279 - INFO - 本次扫描: 无交易信号
2026-04-09 01:57:41,485 - INFO - 
[01:57:41] 📈 美股开盘中 | 余额: 1.30 U
2026-04-09 01:57:58,787 - INFO - 本次扫描: 无交易信号
2026-04-09 02:02:59,126 - INFO - 
[02:02:59] 📈 美股开盘中 | 余额: 1.30 U
2026-04-09 02:03:16,190 - INFO - 本次扫描: 无交易信号
2026-04-09 02:08:16,393 - INFO - 
[02:08:16] 📈 美股开盘中 | 余额: 1.30 U
2026-04-09 02:08:33,369 - INFO - 本次扫描: 无交易信号
2026-04-09 02:13:33,584 - INFO - 
[02:13:33] 📈 美股开盘中 | 余额: 1.30 U
2026-04-09 02:13:50,370 - INFO - 本次扫描: 无交易信号
2026-04-09 02:18:50,604 - INFO - 
[02:18:50] 📈 美股开盘中 | 余额: 1.30 U
2026-04-09 02:19:08,674 - INFO - 本次扫描: 无交易信号
2026-04-09 02:24:08,892 - INFO - 
[02:24:08] 📈 美股开盘中 | 余额: 1.30 U
2026-04-09 02:24:26,681 - INFO - 本次扫描: 无交易信号
2026-04-09 02:29:26,879 - INFO - 
[02:29:26] 📈 美股开盘中 | 余额: 1.30 U
2026-04-09 02:29:43,858 - INFO - 本次扫描: 无交易信号
2026-04-09 02:34:44,062 - INFO - 
[02:34:44] 📈 美股开盘中 | 余额: 1.30 U
2026-04-09 02:35:00,783 - INFO - 本次扫描: 无交易信号
2026-04-09 02:40:00,999 - INFO - 
[02:40:00] 📈 美股开盘中 | 余额: 1.30 U
2026-04-09 02:40:18,167 - INFO - 本次扫描: 无交易信号
2026-04-09 02:45:18,361 - INFO - 
[02:45:18] 📈 美股开盘中 | 余额: 1.30 U
2026-04-09 02:45:36,287 - INFO - 本次扫描: 无交易信号
2026-04-09 02:50:36,497 - INFO - 
[02:50:36] 📈 美股开盘中 | 余额: 1.30 U
2026-04-09 02:50:53,049 - INFO - 本次扫描: 无交易信号
2026-04-09 02:55:53,254 - INFO - 
[02:55:53] 📈 美股开盘中 | 余额: 1.30 U
2026-04-09 02:56:11,630 - INFO - 本次扫描: 无交易信号
2026-04-09 03:01:11,849 - INFO - 
[03:01:11] 📈 美股开盘中 | 余额: 1.30 U
2026-04-09 03:01:29,619 - INFO - 本次扫描: 无交易信号
2026-04-09 03:06:29,790 - INFO - 
[03:06:29] 📈 美股开盘中 | 余额: 1.30 U
2026-04-09 03:06:47,187 - INFO - 本次扫描: 无交易信号
2026-04-09 03:11:47,390 - INFO - 
[03:11:47] 📈 美股开盘中 | 余额: 1.30 U
2026-04-09 03:12:04,337 - INFO - 本次扫描: 无交易信号
2026-04-09 03:17:04,566 - INFO - 
[03:17:04] 📈 美股开盘中 | 余额: 1.30 U
2026-04-09 03:17:22,248 - INFO - 本次扫描: 无交易信号
2026-04-09 03:22:22,446 - INFO - 
[03:22:22] 📈 美股开盘中 | 余额: 1.30 U
2026-04-09 03:22:38,826 - INFO - 本次扫描: 无交易信号
2026-04-09 03:27:39,033 - INFO - 
[03:27:39] 📈 美股开盘中 | 余额: 1.30 U
2026-04-09 03:27:56,907 - INFO - 本次扫描: 无交易信号
2026-04-09 03:32:57,096 - INFO - 
[03:32:57] 📈 美股开盘中 | 余额: 1.30 U
2026-04-09 03:33:14,271 - INFO - 本次扫描: 无交易信号
2026-04-09 03:38:14,486 - INFO - 
[03:38:14] 📈 美股开盘中 | 余额: 1.30 U
2026-04-09 03:38:31,157 - INFO - 本次扫描: 无交易信号
2026-04-09 03:43:31,363 - INFO - 
[03:43:31] 📈 美股开盘中 | 余额: 1.30 U
2026-04-09 03:43:47,945 - INFO - 本次扫描: 无交易信号
2026-04-09 03:48:48,153 - INFO - 
[03:48:48] 📈 美股开盘中 | 余额: 1.30 U
2026-04-09 03:49:04,483 - INFO - 本次扫描: 无交易信号
2026-04-09 03:54:04,667 - INFO - 
[03:54:04] 📈 美股开盘中 | 余额: 1.30 U
2026-04-09 03:54:22,186 - INFO - 本次扫描: 无交易信号
2026-04-09 03:59:22,380 - INFO - 
[03:59:22] 📈 美股开盘中 | 余额: 1.30 U
2026-04-09 03:59:38,965 - INFO - 本次扫描: 无交易信号
2026-04-09 04:04:39,156 - INFO - [04:04:39] 🌅 盘前准备中 (04:00-09:00)
2026-04-09 04:04:39,159 - INFO - 等待美股开盘...
2026-04-09 04:34:39,367 - INFO - [04:34:39] 🌅 盘前准备中 (04:00-09:00)
2026-04-09 04:34:39,367 - INFO - 等待美股开盘...
2026-04-09 05:04:39,594 - INFO - [05:04:39] 🌅 盘前准备中 (04:00-09:00)
2026-04-09 05:04:39,594 - INFO - 等待美股开盘...
2026-04-09 05:34:39,794 - INFO - [05:34:39] 🌅 盘前准备中 (04:00-09:00)
2026-04-09 05:34:39,796 - INFO - 等待美股开盘...
2026-04-09 06:04:40,026 - INFO - [06:04:40] 🌅 盘前准备中 (04:00-09:00)
2026-04-09 06:04:40,028 - INFO - 等待美股开盘...
2026-04-09 06:34:40,254 - INFO - [06:34:40] 🌅 盘前准备中 (04:00-09:00)
2026-04-09 06:34:40,256 - INFO - 等待美股开盘...
2026-04-09 07:04:40,469 - INFO - [07:04:40] 🌅 盘前准备中 (04:00-09:00)
2026-04-09 07:04:40,469 - INFO - 等待美股开盘...
2026-04-09 07:34:40,715 - INFO - [07:34:40] 🌅 盘前准备中 (04:00-09:00)
2026-04-09 07:34:40,715 - INFO - 等待美股开盘...
2026-04-09 08:04:40,943 - INFO - [08:04:40] 🌅 盘前准备中 (04:00-09:00)
2026-04-09 08:04:40,943 - INFO - 等待美股开盘...
2026-04-09 08:34:41,134 - INFO - [08:34:41] 🌅 盘前准备中 (04:00-09:00)
2026-04-09 08:34:41,135 - INFO - 等待美股开盘...
2026-04-09 09:04:41,325 - INFO - [09:04:41] 🌙 盘后时段 (09:00-21:30)
2026-04-09 09:04:41,326 - INFO - 等待下次美股开盘...
2026-04-09 10:04:41,553 - INFO - [10:04:41] 🌙 盘后时段 (09:00-21:30)
2026-04-09 10:04:41,553 - INFO - 等待下次美股开盘...
2026-04-09 11:04:41,759 - INFO - [11:04:41] 🌙 盘后时段 (09:00-21:30)
2026-04-09 11:04:41,760 - INFO - 等待下次美股开盘...
2026-04-09 12:04:41,964 - INFO - [12:04:41] 🌙 盘后时段 (09:00-21:30)
2026-04-09 12:04:41,964 - INFO - 等待下次美股开盘...
2026-04-09 13:04:42,183 - INFO - [13:04:42] 🌙 盘后时段 (09:00-21:30)
2026-04-09 13:04:42,185 - INFO - 等待下次美股开盘...
2026-04-09 14:04:42,402 - INFO - [14:04:42] 🌙 盘后时段 (09:00-21:30)
2026-04-09 14:04:42,403 - INFO - 等待下次美股开盘...
2026-04-09 15:04:42,600 - INFO - [15:04:42] 🌙 盘后时段 (09:00-21:30)
2026-04-09 15:04:42,600 - INFO - 等待下次美股开盘...
2026-04-09 16:04:42,825 - INFO - [16:04:42] 🌙 盘后时段 (09:00-21:30)
2026-04-09 16:04:42,825 - INFO - 等待下次美股开盘...
2026-04-09 17:04:43,031 - INFO - [17:04:43] 🌙 盘后时段 (09:00-21:30)
2026-04-09 17:04:43,031 - INFO - 等待下次美股开盘...
2026-04-09 18:04:43,248 - INFO - [18:04:43] 🌙 盘后时段 (09:00-21:30)
2026-04-09 18:04:43,249 - INFO - 等待下次美股开盘...
2026-04-09 19:04:43,458 - INFO - [19:04:43] 🌙 盘后时段 (09:00-21:30)
2026-04-09 19:04:43,458 - INFO - 等待下次美股开盘...
2026-04-09 20:04:43,665 - INFO - [20:04:43] 🌙 盘后时段 (09:00-21:30)
2026-04-09 20:04:43,665 - INFO - 等待下次美股开盘...
2026-04-09 21:04:43,878 - INFO - 
[21:04:43] 📈 美股开盘中 | 余额: 1.30 U
2026-04-09 21:05:03,782 - INFO - 本次扫描: 无交易信号
2026-04-09 21:10:04,082 - INFO - 
[21:10:04] 📈 美股开盘中 | 余额: 1.30 U
2026-04-09 21:10:23,160 - INFO - 本次扫描: 无交易信号
2026-04-09 21:15:23,374 - INFO - 
[21:15:23] 📈 美股开盘中 | 余额: 1.30 U
2026-04-09 21:15:41,879 - INFO - 本次扫描: 无交易信号
2026-04-09 21:20:42,071 - INFO - 
[21:20:42] 📈 美股开盘中 | 余额: 1.30 U
2026-04-09 21:21:01,745 - INFO - 本次扫描: 无交易信号
2026-04-09 21:26:01,932 - INFO - 
[21:26:01] 📈 美股开盘中 | 余额: 1.30 U
2026-04-09 21:26:20,125 - INFO - 本次扫描: 无交易信号
2026-04-09 21:31:20,337 - INFO - 
[21:31:20] 📈 美股开盘中 | 余额: 1.30 U
2026-04-09 21:31:40,371 - INFO - 本次扫描: 无交易信号
2026-04-09 21:36:40,548 - INFO - 
[21:36:40] 📈 美股开盘中 | 余额: 1.30 U
2026-04-09 21:36:59,581 - INFO - 本次扫描: 无交易信号
2026-04-09 21:41:59,792 - INFO - 
[21:41:59] 📈 美股开盘中 | 余额: 1.30 U
2026-04-09 21:42:18,789 - INFO - 本次扫描: 无交易信号
2026-04-09 21:47:19,020 - INFO - 
[21:47:19] 📈 美股开盘中 | 余额: 1.30 U
2026-04-09 21:47:37,559 - INFO - 本次扫描: 无交易信号
2026-04-09 21:52:37,765 - INFO - 
[21:52:37] 📈 美股开盘中 | 余额: 1.30 U
2026-04-09 21:52:57,012 - INFO - 本次扫描: 无交易信号
2026-04-09 21:57:57,362 - INFO - 
[21:57:57] 📈 美股开盘中 | 余额: 1.30 U
2026-04-09 21:58:17,646 - INFO - 本次扫描: 无交易信号
2026-04-09 22:03:17,831 - INFO - 
[22:03:17] 📈 美股开盘中 | 余额: 1.30 U
2026-04-09 22:03:37,237 - INFO - 本次扫描: 无交易信号
2026-04-09 22:08:37,414 - INFO - 
[22:08:37] 📈 美股开盘中 | 余额: 1.30 U
2026-04-09 22:08:56,739 - INFO - 本次扫描: 无交易信号
2026-04-09 22:13:56,958 - INFO - 
[22:13:56] 📈 美股开盘中 | 余额: 1.30 U
2026-04-09 22:14:15,995 - INFO - 本次扫描: 无交易信号
2026-04-09 22:19:16,211 - INFO - 
[22:19:16] 📈 美股开盘中 | 余额: 1.30 U
2026-04-09 22:19:35,963 - INFO - 本次扫描: 无交易信号
2026-04-09 22:24:36,345 - INFO - 
[22:24:36] 📈 美股开盘中 | 余额: 1.30 U
2026-04-09 22:24:54,970 - INFO - 本次扫描: 无交易信号
2026-04-09 22:29:55,168 - INFO - 
[22:29:55] 📈 美股开盘中 | 余额: 1.30 U
2026-04-09 22:30:14,300 - INFO - 本次扫描: 无交易信号
2026-04-09 22:35:14,518 - INFO - 
[22:35:14] 📈 美股开盘中 | 余额: 1.30 U
2026-04-09 22:35:33,201 - INFO - 本次扫描: 无交易信号
2026-04-09 22:40:33,414 - INFO - 
[22:40:33] 📈 美股开盘中 | 余额: 1.30 U
2026-04-09 22:40:52,546 - INFO - 本次扫描: 无交易信号
2026-04-09 22:45:52,743 - INFO - 
[22:45:52] 📈 美股开盘中 | 余额: 1.30 U
2026-04-09 22:46:12,983 - INFO - 本次扫描: 无交易信号
2026-04-09 22:51:13,330 - INFO - 
[22:51:13] 📈 美股开盘中 | 余额: 1.30 U
2026-04-09 22:51:33,014 - INFO - 本次扫描: 无交易信号
2026-04-09 22:56:33,214 - INFO - 
[22:56:33] 📈 美股开盘中 | 余额: 1.30 U
2026-04-09 22:56:51,762 - INFO - 本次扫描: 无交易信号
2026-04-09 23:01:51,967 - INFO - 
[23:01:51] 📈 美股开盘中 | 余额: 1.30 U
2026-04-09 23:02:10,998 - INFO - 本次扫描: 无交易信号
2026-04-09 23:07:11,196 - INFO - 
[23:07:11] 📈 美股开盘中 | 余额: 1.30 U
2026-04-09 23:07:30,442 - INFO - 本次扫描: 无交易信号
2026-04-09 23:12:30,686 - INFO - 
[23:12:30] 📈 美股开盘中 | 余额: 1.30 U
2026-04-09 23:12:48,582 - INFO - 本次扫描: 无交易信号
2026-04-09 23:17:48,787 - INFO - 
[23:17:48] 📈 美股开盘中 | 余额: 1.30 U
2026-04-09 23:18:07,448 - INFO - 本次扫描: 无交易信号
2026-04-09 23:23:07,640 - INFO - 
[23:23:07] 📈 美股开盘中 | 余额: 1.30 U
2026-04-09 23:23:26,087 - INFO - 本次扫描: 无交易信号
2026-04-09 23:28:26,293 - INFO - 
[23:28:26] 📈 美股开盘中 | 余额: 1.30 U
2026-04-09 23:28:45,541 - INFO - 本次扫描: 无交易信号
2026-04-09 23:33:45,738 - INFO - 
[23:33:45] 📈 美股开盘中 | 余额: 1.30 U
2026-04-09 23:34:05,193 - INFO - 本次扫描: 无交易信号
2026-04-09 23:39:05,401 - INFO - 
[23:39:05] 📈 美股开盘中 | 余额: 1.30 U
2026-04-09 23:39:23,967 - INFO - 本次扫描: 无交易信号
2026-04-09 23:44:24,177 - INFO - 
[23:44:24] 📈 美股开盘中 | 余额: 1.30 U
2026-04-09 23:44:42,014 - INFO - 本次扫描: 无交易信号
2026-04-09 23:49:42,204 - INFO - 
[23:49:42] 📈 美股开盘中 | 余额: 1.30 U
2026-04-09 23:50:00,366 - INFO - 本次扫描: 无交易信号
2026-04-09 23:55:00,581 - INFO - 
[23:55:00] 📈 美股开盘中 | 余额: 1.30 U
2026-04-09 23:55:22,846 - INFO - 本次扫描: 无交易信号
2026-04-10 00:00:23,050 - INFO - 
[00:00:23] 📈 美股开盘中 | 余额: 1.30 U
2026-04-10 00:00:41,851 - INFO - 本次扫描: 无交易信号
2026-04-10 00:05:42,047 - INFO - 
[00:05:42] 📈 美股开盘中 | 余额: 1.30 U
2026-04-10 00:06:00,835 - INFO - 本次扫描: 无交易信号
2026-04-10 00:11:01,059 - INFO - 
[00:11:01] 📈 美股开盘中 | 余额: 1.30 U
2026-04-10 00:11:19,403 - INFO - 本次扫描: 无交易信号
2026-04-10 00:16:19,590 - INFO - 
[00:16:19] 📈 美股开盘中 | 余额: 1.30 U
2026-04-10 00:16:37,699 - INFO - 本次扫描: 无交易信号
2026-04-10 00:21:37,880 - INFO - 
[00:21:37] 📈 美股开盘中 | 余额: 1.30 U
2026-04-10 00:22:17,428 - INFO - 本次扫描: 无交易信号
2026-04-10 00:27:18,016 - INFO - 
[00:27:18] 📈 美股开盘中 | 余额: 1.30 U
2026-04-10 00:27:37,847 - INFO - 本次扫描: 无交易信号
2026-04-10 00:32:38,049 - INFO - 
[00:32:38] 📈 美股开盘中 | 余额: 1.30 U
2026-04-10 00:32:55,692 - INFO - 本次扫描: 无交易信号
2026-04-10 00:37:55,940 - INFO - 
[00:37:55] 📈 美股开盘中 | 余额: 1.30 U
2026-04-10 00:38:13,919 - INFO - 本次扫描: 无交易信号
2026-04-10 00:43:14,127 - INFO - 
[00:43:14] 📈 美股开盘中 | 余额: 1.30 U
2026-04-10 00:43:31,400 - INFO - 本次扫描: 无交易信号
2026-04-10 00:48:32,014 - INFO - 
[00:48:32] 📈 美股开盘中 | 余额: 1.30 U
2026-04-10 00:48:50,444 - INFO - 本次扫描: 无交易信号
2026-04-10 00:53:50,653 - INFO - 
[00:53:50] 📈 美股开盘中 | 余额: 1.30 U
2026-04-10 00:54:09,206 - INFO - 本次扫描: 无交易信号
2026-04-10 00:59:09,396 - INFO - 
[00:59:09] 📈 美股开盘中 | 余额: 1.30 U
2026-04-10 00:59:26,872 - INFO - 本次扫描: 无交易信号
2026-04-10 01:04:27,074 - INFO - 
[01:04:27] 📈 美股开盘中 | 余额: 1.30 U
2026-04-10 01:04:44,487 - INFO - 本次扫描: 无交易信号
2026-04-10 01:09:44,689 - INFO - 
[01:09:44] 📈 美股开盘中 | 余额: 1.30 U
2026-04-10 01:10:02,121 - INFO - 本次扫描: 无交易信号
2026-04-10 01:15:02,318 - INFO - 
[01:15:02] 📈 美股开盘中 | 余额: 1.30 U
2026-04-10 01:15:21,091 - INFO - 本次扫描: 无交易信号
2026-04-10 01:20:21,307 - INFO - 
[01:20:21] 📈 美股开盘中 | 余额: 1.30 U
2026-04-10 01:20:38,430 - INFO - 本次扫描: 无交易信号
2026-04-10 01:25:38,623 - INFO - 
[01:25:38] 📈 美股开盘中 | 余额: 1.30 U
2026-04-10 01:25:56,172 - INFO - 本次扫描: 无交易信号
2026-04-10 01:30:56,399 - INFO - 
[01:30:56] 📈 美股开盘中 | 余额: 1.30 U
2026-04-10 01:31:13,924 - INFO - 本次扫描: 无交易信号
2026-04-10 01:36:14,224 - INFO - 
[01:36:14] 📈 美股开盘中 | 余额: 1.30 U
2026-04-10 01:36:32,981 - INFO - 本次扫描: 无交易信号
2026-04-10 01:41:33,182 - INFO - 
[01:41:33] 📈 美股开盘中 | 余额: 1.30 U
2026-04-10 01:41:51,785 - INFO - 本次扫描: 无交易信号
2026-04-10 01:46:52,295 - INFO - 
[01:46:52] 📈 美股开盘中 | 余额: 1.30 U
2026-04-10 01:47:10,312 - INFO - 本次扫描: 无交易信号
2026-04-10 01:52:10,511 - INFO - 
[01:52:10] 📈 美股开盘中 | 余额: 1.30 U
2026-04-10 01:52:27,514 - INFO - 本次扫描: 无交易信号
2026-04-10 01:57:27,762 - INFO - 
[01:57:27] 📈 美股开盘中 | 余额: 1.30 U
2026-04-10 01:57:44,927 - INFO - 本次扫描: 无交易信号
2026-04-10 02:02:45,136 - INFO - 
[02:02:45] 📈 美股开盘中 | 余额: 1.30 U
2026-04-10 02:03:01,887 - INFO - 本次扫描: 无交易信号
2026-04-10 02:08:02,105 - INFO - 
[02:08:02] 📈 美股开盘中 | 余额: 1.30 U
2026-04-10 02:08:19,199 - INFO - 本次扫描: 无交易信号
2026-04-10 02:13:19,402 - INFO - 
[02:13:19] 📈 美股开盘中 | 余额: 1.30 U
2026-04-10 02:13:36,665 - INFO - 本次扫描: 无交易信号
2026-04-10 02:18:36,878 - INFO - 
[02:18:36] 📈 美股开盘中 | 余额: 1.30 U
2026-04-10 02:18:54,151 - INFO - 本次扫描: 无交易信号
2026-04-10 02:23:54,356 - INFO - 
[02:23:54] 📈 美股开盘中 | 余额: 1.30 U
2026-04-10 02:24:11,042 - INFO - 本次扫描: 无交易信号
2026-04-10 02:29:11,257 - INFO - 
[02:29:11] 📈 美股开盘中 | 余额: 1.30 U
2026-04-10 02:29:28,870 - INFO - 本次扫描: 无交易信号
2026-04-10 02:34:29,099 - INFO - 
[02:34:29] 📈 美股开盘中 | 余额: 1.30 U
2026-04-10 02:34:45,762 - INFO - 本次扫描: 无交易信号
2026-04-10 02:39:45,970 - INFO - 
[02:39:45] 📈 美股开盘中 | 余额: 1.30 U
2026-04-10 02:40:02,530 - INFO - 本次扫描: 无交易信号
2026-04-10 02:45:02,691 - INFO - 
[02:45:02] 📈 美股开盘中 | 余额: 1.30 U
2026-04-10 02:45:19,272 - INFO - 本次扫描: 无交易信号
2026-04-10 02:50:19,481 - INFO - 
[02:50:19] 📈 美股开盘中 | 余额: 1.30 U
2026-04-10 02:50:36,622 - INFO - 本次扫描: 无交易信号
2026-04-10 02:55:36,834 - INFO - 
[02:55:36] 📈 美股开盘中 | 余额: 1.30 U
2026-04-10 02:55:53,654 - INFO - 本次扫描: 无交易信号
2026-04-10 03:00:53,864 - INFO - 
[03:00:53] 📈 美股开盘中 | 余额: 1.30 U
2026-04-10 03:01:10,903 - INFO - 本次扫描: 无交易信号
2026-04-10 03:06:11,116 - INFO - 
[03:06:11] 📈 美股开盘中 | 余额: 1.30 U
2026-04-10 03:06:28,024 - INFO - 本次扫描: 无交易信号
2026-04-10 03:11:28,229 - INFO - 
[03:11:28] 📈 美股开盘中 | 余额: 1.30 U
2026-04-10 03:11:44,622 - INFO - 本次扫描: 无交易信号
2026-04-10 03:16:44,855 - INFO - 
[03:16:44] 📈 美股开盘中 | 余额: 1.30 U
2026-04-10 03:17:01,599 - INFO - 本次扫描: 无交易信号
2026-04-10 03:22:01,823 - INFO - 
[03:22:01] 📈 美股开盘中 | 余额: 1.30 U
2026-04-10 03:22:18,492 - INFO - 本次扫描: 无交易信号
2026-04-10 03:27:18,697 - INFO - 
[03:27:18] 📈 美股开盘中 | 余额: 1.30 U
2026-04-10 03:27:35,529 - INFO - 本次扫描: 无交易信号
2026-04-10 03:32:35,723 - INFO - 
[03:32:35] 📈 美股开盘中 | 余额: 1.30 U
2026-04-10 03:32:52,691 - INFO - 本次扫描: 无交易信号
2026-04-10 03:37:52,896 - INFO - 
[03:37:52] 📈 美股开盘中 | 余额: 1.30 U
2026-04-10 03:38:11,226 - INFO - 本次扫描: 无交易信号
2026-04-10 03:43:11,439 - INFO - 
[03:43:11] 📈 美股开盘中 | 余额: 1.30 U
2026-04-10 03:43:27,781 - INFO - 本次扫描: 无交易信号
2026-04-10 03:48:28,003 - INFO - 
[03:48:28] 📈 美股开盘中 | 余额: 1.30 U
2026-04-10 03:48:44,577 - INFO - 本次扫描: 无交易信号
2026-04-10 03:53:44,781 - INFO - 
[03:53:44] 📈 美股开盘中 | 余额: 1.30 U
2026-04-10 03:54:01,766 - INFO - 本次扫描: 无交易信号
2026-04-10 03:59:01,970 - INFO - 
[03:59:01] 📈 美股开盘中 | 余额: 1.30 U
2026-04-10 03:59:18,680 - INFO - 本次扫描: 无交易信号
2026-04-10 04:04:18,890 - INFO - [04:04:18] 🌅 盘前准备中 (04:00-09:00)
2026-04-10 04:04:18,891 - INFO - 等待美股开盘...
2026-04-10 04:34:19,099 - INFO - [04:34:19] 🌅 盘前准备中 (04:00-09:00)
2026-04-10 04:34:19,099 - INFO - 等待美股开盘...
2026-04-10 05:04:19,290 - INFO - [05:04:19] 🌅 盘前准备中 (04:00-09:00)
2026-04-10 05:04:19,291 - INFO - 等待美股开盘...
2026-04-10 05:34:19,508 - INFO - [05:34:19] 🌅 盘前准备中 (04:00-09:00)
2026-04-10 05:34:19,508 - INFO - 等待美股开盘...
2026-04-10 06:04:19,704 - INFO - [06:04:19] 🌅 盘前准备中 (04:00-09:00)
2026-04-10 06:04:19,704 - INFO - 等待美股开盘...
2026-04-10 06:34:19,929 - INFO - [06:34:19] 🌅 盘前准备中 (04:00-09:00)
2026-04-10 06:34:19,929 - INFO - 等待美股开盘...
2026-04-10 07:04:20,160 - INFO - [07:04:20] 🌅 盘前准备中 (04:00-09:00)
2026-04-10 07:04:20,164 - INFO - 等待美股开盘...
2026-04-10 07:34:20,380 - INFO - [07:34:20] 🌅 盘前准备中 (04:00-09:00)
2026-04-10 07:34:20,380 - INFO - 等待美股开盘...
2026-04-10 08:04:20,594 - INFO - [08:04:20] 🌅 盘前准备中 (04:00-09:00)
2026-04-10 08:04:20,594 - INFO - 等待美股开盘...
2026-04-10 08:34:20,814 - INFO - [08:34:20] 🌅 盘前准备中 (04:00-09:00)
2026-04-10 08:34:20,817 - INFO - 等待美股开盘...
2026-04-10 09:04:21,041 - INFO - [09:04:21] 🌙 盘后时段 (09:00-21:30)
2026-04-10 09:04:21,043 - INFO - 等待下次美股开盘...
2026-04-10 10:04:21,267 - INFO - [10:04:21] 🌙 盘后时段 (09:00-21:30)
2026-04-10 10:04:21,268 - INFO - 等待下次美股开盘...
2026-04-10 11:04:21,554 - INFO - [11:04:21] 🌙 盘后时段 (09:00-21:30)
2026-04-10 11:04:21,562 - INFO - 等待下次美股开盘...
2026-04-10 12:04:21,759 - INFO - [12:04:21] 🌙 盘后时段 (09:00-21:30)
2026-04-10 12:04:21,759 - INFO - 等待下次美股开盘...
2026-04-10 13:04:21,947 - INFO - [13:04:21] 🌙 盘后时段 (09:00-21:30)
2026-04-10 13:04:21,948 - INFO - 等待下次美股开盘...
2026-04-10 14:04:22,147 - INFO - [14:04:22] 🌙 盘后时段 (09:00-21:30)
2026-04-10 14:04:22,148 - INFO - 等待下次美股开盘...
2026-04-10 15:04:22,365 - INFO - [15:04:22] 🌙 盘后时段 (09:00-21:30)
2026-04-10 15:04:22,365 - INFO - 等待下次美股开盘...
2026-04-10 16:04:22,582 - INFO - [16:04:22] 🌙 盘后时段 (09:00-21:30)
2026-04-10 16:04:22,583 - INFO - 等待下次美股开盘...
2026-04-10 17:04:22,754 - INFO - [17:04:22] 🌙 盘后时段 (09:00-21:30)
2026-04-10 17:04:22,754 - INFO - 等待下次美股开盘...
2026-04-10 18:04:22,965 - INFO - [18:04:22] 🌙 盘后时段 (09:00-21:30)
2026-04-10 18:04:22,967 - INFO - 等待下次美股开盘...
2026-04-10 19:04:23,171 - INFO - [19:04:23] 🌙 盘后时段 (09:00-21:30)
2026-04-10 19:04:23,171 - INFO - 等待下次美股开盘...
2026-04-10 20:04:23,386 - INFO - [20:04:23] 🌙 盘后时段 (09:00-21:30)
2026-04-10 20:04:23,386 - INFO - 等待下次美股开盘...
2026-04-10 21:04:23,595 - INFO - 
[21:04:23] 📈 美股开盘中 | 余额: 1.30 U
2026-04-10 21:04:43,857 - INFO - 本次扫描: 无交易信号
2026-04-10 21:09:44,061 - INFO - 
[21:09:44] 📈 美股开盘中 | 余额: 1.30 U
2026-04-10 21:10:04,890 - INFO - 本次扫描: 无交易信号
2026-04-10 21:15:05,262 - INFO - 
[21:15:05] 📈 美股开盘中 | 余额: 1.30 U
2026-04-10 21:15:27,283 - INFO - 本次扫描: 无交易信号
2026-04-10 21:20:27,472 - INFO - 
[21:20:27] 📈 美股开盘中 | 余额: 1.30 U
2026-04-10 21:20:48,929 - INFO - 本次扫描: 无交易信号
2026-04-10 21:25:49,149 - INFO - 
[21:25:49] 📈 美股开盘中 | 余额: 1.30 U
2026-04-10 21:26:09,957 - INFO - 本次扫描: 无交易信号
2026-04-10 21:31:10,160 - INFO - 
[21:31:10] 📈 美股开盘中 | 余额: 1.30 U
2026-04-10 21:31:30,660 - INFO - 本次扫描: 无交易信号
2026-04-10 21:36:30,853 - INFO - 
[21:36:30] 📈 美股开盘中 | 余额: 1.30 U
2026-04-10 21:36:51,869 - INFO - 本次扫描: 无交易信号
2026-04-10 21:41:52,080 - INFO - 
[21:41:52] 📈 美股开盘中 | 余额: 1.30 U
2026-04-10 21:42:13,723 - INFO - 本次扫描: 无交易信号
2026-04-10 21:47:13,907 - INFO - 
[21:47:13] 📈 美股开盘中 | 余额: 1.30 U
2026-04-10 21:47:35,274 - INFO - 本次扫描: 无交易信号
2026-04-10 21:52:35,478 - INFO - 
[21:52:35] 📈 美股开盘中 | 余额: 1.30 U
2026-04-10 21:52:56,102 - INFO - 本次扫描: 无交易信号
2026-04-10 21:57:56,284 - INFO - 
[21:57:56] 📈 美股开盘中 | 余额: 1.30 U
2026-04-10 21:58:17,082 - INFO - 本次扫描: 无交易信号
2026-04-10 22:03:17,282 - INFO - 
[22:03:17] 📈 美股开盘中 | 余额: 1.30 U
2026-04-10 22:03:38,999 - INFO - 本次扫描: 无交易信号
2026-04-10 22:08:39,199 - INFO - 
[22:08:39] 📈 美股开盘中 | 余额: 1.30 U
2026-04-10 22:08:59,758 - INFO - 本次扫描: 无交易信号
2026-04-10 22:13:59,978 - INFO - 
[22:13:59] 📈 美股开盘中 | 余额: 1.30 U
2026-04-10 22:14:21,674 - INFO - 本次扫描: 无交易信号
2026-04-10 22:19:21,886 - INFO - 
[22:19:21] 📈 美股开盘中 | 余额: 1.30 U
2026-04-10 22:19:42,599 - INFO - 本次扫描: 无交易信号
2026-04-10 22:24:42,811 - INFO - 
[22:24:42] 📈 美股开盘中 | 余额: 1.30 U
2026-04-10 22:25:03,630 - INFO - 本次扫描: 无交易信号
2026-04-10 22:30:03,819 - INFO - 
[22:30:03] 📈 美股开盘中 | 余额: 1.30 U
2026-04-10 22:30:25,070 - INFO - 本次扫描: 无交易信号
2026-04-10 22:35:25,310 - INFO - 
[22:35:25] 📈 美股开盘中 | 余额: 1.30 U
2026-04-10 22:35:30,921 - ERROR - 下单失败 NVDAONUSDT sell: API Error 43012: Insufficient balance
2026-04-10 22:35:46,347 - INFO - 本次扫描: 无交易信号
2026-04-10 22:40:46,544 - INFO - 
[22:40:46] 📈 美股开盘中 | 余额: 105.00 U
2026-04-10 22:40:52,367 - ERROR - 下单失败 NVDAONUSDT sell: API Error 43012: Insufficient balance
2026-04-10 22:41:09,502 - INFO - 本次扫描: 无交易信号
2026-04-10 22:46:09,724 - INFO - 
[22:46:09] 📈 美股开盘中 | 余额: 105.00 U
2026-04-10 22:46:16,120 - ERROR - 下单失败 NVDAONUSDT sell: API Error 43012: Insufficient balance
2026-04-10 22:46:32,570 - INFO - 本次扫描: 无交易信号
2026-04-10 22:51:32,779 - INFO - 
[22:51:32] 📈 美股开盘中 | 余额: 105.00 U
2026-04-10 22:51:39,122 - ERROR - 下单失败 NVDAONUSDT sell: API Error 43012: Insufficient balance
2026-04-10 22:51:55,374 - INFO - 本次扫描: 无交易信号
2026-04-10 22:56:55,567 - INFO - 
[22:56:55] 📈 美股开盘中 | 余额: 105.00 U
2026-04-10 22:57:04,732 - ERROR - 下单失败 NVDAONUSDT sell: API Error 43012: Insufficient balance
2026-04-10 22:57:20,734 - INFO - 本次扫描: 无交易信号
2026-04-10 23:02:20,935 - INFO - 
[23:02:20] 📈 美股开盘中 | 余额: 105.00 U
2026-04-10 23:02:43,958 - INFO - 本次扫描: 无交易信号
2026-04-10 23:07:44,166 - INFO - 
[23:07:44] 📈 美股开盘中 | 余额: 105.00 U
2026-04-10 23:07:47,704 - INFO - 开仓: TSLAONUSDT 价格:347.41 数量:0.07196108344607235 (25U)
2026-04-10 23:07:47,704 - INFO - 🟢 开仓提醒 名称：Tesla(TSLAONUSDT) 开仓评分：4.0分 开仓数量：0.071961 开仓价格：$347.4100 开仓资金：25U 开仓时间：2026-04-10 23:07:47 信号：均线多头, MACD扩张, 新闻情绪偏多
2026-04-10 23:08:06,710 - INFO - 本次操作: 买入1笔, 卖出0笔
2026-04-10 23:13:06,907 - INFO - 
[23:13:06] 📈 美股开盘中 | 余额: 80.34 U
2026-04-10 23:13:28,511 - INFO - 本次扫描: 无交易信号
2026-04-10 23:18:28,716 - INFO - 
[23:18:28] 📈 美股开盘中 | 余额: 80.34 U
2026-04-10 23:18:34,444 - ERROR - 下单失败 NVDAONUSDT sell: API Error 43012: Insufficient balance
2026-04-10 23:18:50,203 - INFO - 本次扫描: 无交易信号
2026-04-10 23:23:50,804 - INFO - 
[23:23:50] 📈 美股开盘中 | 余额: 80.34 U
2026-04-10 23:23:57,697 - ERROR - 下单失败 NVDAONUSDT sell: API Error 43012: Insufficient balance
2026-04-10 23:24:13,097 - INFO - 本次扫描: 无交易信号
2026-04-10 23:29:13,291 - INFO - 
[23:29:13] 📈 美股开盘中 | 余额: 80.34 U
2026-04-10 23:29:20,276 - ERROR - 下单失败 NVDAONUSDT sell: API Error 43012: Insufficient balance
2026-04-10 23:29:37,856 - INFO - 本次扫描: 无交易信号
2026-04-10 23:34:38,083 - INFO - 
[23:34:38] 📈 美股开盘中 | 余额: 80.34 U
2026-04-10 23:34:43,796 - ERROR - 下单失败 NVDAONUSDT sell: API Error 43012: Insufficient balance
2026-04-10 23:35:00,043 - INFO - 本次扫描: 无交易信号
2026-04-10 23:40:00,260 - INFO - 
[23:40:00] 📈 美股开盘中 | 余额: 80.34 U
2026-04-10 23:40:22,074 - INFO - 本次扫描: 无交易信号
2026-04-10 23:45:22,281 - INFO - 
[23:45:22] 📈 美股开盘中 | 余额: 80.34 U
2026-04-10 23:45:43,558 - INFO - 本次扫描: 无交易信号
2026-04-10 23:50:43,763 - INFO - 
[23:50:43] 📈 美股开盘中 | 余额: 80.34 U
2026-04-10 23:51:04,921 - INFO - 本次扫描: 无交易信号
2026-04-10 23:56:05,148 - INFO - 
[23:56:05] 📈 美股开盘中 | 余额: 80.34 U
2026-04-10 23:56:26,531 - INFO - 本次扫描: 无交易信号
2026-04-11 00:01:27,165 - INFO - [00:01:27] 🚫 周末/节假日
2026-04-11 00:01:27,171 - INFO - 等待周一美股开盘...
2026-04-11 02:01:27,397 - INFO - [02:01:27] 🚫 周末/节假日
2026-04-11 02:01:27,398 - INFO - 等待周一美股开盘...
2026-04-11 04:01:27,606 - INFO - [04:01:27] 🚫 周末/节假日
2026-04-11 04:01:27,606 - INFO - 等待周一美股开盘...
2026-04-11 06:01:27,827 - INFO - [06:01:27] 🚫 周末/节假日
2026-04-11 06:01:27,827 - INFO - 等待周一美股开盘...
2026-04-11 08:01:28,053 - INFO - [08:01:28] 🚫 周末/节假日
2026-04-11 08:01:28,053 - INFO - 等待周一美股开盘...
2026-04-11 10:01:28,267 - INFO - [10:01:28] 🚫 周末/节假日
2026-04-11 10:01:28,268 - INFO - 等待周一美股开盘...
2026-04-11 12:01:28,483 - INFO - [12:01:28] 🚫 周末/节假日
2026-04-11 12:01:28,483 - INFO - 等待周一美股开盘...
2026-04-11 14:01:28,706 - INFO - [14:01:28] 🚫 周末/节假日
2026-04-11 14:01:28,710 - INFO - 等待周一美股开盘...
2026-04-11 16:01:28,907 - INFO - [16:01:28] 🚫 周末/节假日
2026-04-11 16:01:28,908 - INFO - 等待周一美股开盘...
