2026-04-17 23:21:14,758 - INFO - ==================================================
2026-04-17 23:21:14,759 - INFO - 🚀 Bitget 美股交易机器人 v3 启动
2026-04-17 23:21:14,759 - INFO - 监控标的: 17 个
2026-04-17 23:21:14,759 - INFO - 开仓金额: 40 U/笔
2026-04-17 23:21:14,759 - INFO - ==================================================
2026-04-17 23:21:14,759 - INFO - 交易时段规则:
2026-04-17 23:21:14,759 - INFO -   📈 开盘交易: 21:30-04:00 (每5分钟扫描)
2026-04-17 23:21:14,759 - INFO -   🌅 盘前准备: 04:00-09:00 (每30分钟检查)
2026-04-17 23:21:14,759 - INFO -   🌙 盘后时段: 09:00-21:30 (每小时检查)
2026-04-17 23:21:14,760 - INFO -   🚫 周末: 每2小时检查一次
2026-04-17 23:21:14,760 - INFO - ==================================================
2026-04-17 23:21:15,003 - INFO - 
[23:21:15] 📈 美股开盘中 | 余额: 156.19 U
2026-04-17 23:21:59,685 - ERROR - 下单失败 CVXUSDT sell: API Error 43012: Insufficient balance
2026-04-17 23:22:00,006 - INFO - 本次扫描: 无交易信号
2026-04-17 23:27:01,078 - INFO - 
[23:27:01] 📈 美股开盘中 | 余额: 156.19 U
2026-04-17 23:27:04,984 - ERROR - 下单失败 TSLAONUSDT sell: API Error 43012: Insufficient balance
2026-04-17 23:27:47,511 - ERROR - 下单失败 CVXUSDT sell: API Error 43012: Insufficient balance
2026-04-17 23:27:47,813 - INFO - 本次扫描: 无交易信号
2026-04-17 23:32:49,218 - INFO - 
[23:32:49] 📈 美股开盘中 | 余额: 156.19 U
2026-04-17 23:32:54,175 - ERROR - 下单失败 TSLAONUSDT sell: API Error 43012: Insufficient balance
2026-04-17 23:33:38,123 - ERROR - 下单失败 CVXUSDT sell: API Error 43012: Insufficient balance
2026-04-17 23:33:38,427 - INFO - 本次扫描: 无交易信号
2026-04-17 23:38:38,643 - INFO - 
[23:38:38] 📈 美股开盘中 | 余额: 156.19 U
2026-04-17 23:38:41,725 - ERROR - 下单失败 TSLAONUSDT sell: API Error 43012: Insufficient balance
2026-04-17 23:39:29,179 - ERROR - 下单失败 CVXUSDT sell: API Error 43012: Insufficient balance
2026-04-17 23:39:29,487 - INFO - 本次扫描: 无交易信号
2026-04-17 23:44:29,989 - INFO - 
[23:44:29] 📈 美股开盘中 | 余额: 156.19 U
2026-04-17 23:44:33,007 - ERROR - 下单失败 TSLAONUSDT sell: API Error 43012: Insufficient balance
2026-04-17 23:45:16,737 - INFO - 本次扫描: 无交易信号
2026-04-17 23:50:16,999 - INFO - 
[23:50:16] 📈 美股开盘中 | 余额: 156.19 U
2026-04-17 23:50:20,307 - ERROR - 下单失败 TSLAONUSDT sell: API Error 43012: Insufficient balance
2026-04-17 23:51:02,636 - INFO - 本次扫描: 无交易信号
2026-04-17 23:56:03,122 - INFO - 
[23:56:03] 📈 美股开盘中 | 余额: 156.19 U
2026-04-17 23:56:06,280 - ERROR - 下单失败 TSLAONUSDT sell: API Error 43012: Insufficient balance
2026-04-17 23:56:48,442 - INFO - 本次扫描: 无交易信号
2026-04-18 00:01:49,130 - INFO - [00:01:49] 🚫 周末/节假日
2026-04-18 00:01:49,141 - INFO - 等待周一美股开盘...
2026-04-18 00:10:08,829 - INFO - ==================================================
2026-04-18 00:10:08,838 - INFO - 🚀 Bitget 美股交易机器人 v3 启动
2026-04-18 00:10:08,838 - INFO - 监控标的: 17 个
2026-04-18 00:10:08,839 - INFO - 开仓金额: 40 U/笔
2026-04-18 00:10:08,839 - INFO - ==================================================
2026-04-18 00:10:08,839 - INFO - 交易时段规则:
2026-04-18 00:10:08,839 - INFO -   📈 开盘交易: 21:30-04:00 (每5分钟扫描)
2026-04-18 00:10:08,839 - INFO -   🌅 盘前准备: 04:00-09:00 (每30分钟检查)
2026-04-18 00:10:08,839 - INFO -   🌙 盘后时段: 09:00-21:30 (每小时检查)
2026-04-18 00:10:08,839 - INFO -   🚫 周末: 每2小时检查一次
2026-04-18 00:10:08,839 - INFO - ==================================================
2026-04-18 00:10:09,503 - INFO - [00:10:09] 🚫 周末/节假日
2026-04-18 00:10:09,517 - INFO - 等待周一美股开盘...
2026-04-18 02:10:10,859 - INFO - [02:10:10] 🚫 周末/节假日
2026-04-18 02:10:10,881 - INFO - 等待周一美股开盘...
2026-04-18 04:10:11,941 - INFO - [04:10:11] 🚫 周末/节假日
2026-04-18 04:10:11,958 - INFO - 等待周一美股开盘...
2026-04-18 06:10:13,273 - INFO - [06:10:13] 🚫 周末/节假日
2026-04-18 06:10:13,301 - INFO - 等待周一美股开盘...
2026-04-18 08:10:14,521 - INFO - [08:10:14] 🚫 周末/节假日
2026-04-18 08:10:14,549 - INFO - 等待周一美股开盘...
2026-04-18 10:10:15,476 - INFO - [10:10:15] 🚫 周末/节假日
2026-04-18 10:10:15,494 - INFO - 等待周一美股开盘...
2026-04-18 12:10:16,294 - INFO - [12:10:16] 🚫 周末/节假日
2026-04-18 12:10:16,312 - INFO - 等待周一美股开盘...
2026-04-18 14:10:17,555 - INFO - [14:10:17] 🚫 周末/节假日
2026-04-18 14:10:17,572 - INFO - 等待周一美股开盘...
2026-04-18 16:10:19,490 - INFO - [16:10:19] 🚫 周末/节假日
2026-04-18 16:10:19,518 - INFO - 等待周一美股开盘...
2026-04-18 18:10:21,652 - INFO - [18:10:21] 🚫 周末/节假日
2026-04-18 18:10:21,705 - INFO - 等待周一美股开盘...
2026-04-18 20:10:22,411 - INFO - [20:10:22] 🚫 周末/节假日
2026-04-18 20:10:22,425 - INFO - 等待周一美股开盘...
2026-04-18 22:10:23,254 - INFO - [22:10:23] 🚫 周末/节假日
2026-04-18 22:10:23,273 - INFO - 等待周一美股开盘...
2026-04-19 00:10:24,833 - INFO - [00:10:24] 🚫 周末/节假日
2026-04-19 00:10:24,867 - INFO - 等待周一美股开盘...
2026-04-19 02:10:25,659 - INFO - [02:10:25] 🚫 周末/节假日
2026-04-19 02:10:25,674 - INFO - 等待周一美股开盘...
2026-04-19 04:10:26,396 - INFO - [04:10:26] 🚫 周末/节假日
2026-04-19 04:10:26,406 - INFO - 等待周一美股开盘...
2026-04-19 06:10:27,773 - INFO - [06:10:27] 🚫 周末/节假日
2026-04-19 06:10:27,802 - INFO - 等待周一美股开盘...
2026-04-19 08:10:28,659 - INFO - [08:10:28] 🚫 周末/节假日
2026-04-19 08:10:28,675 - INFO - 等待周一美股开盘...
2026-04-19 10:10:29,403 - INFO - [10:10:29] 🚫 周末/节假日
2026-04-19 10:10:29,413 - INFO - 等待周一美股开盘...
2026-04-19 12:10:30,702 - INFO - [12:10:30] 🚫 周末/节假日
2026-04-19 12:10:30,728 - INFO - 等待周一美股开盘...
2026-04-19 13:30:06,983 - INFO - ==================================================
2026-04-19 13:30:06,985 - INFO - 🚀 Bitget 美股交易机器人 v3 启动
2026-04-19 13:30:06,985 - INFO - 监控标的: 17 个
2026-04-19 13:30:06,985 - INFO - 开仓金额: 40 U/笔
2026-04-19 13:30:06,985 - INFO - ==================================================
2026-04-19 13:30:06,985 - INFO - 交易时段规则:
2026-04-19 13:30:06,985 - INFO -   📈 开盘交易: 21:30-04:00 (每5分钟扫描)
2026-04-19 13:30:06,985 - INFO -   🌅 盘前准备: 04:00-09:00 (每30分钟检查)
2026-04-19 13:30:06,985 - INFO -   🌙 盘后时段: 09:00-21:30 (每小时检查)
2026-04-19 13:30:06,986 - INFO -   🚫 周末: 每2小时检查一次
2026-04-19 13:30:06,986 - INFO - ==================================================
2026-04-19 13:30:07,376 - INFO - [13:30:07] 🚫 周末/节假日
2026-04-19 13:30:07,387 - INFO - 等待周一美股开盘...
2026-04-19 15:30:07,660 - INFO - [15:30:07] 🚫 周末/节假日
2026-04-19 15:30:07,660 - INFO - 等待周一美股开盘...
2026-04-19 17:30:08,101 - INFO - [17:30:08] 🚫 周末/节假日
2026-04-19 17:30:08,102 - INFO - 等待周一美股开盘...
2026-04-19 19:30:08,386 - INFO - [19:30:08] 🚫 周末/节假日
2026-04-19 19:30:08,387 - INFO - 等待周一美股开盘...
2026-04-19 21:30:08,650 - INFO - [21:30:08] 🚫 周末/节假日
2026-04-19 21:30:08,651 - INFO - 等待周一美股开盘...
2026-04-19 23:30:09,204 - INFO - [23:30:09] 🚫 周末/节假日
2026-04-19 23:30:09,208 - INFO - 等待周一美股开盘...
2026-04-20 01:30:09,650 - INFO - 
[01:30:09] 📈 美股开盘中 | 余额: 421.13 U
2026-04-20 01:31:00,522 - ERROR - 下单失败 CVXUSDT sell: API Error 43012: Insufficient balance
2026-04-20 01:31:00,839 - INFO - 本次扫描: 无交易信号
2026-04-20 01:36:01,242 - INFO - 
[01:36:01] 📈 美股开盘中 | 余额: 421.13 U
2026-04-20 01:36:53,693 - ERROR - 下单失败 CVXUSDT sell: API Error 43012: Insufficient balance
2026-04-20 01:36:54,019 - INFO - 本次扫描: 无交易信号
2026-04-20 01:41:54,329 - INFO - 
[01:41:54] 📈 美股开盘中 | 余额: 421.13 U
2026-04-20 01:42:41,849 - ERROR - 下单失败 CVXUSDT sell: API Error 43012: Insufficient balance
2026-04-20 01:42:42,153 - INFO - 本次扫描: 无交易信号
2026-04-20 01:47:42,509 - INFO - 
[01:47:42] 📈 美股开盘中 | 余额: 411.44 U
2026-04-20 01:48:33,157 - ERROR - 下单失败 CVXUSDT sell: API Error 43012: Insufficient balance
2026-04-20 01:48:33,472 - INFO - 本次扫描: 无交易信号
2026-04-20 01:53:33,779 - INFO - 
[01:53:33] 📈 美股开盘中 | 余额: 411.44 U
2026-04-20 01:54:23,575 - ERROR - 下单失败 CVXUSDT sell: API Error 43012: Insufficient balance
2026-04-20 01:54:23,889 - INFO - 本次扫描: 无交易信号
2026-04-20 01:59:24,229 - INFO - 
[01:59:24] 📈 美股开盘中 | 余额: 411.44 U
2026-04-20 02:00:12,594 - ERROR - 下单失败 CVXUSDT sell: API Error 43012: Insufficient balance
2026-04-20 02:00:12,916 - INFO - 本次扫描: 无交易信号
2026-04-20 02:05:13,312 - INFO - 
[02:05:13] 📈 美股开盘中 | 余额: 411.44 U
2026-04-20 02:06:02,286 - ERROR - 下单失败 CVXUSDT sell: API Error 43012: Insufficient balance
2026-04-20 02:06:02,591 - INFO - 本次扫描: 无交易信号
2026-04-20 02:11:02,844 - INFO - 
[02:11:02] 📈 美股开盘中 | 余额: 411.44 U
2026-04-20 02:11:50,975 - ERROR - 下单失败 CVXUSDT sell: API Error 43012: Insufficient balance
2026-04-20 02:11:51,292 - INFO - 本次扫描: 无交易信号
2026-04-20 02:16:51,785 - INFO - 
[02:16:51] 📈 美股开盘中 | 余额: 411.44 U
2026-04-20 02:17:40,215 - ERROR - 下单失败 CVXUSDT sell: API Error 43012: Insufficient balance
2026-04-20 02:17:40,533 - INFO - 本次扫描: 无交易信号
