============================================================
🤖 ETH合约自动交易机器人 | 2026-04-17 02:06
============================================================

项目                   内容
----------------------------------------
标的                   ETH/USDT 永续合约
杠杆                   20x
数量                   0.5 ETH
止损                   1.5%
止盈                   2.0%
扫描周期                 10秒
ADX过滤                >25
成交量过滤                >1.5x

启动中，首次加载K线数据...
✅ 数据加载完成，开始监控...

[02:07:39] 👁️ 观望中 | 1h ADX=14.7<25 震荡市
[02:08:45] 👁️ 观望中 | 1h ADX=14.7<25 震荡市
[02:09:56] 👁️ 观望中 | 1h ADX=14.7<25 震荡市
[02:11:08] 👁️ 观望中 | 1h ADX=14.7<25 震荡市
[02:12:15] 👁️ 观望中 | 1h ADX=14.7<25 震荡市
[02:13:21] 👁️ 观望中 | 1h ADX=14.7<25 震荡市
[02:14:27] 👁️ 观望中 | 1h ADX=14.7<25 震荡市
[02:15:33] 👁️ 观望中 | 1h ADX=14.7<25 震荡市
[02:16:39] 👁️ 观望中 | 1h ADX=14.7<25 震荡市
[02:17:46] 👁️ 观望中 | 1h ADX=14.7<25 震荡市
[02:18:52] 👁️ 观望中 | 1h ADX=14.7<25 震荡市
[02:20:03] 👁️ 观望中 | 1h ADX=14.7<25 震荡市
[02:21:13] 👁️ 观望中 | 1h ADX=14.7<25 震荡市
[02:22:20] 👁️ 观望中 | 1h ADX=14.7<25 震荡市
[02:23:26] 👁️ 观望中 | 1h ADX=14.7<25 震荡市
[02:24:32] 👁️ 观望中 | 1h ADX=14.7<25 震荡市
[02:25:39] 👁️ 观望中 | 1h ADX=14.7<25 震荡市
[02:26:45] 👁️ 观望中 | 1h ADX=14.7<25 震荡市
[02:27:51] 👁️ 观望中 | 1h ADX=14.7<25 震荡市
[02:28:57] 👁️ 观望中 | 1h ADX=14.7<25 震荡市
[02:30:07] 👁️ 观望中 | 1h ADX=14.7<25 震荡市
[02:31:18] 👁️ 观望中 | 1h ADX=14.7<25 震荡市
[02:32:27] 👁️ 观望中 | 1h ADX=14.7<25 震荡市
[02:33:33] 👁️ 观望中 | 1h ADX=14.7<25 震荡市
[02:34:39] 👁️ 观望中 | 1h ADX=14.7<25 震荡市
[02:35:49] 👁️ 观望中 | 1h ADX=14.7<25 震荡市
[02:37:01] 👁️ 观望中 | 1h ADX=14.7<25 震荡市
[02:38:08] 👁️ 观望中 | 1h ADX=14.7<25 震荡市
[02:39:15] 👁️ 观望中 | 1h ADX=14.7<25 震荡市
[02:40:21] 👁️ 观望中 | 1h ADX=14.7<25 震荡市
[02:41:27] 👁️ 观望中 | 1h ADX=14.7<25 震荡市
[02:42:35] 👁️ 观望中 | 1h ADX=14.7<25 震荡市
[02:43:46] 👁️ 观望中 | 1h ADX=14.7<25 震荡市
[02:44:53] 👁️ 观望中 | 1h ADX=14.7<25 震荡市
[02:46:01] 👁️ 观望中 | 1h ADX=14.8<25 震荡市
[02:47:08] 👁️ 观望中 | 1h ADX=15.0<25 震荡市
[02:48:14] 👁️ 观望中 | 1h ADX=15.0<25 震荡市
[02:49:24] 👁️ 观望中 | 1h ADX=15.0<25 震荡市
[02:50:36] 👁️ 观望中 | 1h ADX=15.0<25 震荡市
[02:51:43] 👁️ 观望中 | 1h ADX=15.0<25 震荡市
[02:52:51] 👁️ 观望中 | 1h ADX=15.1<25 震荡市
[02:53:57] 👁️ 观望中 | 1h ADX=15.3<25 震荡市
[02:55:06] 👁️ 观望中 | 1h ADX=15.3<25 震荡市
[02:56:15] 👁️ 观望中 | 1h ADX=15.3<25 震荡市
[02:57:21] 👁️ 观望中 | 1h ADX=15.3<25 震荡市
[02:58:30] 👁️ 观望中 | 1h ADX=15.3<25 震荡市
[02:59:37] 👁️ 观望中 | 1h ADX=15.3<25 震荡市
[03:00:43] 👁️ 观望中 | 1h ADX=14.9<25 震荡市
[03:01:53] 👁️ 观望中 | 1h ADX=14.9<25 震荡市
[03:03:00] 👁️ 观望中 | 1h ADX=14.9<25 震荡市
[03:04:10] 👁️ 观望中 | 1h ADX=14.9<25 震荡市
[03:05:18] 👁️ 观望中 | 1h ADX=14.9<25 震荡市
[03:06:24] 👁️ 观望中 | 1h ADX=14.9<25 震荡市
[03:07:30] 👁️ 观望中 | 1h ADX=14.9<25 震荡市
[03:08:39] 👁️ 观望中 | 1h ADX=14.9<25 震荡市
[03:09:51] 👁️ 观望中 | 1h ADX=14.9<25 震荡市
[03:10:57] 👁️ 观望中 | 1h ADX=14.9<25 震荡市
[03:12:05] 👁️ 观望中 | 1h ADX=14.9<25 震荡市
[03:13:11] 👁️ 观望中 | 1h ADX=14.9<25 震荡市
[03:14:17] 👁️ 观望中 | 1h ADX=14.9<25 震荡市
[03:15:25] 👁️ 观望中 | 1h ADX=14.9<25 震荡市
[03:16:38] 👁️ 观望中 | 1h ADX=14.9<25 震荡市
[03:17:48] 👁️ 观望中 | 1h ADX=14.9<25 震荡市
[03:18:54] 👁️ 观望中 | 1h ADX=14.9<25 震荡市
[03:20:00] 👁️ 观望中 | 1h ADX=14.9<25 震荡市
[03:21:06] 👁️ 观望中 | 1h ADX=14.9<25 震荡市
[03:22:14] 👁️ 观望中 | 1h ADX=14.9<25 震荡市
[03:23:24] 👁️ 观望中 | 1h ADX=14.9<25 震荡市
[03:24:33] 👁️ 观望中 | 1h ADX=14.9<25 震荡市
[03:25:42] 👁️ 观望中 | 1h ADX=14.9<25 震荡市
[03:26:48] 👁️ 观望中 | 1h ADX=14.9<25 震荡市
[03:27:54] 👁️ 观望中 | 1h ADX=14.9<25 震荡市
[03:29:04] 👁️ 观望中 | 1h ADX=14.9<25 震荡市
[03:30:15] 👁️ 观望中 | 1h ADX=14.9<25 震荡市
[03:31:22] 👁️ 观望中 | 1h ADX=14.9<25 震荡市
[03:32:31] 👁️ 观望中 | 1h ADX=15.2<25 震荡市
[03:33:37] 👁️ 观望中 | 1h ADX=15.2<25 震荡市
[03:34:46] 👁️ 观望中 | 1h ADX=15.2<25 震荡市
[03:35:52] 👁️ 观望中 | 1h ADX=15.2<25 震荡市
[03:37:04] 👁️ 观望中 | 1h ADX=15.2<25 震荡市
[03:38:12] 👁️ 观望中 | 1h ADX=15.3<25 震荡市
[03:39:18] 👁️ 观望中 | 1h ADX=15.4<25 震荡市
[03:40:24] 👁️ 观望中 | 1h ADX=15.4<25 震荡市
[03:41:32] 👁️ 观望中 | 1h ADX=15.5<25 震荡市
[03:42:40] 👁️ 观望中 | 1h ADX=15.5<25 震荡市
[03:43:48] 👁️ 观望中 | 1h ADX=15.5<25 震荡市
[03:44:54] 👁️ 观望中 | 1h ADX=15.5<25 震荡市
[03:46:00] 👁️ 观望中 | 1h ADX=15.5<25 震荡市
[03:47:06] 👁️ 观望中 | 1h ADX=15.5<25 震荡市
[03:48:13] 👁️ 观望中 | 1h ADX=15.5<25 震荡市
[03:49:24] 👁️ 观望中 | 1h ADX=15.5<25 震荡市
[03:50:34] 👁️ 观望中 | 1h ADX=15.5<25 震荡市
[03:51:42] 👁️ 观望中 | 1h ADX=15.5<25 震荡市
[03:52:49] 👁️ 观望中 | 1h ADX=15.5<25 震荡市
[03:54:00] 👁️ 观望中 | 1h ADX=15.5<25 震荡市
[03:55:12] 👁️ 观望中 | 1h ADX=15.5<25 震荡市
[03:56:18] 👁️ 观望中 | 1h ADX=15.5<25 震荡市
[03:57:25] 👁️ 观望中 | 1h ADX=15.5<25 震荡市
[03:58:31] 👁️ 观望中 | 1h ADX=15.6<25 震荡市
[03:59:37] 👁️ 观望中 | 1h ADX=15.6<25 震荡市
[04:00:46] 👁️ 观望中 | 1h ADX=16.0<25 震荡市
[04:01:56] 👁️ 观望中 | 1h ADX=16.0<25 震荡市
[04:03:04] 👁️ 观望中 | 1h ADX=16.0<25 震荡市
[04:04:11] 👁️ 观望中 | 1h ADX=16.0<25 震荡市
[04:05:17] 👁️ 观望中 | 1h ADX=16.0<25 震荡市
[04:06:23] 👁️ 观望中 | 1h ADX=16.0<25 震荡市
[04:07:30] 👁️ 观望中 | 1h ADX=16.0<25 震荡市
[04:08:40] 👁️ 观望中 | 1h ADX=16.0<25 震荡市
[04:09:53] 👁️ 观望中 | 1h ADX=16.0<25 震荡市
[04:10:59] 👁️ 观望中 | 1h ADX=16.0<25 震荡市
[04:12:06] 👁️ 观望中 | 1h ADX=16.0<25 震荡市
[04:13:12] 👁️ 观望中 | 1h ADX=16.0<25 震荡市
[04:14:18] 👁️ 观望中 | 1h ADX=16.0<25 震荡市
[04:15:29] 👁️ 观望中 | 1h ADX=16.0<25 震荡市
[04:16:39] 👁️ 观望中 | 1h ADX=16.0<25 震荡市
[04:17:46] 👁️ 观望中 | 1h ADX=16.0<25 震荡市
[04:18:52] 👁️ 观望中 | 1h ADX=16.0<25 震荡市
[04:19:58] 👁️ 观望中 | 1h ADX=16.0<25 震荡市
[04:21:08] 👁️ 观望中 | 1h ADX=16.0<25 震荡市
[04:22:19] 👁️ 观望中 | 1h ADX=16.0<25 震荡市
[04:23:26] 👁️ 观望中 | 1h ADX=16.0<25 震荡市
[04:24:34] 👁️ 观望中 | 1h ADX=16.0<25 震荡市
[04:25:41] 👁️ 观望中 | 1h ADX=16.0<25 震荡市
[04:26:47] 👁️ 观望中 | 1h ADX=16.0<25 震荡市
[04:27:54] 👁️ 观望中 | 1h ADX=16.0<25 震荡市
[04:29:02] 👁️ 观望中 | 1h ADX=16.0<25 震荡市
[04:30:09] 👁️ 观望中 | 1h ADX=16.0<25 震荡市
[04:31:18] 👁️ 观望中 | 1h ADX=16.0<25 震荡市
[04:32:24] 👁️ 观望中 | 1h ADX=16.0<25 震荡市
[04:33:30] 👁️ 观望中 | 1h ADX=16.0<25 震荡市
[04:34:37] 👁️ 观望中 | 1h ADX=16.0<25 震荡市
[04:35:47] 👁️ 观望中 | 1h ADX=16.0<25 震荡市
[04:36:55] 👁️ 观望中 | 1h ADX=16.0<25 震荡市
[04:38:01] 👁️ 观望中 | 1h ADX=16.0<25 震荡市
[04:39:07] 👁️ 观望中 | 1h ADX=16.0<25 震荡市
[04:40:13] 👁️ 观望中 | 1h ADX=16.0<25 震荡市
[04:41:21] 👁️ 观望中 | 1h ADX=16.0<25 震荡市
[04:42:33] 👁️ 观望中 | 1h ADX=16.0<25 震荡市
[04:43:39] 👁️ 观望中 | 1h ADX=16.0<25 震荡市
[04:44:47] 👁️ 观望中 | 1h ADX=16.0<25 震荡市
[04:45:54] 👁️ 观望中 | 1h ADX=16.0<25 震荡市
[04:47:03] 👁️ 观望中 | 1h ADX=16.0<25 震荡市
[04:48:12] 👁️ 观望中 | 1h ADX=16.0<25 震荡市
[04:49:19] 👁️ 观望中 | 1h ADX=16.0<25 震荡市
[04:50:25] 👁️ 观望中 | 1h ADX=16.0<25 震荡市
[04:51:32] 👁️ 观望中 | 1h ADX=16.0<25 震荡市
[04:52:38] 👁️ 观望中 | 1h ADX=16.0<25 震荡市
[04:53:44] 👁️ 观望中 | 1h ADX=16.0<25 震荡市
[04:54:55] 👁️ 观望中 | 1h ADX=16.0<25 震荡市
[04:56:04] 👁️ 观望中 | 1h ADX=16.0<25 震荡市
[04:57:12] 👁️ 观望中 | 1h ADX=16.0<25 震荡市
[04:58:19] 👁️ 观望中 | 1h ADX=16.0<25 震荡市
[04:59:28] 👁️ 观望中 | 1h ADX=16.0<25 震荡市
刷新K线失败: API Error: 429 Too Many Requests
[05:00:04] ❌ K线刷新失败
[05:00:38] 👁️ 观望中 | 1h ADX=16.3<25 震荡市
[05:01:47] 👁️ 观望中 | 1h ADX=16.3<25 震荡市
[05:02:53] 👁️ 观望中 | 1h ADX=16.3<25 震荡市
[05:03:59] 👁️ 观望中 | 1h ADX=16.3<25 震荡市
[05:05:05] 👁️ 观望中 | 1h ADX=16.3<25 震荡市
[05:06:16] 👁️ 观望中 | 1h ADX=16.3<25 震荡市
[05:07:26] 👁️ 观望中 | 1h ADX=16.3<25 震荡市
[05:08:32] 👁️ 观望中 | 1h ADX=16.3<25 震荡市
[05:09:41] 👁️ 观望中 | 1h ADX=16.3<25 震荡市
[05:10:47] 👁️ 观望中 | 1h ADX=16.3<25 震荡市
[05:11:53] 👁️ 观望中 | 1h ADX=16.3<25 震荡市
[05:13:02] 👁️ 观望中 | 1h ADX=16.3<25 震荡市
[05:14:14] 👁️ 观望中 | 1h ADX=16.3<25 震荡市
[05:15:21] 👁️ 观望中 | 1h ADX=16.3<25 震荡市
[05:16:27] 👁️ 观望中 | 1h ADX=16.3<25 震荡市
[05:17:33] 👁️ 观望中 | 1h ADX=16.3<25 震荡市
[05:18:39] 👁️ 观望中 | 1h ADX=16.3<25 震荡市
[05:19:45] 👁️ 观望中 | 1h ADX=16.3<25 震荡市
[05:20:51] 👁️ 观望中 | 1h ADX=16.3<25 震荡市
[05:21:57] 👁️ 观望中 | 1h ADX=16.0<25 震荡市
[05:23:07] 👁️ 观望中 | 1h ADX=15.9<25 震荡市
[05:24:17] 👁️ 观望中 | 1h ADX=15.9<25 震荡市
[05:25:23] 👁️ 观望中 | 1h ADX=15.9<25 震荡市
[05:26:30] 👁️ 观望中 | 1h ADX=15.9<25 震荡市
[05:27:36] 👁️ 观望中 | 1h ADX=15.9<25 震荡市
[05:28:41] 👁️ 观望中 | 1h ADX=15.9<25 震荡市
[05:29:47] 👁️ 观望中 | 1h ADX=15.9<25 震荡市
[05:30:54] 👁️ 观望中 | 1h ADX=15.9<25 震荡市
[05:32:02] 👁️ 观望中 | 1h ADX=15.9<25 震荡市
[05:33:13] 👁️ 观望中 | 1h ADX=15.9<25 震荡市
[05:34:22] 👁️ 观望中 | 1h ADX=15.9<25 震荡市
[05:35:30] 👁️ 观望中 | 1h ADX=15.9<25 震荡市
[05:36:36] 👁️ 观望中 | 1h ADX=15.9<25 震荡市
[05:37:42] 👁️ 观望中 | 1h ADX=15.9<25 震荡市
[05:38:48] 👁️ 观望中 | 1h ADX=15.9<25 震荡市
[05:39:54] 👁️ 观望中 | 1h ADX=15.9<25 震荡市
[05:41:00] 👁️ 观望中 | 1h ADX=15.9<25 震荡市
[05:42:09] 👁️ 观望中 | 1h ADX=15.9<25 震荡市
[05:43:22] 👁️ 观望中 | 1h ADX=15.9<25 震荡市
[05:44:30] 👁️ 观望中 | 1h ADX=15.9<25 震荡市
[05:45:36] 👁️ 观望中 | 1h ADX=15.9<25 震荡市
[05:46:42] 👁️ 观望中 | 1h ADX=15.9<25 震荡市
[05:47:48] 👁️ 观望中 | 1h ADX=15.9<25 震荡市
[05:48:54] 👁️ 观望中 | 1h ADX=15.9<25 震荡市
[05:50:00] 👁️ 观望中 | 1h ADX=15.9<25 震荡市
[05:51:06] 👁️ 观望中 | 1h ADX=15.9<25 震荡市
[05:52:18] 👁️ 观望中 | 1h ADX=15.9<25 震荡市
[05:53:29] 👁️ 观望中 | 1h ADX=15.9<25 震荡市
[05:54:35] 👁️ 观望中 | 1h ADX=15.9<25 震荡市
[05:55:42] 👁️ 观望中 | 1h ADX=15.9<25 震荡市
[05:56:48] 👁️ 观望中 | 1h ADX=15.9<25 震荡市
[05:57:54] 👁️ 观望中 | 1h ADX=15.9<25 震荡市
[05:59:00] 👁️ 观望中 | 1h ADX=15.9<25 震荡市
[06:00:06] 👁️ 观望中 | 1h ADX=15.9<25 震荡市
[06:01:14] 👁️ 观望中 | 1h ADX=15.9<25 震荡市
[06:02:24] 👁️ 观望中 | 1h ADX=15.9<25 震荡市
[06:03:33] 👁️ 观望中 | 1h ADX=15.9<25 震荡市
[06:04:41] 👁️ 观望中 | 1h ADX=15.9<25 震荡市
[06:05:47] 👁️ 观望中 | 1h ADX=15.9<25 震荡市
[06:06:53] 👁️ 观望中 | 1h ADX=15.9<25 震荡市
[06:07:59] 👁️ 观望中 | 1h ADX=15.9<25 震荡市
[06:09:05] 👁️ 观望中 | 1h ADX=15.9<25 震荡市
[06:10:12] 👁️ 观望中 | 1h ADX=15.9<25 震荡市
[06:11:23] 👁️ 观望中 | 1h ADX=15.9<25 震荡市
[06:12:35] 👁️ 观望中 | 1h ADX=15.9<25 震荡市
[06:13:43] 👁️ 观望中 | 1h ADX=15.9<25 震荡市
[06:14:50] 👁️ 观望中 | 1h ADX=15.9<25 震荡市
[06:15:57] 👁️ 观望中 | 1h ADX=15.9<25 震荡市
[06:17:05] 👁️ 观望中 | 1h ADX=15.9<25 震荡市
[06:18:13] 👁️ 观望中 | 1h ADX=15.9<25 震荡市
[06:19:19] 👁️ 观望中 | 1h ADX=15.9<25 震荡市
[06:20:26] 👁️ 观望中 | 1h ADX=15.9<25 震荡市
[06:21:33] 👁️ 观望中 | 1h ADX=15.9<25 震荡市
[06:22:42] 👁️ 观望中 | 1h ADX=15.9<25 震荡市
[06:23:50] 👁️ 观望中 | 1h ADX=15.9<25 震荡市
[06:24:58] 👁️ 观望中 | 1h ADX=15.9<25 震荡市
[06:26:06] 👁️ 观望中 | 1h ADX=15.9<25 震荡市
[06:27:13] 👁️ 观望中 | 1h ADX=15.9<25 震荡市
[06:28:22] 👁️ 观望中 | 1h ADX=15.9<25 震荡市
[06:29:30] 👁️ 观望中 | 1h ADX=15.9<25 震荡市
[06:30:40] 👁️ 观望中 | 1h ADX=15.9<25 震荡市
[06:31:48] 👁️ 观望中 | 1h ADX=15.9<25 震荡市
[06:32:56] 👁️ 观望中 | 1h ADX=15.9<25 震荡市
[06:34:03] 👁️ 观望中 | 1h ADX=15.9<25 震荡市
[06:35:13] 👁️ 观望中 | 1h ADX=15.9<25 震荡市
[06:36:21] 👁️ 观望中 | 1h ADX=15.9<25 震荡市
[06:37:28] 👁️ 观望中 | 1h ADX=15.9<25 震荡市
[06:38:35] 👁️ 观望中 | 1h ADX=15.9<25 震荡市
[06:39:42] 👁️ 观望中 | 1h ADX=15.9<25 震荡市
[06:40:48] 👁️ 观望中 | 1h ADX=15.9<25 震荡市
[06:41:56] 👁️ 观望中 | 1h ADX=15.9<25 震荡市
[06:43:03] 👁️ 观望中 | 1h ADX=15.9<25 震荡市
[06:44:14] 👁️ 观望中 | 1h ADX=15.9<25 震荡市
[06:45:21] 👁️ 观望中 | 1h ADX=15.9<25 震荡市
[06:46:29] 👁️ 观望中 | 1h ADX=15.9<25 震荡市
[06:47:35] 👁️ 观望中 | 1h ADX=15.9<25 震荡市
[06:48:42] 👁️ 观望中 | 1h ADX=15.9<25 震荡市
[06:49:48] 👁️ 观望中 | 1h ADX=15.9<25 震荡市
[06:50:56] 👁️ 观望中 | 1h ADX=15.9<25 震荡市
[06:52:08] 👁️ 观望中 | 1h ADX=15.9<25 震荡市
[06:53:17] 👁️ 观望中 | 1h ADX=15.9<25 震荡市
[06:54:28] 👁️ 观望中 | 1h ADX=15.9<25 震荡市
[06:55:34] 👁️ 观望中 | 1h ADX=15.9<25 震荡市
[06:56:40] 👁️ 观望中 | 1h ADX=15.9<25 震荡市
[06:57:46] 👁️ 观望中 | 1h ADX=15.9<25 震荡市
[06:58:56] 👁️ 观望中 | 1h ADX=15.9<25 震荡市
[07:00:07] 👁️ 观望中 | 1h ADX=15.9<25 震荡市
[07:01:14] 👁️ 观望中 | 1h ADX=15.9<25 震荡市
[07:02:20] 👁️ 观望中 | 1h ADX=15.9<25 震荡市
[07:03:26] 👁️ 观望中 | 1h ADX=15.9<25 震荡市
[07:04:32] 👁️ 观望中 | 1h ADX=15.9<25 震荡市
[07:05:43] 👁️ 观望中 | 1h ADX=15.9<25 震荡市
[07:06:52] 👁️ 观望中 | 1h ADX=15.9<25 震荡市
[07:07:59] 👁️ 观望中 | 1h ADX=15.9<25 震荡市
[07:09:07] 👁️ 观望中 | 1h ADX=15.9<25 震荡市
[07:10:13] 👁️ 观望中 | 1h ADX=15.9<25 震荡市
[07:11:19] 👁️ 观望中 | 1h ADX=15.9<25 震荡市
[07:12:28] 👁️ 观望中 | 1h ADX=15.9<25 震荡市
[07:13:39] 👁️ 观望中 | 1h ADX=15.9<25 震荡市
[07:14:47] 👁️ 观望中 | 1h ADX=15.9<25 震荡市
[07:15:54] 👁️ 观望中 | 1h ADX=15.9<25 震荡市
[07:17:00] 👁️ 观望中 | 1h ADX=15.9<25 震荡市
[07:18:06] 👁️ 观望中 | 1h ADX=15.9<25 震荡市
[07:19:12] 👁️ 观望中 | 1h ADX=15.9<25 震荡市
[07:20:23] 👁️ 观望中 | 1h ADX=15.9<25 震荡市
[07:21:35] 👁️ 观望中 | 1h ADX=15.9<25 震荡市
[07:22:42] 👁️ 观望中 | 1h ADX=15.9<25 震荡市
[07:23:48] 👁️ 观望中 | 1h ADX=15.9<25 震荡市
[07:24:56] 👁️ 观望中 | 1h ADX=16.1<25 震荡市
[07:26:06] 👁️ 观望中 | 1h ADX=16.1<25 震荡市
[07:27:14] 👁️ 观望中 | 1h ADX=16.1<25 震荡市
[07:28:23] 👁️ 观望中 | 1h ADX=16.1<25 震荡市
[07:29:29] 👁️ 观望中 | 1h ADX=16.1<25 震荡市
[07:30:35] 👁️ 观望中 | 1h ADX=16.1<25 震荡市
[07:31:41] 👁️ 观望中 | 1h ADX=16.1<25 震荡市
[07:32:51] 👁️ 观望中 | 1h ADX=16.1<25 震荡市
[07:33:59] 👁️ 观望中 | 1h ADX=16.1<25 震荡市
[07:35:07] 👁️ 观望中 | 1h ADX=16.1<25 震荡市
[07:36:13] 👁️ 观望中 | 1h ADX=16.1<25 震荡市
[07:37:20] 👁️ 观望中 | 1h ADX=16.2<25 震荡市
[07:38:25] 👁️ 观望中 | 1h ADX=16.2<25 震荡市
[07:39:34] 👁️ 观望中 | 1h ADX=16.2<25 震荡市
[07:40:45] 👁️ 观望中 | 1h ADX=16.2<25 震荡市
[07:41:51] 👁️ 观望中 | 1h ADX=16.2<25 震荡市
[07:42:58] 👁️ 观望中 | 1h ADX=16.2<25 震荡市
[07:44:04] 👁️ 观望中 | 1h ADX=16.2<25 震荡市
[07:45:10] 👁️ 观望中 | 1h ADX=16.2<25 震荡市
[07:46:21] 👁️ 观望中 | 1h ADX=16.2<25 震荡市
[07:47:31] 👁️ 观望中 | 1h ADX=16.2<25 震荡市
[07:48:39] 👁️ 观望中 | 1h ADX=16.2<25 震荡市
[07:49:45] 👁️ 观望中 | 1h ADX=16.2<25 震荡市
[07:50:57] 👁️ 观望中 | 1h ADX=16.2<25 震荡市
[07:52:05] 👁️ 观望中 | 1h ADX=16.2<25 震荡市
[07:53:13] 👁️ 观望中 | 1h ADX=16.2<25 震荡市
[07:54:21] 👁️ 观望中 | 1h ADX=16.2<25 震荡市
[07:55:27] 👁️ 观望中 | 1h ADX=16.2<25 震荡市
[07:56:33] 👁️ 观望中 | 1h ADX=16.2<25 震荡市
[07:57:43] 👁️ 观望中 | 1h ADX=16.2<25 震荡市
[07:58:51] 👁️ 观望中 | 1h ADX=16.2<25 震荡市
[07:59:57] 👁️ 观望中 | 1h ADX=16.2<25 震荡市
[08:01:03] 👁️ 观望中 | 1h ADX=16.4<25 震荡市
[08:02:10] 👁️ 观望中 | 1h ADX=16.4<25 震荡市
[08:03:16] 👁️ 观望中 | 1h ADX=16.4<25 震荡市
[08:04:24] 👁️ 观望中 | 1h ADX=16.4<25 震荡市
[08:05:37] 👁️ 观望中 | 1h ADX=16.4<25 震荡市
[08:06:43] 👁️ 观望中 | 1h ADX=16.4<25 震荡市
[08:07:51] 👁️ 观望中 | 1h ADX=16.4<25 震荡市
[08:08:57] 👁️ 观望中 | 1h ADX=16.4<25 震荡市
[08:10:03] 👁️ 观望中 | 1h ADX=16.4<25 震荡市
[08:11:13] 👁️ 观望中 | 1h ADX=16.4<25 震荡市
[08:12:23] 👁️ 观望中 | 1h ADX=16.4<25 震荡市
[08:13:32] 👁️ 观望中 | 1h ADX=16.4<25 震荡市
[08:14:38] 👁️ 观望中 | 1h ADX=16.4<25 震荡市
[08:15:44] 👁️ 观望中 | 1h ADX=16.4<25 震荡市
[08:16:51] 👁️ 观望中 | 1h ADX=16.4<25 震荡市
[08:17:57] 👁️ 观望中 | 1h ADX=16.4<25 震荡市
[08:19:06] 👁️ 观望中 | 1h ADX=16.4<25 震荡市
[08:20:13] 👁️ 观望中 | 1h ADX=16.4<25 震荡市
[08:21:19] 👁️ 观望中 | 1h ADX=16.4<25 震荡市
[08:22:26] 👁️ 观望中 | 1h ADX=16.4<25 震荡市
[08:23:32] 👁️ 观望中 | 1h ADX=16.4<25 震荡市
[08:24:40] 👁️ 观望中 | 1h ADX=16.4<25 震荡市
[08:25:53] 👁️ 观望中 | 1h ADX=16.3<25 震荡市
[08:27:01] 👁️ 观望中 | 1h ADX=16.3<25 震荡市
[08:28:08] 👁️ 观望中 | 1h ADX=16.3<25 震荡市
[08:29:17] 👁️ 观望中 | 1h ADX=16.3<25 震荡市
[08:30:26] 👁️ 观望中 | 1h ADX=16.3<25 震荡市
[08:31:35] 👁️ 观望中 | 1h ADX=16.3<25 震荡市
[08:32:44] 👁️ 观望中 | 1h ADX=16.3<25 震荡市
[08:33:50] 👁️ 观望中 | 1h ADX=16.3<25 震荡市
[08:34:58] 👁️ 观望中 | 1h ADX=16.3<25 震荡市
[08:36:04] 👁️ 观望中 | 1h ADX=16.3<25 震荡市
[08:37:14] 👁️ 观望中 | 1h ADX=16.3<25 震荡市
[08:38:20] 👁️ 观望中 | 1h ADX=16.3<25 震荡市
[08:39:26] 👁️ 观望中 | 1h ADX=16.3<25 震荡市
[08:40:32] 👁️ 观望中 | 1h ADX=16.3<25 震荡市
[08:41:39] 👁️ 观望中 | 1h ADX=16.3<25 震荡市
[08:42:46] 👁️ 观望中 | 1h ADX=16.3<25 震荡市
[08:43:55] 👁️ 观望中 | 1h ADX=16.3<25 震荡市
[08:45:02] 👁️ 观望中 | 1h ADX=16.3<25 震荡市
[08:46:09] 👁️ 观望中 | 1h ADX=16.3<25 震荡市
[08:47:15] 👁️ 观望中 | 1h ADX=16.3<25 震荡市
[08:48:22] 👁️ 观望中 | 1h ADX=16.3<25 震荡市
[08:49:34] 👁️ 观望中 | 1h ADX=16.3<25 震荡市
[08:50:41] 👁️ 观望中 | 1h ADX=16.3<25 震荡市
[08:51:49] 👁️ 观望中 | 1h ADX=16.3<25 震荡市
[08:52:55] 👁️ 观望中 | 1h ADX=16.3<25 震荡市
[08:54:01] 👁️ 观望中 | 1h ADX=16.3<25 震荡市
[08:55:07] 👁️ 观望中 | 1h ADX=16.3<25 震荡市
[08:56:14] 👁️ 观望中 | 1h ADX=16.3<25 震荡市
[08:57:20] 👁️ 观望中 | 1h ADX=16.3<25 震荡市
[08:58:30] 👁️ 观望中 | 1h ADX=16.3<25 震荡市
[08:59:40] 👁️ 观望中 | 1h ADX=16.3<25 震荡市
[09:00:47] 👁️ 观望中 | 1h ADX=16.5<25 震荡市
[09:01:55] 👁️ 观望中 | 1h ADX=16.5<25 震荡市
[09:03:01] 👁️ 观望中 | 1h ADX=16.5<25 震荡市
[09:04:07] 👁️ 观望中 | 1h ADX=16.5<25 震荡市
[09:05:14] 👁️ 观望中 | 1h ADX=16.5<25 震荡市
[09:06:19] 👁️ 观望中 | 1h ADX=16.5<25 震荡市
[09:07:27] 👁️ 观望中 | 1h ADX=16.5<25 震荡市
[09:08:40] 👁️ 观望中 | 1h ADX=16.5<25 震荡市
[09:09:48] 👁️ 观望中 | 1h ADX=16.5<25 震荡市
[09:10:56] 👁️ 观望中 | 1h ADX=16.5<25 震荡市
[09:12:03] 👁️ 观望中 | 1h ADX=16.5<25 震荡市
[09:13:09] 👁️ 观望中 | 1h ADX=16.5<25 震荡市
[09:14:15] 👁️ 观望中 | 1h ADX=16.5<25 震荡市
[09:15:21] 👁️ 观望中 | 1h ADX=16.5<25 震荡市
[09:16:27] 👁️ 观望中 | 1h ADX=16.5<25 震荡市
[09:17:38] 👁️ 观望中 | 1h ADX=16.5<25 震荡市
[09:18:49] 👁️ 观望中 | 1h ADX=16.5<25 震荡市
[09:19:57] 👁️ 观望中 | 1h ADX=16.5<25 震荡市
[09:21:04] 👁️ 观望中 | 1h ADX=16.5<25 震荡市
[09:22:10] 👁️ 观望中 | 1h ADX=15.9<25 震荡市
[09:23:16] 👁️ 观望中 | 1h ADX=15.9<25 震荡市
[09:24:22] 👁️ 观望中 | 1h ADX=15.8<25 震荡市
[09:25:28] 👁️ 观望中 | 1h ADX=15.6<25 震荡市
[09:26:34] 👁️ 观望中 | 1h ADX=15.6<25 震荡市
[09:27:45] 👁️ 观望中 | 1h ADX=15.6<25 震荡市
[09:28:57] 👁️ 观望中 | 1h ADX=15.6<25 震荡市
[09:30:05] 👁️ 观望中 | 1h ADX=15.6<25 震荡市
[09:31:12] 👁️ 观望中 | 1h ADX=15.6<25 震荡市
[09:32:18] 👁️ 观望中 | 1h ADX=15.6<25 震荡市
[09:33:24] 👁️ 观望中 | 1h ADX=15.6<25 震荡市
[09:34:30] 👁️ 观望中 | 1h ADX=15.6<25 震荡市
[09:35:36] 👁️ 观望中 | 1h ADX=15.6<25 震荡市
[09:36:42] 👁️ 观望中 | 1h ADX=15.6<25 震荡市
[09:37:52] 👁️ 观望中 | 1h ADX=15.6<25 震荡市
[09:39:02] 👁️ 观望中 | 1h ADX=15.6<25 震荡市
[09:40:09] 👁️ 观望中 | 1h ADX=15.6<25 震荡市
[09:41:15] 👁️ 观望中 | 1h ADX=15.6<25 震荡市
[09:42:21] 👁️ 观望中 | 1h ADX=15.6<25 震荡市
[09:43:27] 👁️ 观望中 | 1h ADX=15.6<25 震荡市
[09:44:33] 👁️ 观望中 | 1h ADX=15.6<25 震荡市
[09:45:39] 👁️ 观望中 | 1h ADX=15.6<25 震荡市
[09:46:46] 👁️ 观望中 | 1h ADX=15.6<25 震荡市
[09:48:03] 👁️ 观望中 | 1h ADX=15.6<25 震荡市
[09:49:11] 👁️ 观望中 | 1h ADX=15.6<25 震荡市
[09:50:18] 👁️ 观望中 | 1h ADX=15.5<25 震荡市
[09:51:24] 👁️ 观望中 | 1h ADX=15.5<25 震荡市
[09:52:31] 👁️ 观望中 | 1h ADX=15.5<25 震荡市
[09:53:41] 👁️ 观望中 | 1h ADX=15.5<25 震荡市
[09:54:50] 👁️ 观望中 | 1h ADX=15.5<25 震荡市
[09:55:57] 👁️ 观望中 | 1h ADX=15.5<25 震荡市
[09:57:05] 👁️ 观望中 | 1h ADX=15.5<25 震荡市
[09:58:11] 👁️ 观望中 | 1h ADX=15.5<25 震荡市
[09:59:18] 👁️ 观望中 | 1h ADX=15.5<25 震荡市
[10:00:26] 👁️ 观望中 | 1h ADX=14.6<25 震荡市
[10:01:37] 👁️ 观望中 | 1h ADX=14.6<25 震荡市
[10:02:44] 👁️ 观望中 | 1h ADX=14.6<25 震荡市
[10:03:50] 👁️ 观望中 | 1h ADX=14.6<25 震荡市
[10:04:56] 👁️ 观望中 | 1h ADX=14.6<25 震荡市
[10:06:03] 👁️ 观望中 | 1h ADX=14.6<25 震荡市
[10:07:14] 👁️ 观望中 | 1h ADX=14.6<25 震荡市
[10:08:23] 👁️ 观望中 | 1h ADX=14.6<25 震荡市
[10:09:30] 👁️ 观望中 | 1h ADX=14.6<25 震荡市
[10:10:36] 👁️ 观望中 | 1h ADX=14.6<25 震荡市
[10:11:43] 👁️ 观望中 | 1h ADX=14.6<25 震荡市
[10:12:50] 👁️ 观望中 | 1h ADX=14.6<25 震荡市
[10:13:56] 👁️ 观望中 | 1h ADX=14.6<25 震荡市
[10:15:07] 👁️ 观望中 | 1h ADX=14.6<25 震荡市
[10:16:18] 👁️ 观望中 | 1h ADX=14.6<25 震荡市
[10:17:25] 👁️ 观望中 | 1h ADX=14.6<25 震荡市
[10:18:32] 👁️ 观望中 | 1h ADX=14.6<25 震荡市
[10:19:38] 👁️ 观望中 | 1h ADX=14.6<25 震荡市
[10:20:44] 👁️ 观望中 | 1h ADX=14.6<25 震荡市
[10:21:53] 👁️ 观望中 | 1h ADX=14.6<25 震荡市
[10:23:05] 👁️ 观望中 | 1h ADX=14.6<25 震荡市
[10:24:17] 👁️ 观望中 | 1h ADX=14.6<25 震荡市
[10:25:23] 👁️ 观望中 | 1h ADX=14.6<25 震荡市
[10:26:30] 👁️ 观望中 | 1h ADX=14.6<25 震荡市
[10:27:38] 👁️ 观望中 | 1h ADX=14.6<25 震荡市
[10:28:48] 👁️ 观望中 | 1h ADX=14.6<25 震荡市
[10:30:01] 👁️ 观望中 | 1h ADX=14.6<25 震荡市
[10:31:11] 👁️ 观望中 | 1h ADX=14.5<25 震荡市
[10:32:19] 👁️ 观望中 | 1h ADX=14.5<25 震荡市
[10:33:25] 👁️ 观望中 | 1h ADX=14.5<25 震荡市
[10:34:31] 👁️ 观望中 | 1h ADX=14.5<25 震荡市
[10:35:37] 👁️ 观望中 | 1h ADX=14.5<25 震荡市
[10:36:48] 👁️ 观望中 | 1h ADX=14.5<25 震荡市
[10:38:01] 👁️ 观望中 | 1h ADX=14.5<25 震荡市
[10:39:08] 👁️ 观望中 | 1h ADX=14.5<25 震荡市
[10:40:16] 👁️ 观望中 | 1h ADX=14.5<25 震荡市
[10:41:23] 👁️ 观望中 | 1h ADX=14.5<25 震荡市
[10:42:29] 👁️ 观望中 | 1h ADX=14.5<25 震荡市
[10:43:40] 👁️ 观望中 | 1h ADX=14.5<25 震荡市
[10:44:51] 👁️ 观望中 | 1h ADX=14.5<25 震荡市
[10:45:58] 👁️ 观望中 | 1h ADX=14.5<25 震荡市
[10:47:07] 👁️ 观望中 | 1h ADX=14.5<25 震荡市
[10:48:13] 👁️ 观望中 | 1h ADX=14.5<25 震荡市
[10:49:22] 👁️ 观望中 | 1h ADX=14.5<25 震荡市
[10:50:30] 👁️ 观望中 | 1h ADX=14.5<25 震荡市
[10:51:36] 👁️ 观望中 | 1h ADX=14.5<25 震荡市
[10:52:43] 👁️ 观望中 | 1h ADX=14.5<25 震荡市
[10:53:51] 👁️ 观望中 | 1h ADX=14.5<25 震荡市
[10:55:00] 👁️ 观望中 | 1h ADX=14.5<25 震荡市
[10:56:08] 👁️ 观望中 | 1h ADX=14.5<25 震荡市
[10:57:17] 👁️ 观望中 | 1h ADX=14.5<25 震荡市
[10:58:23] 👁️ 观望中 | 1h ADX=14.5<25 震荡市
[10:59:29] 👁️ 观望中 | 1h ADX=14.5<25 震荡市
刷新K线失败: API Error: 429 Too Many Requests
[11:00:03] ❌ K线刷新失败
[11:00:37] 👁️ 观望中 | 1h ADX=13.6<25 震荡市
[11:01:47] 👁️ 观望中 | 1h ADX=13.6<25 震荡市
[11:02:56] 👁️ 观望中 | 1h ADX=13.6<25 震荡市
[11:04:02] 👁️ 观望中 | 1h ADX=13.6<25 震荡市
[11:05:08] 👁️ 观望中 | 1h ADX=13.6<25 震荡市
[11:06:14] 👁️ 观望中 | 1h ADX=13.6<25 震荡市
[11:07:26] 👁️ 观望中 | 1h ADX=13.6<25 震荡市
[11:08:38] 👁️ 观望中 | 1h ADX=13.6<25 震荡市
[11:09:45] 👁️ 观望中 | 1h ADX=13.6<25 震荡市
[11:10:52] 👁️ 观望中 | 1h ADX=13.6<25 震荡市
[11:11:59] 👁️ 观望中 | 1h ADX=13.6<25 震荡市
[11:13:08] 👁️ 观望中 | 1h ADX=13.6<25 震荡市
[11:14:16] 👁️ 观望中 | 1h ADX=13.6<25 震荡市
[11:15:22] 👁️ 观望中 | 1h ADX=13.6<25 震荡市
[11:16:29] 👁️ 观望中 | 1h ADX=13.6<25 震荡市
[11:17:35] 👁️ 观望中 | 1h ADX=13.6<25 震荡市
[11:18:41] 👁️ 观望中 | 1h ADX=13.6<25 震荡市
[11:19:50] 👁️ 观望中 | 1h ADX=13.6<25 震荡市
[11:21:03] 👁️ 观望中 | 1h ADX=13.6<25 震荡市
[11:22:10] 👁️ 观望中 | 1h ADX=13.6<25 震荡市
[11:23:18] 👁️ 观望中 | 1h ADX=13.6<25 震荡市
[11:24:26] 👁️ 观望中 | 1h ADX=13.6<25 震荡市
[11:25:35] 👁️ 观望中 | 1h ADX=13.6<25 震荡市
[11:26:46] 👁️ 观望中 | 1h ADX=13.6<25 震荡市
[11:27:54] 👁️ 观望中 | 1h ADX=13.6<25 震荡市
[11:29:02] 👁️ 观望中 | 1h ADX=13.6<25 震荡市
[11:30:10] 👁️ 观望中 | 1h ADX=13.6<25 震荡市
[11:31:19] 👁️ 观望中 | 1h ADX=13.6<25 震荡市
[11:32:26] 👁️ 观望中 | 1h ADX=13.6<25 震荡市
[11:33:33] 👁️ 观望中 | 1h ADX=13.6<25 震荡市
[11:34:39] 👁️ 观望中 | 1h ADX=13.6<25 震荡市
[11:35:46] 👁️ 观望中 | 1h ADX=13.6<25 震荡市
[11:36:53] 👁️ 观望中 | 1h ADX=13.6<25 震荡市
[11:38:03] 👁️ 观望中 | 1h ADX=13.6<25 震荡市
[11:39:11] 👁️ 观望中 | 1h ADX=13.6<25 震荡市
[11:40:19] 👁️ 观望中 | 1h ADX=13.6<25 震荡市
[11:41:25] 👁️ 观望中 | 1h ADX=13.6<25 震荡市
[11:42:33] 👁️ 观望中 | 1h ADX=13.5<25 震荡市
[11:43:40] 👁️ 观望中 | 1h ADX=13.5<25 震荡市
[11:44:49] 👁️ 观望中 | 1h ADX=13.5<25 震荡市
[11:45:56] 👁️ 观望中 | 1h ADX=13.5<25 震荡市
[11:47:04] 👁️ 观望中 | 1h ADX=13.5<25 震荡市
[11:48:11] 👁️ 观望中 | 1h ADX=13.5<25 震荡市
[11:49:19] 👁️ 观望中 | 1h ADX=13.5<25 震荡市
[11:50:31] 👁️ 观望中 | 1h ADX=13.5<25 震荡市
[11:51:38] 👁️ 观望中 | 1h ADX=13.5<25 震荡市
[11:52:45] 👁️ 观望中 | 1h ADX=13.5<25 震荡市
[11:53:54] 👁️ 观望中 | 1h ADX=13.5<25 震荡市
[11:55:02] 👁️ 观望中 | 1h ADX=13.5<25 震荡市
[11:56:09] 👁️ 观望中 | 1h ADX=13.5<25 震荡市
[11:57:16] 👁️ 观望中 | 1h ADX=13.5<25 震荡市
[11:58:27] 👁️ 观望中 | 1h ADX=13.5<25 震荡市
[11:59:33] 👁️ 观望中 | 1h ADX=13.5<25 震荡市
[12:00:40] 👁️ 观望中 | 1h ADX=12.6<25 震荡市
[12:01:46] 👁️ 观望中 | 1h ADX=12.6<25 震荡市
[12:02:57] 👁️ 观望中 | 1h ADX=12.6<25 震荡市
[12:04:09] 👁️ 观望中 | 1h ADX=12.6<25 震荡市
[12:05:15] 👁️ 观望中 | 1h ADX=12.6<25 震荡市
[12:06:24] 👁️ 观望中 | 1h ADX=12.6<25 震荡市
[12:07:32] 👁️ 观望中 | 1h ADX=12.6<25 震荡市
[12:08:38] 👁️ 观望中 | 1h ADX=12.6<25 震荡市
[12:09:48] 👁️ 观望中 | 1h ADX=12.6<25 震荡市
[12:10:57] 👁️ 观望中 | 1h ADX=12.6<25 震荡市
[12:12:08] 👁️ 观望中 | 1h ADX=12.6<25 震荡市
[12:13:15] 👁️ 观望中 | 1h ADX=12.6<25 震荡市
[12:14:21] 👁️ 观望中 | 1h ADX=12.6<25 震荡市
[12:15:27] 👁️ 观望中 | 1h ADX=12.6<25 震荡市
[12:16:33] 👁️ 观望中 | 1h ADX=12.6<25 震荡市
[12:17:44] 👁️ 观望中 | 1h ADX=12.6<25 震荡市
[12:18:54] 👁️ 观望中 | 1h ADX=12.6<25 震荡市
[12:20:01] 👁️ 观望中 | 1h ADX=12.6<25 震荡市
[12:21:07] 👁️ 观望中 | 1h ADX=12.6<25 震荡市
[12:22:17] 👁️ 观望中 | 1h ADX=12.6<25 震荡市
[12:23:27] 👁️ 观望中 | 1h ADX=12.6<25 震荡市
[12:24:33] 👁️ 观望中 | 1h ADX=12.6<25 震荡市
[12:25:42] 👁️ 观望中 | 1h ADX=12.6<25 震荡市
[12:26:48] 👁️ 观望中 | 1h ADX=12.6<25 震荡市
[12:27:54] 👁️ 观望中 | 1h ADX=12.6<25 震荡市
[12:29:01] 👁️ 观望中 | 1h ADX=12.6<25 震荡市
[12:30:08] 👁️ 观望中 | 1h ADX=12.6<25 震荡市
[12:31:15] 👁️ 观望中 | 1h ADX=12.6<25 震荡市
[12:32:24] 👁️ 观望中 | 1h ADX=12.6<25 震荡市
[12:33:30] 👁️ 观望中 | 1h ADX=12.6<25 震荡市
[12:34:36] 👁️ 观望中 | 1h ADX=12.6<25 震荡市
[12:35:43] 👁️ 观望中 | 1h ADX=12.6<25 震荡市
[12:36:49] 👁️ 观望中 | 1h ADX=12.6<25 震荡市
[12:37:56] 👁️ 观望中 | 1h ADX=12.6<25 震荡市
[12:39:03] 👁️ 观望中 | 1h ADX=12.7<25 震荡市
[12:40:13] 👁️ 观望中 | 1h ADX=12.7<25 震荡市
[12:41:22] 👁️ 观望中 | 1h ADX=12.7<25 震荡市
[12:42:30] 👁️ 观望中 | 1h ADX=12.7<25 震荡市
[12:43:36] 👁️ 观望中 | 1h ADX=12.7<25 震荡市
[12:44:42] 👁️ 观望中 | 1h ADX=12.7<25 震荡市
[12:45:48] 👁️ 观望中 | 1h ADX=12.7<25 震荡市
[12:46:54] 👁️ 观望中 | 1h ADX=12.7<25 震荡市
[12:48:04] 👁️ 观望中 | 1h ADX=12.7<25 震荡市
[12:49:13] 👁️ 观望中 | 1h ADX=12.7<25 震荡市
[12:50:19] 👁️ 观望中 | 1h ADX=12.7<25 震荡市
[12:51:26] 👁️ 观望中 | 1h ADX=12.7<25 震荡市
[12:52:32] 👁️ 观望中 | 1h ADX=12.7<25 震荡市
[12:53:38] 👁️ 观望中 | 1h ADX=12.7<25 震荡市
[12:54:44] 👁️ 观望中 | 1h ADX=12.7<25 震荡市
[12:55:50] 👁️ 观望中 | 1h ADX=12.7<25 震荡市
[12:56:59] 👁️ 观望中 | 1h ADX=12.7<25 震荡市
[12:58:10] 👁️ 观望中 | 1h ADX=12.7<25 震荡市
[12:59:19] 👁️ 观望中 | 1h ADX=12.7<25 震荡市
[13:00:28] 👁️ 观望中 | 1h ADX=12.0<25 震荡市
[13:01:34] 👁️ 观望中 | 1h ADX=12.0<25 震荡市
[13:02:40] 👁️ 观望中 | 1h ADX=12.0<25 震荡市
[13:03:47] 👁️ 观望中 | 1h ADX=12.0<25 震荡市
[13:04:53] 👁️ 观望中 | 1h ADX=12.0<25 震荡市
[13:05:59] 👁️ 观望中 | 1h ADX=12.0<25 震荡市
[13:07:08] 👁️ 观望中 | 1h ADX=11.9<25 震荡市
[13:08:17] 👁️ 观望中 | 1h ADX=11.8<25 震荡市
[13:09:24] 👁️ 观望中 | 1h ADX=12.0<25 震荡市
[13:10:30] 👁️ 观望中 | 1h ADX=12.0<25 震荡市
[13:11:36] 👁️ 观望中 | 1h ADX=12.0<25 震荡市
[13:12:42] 👁️ 观望中 | 1h ADX=12.3<25 震荡市
[13:13:48] 👁️ 观望中 | 1h ADX=12.3<25 震荡市
[13:14:54] 👁️ 观望中 | 1h ADX=12.3<25 震荡市
[13:16:00] 👁️ 观望中 | 1h ADX=12.3<25 震荡市
[13:17:09] 👁️ 观望中 | 1h ADX=12.3<25 震荡市
[13:18:20] 👁️ 观望中 | 1h ADX=12.3<25 震荡市
[13:19:29] 👁️ 观望中 | 1h ADX=12.3<25 震荡市
[13:20:36] 👁️ 观望中 | 1h ADX=12.3<25 震荡市
[13:21:42] 👁️ 观望中 | 1h ADX=12.3<25 震荡市
[13:22:49] 👁️ 观望中 | 1h ADX=12.3<25 震荡市
[13:23:55] 👁️ 观望中 | 1h ADX=12.3<25 震荡市
[13:25:01] 👁️ 观望中 | 1h ADX=12.3<25 震荡市
[13:26:08] 👁️ 观望中 | 1h ADX=12.3<25 震荡市
[13:27:17] 👁️ 观望中 | 1h ADX=12.3<25 震荡市
[13:28:28] 👁️ 观望中 | 1h ADX=12.3<25 震荡市
[13:29:35] 👁️ 观望中 | 1h ADX=12.3<25 震荡市
[13:30:41] 👁️ 观望中 | 1h ADX=12.3<25 震荡市
[13:31:47] 👁️ 观望中 | 1h ADX=12.3<25 震荡市
[13:32:54] 👁️ 观望中 | 1h ADX=12.3<25 震荡市
[13:34:06] 👁️ 观望中 | 1h ADX=12.3<25 震荡市
[13:35:12] 👁️ 观望中 | 1h ADX=12.3<25 震荡市
[13:36:22] 👁️ 观望中 | 1h ADX=12.3<25 震荡市
[13:37:28] 👁️ 观望中 | 1h ADX=12.3<25 震荡市
[13:38:35] 👁️ 观望中 | 1h ADX=12.3<25 震荡市
[13:39:43] 👁️ 观望中 | 1h ADX=12.3<25 震荡市
[13:40:52] 👁️ 观望中 | 1h ADX=12.3<25 震荡市
[13:41:58] 👁️ 观望中 | 1h ADX=12.3<25 震荡市
[13:43:08] 👁️ 观望中 | 1h ADX=12.3<25 震荡市
[13:44:14] 👁️ 观望中 | 1h ADX=12.3<25 震荡市
[13:45:23] 👁️ 观望中 | 1h ADX=12.3<25 震荡市
[13:46:30] 👁️ 观望中 | 1h ADX=12.3<25 震荡市
[13:47:36] 👁️ 观望中 | 1h ADX=12.3<25 震荡市
[13:48:42] 👁️ 观望中 | 1h ADX=12.3<25 震荡市
[13:49:50] 👁️ 观望中 | 1h ADX=12.3<25 震荡市
[13:50:56] 👁️ 观望中 | 1h ADX=12.3<25 震荡市
[13:52:05] 👁️ 观望中 | 1h ADX=12.3<25 震荡市
[13:53:11] 👁️ 观望中 | 1h ADX=12.3<25 震荡市
[13:54:19] 👁️ 观望中 | 1h ADX=12.3<25 震荡市
[13:55:26] 👁️ 观望中 | 1h ADX=12.3<25 震荡市
[13:56:34] 👁️ 观望中 | 1h ADX=12.3<25 震荡市
[13:57:40] 👁️ 观望中 | 1h ADX=12.3<25 震荡市
[13:58:49] 👁️ 观望中 | 1h ADX=12.3<25 震荡市
[13:59:55] 👁️ 观望中 | 1h ADX=12.3<25 震荡市
[14:01:05] 👁️ 观望中 | 1h ADX=11.8<25 震荡市
[14:02:14] 👁️ 观望中 | 1h ADX=11.8<25 震荡市
[14:03:22] 👁️ 观望中 | 1h ADX=11.8<25 震荡市
[14:04:30] 👁️ 观望中 | 1h ADX=11.8<25 震荡市
[14:05:36] 👁️ 观望中 | 1h ADX=11.8<25 震荡市
[14:06:42] 👁️ 观望中 | 1h ADX=11.8<25 震荡市
[14:07:54] 👁️ 观望中 | 1h ADX=11.8<25 震荡市
[14:09:05] 👁️ 观望中 | 1h ADX=11.8<25 震荡市
[14:10:13] 👁️ 观望中 | 1h ADX=11.8<25 震荡市
[14:11:22] 👁️ 观望中 | 1h ADX=11.8<25 震荡市
[14:12:28] 👁️ 观望中 | 1h ADX=11.8<25 震荡市
[14:13:35] 👁️ 观望中 | 1h ADX=11.8<25 震荡市
[14:14:41] 👁️ 观望中 | 1h ADX=11.8<25 震荡市
[14:15:55] 👁️ 观望中 | 1h ADX=11.8<25 震荡市
[14:17:03] 👁️ 观望中 | 1h ADX=11.8<25 震荡市
[14:18:10] 👁️ 观望中 | 1h ADX=11.8<25 震荡市
[14:19:16] 👁️ 观望中 | 1h ADX=11.8<25 震荡市
[14:20:22] 👁️ 观望中 | 1h ADX=11.8<25 震荡市
[14:21:28] 👁️ 观望中 | 1h ADX=11.8<25 震荡市
[14:22:40] 👁️ 观望中 | 1h ADX=11.8<25 震荡市
[14:23:51] 👁️ 观望中 | 1h ADX=11.8<25 震荡市
[14:25:00] 👁️ 观望中 | 1h ADX=11.8<25 震荡市
[14:26:06] 👁️ 观望中 | 1h ADX=11.8<25 震荡市
[14:27:12] 👁️ 观望中 | 1h ADX=11.8<25 震荡市
[14:28:19] 👁️ 观望中 | 1h ADX=11.8<25 震荡市
[14:29:28] 👁️ 观望中 | 1h ADX=11.8<25 震荡市
[14:30:37] 👁️ 观望中 | 1h ADX=11.8<25 震荡市
[14:31:44] 👁️ 观望中 | 1h ADX=11.8<25 震荡市
[14:32:51] 👁️ 观望中 | 1h ADX=11.8<25 震荡市
[14:33:57] 👁️ 观望中 | 1h ADX=11.8<25 震荡市
[14:35:03] 👁️ 观望中 | 1h ADX=11.8<25 震荡市
[14:36:09] 👁️ 观望中 | 1h ADX=11.8<25 震荡市
[14:37:20] 👁️ 观望中 | 1h ADX=11.8<25 震荡市
[14:38:31] 👁️ 观望中 | 1h ADX=11.8<25 震荡市
[14:39:37] 👁️ 观望中 | 1h ADX=11.8<25 震荡市
[14:40:45] 👁️ 观望中 | 1h ADX=11.8<25 震荡市
[14:41:52] 👁️ 观望中 | 1h ADX=11.8<25 震荡市
[14:42:58] 👁️ 观望中 | 1h ADX=11.8<25 震荡市
[14:44:06] 👁️ 观望中 | 1h ADX=11.8<25 震荡市
[14:45:17] 👁️ 观望中 | 1h ADX=11.7<25 震荡市
[14:46:26] 👁️ 观望中 | 1h ADX=11.7<25 震荡市
[14:47:32] 👁️ 观望中 | 1h ADX=11.7<25 震荡市
[14:48:39] 👁️ 观望中 | 1h ADX=11.7<25 震荡市
[14:49:45] 👁️ 观望中 | 1h ADX=11.7<25 震荡市
[14:50:51] 👁️ 观望中 | 1h ADX=11.6<25 震荡市
[14:52:03] 👁️ 观望中 | 1h ADX=11.5<25 震荡市
[14:53:13] 👁️ 观望中 | 1h ADX=11.5<25 震荡市
[14:54:21] 👁️ 观望中 | 1h ADX=11.5<25 震荡市
[14:55:27] 👁️ 观望中 | 1h ADX=11.5<25 震荡市
[14:56:34] 👁️ 观望中 | 1h ADX=11.5<25 震荡市
[14:57:41] 👁️ 观望中 | 1h ADX=11.5<25 震荡市
[14:58:50] 👁️ 观望中 | 1h ADX=11.5<25 震荡市
[14:59:59] 👁️ 观望中 | 1h ADX=11.5<25 震荡市
[15:01:07] 👁️ 观望中 | 1h ADX=10.7<25 震荡市
[15:02:13] 👁️ 观望中 | 1h ADX=10.8<25 震荡市
[15:03:20] 👁️ 观望中 | 1h ADX=10.8<25 震荡市
[15:04:29] 👁️ 观望中 | 1h ADX=10.8<25 震荡市
[15:05:39] 👁️ 观望中 | 1h ADX=10.9<25 震荡市
[15:06:48] 👁️ 观望中 | 1h ADX=11.1<25 震荡市
[15:07:54] 👁️ 观望中 | 1h ADX=11.3<25 震荡市
[15:09:00] 👁️ 观望中 | 1h ADX=11.3<25 震荡市
[15:10:06] 👁️ 观望中 | 1h ADX=11.3<25 震荡市
[15:11:18] 👁️ 观望中 | 1h ADX=11.3<25 震荡市
[15:12:28] 👁️ 观望中 | 1h ADX=11.3<25 震荡市
[15:13:35] 👁️ 观望中 | 1h ADX=11.3<25 震荡市
[15:14:43] 👁️ 观望中 | 1h ADX=11.3<25 震荡市
[15:15:53] 👁️ 观望中 | 1h ADX=11.3<25 震荡市
[15:17:03] 👁️ 观望中 | 1h ADX=11.3<25 震荡市
[15:18:12] 👁️ 观望中 | 1h ADX=11.3<25 震荡市
[15:19:18] 👁️ 观望中 | 1h ADX=11.3<25 震荡市
[15:20:26] 👁️ 观望中 | 1h ADX=11.3<25 震荡市
[15:21:33] 👁️ 观望中 | 1h ADX=11.3<25 震荡市
[15:22:44] 👁️ 观望中 | 1h ADX=11.3<25 震荡市
[15:23:53] 👁️ 观望中 | 1h ADX=11.3<25 震荡市
[15:25:02] 👁️ 观望中 | 1h ADX=11.3<25 震荡市
[15:26:09] 👁️ 观望中 | 1h ADX=11.3<25 震荡市
[15:27:16] 👁️ 观望中 | 1h ADX=11.3<25 震荡市
[15:28:22] 👁️ 观望中 | 1h ADX=11.3<25 震荡市
[15:29:32] 👁️ 观望中 | 1h ADX=11.3<25 震荡市
[15:30:44] 👁️ 观望中 | 1h ADX=11.3<25 震荡市
[15:31:52] 👁️ 观望中 | 1h ADX=11.3<25 震荡市
[15:32:58] 👁️ 观望中 | 1h ADX=11.3<25 震荡市
[15:34:05] 👁️ 观望中 | 1h ADX=11.3<25 震荡市
[15:35:13] 👁️ 观望中 | 1h ADX=11.3<25 震荡市
[15:36:22] 👁️ 观望中 | 1h ADX=11.3<25 震荡市
[15:37:30] 👁️ 观望中 | 1h ADX=11.3<25 震荡市
[15:38:37] 👁️ 观望中 | 1h ADX=11.3<25 震荡市
[15:39:45] 👁️ 观望中 | 1h ADX=11.3<25 震荡市
[15:40:51] 👁️ 观望中 | 1h ADX=11.3<25 震荡市
[15:41:58] 👁️ 观望中 | 1h ADX=11.3<25 震荡市
[15:43:06] 👁️ 观望中 | 1h ADX=11.3<25 震荡市
[15:44:14] 👁️ 观望中 | 1h ADX=11.3<25 震荡市
[15:45:21] 👁️ 观望中 | 1h ADX=11.3<25 震荡市
[15:46:28] 👁️ 观望中 | 1h ADX=11.3<25 震荡市
[15:47:35] 👁️ 观望中 | 1h ADX=11.3<25 震荡市
[15:48:43] 👁️ 观望中 | 1h ADX=11.3<25 震荡市
[15:49:50] 👁️ 观望中 | 1h ADX=11.3<25 震荡市
[15:50:58] 👁️ 观望中 | 1h ADX=11.3<25 震荡市
[15:52:07] 👁️ 观望中 | 1h ADX=11.3<25 震荡市
[15:53:13] 👁️ 观望中 | 1h ADX=11.3<25 震荡市
[15:54:19] 👁️ 观望中 | 1h ADX=11.3<25 震荡市
[15:55:27] 👁️ 观望中 | 1h ADX=11.3<25 震荡市
[15:56:36] 👁️ 观望中 | 1h ADX=11.3<25 震荡市
[15:57:42] 👁️ 观望中 | 1h ADX=11.3<25 震荡市
[15:58:52] 👁️ 观望中 | 1h ADX=11.3<25 震荡市
[15:59:59] 👁️ 观望中 | 1h ADX=11.3<25 震荡市
[16:01:07] 👁️ 观望中 | 1h ADX=11.0<25 震荡市
[16:02:14] 👁️ 观望中 | 1h ADX=11.0<25 震荡市
[16:03:22] 👁️ 观望中 | 1h ADX=11.0<25 震荡市
[16:04:28] 👁️ 观望中 | 1h ADX=11.0<25 震荡市
[16:05:39] 👁️ 观望中 | 1h ADX=11.0<25 震荡市
[16:06:47] 👁️ 观望中 | 1h ADX=11.0<25 震荡市
[16:07:56] 👁️ 观望中 | 1h ADX=11.0<25 震荡市
[16:09:02] 👁️ 观望中 | 1h ADX=11.0<25 震荡市
[16:10:12] 👁️ 观望中 | 1h ADX=11.0<25 震荡市
[16:11:18] 👁️ 观望中 | 1h ADX=11.0<25 震荡市
[16:12:28] 👁️ 观望中 | 1h ADX=11.0<25 震荡市
[16:13:34] 👁️ 观望中 | 1h ADX=11.0<25 震荡市
[16:14:44] 👁️ 观望中 | 1h ADX=11.0<25 震荡市
[16:15:52] 👁️ 观望中 | 1h ADX=11.0<25 震荡市
[16:16:58] 👁️ 观望中 | 1h ADX=11.0<25 震荡市
[16:18:04] 👁️ 观望中 | 1h ADX=11.0<25 震荡市
[16:19:10] 👁️ 观望中 | 1h ADX=11.0<25 震荡市
[16:20:16] 👁️ 观望中 | 1h ADX=11.0<25 震荡市
[16:21:24] 👁️ 观望中 | 1h ADX=11.0<25 震荡市
[16:22:31] 👁️ 观望中 | 1h ADX=11.0<25 震荡市
[16:23:39] 👁️ 观望中 | 1h ADX=11.0<25 震荡市
[16:24:47] 👁️ 观望中 | 1h ADX=11.0<25 震荡市
[16:25:53] 👁️ 观望中 | 1h ADX=11.0<25 震荡市
[16:26:59] 👁️ 观望中 | 1h ADX=11.0<25 震荡市
[16:28:05] 👁️ 观望中 | 1h ADX=11.0<25 震荡市
[16:29:11] 👁️ 观望中 | 1h ADX=11.0<25 震荡市
[16:30:20] 👁️ 观望中 | 1h ADX=11.0<25 震荡市
[16:31:27] 👁️ 观望中 | 1h ADX=11.0<25 震荡市
[16:32:35] 👁️ 观望中 | 1h ADX=11.1<25 震荡市
[16:33:42] 👁️ 观望中 | 1h ADX=11.4<25 震荡市
[16:34:49] 👁️ 观望中 | 1h ADX=11.7<25 震荡市
[16:35:55] 👁️ 观望中 | 1h ADX=11.8<25 震荡市
[16:37:01] 👁️ 观望中 | 1h ADX=11.8<25 震荡市
[16:38:07] 👁️ 观望中 | 1h ADX=11.8<25 震荡市
[16:39:14] 👁️ 观望中 | 1h ADX=11.8<25 震荡市
[16:40:22] 👁️ 观望中 | 1h ADX=11.8<25 震荡市
[16:41:31] 👁️ 观望中 | 1h ADX=11.8<25 震荡市
[16:42:40] 👁️ 观望中 | 1h ADX=11.8<25 震荡市
[16:43:49] 👁️ 观望中 | 1h ADX=11.8<25 震荡市
[16:44:55] 👁️ 观望中 | 1h ADX=11.8<25 震荡市
[16:46:01] 👁️ 观望中 | 1h ADX=11.8<25 震荡市
[16:47:07] 👁️ 观望中 | 1h ADX=11.8<25 震荡市
[16:48:13] 👁️ 观望中 | 1h ADX=11.8<25 震荡市
[16:49:22] 👁️ 观望中 | 1h ADX=11.9<25 震荡市
[16:50:29] 👁️ 观望中 | 1h ADX=11.9<25 震荡市
[16:51:38] 👁️ 观望中 | 1h ADX=11.9<25 震荡市
[16:52:46] 👁️ 观望中 | 1h ADX=11.9<25 震荡市
[16:53:52] 👁️ 观望中 | 1h ADX=11.9<25 震荡市
[16:54:58] 👁️ 观望中 | 1h ADX=12.0<25 震荡市
[16:56:05] 👁️ 观望中 | 1h ADX=12.1<25 震荡市
[16:57:11] 👁️ 观望中 | 1h ADX=12.1<25 震荡市
[16:58:17] 👁️ 观望中 | 1h ADX=12.1<25 震荡市
[16:59:26] 👁️ 观望中 | 1h ADX=12.1<25 震荡市
[17:00:41] 👁️ 观望中 | 1h ADX=12.8<25 震荡市
[17:01:50] 👁️ 观望中 | 1h ADX=12.8<25 震荡市
[17:02:56] 👁️ 观望中 | 1h ADX=12.8<25 震荡市
[17:04:02] 👁️ 观望中 | 1h ADX=12.8<25 震荡市
[17:05:08] 👁️ 观望中 | 1h ADX=12.8<25 震荡市
[17:06:14] 👁️ 观望中 | 1h ADX=12.8<25 震荡市
[17:07:20] 👁️ 观望中 | 1h ADX=12.8<25 震荡市
[17:08:26] 👁️ 观望中 | 1h ADX=12.8<25 震荡市
[17:09:37] 👁️ 观望中 | 1h ADX=12.8<25 震荡市
[17:10:46] 👁️ 观望中 | 1h ADX=12.8<25 震荡市
[17:11:53] 👁️ 观望中 | 1h ADX=12.8<25 震荡市
[17:13:00] 👁️ 观望中 | 1h ADX=12.8<25 震荡市
[17:14:06] 👁️ 观望中 | 1h ADX=12.8<25 震荡市
[17:15:12] 👁️ 观望中 | 1h ADX=12.8<25 震荡市
[17:16:19] 👁️ 观望中 | 1h ADX=12.8<25 震荡市
[17:17:25] 👁️ 观望中 | 1h ADX=12.8<25 震荡市
[17:18:31] 👁️ 观望中 | 1h ADX=12.8<25 震荡市
[17:19:41] 👁️ 观望中 | 1h ADX=12.8<25 震荡市
[17:20:52] 👁️ 观望中 | 1h ADX=12.8<25 震荡市
[17:21:59] 👁️ 观望中 | 1h ADX=12.8<25 震荡市
[17:23:05] 👁️ 观望中 | 1h ADX=12.8<25 震荡市
[17:24:11] 👁️ 观望中 | 1h ADX=12.8<25 震荡市
[17:25:17] 👁️ 观望中 | 1h ADX=12.8<25 震荡市
[17:26:28] 👁️ 观望中 | 1h ADX=12.8<25 震荡市
[17:27:39] 👁️ 观望中 | 1h ADX=12.8<25 震荡市
[17:28:48] 👁️ 观望中 | 1h ADX=13.5<25 震荡市
[17:29:54] 👁️ 观望中 | 1h ADX=13.7<25 震荡市
[17:31:01] 👁️ 观望中 | 1h ADX=13.7<25 震荡市
[17:32:07] 👁️ 观望中 | 1h ADX=13.7<25 震荡市
[17:33:14] 👁️ 观望中 | 1h ADX=13.7<25 震荡市
[17:34:24] 👁️ 观望中 | 1h ADX=13.7<25 震荡市
[17:35:33] 👁️ 观望中 | 1h ADX=13.7<25 震荡市
[17:36:40] 👁️ 观望中 | 1h ADX=13.7<25 震荡市
[17:37:46] 👁️ 观望中 | 1h ADX=13.7<25 震荡市
[17:38:55] 👁️ 观望中 | 1h ADX=13.7<25 震荡市
[17:40:05] 👁️ 观望中 | 1h ADX=13.7<25 震荡市
[17:41:14] 👁️ 观望中 | 1h ADX=13.7<25 震荡市
[17:42:22] 👁️ 观望中 | 1h ADX=13.7<25 震荡市
[17:43:29] 👁️ 观望中 | 1h ADX=13.7<25 震荡市
[17:44:35] 👁️ 观望中 | 1h ADX=13.7<25 震荡市
[17:45:41] 👁️ 观望中 | 1h ADX=13.7<25 震荡市
[17:46:49] 👁️ 观望中 | 1h ADX=13.7<25 震荡市
[17:48:00] 👁️ 观望中 | 1h ADX=13.7<25 震荡市
[17:49:06] 👁️ 观望中 | 1h ADX=13.7<25 震荡市
[17:50:15] 👁️ 观望中 | 1h ADX=13.7<25 震荡市
[17:51:21] 👁️ 观望中 | 1h ADX=13.7<25 震荡市
[17:52:28] 👁️ 观望中 | 1h ADX=13.7<25 震荡市
[17:53:34] 👁️ 观望中 | 1h ADX=13.7<25 震荡市
[17:54:45] 👁️ 观望中 | 1h ADX=13.7<25 震荡市
[17:55:53] 👁️ 观望中 | 1h ADX=13.7<25 震荡市
[17:56:59] 👁️ 观望中 | 1h ADX=13.7<25 震荡市
[17:58:05] 👁️ 观望中 | 1h ADX=13.7<25 震荡市
[17:59:12] 👁️ 观望中 | 1h ADX=13.7<25 震荡市
[18:00:23] 👁️ 观望中 | 1h ADX=15.2<25 震荡市
[18:01:35] 👁️ 观望中 | 1h ADX=15.2<25 震荡市
[18:02:42] 👁️ 观望中 | 1h ADX=15.2<25 震荡市
[18:03:48] 👁️ 观望中 | 1h ADX=15.2<25 震荡市
[18:04:55] 👁️ 观望中 | 1h ADX=15.2<25 震荡市
[18:06:01] 👁️ 观望中 | 1h ADX=15.2<25 震荡市
[18:07:09] 👁️ 观望中 | 1h ADX=15.2<25 震荡市
[18:08:21] 👁️ 观望中 | 1h ADX=15.2<25 震荡市
[18:09:28] 👁️ 观望中 | 1h ADX=15.2<25 震荡市
[18:10:37] 👁️ 观望中 | 1h ADX=15.2<25 震荡市
[18:11:43] 👁️ 观望中 | 1h ADX=15.2<25 震荡市
[18:12:49] 👁️ 观望中 | 1h ADX=15.2<25 震荡市
[18:13:55] 👁️ 观望中 | 1h ADX=15.2<25 震荡市
[18:15:06] 👁️ 观望中 | 1h ADX=15.2<25 震荡市
[18:16:16] 👁️ 观望中 | 1h ADX=15.2<25 震荡市
[18:17:24] 👁️ 观望中 | 1h ADX=15.2<25 震荡市
[18:18:32] 👁️ 观望中 | 1h ADX=15.2<25 震荡市
[18:19:39] 👁️ 观望中 | 1h ADX=15.2<25 震荡市
[18:20:48] 👁️ 观望中 | 1h ADX=15.2<25 震荡市
[18:21:59] 👁️ 观望中 | 1h ADX=15.2<25 震荡市
[18:23:09] 👁️ 观望中 | 1h ADX=15.2<25 震荡市
[18:24:18] 👁️ 观望中 | 1h ADX=15.2<25 震荡市
[18:25:24] 👁️ 观望中 | 1h ADX=15.2<25 震荡市
刷新K线失败: ('Connection aborted.', ConnectionResetError(104, 'Connection reset by peer'))
[18:26:19] ❌ K线刷新失败
[18:26:30] 👁️ 观望中 | 1h ADX=15.2<25 震荡市
[18:27:36] 👁️ 观望中 | 1h ADX=15.2<25 震荡市
[18:28:47] 👁️ 观望中 | 1h ADX=14.8<25 震荡市
[18:30:01] 👁️ 观望中 | 1h ADX=14.7<25 震荡市
[18:31:10] 👁️ 观望中 | 1h ADX=14.3<25 震荡市
[18:32:19] 👁️ 观望中 | 1h ADX=14.3<25 震荡市
[18:33:27] 👁️ 观望中 | 1h ADX=14.3<25 震荡市
[18:34:37] 👁️ 观望中 | 1h ADX=14.3<25 震荡市
[18:35:45] 👁️ 观望中 | 1h ADX=14.3<25 震荡市
[18:36:52] 👁️ 观望中 | 1h ADX=14.3<25 震荡市
[18:38:00] 👁️ 观望中 | 1h ADX=14.3<25 震荡市
[18:39:11] 👁️ 观望中 | 1h ADX=14.3<25 震荡市
[18:40:18] 👁️ 观望中 | 1h ADX=14.3<25 震荡市
[18:41:25] 👁️ 观望中 | 1h ADX=14.3<25 震荡市
[18:42:33] 👁️ 观望中 | 1h ADX=14.3<25 震荡市
[18:43:39] 👁️ 观望中 | 1h ADX=14.3<25 震荡市
[18:44:45] 👁️ 观望中 | 1h ADX=14.3<25 震荡市
[18:45:57] 👁️ 观望中 | 1h ADX=14.3<25 震荡市
[18:47:11] 👁️ 观望中 | 1h ADX=14.3<25 震荡市
[18:48:18] 👁️ 观望中 | 1h ADX=14.3<25 震荡市
[18:49:24] 👁️ 观望中 | 1h ADX=14.3<25 震荡市
[18:50:30] 👁️ 观望中 | 1h ADX=14.3<25 震荡市
[18:51:36] 👁️ 观望中 | 1h ADX=14.3<25 震荡市
[18:52:43] 👁️ 观望中 | 1h ADX=14.3<25 震荡市
[18:53:53] 👁️ 观望中 | 1h ADX=14.3<25 震荡市
[18:55:01] 👁️ 观望中 | 1h ADX=14.3<25 震荡市
[18:56:09] 👁️ 观望中 | 1h ADX=14.3<25 震荡市
[18:57:16] 👁️ 观望中 | 1h ADX=14.3<25 震荡市
[18:58:29] 👁️ 观望中 | 1h ADX=14.3<25 震荡市
[18:59:36] 👁️ 观望中 | 1h ADX=14.3<25 震荡市
[19:00:50] 👁️ 观望中 | 1h ADX=14.8<25 震荡市
[19:01:56] 👁️ 观望中 | 1h ADX=14.8<25 震荡市
[19:03:05] 👁️ 观望中 | 1h ADX=14.8<25 震荡市
[19:04:11] 👁️ 观望中 | 1h ADX=14.8<25 震荡市
[19:05:23] 👁️ 观望中 | 1h ADX=14.8<25 震荡市
[19:06:34] 👁️ 观望中 | 1h ADX=14.8<25 震荡市
[19:07:40] 👁️ 观望中 | 1h ADX=14.8<25 震荡市
[19:08:47] 👁️ 观望中 | 1h ADX=14.8<25 震荡市
[19:09:54] 👁️ 观望中 | 1h ADX=14.8<25 震荡市
[19:11:00] 👁️ 观望中 | 1h ADX=14.8<25 震荡市
[19:12:12] 👁️ 观望中 | 1h ADX=14.8<25 震荡市
[19:13:21] 👁️ 观望中 | 1h ADX=14.8<25 震荡市
[19:14:32] 👁️ 观望中 | 1h ADX=14.8<25 震荡市
[19:15:38] 👁️ 观望中 | 1h ADX=14.8<25 震荡市
[19:16:44] 👁️ 观望中 | 1h ADX=14.8<25 震荡市
[19:17:51] 👁️ 观望中 | 1h ADX=14.8<25 震荡市
[19:18:57] 👁️ 观望中 | 1h ADX=14.8<25 震荡市
[19:20:09] 👁️ 观望中 | 1h ADX=14.8<25 震荡市
[19:21:17] 👁️ 观望中 | 1h ADX=14.8<25 震荡市
[19:22:25] 👁️ 观望中 | 1h ADX=14.8<25 震荡市
[19:23:32] 👁️ 观望中 | 1h ADX=14.8<25 震荡市
[19:24:38] 👁️ 观望中 | 1h ADX=14.8<25 震荡市
[19:25:45] 👁️ 观望中 | 1h ADX=14.8<25 震荡市
[19:26:54] 👁️ 观望中 | 1h ADX=14.8<25 震荡市
[19:28:09] 👁️ 观望中 | 1h ADX=14.8<25 震荡市
[19:29:16] 👁️ 观望中 | 1h ADX=14.8<25 震荡市
[19:30:25] 👁️ 观望中 | 1h ADX=14.8<25 震荡市
[19:31:31] 👁️ 观望中 | 1h ADX=14.8<25 震荡市
[19:32:37] 👁️ 观望中 | 1h ADX=14.8<25 震荡市
[19:33:43] 👁️ 观望中 | 1h ADX=14.8<25 震荡市
[19:34:56] 👁️ 观望中 | 1h ADX=14.8<25 震荡市
[19:36:05] 👁️ 观望中 | 1h ADX=14.8<25 震荡市
[19:37:11] 👁️ 观望中 | 1h ADX=14.8<25 震荡市
[19:38:20] 👁️ 观望中 | 1h ADX=14.8<25 震荡市
[19:39:26] 👁️ 观望中 | 1h ADX=14.8<25 震荡市
[19:40:33] 👁️ 观望中 | 1h ADX=14.8<25 震荡市
[19:41:39] 👁️ 观望中 | 1h ADX=14.8<25 震荡市
[19:42:49] 👁️ 观望中 | 1h ADX=14.8<25 震荡市
[19:43:56] 👁️ 观望中 | 1h ADX=14.8<25 震荡市
[19:45:03] 👁️ 观望中 | 1h ADX=14.8<25 震荡市
[19:46:09] 👁️ 观望中 | 1h ADX=14.8<25 震荡市
[19:47:18] 👁️ 观望中 | 1h ADX=14.8<25 震荡市
[19:48:24] 👁️ 观望中 | 1h ADX=14.8<25 震荡市
[19:49:32] 👁️ 观望中 | 1h ADX=14.8<25 震荡市
[19:50:44] 👁️ 观望中 | 1h ADX=14.8<25 震荡市
[19:51:52] 👁️ 观望中 | 1h ADX=14.8<25 震荡市
[19:52:58] 👁️ 观望中 | 1h ADX=14.8<25 震荡市
[19:54:06] 👁️ 观望中 | 1h ADX=14.8<25 震荡市
[19:55:15] 👁️ 观望中 | 1h ADX=14.8<25 震荡市
[19:56:23] 👁️ 观望中 | 1h ADX=14.8<25 震荡市
[19:57:32] 👁️ 观望中 | 1h ADX=14.8<25 震荡市
[19:58:40] 👁️ 观望中 | 1h ADX=14.8<25 震荡市
[19:59:48] 👁️ 观望中 | 1h ADX=14.8<25 震荡市
[20:00:54] 👁️ 观望中 | 1h ADX=15.2<25 震荡市
[20:02:01] 👁️ 观望中 | 1h ADX=15.2<25 震荡市
[20:03:09] 👁️ 观望中 | 1h ADX=15.2<25 震荡市
[20:04:20] 👁️ 观望中 | 1h ADX=15.2<25 震荡市
[20:05:29] 👁️ 观望中 | 1h ADX=15.2<25 震荡市
[20:06:36] 👁️ 观望中 | 1h ADX=15.2<25 震荡市
[20:07:42] 👁️ 观望中 | 1h ADX=15.2<25 震荡市
[20:08:48] 👁️ 观望中 | 1h ADX=15.2<25 震荡市
[20:09:55] 👁️ 观望中 | 1h ADX=15.2<25 震荡市
[20:11:06] 👁️ 观望中 | 1h ADX=15.2<25 震荡市
[20:12:16] 👁️ 观望中 | 1h ADX=15.2<25 震荡市
[20:13:23] 👁️ 观望中 | 1h ADX=15.3<25 震荡市
[20:14:30] 👁️ 观望中 | 1h ADX=15.3<25 震荡市
[20:15:37] 👁️ 观望中 | 1h ADX=15.3<25 震荡市
[20:16:43] 👁️ 观望中 | 1h ADX=15.3<25 震荡市
[20:17:49] 👁️ 观望中 | 1h ADX=15.3<25 震荡市
[20:18:55] 👁️ 观望中 | 1h ADX=15.3<25 震荡市
[20:20:01] 👁️ 观望中 | 1h ADX=15.3<25 震荡市
[20:21:10] 👁️ 观望中 | 1h ADX=15.3<25 震荡市
[20:22:24] 👁️ 观望中 | 1h ADX=15.3<25 震荡市
[20:23:31] 👁️ 观望中 | 1h ADX=15.3<25 震荡市
[20:24:38] 👁️ 观望中 | 1h ADX=15.3<25 震荡市
[20:25:44] 👁️ 观望中 | 1h ADX=15.5<25 震荡市
[20:26:50] 👁️ 观望中 | 1h ADX=15.7<25 震荡市
[20:27:56] 👁️ 观望中 | 1h ADX=15.7<25 震荡市
[20:29:02] 👁️ 观望中 | 1h ADX=15.7<25 震荡市
[20:30:13] 👁️ 观望中 | 1h ADX=15.7<25 震荡市
[20:31:22] 👁️ 观望中 | 1h ADX=15.7<25 震荡市
[20:32:36] 👁️ 观望中 | 1h ADX=15.7<25 震荡市
[20:33:45] 👁️ 观望中 | 1h ADX=15.7<25 震荡市
[20:34:52] 👁️ 观望中 | 1h ADX=15.7<25 震荡市
