[2026-04-20 10:23:23] INFO 🚀 v4 启动: 5秒监测+移动止盈
[2026-04-20 10:23:23] INFO [监测] DB1:5个 | 持仓:0个
[2026-04-20 10:23:29] INFO [监测] DB1:5个 | 持仓:0个
[2026-04-20 10:23:37] INFO [监测] DB1:5个 | 持仓:0个
[2026-04-20 10:23:44] INFO [监测] DB1:5个 | 持仓:0个
[2026-04-20 10:23:51] INFO [监测] DB1:5个 | 持仓:0个
[2026-04-20 10:23:58] INFO [监测] DB1:5个 | 持仓:0个
[2026-04-20 10:24:05] INFO [监测] DB1:5个 | 持仓:0个
[2026-04-20 10:24:12] INFO [监测] DB1:5个 | 持仓:0个
[2026-04-20 10:24:19] INFO [监测] DB1:5个 | 持仓:0个
[2026-04-20 10:24:26] INFO [监测] DB1:5个 | 持仓:0个
[2026-04-20 10:24:34] INFO 🚀 v4 启动: 5秒监测+移动止盈
[2026-04-20 10:24:34] INFO [监测] DB1:5个 | 持仓:0个
[2026-04-20 10:24:41] INFO [监测] DB1:5个 | 持仓:0个
[2026-04-20 10:24:48] INFO [监测] DB1:5个 | 持仓:0个
[2026-04-20 10:24:55] INFO [监测] DB1:5个 | 持仓:0个
[2026-04-20 10:25:02] INFO [监测] DB1:5个 | 持仓:0个
[2026-04-20 10:25:09] INFO [监测] DB1:5个 | 持仓:0个
[2026-04-20 10:25:16] INFO [监测] DB1:5个 | 持仓:0个
[2026-04-20 10:25:23] INFO [监测] DB1:5个 | 持仓:0个
[2026-04-20 10:25:30] INFO [监测] DB1:5个 | 持仓:0个
[2026-04-20 10:25:37] INFO [监测] DB1:5个 | 持仓:0个
[2026-04-20 10:25:44] INFO [监测] DB1:5个 | 持仓:0个
[2026-04-20 10:25:51] INFO [监测] DB1:5个 | 持仓:0个
[2026-04-20 10:25:58] INFO [监测] DB1:5个 | 持仓:0个
[2026-04-20 10:26:05] INFO [监测] DB1:5个 | 持仓:0个
[2026-04-20 10:26:12] INFO [监测] DB1:5个 | 持仓:0个
[2026-04-20 10:26:19] INFO [监测] DB1:5个 | 持仓:0个
[2026-04-20 10:26:26] INFO [监测] DB1:5个 | 持仓:0个
[2026-04-20 10:26:33] INFO [监测] DB1:5个 | 持仓:0个
[2026-04-20 10:26:40] INFO [监测] DB1:5个 | 持仓:0个
[2026-04-20 10:26:47] INFO [监测] DB1:5个 | 持仓:0个
[2026-04-20 10:26:53] INFO 🚀 v4 启动: 5秒监测+移动止盈
[2026-04-20 10:26:53] INFO [监测] DB1:5个 | 持仓:0个
[2026-04-20 10:27:00] INFO [监测] DB1:5个 | 持仓:0个
[2026-04-20 10:27:07] INFO [监测] DB1:5个 | 持仓:0个
[2026-04-20 10:27:14] INFO [监测] DB1:5个 | 持仓:0个
[2026-04-20 10:27:21] INFO [监测] DB1:5个 | 持仓:0个
[2026-04-20 10:27:28] INFO [监测] DB1:5个 | 持仓:0个
[2026-04-20 10:27:35] INFO [监测] DB1:5个 | 持仓:0个
[2026-04-20 10:27:42] INFO [监测] DB1:5个 | 持仓:0个
[2026-04-20 10:27:49] INFO [监测] DB1:5个 | 持仓:0个
[2026-04-20 10:27:57] INFO [监测] DB1:5个 | 持仓:0个
[2026-04-20 10:28:04] INFO [监测] DB1:5个 | 持仓:0个
[2026-04-20 10:28:11] INFO [监测] DB1:5个 | 持仓:0个
[2026-04-20 10:28:18] INFO [监测] DB1:5个 | 持仓:0个
[2026-04-20 10:28:25] INFO [监测] DB1:5个 | 持仓:0个
[2026-04-20 10:28:32] INFO [监测] DB1:5个 | 持仓:0个
[2026-04-20 10:28:39] INFO [监测] DB1:5个 | 持仓:0个
[2026-04-20 10:28:46] INFO [监测] DB1:5个 | 持仓:0个
[2026-04-20 10:28:53] INFO [监测] DB1:5个 | 持仓:0个
[2026-04-20 10:29:01] INFO 🚀 v4 启动: 5秒监测+移动止盈
[2026-04-20 10:29:01] INFO [监测] DB1:5个 | 持仓:0个
[2026-04-20 10:29:08] INFO [监测] DB1:5个 | 持仓:0个
[2026-04-20 10:29:15] INFO [监测] DB1:5个 | 持仓:0个
[2026-04-20 10:29:22] INFO [监测] DB1:5个 | 持仓:0个
[2026-04-20 10:29:31] INFO [监测] DB1:5个 | 持仓:0个
[2026-04-20 10:29:38] INFO [监测] DB1:5个 | 持仓:0个
[2026-04-20 10:29:45] INFO [监测] DB1:5个 | 持仓:0个
[2026-04-20 10:29:52] INFO [监测] DB1:5个 | 持仓:0个
[2026-04-20 10:29:59] INFO [监测] DB1:5个 | 持仓:0个
[2026-04-20 10:30:06] INFO [监测] DB1:5个 | 持仓:0个
[2026-04-20 10:30:13] INFO [监测] DB1:5个 | 持仓:0个
[2026-04-20 10:30:20] INFO [监测] DB1:5个 | 持仓:0个
[2026-04-20 10:30:27] INFO [监测] DB1:5个 | 持仓:0个
[2026-04-20 10:30:34] INFO [监测] DB1:5个 | 持仓:0个
[2026-04-20 10:30:41] INFO [监测] DB1:5个 | 持仓:0个
[2026-04-20 10:30:48] INFO [监测] DB1:5个 | 持仓:0个
[2026-04-20 10:30:55] INFO [监测] DB1:5个 | 持仓:0个
[2026-04-20 10:31:02] INFO [监测] DB1:5个 | 持仓:0个
[2026-04-20 10:31:09] INFO [监测] DB1:5个 | 持仓:0个
[2026-04-20 10:31:16] INFO [监测] DB1:5个 | 持仓:0个
[2026-04-20 10:31:23] INFO [监测] DB1:5个 | 持仓:0个
[2026-04-20 10:31:30] INFO [监测] DB1:5个 | 持仓:0个
[2026-04-20 10:31:37] INFO [监测] DB1:5个 | 持仓:0个
[2026-04-20 10:31:44] INFO [监测] DB1:5个 | 持仓:0个
[2026-04-20 10:31:51] INFO [监测] DB1:5个 | 持仓:0个
[2026-04-20 10:31:58] INFO [监测] DB1:5个 | 持仓:0个
[2026-04-20 10:32:05] INFO [监测] DB1:5个 | 持仓:0个
[2026-04-20 10:32:12] INFO [监测] DB1:5个 | 持仓:0个
[2026-04-20 10:32:19] INFO [监测] DB1:5个 | 持仓:0个
[2026-04-20 10:32:26] INFO [监测] DB1:5个 | 持仓:0个
[2026-04-20 10:32:33] INFO [监测] DB1:5个 | 持仓:0个
[2026-04-20 10:32:40] INFO [监测] DB1:5个 | 持仓:0个
[2026-04-20 10:32:47] INFO [监测] DB1:5个 | 持仓:0个
[2026-04-20 10:32:54] INFO [监测] DB1:5个 | 持仓:0个
[2026-04-20 10:33:01] INFO [监测] DB1:5个 | 持仓:0个
[2026-04-20 10:33:08] INFO [监测] DB1:5个 | 持仓:0个
[2026-04-20 10:33:15] INFO [监测] DB1:5个 | 持仓:0个
[2026-04-20 10:33:22] INFO [监测] DB1:5个 | 持仓:0个
[2026-04-20 10:33:29] INFO [监测] DB1:5个 | 持仓:0个
[2026-04-20 10:33:36] INFO [监测] DB1:5个 | 持仓:0个
[2026-04-20 10:33:43] INFO [监测] DB1:5个 | 持仓:0个
[2026-04-20 10:33:50] INFO [监测] DB1:5个 | 持仓:0个
[2026-04-20 10:33:57] INFO [监测] DB1:5个 | 持仓:0个
[2026-04-20 10:34:04] INFO [监测] DB1:5个 | 持仓:0个
[2026-04-20 10:34:11] INFO [监测] DB1:5个 | 持仓:0个
[2026-04-20 10:34:18] INFO [监测] DB1:5个 | 持仓:0个
[2026-04-20 10:34:25] INFO [监测] DB1:5个 | 持仓:0个
[2026-04-20 10:34:32] INFO [监测] DB1:5个 | 持仓:0个
[2026-04-20 10:34:39] INFO [监测] DB1:5个 | 持仓:0个
[2026-04-20 10:34:46] INFO [监测] DB1:5个 | 持仓:0个
[2026-04-20 10:34:54] INFO [监测] DB1:5个 | 持仓:0个
[2026-04-20 10:35:00] INFO [监测] DB1:5个 | 持仓:0个
[2026-04-20 10:35:08] INFO [监测] DB1:5个 | 持仓:0个
[2026-04-20 10:35:15] INFO [监测] DB1:5个 | 持仓:0个
[2026-04-20 10:35:22] INFO [监测] DB1:5个 | 持仓:0个
[2026-04-20 10:35:29] INFO [监测] DB1:5个 | 持仓:0个
[2026-04-20 10:35:36] INFO [监测] DB1:5个 | 持仓:0个
[2026-04-20 10:35:43] INFO [监测] DB1:5个 | 持仓:0个
[2026-04-20 10:35:50] INFO [监测] DB1:5个 | 持仓:0个
[2026-04-20 10:35:57] INFO [监测] DB1:5个 | 持仓:0个
[2026-04-20 10:36:04] INFO [监测] DB1:5个 | 持仓:0个
[2026-04-20 10:36:11] INFO [监测] DB1:5个 | 持仓:0个
[2026-04-20 10:36:18] INFO [监测] DB1:5个 | 持仓:0个
[2026-04-20 10:36:25] INFO [监测] DB1:5个 | 持仓:0个
[2026-04-20 10:36:32] INFO [监测] DB1:5个 | 持仓:0个
[2026-04-20 10:36:39] INFO [监测] DB1:5个 | 持仓:0个
[2026-04-20 10:36:46] INFO [监测] DB1:5个 | 持仓:0个
[2026-04-20 10:36:53] INFO [监测] DB1:5个 | 持仓:0个
[2026-04-20 10:37:00] INFO [监测] DB1:5个 | 持仓:0个
[2026-04-20 10:37:07] INFO [监测] DB1:5个 | 持仓:0个
[2026-04-20 10:37:15] INFO [监测] DB1:5个 | 持仓:0个
[2026-04-20 10:37:22] INFO [监测] DB1:5个 | 持仓:0个
[2026-04-20 10:37:28] INFO [监测] DB1:5个 | 持仓:0个
[2026-04-20 10:37:35] INFO [监测] DB1:5个 | 持仓:0个
[2026-04-20 10:37:42] INFO [监测] DB1:5个 | 持仓:0个
[2026-04-20 10:37:49] INFO [监测] DB1:5个 | 持仓:0个
[2026-04-20 10:37:56] INFO [监测] DB1:5个 | 持仓:0个
[2026-04-20 10:38:03] INFO [监测] DB1:5个 | 持仓:0个
[2026-04-20 10:38:10] INFO [监测] DB1:5个 | 持仓:0个
[2026-04-20 10:38:17] INFO [监测] DB1:5个 | 持仓:0个
[2026-04-20 10:38:24] INFO [监测] DB1:5个 | 持仓:0个
[2026-04-20 10:38:31] INFO [监测] DB1:5个 | 持仓:0个
[2026-04-20 10:38:38] INFO [监测] DB1:5个 | 持仓:0个
[2026-04-20 10:38:45] INFO [监测] DB1:5个 | 持仓:0个
[2026-04-20 10:38:52] INFO [监测] DB1:5个 | 持仓:0个
[2026-04-20 10:38:59] INFO [监测] DB1:5个 | 持仓:0个
[2026-04-20 10:39:06] INFO [监测] DB1:5个 | 持仓:0个
[2026-04-20 10:39:13] INFO [监测] DB1:5个 | 持仓:0个
[2026-04-20 10:39:20] INFO [监测] DB1:5个 | 持仓:0个
Traceback (most recent call last):
  File "/root/.openclaw/workspace/futures_scanner.py", line 639, in <module>
    if __name__ == '__main__': main()
                               ^^^^^^
  File "/root/.openclaw/workspace/futures_scanner.py", line 636, in main
    elif mode == '--monitor': monitor_loop()
                              ^^^^^^^^^^^^^^
  File "/root/.openclaw/workspace/futures_scanner.py", line 603, in monitor_loop
    f"MACD hist: {ih5:.5f if ih5 else 'N/A'}\n"
                 ^^^^^^^^^^^^^^^^^^^^^^^^^^^
ValueError: Invalid format specifier '.5f if ih5 else 'N/A'' for object of type 'float'
[2026-04-20 10:46:41] INFO 🚀 v4 启动: 5秒监测+移动止盈
[2026-04-20 10:46:41] INFO [监测] DB1:6个 | 持仓:0个
[2026-04-20 10:46:48] INFO [监测] DB1:6个 | 持仓:0个
[2026-04-20 10:46:56] INFO [监测] DB1:6个 | 持仓:0个
[2026-04-20 10:47:03] INFO [监测] DB1:6个 | 持仓:0个
[2026-04-20 10:47:11] INFO [监测] DB1:6个 | 持仓:0个
[2026-04-20 10:47:19] INFO [监测] DB1:6个 | 持仓:0个
[2026-04-20 10:47:22] INFO 杠杆设置: BLURUSDT 10x (isolated)
Traceback (most recent call last):
  File "/root/.openclaw/workspace/futures_scanner.py", line 658, in <module>
    if __name__ == '__main__': main()
                               ^^^^^^
  File "/root/.openclaw/workspace/futures_scanner.py", line 655, in main
    elif mode == '--monitor': monitor_loop()
                              ^^^^^^^^^^^^^^
  File "/root/.openclaw/workspace/futures_scanner.py", line 622, in monitor_loop
    f"MACD hist: {ih5:.5f if ih5 else 'N/A'}\n"
                 ^^^^^^^^^^^^^^^^^^^^^^^^^^^
ValueError: Invalid format specifier '.5f if ih5 else 'N/A'' for object of type 'float'
[2026-04-20 10:49:00] INFO 🚀 v4 启动: 5秒监测+移动止盈
[2026-04-20 10:49:00] INFO [监测] DB1:6个 | 持仓:0个
[2026-04-20 10:49:07] INFO [监测] DB1:6个 | 持仓:0个
[2026-04-20 10:49:14] INFO [监测] DB1:6个 | 持仓:0个
[2026-04-20 10:49:21] INFO [监测] DB1:6个 | 持仓:0个
[2026-04-20 10:49:28] INFO [监测] DB1:6个 | 持仓:0个
[2026-04-20 10:49:35] INFO [监测] DB1:6个 | 持仓:0个
[2026-04-20 10:49:42] INFO [监测] DB1:6个 | 持仓:0个
[2026-04-20 10:49:50] INFO [监测] DB1:6个 | 持仓:0个
[2026-04-20 10:49:57] INFO [监测] DB1:6个 | 持仓:0个
[2026-04-20 10:50:04] INFO [监测] DB1:6个 | 持仓:0个
[2026-04-20 10:50:11] INFO [监测] DB1:6个 | 持仓:0个
[2026-04-20 10:50:19] INFO [监测] DB1:6个 | 持仓:0个
[2026-04-20 10:50:26] INFO [监测] DB1:6个 | 持仓:0个
[2026-04-20 10:50:33] INFO [监测] DB1:6个 | 持仓:0个
[2026-04-20 10:50:40] INFO [监测] DB1:6个 | 持仓:0个
[2026-04-20 10:50:47] INFO [监测] DB1:6个 | 持仓:0个
[2026-04-20 10:50:54] INFO [监测] DB1:6个 | 持仓:0个
[2026-04-20 10:51:01] INFO [监测] DB1:6个 | 持仓:0个
[2026-04-20 10:51:08] INFO [监测] DB1:6个 | 持仓:0个
[2026-04-20 10:51:15] INFO [监测] DB1:6个 | 持仓:0个
[2026-04-20 10:51:23] INFO [监测] DB1:6个 | 持仓:0个
[2026-04-20 10:51:30] INFO [监测] DB1:6个 | 持仓:0个
[2026-04-20 10:51:37] INFO [监测] DB1:6个 | 持仓:0个
[2026-04-20 10:51:44] INFO [监测] DB1:6个 | 持仓:0个
[2026-04-20 10:51:51] INFO [监测] DB1:6个 | 持仓:0个
[2026-04-20 10:51:58] INFO [监测] DB1:6个 | 持仓:0个
[2026-04-20 10:52:05] INFO [监测] DB1:6个 | 持仓:0个
[2026-04-20 10:52:12] INFO [监测] DB1:6个 | 持仓:0个
[2026-04-20 10:52:19] INFO [监测] DB1:6个 | 持仓:0个
[2026-04-20 10:52:27] INFO [监测] DB1:6个 | 持仓:0个
[2026-04-20 10:52:34] INFO [监测] DB1:6个 | 持仓:0个
[2026-04-20 10:52:42] INFO [监测] DB1:6个 | 持仓:0个
[2026-04-20 10:52:44] INFO 杠杆设置: BLURUSDT 10x (isolated)
[2026-04-20 10:52:44] INFO 📤 告警入队: 📈 🔴做空 开仓: BLURUSDT
[2026-04-20 10:52:44] WARNING 🚨 🔴做空 开仓: BLURUSDT @$0.03218
Traceback (most recent call last):
  File "/root/.openclaw/workspace/futures_scanner.py", line 658, in <module>
    if __name__ == '__main__': main()
                               ^^^^^^
  File "/root/.openclaw/workspace/futures_scanner.py", line 655, in main
    elif mode == '--monitor': monitor_loop()
                              ^^^^^^^^^^^^^^
  File "/root/.openclaw/workspace/futures_scanner.py", line 640, in monitor_loop
    'leverage': LEVERAGE, 'margin': adj_position_size,
                                    ^^^^^^^^^^^^^^^^^
NameError: name 'adj_position_size' is not defined. Did you mean: 'get_position_size'?
[2026-04-20 10:54:27] INFO 🚀 v4 启动: 5秒监测+移动止盈
[2026-04-20 10:54:27] INFO [监测] DB1:6个 | 持仓:0个
[2026-04-20 10:54:34] INFO [监测] DB1:6个 | 持仓:0个
[2026-04-20 10:54:41] INFO [监测] DB1:6个 | 持仓:0个
[2026-04-20 10:54:48] INFO [监测] DB1:6个 | 持仓:0个
[2026-04-20 10:54:55] INFO [监测] DB1:6个 | 持仓:0个
[2026-04-20 10:55:02] INFO [监测] DB1:6个 | 持仓:0个
[2026-04-20 10:55:09] INFO [监测] DB1:6个 | 持仓:0个
[2026-04-20 10:55:16] INFO [监测] DB1:6个 | 持仓:0个
[2026-04-20 10:55:23] INFO [监测] DB1:6个 | 持仓:0个
[2026-04-20 10:55:30] INFO [监测] DB1:6个 | 持仓:0个
[2026-04-20 10:55:37] INFO [监测] DB1:6个 | 持仓:0个
[2026-04-20 10:55:44] INFO [监测] DB1:6个 | 持仓:0个
[2026-04-20 10:55:51] INFO [监测] DB1:6个 | 持仓:0个
[2026-04-20 10:55:58] INFO [监测] DB1:6个 | 持仓:0个
[2026-04-20 10:56:05] INFO [监测] DB1:6个 | 持仓:0个
[2026-04-20 10:56:12] INFO [监测] DB1:6个 | 持仓:0个
[2026-04-20 10:56:20] INFO [监测] DB1:6个 | 持仓:0个
[2026-04-20 10:56:27] INFO [监测] DB1:6个 | 持仓:0个
[2026-04-20 10:56:34] INFO [监测] DB1:6个 | 持仓:0个
[2026-04-20 10:56:41] INFO [监测] DB1:6个 | 持仓:0个
[2026-04-20 10:56:48] INFO [监测] DB1:6个 | 持仓:0个
[2026-04-20 10:56:55] INFO [监测] DB1:6个 | 持仓:0个
[2026-04-20 10:57:02] INFO [监测] DB1:6个 | 持仓:0个
[2026-04-20 10:57:09] INFO [监测] DB1:6个 | 持仓:0个
[2026-04-20 10:57:17] INFO [监测] DB1:6个 | 持仓:0个
[2026-04-20 10:57:24] INFO [监测] DB1:6个 | 持仓:0个
[2026-04-20 10:57:31] INFO [监测] DB1:6个 | 持仓:0个
[2026-04-20 10:57:38] INFO [监测] DB1:6个 | 持仓:0个
[2026-04-20 10:57:45] INFO [监测] DB1:6个 | 持仓:0个
[2026-04-20 10:57:52] INFO [监测] DB1:6个 | 持仓:0个
[2026-04-20 10:58:00] INFO [监测] DB1:6个 | 持仓:0个
[2026-04-20 10:58:08] INFO [监测] DB1:6个 | 持仓:0个
[2026-04-20 10:58:15] INFO [监测] DB1:6个 | 持仓:0个
[2026-04-20 10:58:23] INFO [监测] DB1:6个 | 持仓:0个
[2026-04-20 10:58:30] INFO [监测] DB1:6个 | 持仓:0个
[2026-04-20 10:58:38] INFO [监测] DB1:6个 | 持仓:0个
[2026-04-20 10:58:46] INFO [监测] DB1:6个 | 持仓:0个
[2026-04-20 10:58:53] INFO [监测] DB1:6个 | 持仓:0个
[2026-04-20 10:59:01] INFO [监测] DB1:6个 | 持仓:0个
[2026-04-20 10:59:08] INFO [监测] DB1:6个 | 持仓:0个
[2026-04-20 10:59:16] INFO [监测] DB1:6个 | 持仓:0个
[2026-04-20 10:59:23] INFO [监测] DB1:6个 | 持仓:0个
[2026-04-20 10:59:31] INFO [监测] DB1:6个 | 持仓:0个
[2026-04-20 10:59:38] INFO [监测] DB1:6个 | 持仓:0个
[2026-04-20 10:59:46] INFO [监测] DB1:6个 | 持仓:0个
[2026-04-20 10:59:53] INFO [监测] DB1:6个 | 持仓:0个
[2026-04-20 11:00:01] INFO [监测] DB1:6个 | 持仓:0个
[2026-04-20 11:00:10] INFO [监测] DB1:6个 | 持仓:0个
[2026-04-20 11:00:17] INFO [监测] DB1:6个 | 持仓:0个
[2026-04-20 11:00:25] INFO [监测] DB1:6个 | 持仓:0个
[2026-04-20 11:00:32] INFO [监测] DB1:6个 | 持仓:0个
[2026-04-20 11:00:40] INFO [监测] DB1:6个 | 持仓:0个
[2026-04-20 11:00:47] INFO [监测] DB1:6个 | 持仓:0个
[2026-04-20 11:00:55] INFO [监测] DB1:6个 | 持仓:0个
[2026-04-20 11:01:02] INFO [监测] DB1:6个 | 持仓:0个
[2026-04-20 11:01:10] INFO [监测] DB1:6个 | 持仓:0个
[2026-04-20 11:01:17] INFO [监测] DB1:6个 | 持仓:0个
[2026-04-20 11:01:26] INFO [监测] DB1:6个 | 持仓:0个
[2026-04-20 11:01:33] INFO [监测] DB1:6个 | 持仓:0个
[2026-04-20 11:01:41] INFO [监测] DB1:6个 | 持仓:0个
[2026-04-20 11:01:48] INFO [监测] DB1:6个 | 持仓:0个
[2026-04-20 11:01:56] INFO [监测] DB1:6个 | 持仓:0个
[2026-04-20 11:02:03] INFO [监测] DB1:6个 | 持仓:0个
[2026-04-20 11:02:11] INFO [监测] DB1:6个 | 持仓:0个
[2026-04-20 11:02:19] INFO [监测] DB1:6个 | 持仓:0个
[2026-04-20 11:02:26] INFO [监测] DB1:6个 | 持仓:0个
[2026-04-20 11:02:33] INFO [监测] DB1:6个 | 持仓:0个
[2026-04-20 11:02:41] INFO [监测] DB1:6个 | 持仓:0个
[2026-04-20 11:02:48] INFO [监测] DB1:6个 | 持仓:0个
[2026-04-20 11:02:56] INFO [监测] DB1:6个 | 持仓:0个
[2026-04-20 11:03:03] INFO [监测] DB1:6个 | 持仓:0个
[2026-04-20 11:03:10] INFO [监测] DB1:6个 | 持仓:0个
[2026-04-20 11:03:18] INFO [监测] DB1:6个 | 持仓:0个
[2026-04-20 11:03:25] INFO [监测] DB1:6个 | 持仓:0个
[2026-04-20 11:03:33] INFO [监测] DB1:6个 | 持仓:0个
[2026-04-20 11:03:40] INFO [监测] DB1:6个 | 持仓:0个
[2026-04-20 11:03:48] INFO [监测] DB1:6个 | 持仓:0个
[2026-04-20 11:03:55] INFO [监测] DB1:6个 | 持仓:0个
[2026-04-20 11:04:03] INFO [监测] DB1:6个 | 持仓:0个
[2026-04-20 11:04:10] INFO [监测] DB1:6个 | 持仓:0个
[2026-04-20 11:04:18] INFO [监测] DB1:6个 | 持仓:0个
[2026-04-20 11:04:25] INFO [监测] DB1:6个 | 持仓:0个
[2026-04-20 11:04:33] INFO [监测] DB1:6个 | 持仓:0个
[2026-04-20 11:04:40] INFO [监测] DB1:6个 | 持仓:0个
[2026-04-20 11:04:48] INFO [监测] DB1:6个 | 持仓:0个
[2026-04-20 11:04:55] INFO [监测] DB1:6个 | 持仓:0个
[2026-04-20 11:05:03] INFO [监测] DB1:6个 | 持仓:0个
[2026-04-20 11:05:11] INFO [监测] DB1:6个 | 持仓:0个
[2026-04-20 11:05:18] INFO [监测] DB1:6个 | 持仓:0个
[2026-04-20 11:05:26] INFO [监测] DB1:6个 | 持仓:0个
[2026-04-20 11:05:33] INFO [监测] DB1:6个 | 持仓:0个
[2026-04-20 11:05:41] INFO [监测] DB1:6个 | 持仓:0个
[2026-04-20 11:05:48] INFO [监测] DB1:6个 | 持仓:0个
[2026-04-20 11:05:56] INFO [监测] DB1:6个 | 持仓:0个
[2026-04-20 11:06:04] INFO [监测] DB1:6个 | 持仓:0个
[2026-04-20 11:06:11] INFO [监测] DB1:6个 | 持仓:0个
[2026-04-20 11:06:19] INFO [监测] DB1:6个 | 持仓:0个
[2026-04-20 11:06:26] INFO [监测] DB1:6个 | 持仓:0个
[2026-04-20 11:06:34] INFO [监测] DB1:6个 | 持仓:0个
[2026-04-20 11:06:41] INFO [监测] DB1:6个 | 持仓:0个
[2026-04-20 11:06:48] INFO [监测] DB1:6个 | 持仓:0个
[2026-04-20 11:06:56] INFO [监测] DB1:6个 | 持仓:0个
[2026-04-20 11:07:04] INFO [监测] DB1:6个 | 持仓:0个
[2026-04-20 11:07:11] INFO 🚀 v4 启动: 5秒监测+移动止盈
[2026-04-20 11:07:11] INFO [监测] DB1:6个 | 持仓:0个
[2026-04-20 11:07:18] INFO [监测] DB1:6个 | 持仓:0个
[2026-04-20 11:07:27] INFO [监测] DB1:6个 | 持仓:0个
[2026-04-20 11:07:34] INFO [监测] DB1:6个 | 持仓:0个
[2026-04-20 11:07:42] INFO [监测] DB1:6个 | 持仓:0个
[2026-04-20 11:07:49] INFO [监测] DB1:6个 | 持仓:0个
[2026-04-20 11:07:57] INFO [监测] DB1:6个 | 持仓:0个
[2026-04-20 11:08:04] INFO [监测] DB1:6个 | 持仓:0个
[2026-04-20 11:08:12] INFO [监测] DB1:6个 | 持仓:0个
[2026-04-20 11:08:20] INFO [监测] DB1:6个 | 持仓:0个
[2026-04-20 11:08:27] INFO [监测] DB1:6个 | 持仓:0个
[2026-04-20 11:08:35] INFO [监测] DB1:6个 | 持仓:0个
[2026-04-20 11:08:43] INFO [监测] DB1:6个 | 持仓:0个
[2026-04-20 11:08:50] INFO [监测] DB1:6个 | 持仓:0个
[2026-04-20 11:08:58] INFO [监测] DB1:6个 | 持仓:0个
[2026-04-20 11:09:06] INFO [监测] DB1:6个 | 持仓:0个
[2026-04-20 11:09:14] INFO [监测] DB1:6个 | 持仓:0个
[2026-04-20 11:09:22] INFO [监测] DB1:6个 | 持仓:0个
[2026-04-20 11:09:29] INFO [监测] DB1:6个 | 持仓:0个
[2026-04-20 11:09:37] INFO [监测] DB1:6个 | 持仓:0个
[2026-04-20 11:09:44] INFO [监测] DB1:6个 | 持仓:0个
[2026-04-20 11:09:52] INFO [监测] DB1:6个 | 持仓:0个
[2026-04-20 11:09:59] INFO [监测] DB1:6个 | 持仓:0个
[2026-04-20 11:10:06] INFO [监测] DB1:6个 | 持仓:0个
[2026-04-20 11:10:14] INFO [监测] DB1:6个 | 持仓:0个
[2026-04-20 11:10:21] INFO [监测] DB1:6个 | 持仓:0个
[2026-04-20 11:10:29] INFO [监测] DB1:6个 | 持仓:0个
