[2026-04-18 20:52:19] 📋 ========================================
[2026-04-18 20:52:19] 🔍 ① 检查进程运行状态
[2026-04-18 20:52:19] ✅   ✅ ETH合约机器人: 运行中
[2026-04-18 20:52:19] ✅   ✅ 美股机器人: 运行中
[2026-04-18 20:52:19]         PID: ['1164410', '1164421']
[2026-04-18 20:52:19]         PID: ['874155', '874157']
[2026-04-18 20:52:19] 📋 ========================================
[2026-04-18 20:52:19] 🔍 ② 检查API接口
[2026-04-18 20:52:20] ✅   ✅ 美股_批量行情: 正常
[2026-04-18 20:52:20] ✅   ✅ 美股_账户资产: 正常
[2026-04-18 20:52:20] ✅   ✅ ETH合约_行情: 正常
[2026-04-18 20:52:20] ✅   ✅ ETH合约_账户: 正常
[2026-04-18 20:52:20] ❌   ❌ ETH合约_K线: API错误 400171: Parameter verification failed k-line time range  should be [1m,3m,5m,15m,30m,1H,4H,6H,12H,1D,1W,1M,6Hutc,12Hutc,1Dutc,3Dutc,1Wutc,1Mutc]
[2026-04-18 20:52:20] 📋 ========================================
[2026-04-18 20:52:20] 🔍 ③ 检查数据类型隐患
[2026-04-18 20:52:21] ⚠️   ⚠️ 发现 1 个类型隐患
[2026-04-18 20:52:21] ⚠️      - eth_futures_trader.py: lastPr 返回字符串类型: '2356.36'，数学运算会报错
[2026-04-18 20:52:21] 📋 ========================================
[2026-04-18 20:52:21] 🔧 ④ 执行自动修复
[2026-04-18 20:52:21] ⚠️   ⚠️ 未找到修复目标: get_ticker\(\)\['lastPr'\]
[2026-04-18 20:52:21] ✅   ✅ 无需修复，检查完成
[2026-04-18 20:52:21] 📋 ========================================
[2026-04-18 20:52:21] 📊 检查完成 | 进程:✅ 美股:✅ ETH合约:✅ | API:4/5 正常 | 修复:0 个
[2026-04-18 20:53:48] 📋 ========================================
[2026-04-18 20:53:48] 🔍 ① 检查进程运行状态
[2026-04-18 20:53:48] ✅   ✅ ETH合约机器人: 运行中
[2026-04-18 20:53:48] ✅   ✅ 美股机器人: 运行中
[2026-04-18 20:53:48]         PID: ['1164410', '1164421']
[2026-04-18 20:53:48]         PID: ['874155', '874157']
[2026-04-18 20:53:48] 📋 ========================================
[2026-04-18 20:53:48] 🔍 ② 检查API接口
[2026-04-18 20:53:49] ✅   ✅ 美股_批量行情: 正常
[2026-04-18 20:53:49] ✅   ✅ 美股_账户资产: 正常
[2026-04-18 20:53:49] ✅   ✅ ETH合约_行情: 正常
[2026-04-18 20:53:49] ✅   ✅ ETH合约_账户: 正常
[2026-04-18 20:53:49] ✅   ✅ ETH合约_K线: 正常
[2026-04-18 20:53:49] 📋 ========================================
[2026-04-18 20:53:49] 🔍 ③ 检查数据类型隐患
[2026-04-18 20:53:49] ✅   ✅ 未发现类型隐患
[2026-04-18 20:53:49] ✅   ✅ 无需修复，检查完成
[2026-04-18 20:53:49] 📋 ========================================
[2026-04-18 20:53:49] 📊 检查完成 | 进程:✅ 美股:✅ ETH合约:✅ | API:5/5 正常 | 修复:0 个
[2026-04-18 20:59:39] 📋 ========================================
[2026-04-18 20:59:39] 🔍 ① 检查进程运行状态
[2026-04-18 20:59:40] ✅   ✅ ETH合约机器人: 运行中
[2026-04-18 20:59:40] ✅   ✅ 美股机器人: 运行中
[2026-04-18 20:59:40]         PID: ['1164410', '1164421']
[2026-04-18 20:59:40]         PID: ['874155', '874157']
[2026-04-18 20:59:40] 📋 ========================================
[2026-04-18 20:59:40] 🔍 ② 检查API接口
[2026-04-18 20:59:41] ✅   ✅ 美股_批量行情: 正常
[2026-04-18 20:59:41] ✅   ✅ 美股_账户资产: 正常
[2026-04-18 20:59:41] ✅   ✅ ETH合约_行情: 正常
[2026-04-18 20:59:41] ✅   ✅ ETH合约_账户: 正常
[2026-04-18 20:59:41] ✅   ✅ ETH合约_K线: 正常
[2026-04-18 20:59:41] 📋 ========================================
[2026-04-18 20:59:41] 🔍 ③ 检查数据类型隐患
[2026-04-18 20:59:41] ✅   ✅ 未发现类型隐患
[2026-04-18 20:59:41] ✅   ✅ 无需修复，检查完成
[2026-04-18 20:59:41] 📋 ========================================
[2026-04-18 20:59:41] 📊 检查完成 | 进程:✅ 美股:✅ ETH合约:✅ | API:5/5 正常 | 修复:0 个
[2026-04-18 21:00:02] 📋 ========================================
[2026-04-18 21:00:02] 🔍 ① 检查进程运行状态
[2026-04-18 21:00:02] ✅   ✅ ETH合约机器人: 运行中
[2026-04-18 21:00:02] ✅   ✅ 美股机器人: 运行中
[2026-04-18 21:00:02]         PID: ['1164410', '1164421']
[2026-04-18 21:00:02]         PID: ['874155', '874157']
[2026-04-18 21:00:02] 📋 ========================================
[2026-04-18 21:00:02] 🔍 ② 检查API接口
[2026-04-18 21:00:04] ✅   ✅ 美股_批量行情: 正常
[2026-04-18 21:00:04] ✅   ✅ 美股_账户资产: 正常
[2026-04-18 21:00:04] ✅   ✅ ETH合约_行情: 正常
[2026-04-18 21:00:04] ✅   ✅ ETH合约_账户: 正常
[2026-04-18 21:00:04] ✅   ✅ ETH合约_K线: 正常
[2026-04-18 21:00:04] 📋 ========================================
[2026-04-18 21:00:04] 🔍 ③ 检查数据类型隐患
[2026-04-18 21:00:04] ✅   ✅ 未发现类型隐患
[2026-04-18 21:00:04] ✅   ✅ 无需修复，检查完成
[2026-04-18 21:00:04] 📋 ========================================
[2026-04-18 21:00:04] 📊 检查完成 | 进程:✅ 美股:✅ ETH合约:✅ | API:5/5 正常 | 修复:0 个
[2026-04-18 21:30:02] 📋 ========================================
[2026-04-18 21:30:02] 🔍 ① 检查进程运行状态
[2026-04-18 21:30:02] ✅   ✅ ETH合约机器人: 运行中
[2026-04-18 21:30:02] ✅   ✅ 美股机器人: 运行中
[2026-04-18 21:30:02]         PID: ['1164410', '1164421']
[2026-04-18 21:30:02]         PID: ['874155', '874157']
[2026-04-18 21:30:02] 📋 ========================================
[2026-04-18 21:30:02] 🔍 ② 检查API接口
[2026-04-18 21:30:06] ✅   ✅ 美股_批量行情: 正常
[2026-04-18 21:30:06] ✅   ✅ 美股_账户资产: 正常
[2026-04-18 21:30:06] ✅   ✅ ETH合约_行情: 正常
[2026-04-18 21:30:06] ✅   ✅ ETH合约_账户: 正常
[2026-04-18 21:30:06] ✅   ✅ ETH合约_K线: 正常
[2026-04-18 21:30:06] 📋 ========================================
[2026-04-18 21:30:06] 🔍 ③ 检查数据类型隐患
[2026-04-18 21:30:06] ✅   ✅ 未发现类型隐患
[2026-04-18 21:30:06] ✅   ✅ 无需修复，检查完成
[2026-04-18 21:30:06] 📋 ========================================
[2026-04-18 21:30:06] 📊 检查完成 | 进程:✅ 美股:✅ ETH合约:✅ | API:5/5 正常 | 修复:0 个
[2026-04-18 22:00:03] 📋 ========================================
[2026-04-18 22:00:03] 🔍 ① 检查进程运行状态
[2026-04-18 22:00:04] ✅   ✅ ETH合约机器人: 运行中
[2026-04-18 22:00:04] ✅   ✅ 美股机器人: 运行中
[2026-04-18 22:00:04]         PID: ['1164410', '1164421']
[2026-04-18 22:00:04]         PID: ['874155', '874157']
[2026-04-18 22:00:04] 📋 ========================================
[2026-04-18 22:00:04] 🔍 ② 检查API接口
[2026-04-18 22:00:08] ✅   ✅ 美股_批量行情: 正常
[2026-04-18 22:00:08] ✅   ✅ 美股_账户资产: 正常
[2026-04-18 22:00:08] ✅   ✅ ETH合约_行情: 正常
[2026-04-18 22:00:08] ✅   ✅ ETH合约_账户: 正常
[2026-04-18 22:00:08] ✅   ✅ ETH合约_K线: 正常
[2026-04-18 22:00:08] 📋 ========================================
[2026-04-18 22:00:08] 🔍 ③ 检查数据类型隐患
[2026-04-18 22:00:08] ✅   ✅ 未发现类型隐患
[2026-04-18 22:00:08] ✅   ✅ 无需修复，检查完成
[2026-04-18 22:00:08] 📋 ========================================
[2026-04-18 22:00:08] 📊 检查完成 | 进程:✅ 美股:✅ ETH合约:✅ | API:5/5 正常 | 修复:0 个
[2026-04-18 22:30:02] 📋 ========================================
[2026-04-18 22:30:02] 🔍 ① 检查进程运行状态
[2026-04-18 22:30:02] ✅   ✅ ETH合约机器人: 运行中
[2026-04-18 22:30:02] ✅   ✅ 美股机器人: 运行中
[2026-04-18 22:30:02]         PID: ['1164410', '1164421']
[2026-04-18 22:30:02]         PID: ['874155', '874157']
[2026-04-18 22:30:02] 📋 ========================================
[2026-04-18 22:30:02] 🔍 ② 检查API接口
[2026-04-18 22:30:05] ✅   ✅ 美股_批量行情: 正常
[2026-04-18 22:30:05] ✅   ✅ 美股_账户资产: 正常
[2026-04-18 22:30:05] ✅   ✅ ETH合约_行情: 正常
[2026-04-18 22:30:05] ✅   ✅ ETH合约_账户: 正常
[2026-04-18 22:30:05] ✅   ✅ ETH合约_K线: 正常
[2026-04-18 22:30:05] 📋 ========================================
[2026-04-18 22:30:05] 🔍 ③ 检查数据类型隐患
[2026-04-18 22:30:05] ✅   ✅ 未发现类型隐患
[2026-04-18 22:30:05] ✅   ✅ 无需修复，检查完成
[2026-04-18 22:30:05] 📋 ========================================
[2026-04-18 22:30:05] 📊 检查完成 | 进程:✅ 美股:✅ ETH合约:✅ | API:5/5 正常 | 修复:0 个
[2026-04-18 23:00:02] 📋 ========================================
[2026-04-18 23:00:02] 🔍 ① 检查进程运行状态
[2026-04-18 23:00:02] ✅   ✅ ETH合约机器人: 运行中
[2026-04-18 23:00:02] ✅   ✅ 美股机器人: 运行中
[2026-04-18 23:00:02]         PID: ['1164410', '1164421']
[2026-04-18 23:00:02]         PID: ['874155', '874157']
[2026-04-18 23:00:02] 📋 ========================================
[2026-04-18 23:00:02] 🔍 ② 检查API接口
[2026-04-18 23:00:06] ✅   ✅ 美股_批量行情: 正常
[2026-04-18 23:00:06] ✅   ✅ 美股_账户资产: 正常
[2026-04-18 23:00:06] ✅   ✅ ETH合约_行情: 正常
[2026-04-18 23:00:06] ✅   ✅ ETH合约_账户: 正常
[2026-04-18 23:00:06] ✅   ✅ ETH合约_K线: 正常
[2026-04-18 23:00:06] 📋 ========================================
[2026-04-18 23:00:06] 🔍 ③ 检查数据类型隐患
[2026-04-18 23:00:06] ✅   ✅ 未发现类型隐患
[2026-04-18 23:00:06] ✅   ✅ 无需修复，检查完成
[2026-04-18 23:00:06] 📋 ========================================
[2026-04-18 23:00:06] 📊 检查完成 | 进程:✅ 美股:✅ ETH合约:✅ | API:5/5 正常 | 修复:0 个
[2026-04-18 23:30:01] 📋 ========================================
[2026-04-18 23:30:01] 🔍 ① 检查进程运行状态
[2026-04-18 23:30:02] ✅   ✅ ETH合约机器人: 运行中
[2026-04-18 23:30:02] ✅   ✅ 美股机器人: 运行中
[2026-04-18 23:30:02]         PID: ['1164410', '1164421']
[2026-04-18 23:30:02]         PID: ['874155', '874157']
[2026-04-18 23:30:02] 📋 ========================================
[2026-04-18 23:30:02] 🔍 ② 检查API接口
[2026-04-18 23:30:05] ✅   ✅ 美股_批量行情: 正常
[2026-04-18 23:30:05] ✅   ✅ 美股_账户资产: 正常
[2026-04-18 23:30:05] ✅   ✅ ETH合约_行情: 正常
[2026-04-18 23:30:05] ✅   ✅ ETH合约_账户: 正常
[2026-04-18 23:30:05] ✅   ✅ ETH合约_K线: 正常
[2026-04-18 23:30:05] 📋 ========================================
[2026-04-18 23:30:05] 🔍 ③ 检查数据类型隐患
[2026-04-18 23:30:05] ✅   ✅ 未发现类型隐患
[2026-04-18 23:30:05] ✅   ✅ 无需修复，检查完成
[2026-04-18 23:30:05] 📋 ========================================
[2026-04-18 23:30:05] 📊 检查完成 | 进程:✅ 美股:✅ ETH合约:✅ | API:5/5 正常 | 修复:0 个
[2026-04-19 00:00:02] 📋 ========================================
[2026-04-19 00:00:02] 🔍 ① 检查进程运行状态
[2026-04-19 00:00:03] ✅   ✅ ETH合约机器人: 运行中
[2026-04-19 00:00:03] ✅   ✅ 美股机器人: 运行中
[2026-04-19 00:00:03]         PID: ['1164410', '1164421']
[2026-04-19 00:00:03]         PID: ['874155', '874157']
[2026-04-19 00:00:03] 📋 ========================================
[2026-04-19 00:00:03] 🔍 ② 检查API接口
[2026-04-19 00:00:10] ✅   ✅ 美股_批量行情: 正常
[2026-04-19 00:00:10] ✅   ✅ 美股_账户资产: 正常
[2026-04-19 00:00:10] ✅   ✅ ETH合约_行情: 正常
[2026-04-19 00:00:10] ✅   ✅ ETH合约_账户: 正常
[2026-04-19 00:00:10] ✅   ✅ ETH合约_K线: 正常
[2026-04-19 00:00:10] 📋 ========================================
[2026-04-19 00:00:10] 🔍 ③ 检查数据类型隐患
[2026-04-19 00:00:10] ✅   ✅ 未发现类型隐患
[2026-04-19 00:00:10] ✅   ✅ 无需修复，检查完成
[2026-04-19 00:00:10] 📋 ========================================
[2026-04-19 00:00:10] 📊 检查完成 | 进程:✅ 美股:✅ ETH合约:✅ | API:5/5 正常 | 修复:0 个
[2026-04-19 00:30:02] 📋 ========================================
[2026-04-19 00:30:02] 🔍 ① 检查进程运行状态
[2026-04-19 00:30:02] ✅   ✅ ETH合约机器人: 运行中
[2026-04-19 00:30:02] ✅   ✅ 美股机器人: 运行中
[2026-04-19 00:30:02]         PID: ['1164410', '1164421']
[2026-04-19 00:30:02]         PID: ['874155', '874157']
[2026-04-19 00:30:02] 📋 ========================================
[2026-04-19 00:30:02] 🔍 ② 检查API接口
[2026-04-19 00:30:05] ✅   ✅ 美股_批量行情: 正常
[2026-04-19 00:30:05] ✅   ✅ 美股_账户资产: 正常
[2026-04-19 00:30:05] ✅   ✅ ETH合约_行情: 正常
[2026-04-19 00:30:05] ✅   ✅ ETH合约_账户: 正常
[2026-04-19 00:30:05] ✅   ✅ ETH合约_K线: 正常
[2026-04-19 00:30:05] 📋 ========================================
[2026-04-19 00:30:05] 🔍 ③ 检查数据类型隐患
[2026-04-19 00:30:05] ✅   ✅ 未发现类型隐患
[2026-04-19 00:30:05] ✅   ✅ 无需修复，检查完成
[2026-04-19 00:30:05] 📋 ========================================
[2026-04-19 00:30:05] 📊 检查完成 | 进程:✅ 美股:✅ ETH合约:✅ | API:5/5 正常 | 修复:0 个
[2026-04-19 01:00:01] 📋 ========================================
[2026-04-19 01:00:01] 🔍 ① 检查进程运行状态
[2026-04-19 01:00:02] ✅   ✅ ETH合约机器人: 运行中
[2026-04-19 01:00:02] ✅   ✅ 美股机器人: 运行中
[2026-04-19 01:00:02]         PID: ['1164410', '1164421']
[2026-04-19 01:00:02]         PID: ['874155', '874157']
[2026-04-19 01:00:02] 📋 ========================================
[2026-04-19 01:00:02] 🔍 ② 检查API接口
[2026-04-19 01:00:04] ✅   ✅ 美股_批量行情: 正常
[2026-04-19 01:00:04] ✅   ✅ 美股_账户资产: 正常
[2026-04-19 01:00:04] ✅   ✅ ETH合约_行情: 正常
[2026-04-19 01:00:04] ✅   ✅ ETH合约_账户: 正常
[2026-04-19 01:00:04] ✅   ✅ ETH合约_K线: 正常
[2026-04-19 01:00:04] 📋 ========================================
[2026-04-19 01:00:04] 🔍 ③ 检查数据类型隐患
[2026-04-19 01:00:04] ✅   ✅ 未发现类型隐患
[2026-04-19 01:00:04] ✅   ✅ 无需修复，检查完成
[2026-04-19 01:00:04] 📋 ========================================
[2026-04-19 01:00:04] 📊 检查完成 | 进程:✅ 美股:✅ ETH合约:✅ | API:5/5 正常 | 修复:0 个
[2026-04-19 01:30:01] 📋 ========================================
[2026-04-19 01:30:01] 🔍 ① 检查进程运行状态
[2026-04-19 01:30:01] ✅   ✅ ETH合约机器人: 运行中
[2026-04-19 01:30:01] ✅   ✅ 美股机器人: 运行中
[2026-04-19 01:30:01]         PID: ['1164410', '1164421']
[2026-04-19 01:30:01]         PID: ['874155', '874157']
[2026-04-19 01:30:01] 📋 ========================================
[2026-04-19 01:30:01] 🔍 ② 检查API接口
[2026-04-19 01:30:04] ✅   ✅ 美股_批量行情: 正常
[2026-04-19 01:30:04] ✅   ✅ 美股_账户资产: 正常
[2026-04-19 01:30:04] ✅   ✅ ETH合约_行情: 正常
[2026-04-19 01:30:04] ✅   ✅ ETH合约_账户: 正常
[2026-04-19 01:30:04] ✅   ✅ ETH合约_K线: 正常
[2026-04-19 01:30:04] 📋 ========================================
[2026-04-19 01:30:04] 🔍 ③ 检查数据类型隐患
[2026-04-19 01:30:04] ✅   ✅ 未发现类型隐患
[2026-04-19 01:30:04] ✅   ✅ 无需修复，检查完成
[2026-04-19 01:30:04] 📋 ========================================
[2026-04-19 01:30:04] 📊 检查完成 | 进程:✅ 美股:✅ ETH合约:✅ | API:5/5 正常 | 修复:0 个
[2026-04-19 02:00:02] 📋 ========================================
[2026-04-19 02:00:02] 🔍 ① 检查进程运行状态
[2026-04-19 02:00:02] ✅   ✅ ETH合约机器人: 运行中
[2026-04-19 02:00:02] ✅   ✅ 美股机器人: 运行中
[2026-04-19 02:00:02]         PID: ['1164410', '1164421']
[2026-04-19 02:00:02]         PID: ['874155', '874157']
[2026-04-19 02:00:02] 📋 ========================================
[2026-04-19 02:00:02] 🔍 ② 检查API接口
[2026-04-19 02:00:05] ✅   ✅ 美股_批量行情: 正常
[2026-04-19 02:00:05] ✅   ✅ 美股_账户资产: 正常
[2026-04-19 02:00:05] ✅   ✅ ETH合约_行情: 正常
[2026-04-19 02:00:05] ✅   ✅ ETH合约_账户: 正常
[2026-04-19 02:00:05] ✅   ✅ ETH合约_K线: 正常
[2026-04-19 02:00:05] 📋 ========================================
[2026-04-19 02:00:05] 🔍 ③ 检查数据类型隐患
[2026-04-19 02:00:05] ✅   ✅ 未发现类型隐患
[2026-04-19 02:00:05] ✅   ✅ 无需修复，检查完成
[2026-04-19 02:00:05] 📋 ========================================
[2026-04-19 02:00:05] 📊 检查完成 | 进程:✅ 美股:✅ ETH合约:✅ | API:5/5 正常 | 修复:0 个
[2026-04-19 02:30:02] 📋 ========================================
[2026-04-19 02:30:02] 🔍 ① 检查进程运行状态
[2026-04-19 02:30:02] ✅   ✅ ETH合约机器人: 运行中
[2026-04-19 02:30:02] ✅   ✅ 美股机器人: 运行中
[2026-04-19 02:30:02]         PID: ['1164410', '1164421']
[2026-04-19 02:30:02]         PID: ['874155', '874157']
[2026-04-19 02:30:02] 📋 ========================================
[2026-04-19 02:30:02] 🔍 ② 检查API接口
[2026-04-19 02:30:05] ✅   ✅ 美股_批量行情: 正常
[2026-04-19 02:30:05] ✅   ✅ 美股_账户资产: 正常
[2026-04-19 02:30:05] ✅   ✅ ETH合约_行情: 正常
[2026-04-19 02:30:05] ✅   ✅ ETH合约_账户: 正常
[2026-04-19 02:30:05] ✅   ✅ ETH合约_K线: 正常
[2026-04-19 02:30:05] 📋 ========================================
[2026-04-19 02:30:05] 🔍 ③ 检查数据类型隐患
[2026-04-19 02:30:05] ✅   ✅ 未发现类型隐患
[2026-04-19 02:30:05] ✅   ✅ 无需修复，检查完成
[2026-04-19 02:30:05] 📋 ========================================
[2026-04-19 02:30:05] 📊 检查完成 | 进程:✅ 美股:✅ ETH合约:✅ | API:5/5 正常 | 修复:0 个
[2026-04-19 03:00:03] 📋 ========================================
[2026-04-19 03:00:03] 🔍 ① 检查进程运行状态
[2026-04-19 03:00:04] ✅   ✅ ETH合约机器人: 运行中
[2026-04-19 03:00:04] ✅   ✅ 美股机器人: 运行中
[2026-04-19 03:00:04]         PID: ['1164410', '1164421']
[2026-04-19 03:00:04]         PID: ['874155', '874157']
[2026-04-19 03:00:04] 📋 ========================================
[2026-04-19 03:00:04] 🔍 ② 检查API接口
[2026-04-19 03:00:14] ✅   ✅ 美股_批量行情: 正常
[2026-04-19 03:00:14] ✅   ✅ 美股_账户资产: 正常
[2026-04-19 03:00:14] ✅   ✅ ETH合约_行情: 正常
[2026-04-19 03:00:14] ✅   ✅ ETH合约_账户: 正常
[2026-04-19 03:00:14] ✅   ✅ ETH合约_K线: 正常
[2026-04-19 03:00:14] 📋 ========================================
[2026-04-19 03:00:14] 🔍 ③ 检查数据类型隐患
[2026-04-19 03:00:14] ✅   ✅ 未发现类型隐患
[2026-04-19 03:00:14] ✅   ✅ 无需修复，检查完成
[2026-04-19 03:00:14] 📋 ========================================
[2026-04-19 03:00:14] 📊 检查完成 | 进程:✅ 美股:✅ ETH合约:✅ | API:5/5 正常 | 修复:0 个
[2026-04-19 03:30:02] 📋 ========================================
[2026-04-19 03:30:02] 🔍 ① 检查进程运行状态
[2026-04-19 03:30:02] ✅   ✅ ETH合约机器人: 运行中
[2026-04-19 03:30:02] ✅   ✅ 美股机器人: 运行中
[2026-04-19 03:30:02]         PID: ['1164410', '1164421']
[2026-04-19 03:30:02]         PID: ['874155', '874157']
[2026-04-19 03:30:02] 📋 ========================================
[2026-04-19 03:30:02] 🔍 ② 检查API接口
[2026-04-19 03:30:05] ✅   ✅ 美股_批量行情: 正常
[2026-04-19 03:30:05] ✅   ✅ 美股_账户资产: 正常
[2026-04-19 03:30:05] ✅   ✅ ETH合约_行情: 正常
[2026-04-19 03:30:05] ✅   ✅ ETH合约_账户: 正常
[2026-04-19 03:30:05] ✅   ✅ ETH合约_K线: 正常
[2026-04-19 03:30:05] 📋 ========================================
[2026-04-19 03:30:05] 🔍 ③ 检查数据类型隐患
[2026-04-19 03:30:05] ✅   ✅ 未发现类型隐患
[2026-04-19 03:30:05] ✅   ✅ 无需修复，检查完成
[2026-04-19 03:30:05] 📋 ========================================
[2026-04-19 03:30:05] 📊 检查完成 | 进程:✅ 美股:✅ ETH合约:✅ | API:5/5 正常 | 修复:0 个
[2026-04-19 04:00:02] 📋 ========================================
[2026-04-19 04:00:02] 🔍 ① 检查进程运行状态
[2026-04-19 04:00:02] ✅   ✅ ETH合约机器人: 运行中
[2026-04-19 04:00:02] ✅   ✅ 美股机器人: 运行中
[2026-04-19 04:00:02]         PID: ['1164410', '1164421']
[2026-04-19 04:00:02]         PID: ['874155', '874157']
[2026-04-19 04:00:02] 📋 ========================================
[2026-04-19 04:00:02] 🔍 ② 检查API接口
[2026-04-19 04:00:07] ✅   ✅ 美股_批量行情: 正常
[2026-04-19 04:00:07] ✅   ✅ 美股_账户资产: 正常
[2026-04-19 04:00:07] ✅   ✅ ETH合约_行情: 正常
[2026-04-19 04:00:07] ✅   ✅ ETH合约_账户: 正常
[2026-04-19 04:00:07] ✅   ✅ ETH合约_K线: 正常
[2026-04-19 04:00:07] 📋 ========================================
[2026-04-19 04:00:07] 🔍 ③ 检查数据类型隐患
[2026-04-19 04:00:07] ✅   ✅ 未发现类型隐患
[2026-04-19 04:00:07] ✅   ✅ 无需修复，检查完成
[2026-04-19 04:00:07] 📋 ========================================
[2026-04-19 04:00:07] 📊 检查完成 | 进程:✅ 美股:✅ ETH合约:✅ | API:5/5 正常 | 修复:0 个
[2026-04-19 04:30:01] 📋 ========================================
[2026-04-19 04:30:01] 🔍 ① 检查进程运行状态
[2026-04-19 04:30:02] ✅   ✅ ETH合约机器人: 运行中
[2026-04-19 04:30:02] ✅   ✅ 美股机器人: 运行中
[2026-04-19 04:30:02]         PID: ['1164410', '1164421']
[2026-04-19 04:30:02]         PID: ['874155', '874157']
[2026-04-19 04:30:02] 📋 ========================================
[2026-04-19 04:30:02] 🔍 ② 检查API接口
[2026-04-19 04:30:04] ✅   ✅ 美股_批量行情: 正常
[2026-04-19 04:30:04] ✅   ✅ 美股_账户资产: 正常
[2026-04-19 04:30:04] ✅   ✅ ETH合约_行情: 正常
[2026-04-19 04:30:04] ✅   ✅ ETH合约_账户: 正常
[2026-04-19 04:30:04] ✅   ✅ ETH合约_K线: 正常
[2026-04-19 04:30:04] 📋 ========================================
[2026-04-19 04:30:04] 🔍 ③ 检查数据类型隐患
[2026-04-19 04:30:04] ✅   ✅ 未发现类型隐患
[2026-04-19 04:30:04] ✅   ✅ 无需修复，检查完成
[2026-04-19 04:30:04] 📋 ========================================
[2026-04-19 04:30:04] 📊 检查完成 | 进程:✅ 美股:✅ ETH合约:✅ | API:5/5 正常 | 修复:0 个
[2026-04-19 05:00:03] 📋 ========================================
[2026-04-19 05:00:03] 🔍 ① 检查进程运行状态
[2026-04-19 05:00:03] ✅   ✅ ETH合约机器人: 运行中
[2026-04-19 05:00:03] ✅   ✅ 美股机器人: 运行中
[2026-04-19 05:00:03]         PID: ['1164410', '1164421']
[2026-04-19 05:00:03]         PID: ['874155', '874157']
[2026-04-19 05:00:03] 📋 ========================================
[2026-04-19 05:00:03] 🔍 ② 检查API接口
[2026-04-19 05:00:11] ✅   ✅ 美股_批量行情: 正常
[2026-04-19 05:00:11] ✅   ✅ 美股_账户资产: 正常
[2026-04-19 05:00:11] ✅   ✅ ETH合约_行情: 正常
[2026-04-19 05:00:11] ✅   ✅ ETH合约_账户: 正常
[2026-04-19 05:00:11] ✅   ✅ ETH合约_K线: 正常
[2026-04-19 05:00:11] 📋 ========================================
[2026-04-19 05:00:11] 🔍 ③ 检查数据类型隐患
[2026-04-19 05:00:11] ✅   ✅ 未发现类型隐患
[2026-04-19 05:00:11] ✅   ✅ 无需修复，检查完成
[2026-04-19 05:00:11] 📋 ========================================
[2026-04-19 05:00:11] 📊 检查完成 | 进程:✅ 美股:✅ ETH合约:✅ | API:5/5 正常 | 修复:0 个
[2026-04-19 05:30:02] 📋 ========================================
[2026-04-19 05:30:02] 🔍 ① 检查进程运行状态
[2026-04-19 05:30:02] ✅   ✅ ETH合约机器人: 运行中
[2026-04-19 05:30:02] ✅   ✅ 美股机器人: 运行中
[2026-04-19 05:30:02]         PID: ['1164410', '1164421']
[2026-04-19 05:30:02]         PID: ['874155', '874157']
[2026-04-19 05:30:02] 📋 ========================================
[2026-04-19 05:30:02] 🔍 ② 检查API接口
[2026-04-19 05:30:07] ✅   ✅ 美股_批量行情: 正常
[2026-04-19 05:30:07] ✅   ✅ 美股_账户资产: 正常
[2026-04-19 05:30:07] ✅   ✅ ETH合约_行情: 正常
[2026-04-19 05:30:07] ✅   ✅ ETH合约_账户: 正常
[2026-04-19 05:30:07] ✅   ✅ ETH合约_K线: 正常
[2026-04-19 05:30:07] 📋 ========================================
[2026-04-19 05:30:07] 🔍 ③ 检查数据类型隐患
[2026-04-19 05:30:07] ✅   ✅ 未发现类型隐患
[2026-04-19 05:30:07] ✅   ✅ 无需修复，检查完成
[2026-04-19 05:30:07] 📋 ========================================
[2026-04-19 05:30:07] 📊 检查完成 | 进程:✅ 美股:✅ ETH合约:✅ | API:5/5 正常 | 修复:0 个
[2026-04-19 06:00:02] 📋 ========================================
[2026-04-19 06:00:02] 🔍 ① 检查进程运行状态
[2026-04-19 06:00:02] ✅   ✅ ETH合约机器人: 运行中
[2026-04-19 06:00:02] ✅   ✅ 美股机器人: 运行中
[2026-04-19 06:00:02]         PID: ['1164410', '1164421']
[2026-04-19 06:00:02]         PID: ['874155', '874157']
[2026-04-19 06:00:02] 📋 ========================================
[2026-04-19 06:00:02] 🔍 ② 检查API接口
[2026-04-19 06:00:06] ✅   ✅ 美股_批量行情: 正常
[2026-04-19 06:00:06] ✅   ✅ 美股_账户资产: 正常
[2026-04-19 06:00:06] ✅   ✅ ETH合约_行情: 正常
[2026-04-19 06:00:06] ✅   ✅ ETH合约_账户: 正常
[2026-04-19 06:00:06] ✅   ✅ ETH合约_K线: 正常
[2026-04-19 06:00:06] 📋 ========================================
[2026-04-19 06:00:06] 🔍 ③ 检查数据类型隐患
[2026-04-19 06:00:06] ✅   ✅ 未发现类型隐患
[2026-04-19 06:00:06] ✅   ✅ 无需修复，检查完成
[2026-04-19 06:00:06] 📋 ========================================
[2026-04-19 06:00:06] 📊 检查完成 | 进程:✅ 美股:✅ ETH合约:✅ | API:5/5 正常 | 修复:0 个
[2026-04-19 06:30:03] 📋 ========================================
[2026-04-19 06:30:03] 🔍 ① 检查进程运行状态
[2026-04-19 06:30:03] ✅   ✅ ETH合约机器人: 运行中
[2026-04-19 06:30:03] ✅   ✅ 美股机器人: 运行中
[2026-04-19 06:30:03]         PID: ['1164410', '1164421']
[2026-04-19 06:30:03]         PID: ['874155', '874157']
[2026-04-19 06:30:03] 📋 ========================================
[2026-04-19 06:30:03] 🔍 ② 检查API接口
[2026-04-19 06:30:08] ✅   ✅ 美股_批量行情: 正常
[2026-04-19 06:30:08] ✅   ✅ 美股_账户资产: 正常
[2026-04-19 06:30:08] ✅   ✅ ETH合约_行情: 正常
[2026-04-19 06:30:08] ✅   ✅ ETH合约_账户: 正常
[2026-04-19 06:30:08] ✅   ✅ ETH合约_K线: 正常
[2026-04-19 06:30:08] 📋 ========================================
[2026-04-19 06:30:08] 🔍 ③ 检查数据类型隐患
[2026-04-19 06:30:08] ✅   ✅ 未发现类型隐患
[2026-04-19 06:30:08] ✅   ✅ 无需修复，检查完成
[2026-04-19 06:30:08] 📋 ========================================
[2026-04-19 06:30:08] 📊 检查完成 | 进程:✅ 美股:✅ ETH合约:✅ | API:5/5 正常 | 修复:0 个
[2026-04-19 07:00:03] 📋 ========================================
[2026-04-19 07:00:03] 🔍 ① 检查进程运行状态
[2026-04-19 07:00:04] ✅   ✅ ETH合约机器人: 运行中
[2026-04-19 07:00:04] ✅   ✅ 美股机器人: 运行中
[2026-04-19 07:00:04]         PID: ['1164410', '1164421']
[2026-04-19 07:00:04]         PID: ['874155', '874157']
[2026-04-19 07:00:04] 📋 ========================================
[2026-04-19 07:00:04] 🔍 ② 检查API接口
[2026-04-19 07:00:08] ✅   ✅ 美股_批量行情: 正常
[2026-04-19 07:00:08] ✅   ✅ 美股_账户资产: 正常
[2026-04-19 07:00:08] ✅   ✅ ETH合约_行情: 正常
[2026-04-19 07:00:08] ✅   ✅ ETH合约_账户: 正常
[2026-04-19 07:00:08] ✅   ✅ ETH合约_K线: 正常
[2026-04-19 07:00:08] 📋 ========================================
[2026-04-19 07:00:08] 🔍 ③ 检查数据类型隐患
[2026-04-19 07:00:08] ✅   ✅ 未发现类型隐患
[2026-04-19 07:00:08] ✅   ✅ 无需修复，检查完成
[2026-04-19 07:00:08] 📋 ========================================
[2026-04-19 07:00:08] 📊 检查完成 | 进程:✅ 美股:✅ ETH合约:✅ | API:5/5 正常 | 修复:0 个
[2026-04-19 07:30:01] 📋 ========================================
[2026-04-19 07:30:01] 🔍 ① 检查进程运行状态
[2026-04-19 07:30:01] ✅   ✅ ETH合约机器人: 运行中
[2026-04-19 07:30:01] ✅   ✅ 美股机器人: 运行中
[2026-04-19 07:30:01]         PID: ['1164410', '1164421']
[2026-04-19 07:30:01]         PID: ['874155', '874157']
[2026-04-19 07:30:01] 📋 ========================================
[2026-04-19 07:30:01] 🔍 ② 检查API接口
[2026-04-19 07:30:04] ✅   ✅ 美股_批量行情: 正常
[2026-04-19 07:30:04] ✅   ✅ 美股_账户资产: 正常
[2026-04-19 07:30:04] ✅   ✅ ETH合约_行情: 正常
[2026-04-19 07:30:04] ✅   ✅ ETH合约_账户: 正常
[2026-04-19 07:30:04] ✅   ✅ ETH合约_K线: 正常
[2026-04-19 07:30:04] 📋 ========================================
[2026-04-19 07:30:04] 🔍 ③ 检查数据类型隐患
[2026-04-19 07:30:04] ✅   ✅ 未发现类型隐患
[2026-04-19 07:30:04] ✅   ✅ 无需修复，检查完成
[2026-04-19 07:30:04] 📋 ========================================
[2026-04-19 07:30:04] 📊 检查完成 | 进程:✅ 美股:✅ ETH合约:✅ | API:5/5 正常 | 修复:0 个
[2026-04-19 08:00:02] 📋 ========================================
[2026-04-19 08:00:02] 🔍 ① 检查进程运行状态
[2026-04-19 08:00:02] ✅   ✅ ETH合约机器人: 运行中
[2026-04-19 08:00:02] ✅   ✅ 美股机器人: 运行中
[2026-04-19 08:00:02]         PID: ['1164410', '1164421']
[2026-04-19 08:00:02]         PID: ['874155', '874157']
[2026-04-19 08:00:02] 📋 ========================================
[2026-04-19 08:00:02] 🔍 ② 检查API接口
[2026-04-19 08:00:06] ✅   ✅ 美股_批量行情: 正常
[2026-04-19 08:00:06] ✅   ✅ 美股_账户资产: 正常
[2026-04-19 08:00:06] ✅   ✅ ETH合约_行情: 正常
[2026-04-19 08:00:06] ✅   ✅ ETH合约_账户: 正常
[2026-04-19 08:00:06] ✅   ✅ ETH合约_K线: 正常
[2026-04-19 08:00:06] 📋 ========================================
[2026-04-19 08:00:06] 🔍 ③ 检查数据类型隐患
[2026-04-19 08:00:06] ✅   ✅ 未发现类型隐患
[2026-04-19 08:00:06] ✅   ✅ 无需修复，检查完成
[2026-04-19 08:00:06] 📋 ========================================
[2026-04-19 08:00:06] 📊 检查完成 | 进程:✅ 美股:✅ ETH合约:✅ | API:5/5 正常 | 修复:0 个
[2026-04-19 08:30:01] 📋 ========================================
[2026-04-19 08:30:01] 🔍 ① 检查进程运行状态
[2026-04-19 08:30:02] ✅   ✅ ETH合约机器人: 运行中
[2026-04-19 08:30:02] ✅   ✅ 美股机器人: 运行中
[2026-04-19 08:30:02]         PID: ['1164410', '1164421']
[2026-04-19 08:30:02]         PID: ['874155', '874157']
[2026-04-19 08:30:02] 📋 ========================================
[2026-04-19 08:30:02] 🔍 ② 检查API接口
[2026-04-19 08:30:05] ✅   ✅ 美股_批量行情: 正常
[2026-04-19 08:30:05] ✅   ✅ 美股_账户资产: 正常
[2026-04-19 08:30:05] ✅   ✅ ETH合约_行情: 正常
[2026-04-19 08:30:05] ✅   ✅ ETH合约_账户: 正常
[2026-04-19 08:30:05] ✅   ✅ ETH合约_K线: 正常
[2026-04-19 08:30:05] 📋 ========================================
[2026-04-19 08:30:05] 🔍 ③ 检查数据类型隐患
[2026-04-19 08:30:05] ✅   ✅ 未发现类型隐患
[2026-04-19 08:30:05] ✅   ✅ 无需修复，检查完成
[2026-04-19 08:30:05] 📋 ========================================
[2026-04-19 08:30:05] 📊 检查完成 | 进程:✅ 美股:✅ ETH合约:✅ | API:5/5 正常 | 修复:0 个
[2026-04-19 09:00:01] 📋 ========================================
[2026-04-19 09:00:01] 🔍 ① 检查进程运行状态
[2026-04-19 09:00:02] ✅   ✅ ETH合约机器人: 运行中
[2026-04-19 09:00:02] ✅   ✅ 美股机器人: 运行中
[2026-04-19 09:00:02]         PID: ['1164410', '1164421']
[2026-04-19 09:00:02]         PID: ['874155', '874157']
[2026-04-19 09:00:02] 📋 ========================================
[2026-04-19 09:00:02] 🔍 ② 检查API接口
[2026-04-19 09:00:06] ✅   ✅ 美股_批量行情: 正常
[2026-04-19 09:00:06] ✅   ✅ 美股_账户资产: 正常
[2026-04-19 09:00:06] ✅   ✅ ETH合约_行情: 正常
[2026-04-19 09:00:06] ✅   ✅ ETH合约_账户: 正常
[2026-04-19 09:00:06] ✅   ✅ ETH合约_K线: 正常
[2026-04-19 09:00:06] 📋 ========================================
[2026-04-19 09:00:06] 🔍 ③ 检查数据类型隐患
[2026-04-19 09:00:06] ✅   ✅ 未发现类型隐患
[2026-04-19 09:00:06] ✅   ✅ 无需修复，检查完成
[2026-04-19 09:00:06] 📋 ========================================
[2026-04-19 09:00:06] 📊 检查完成 | 进程:✅ 美股:✅ ETH合约:✅ | API:5/5 正常 | 修复:0 个
[2026-04-19 09:30:01] 📋 ========================================
[2026-04-19 09:30:01] 🔍 ① 检查进程运行状态
[2026-04-19 09:30:02] ✅   ✅ ETH合约机器人: 运行中
[2026-04-19 09:30:02] ✅   ✅ 美股机器人: 运行中
[2026-04-19 09:30:02]         PID: ['1164410', '1164421']
[2026-04-19 09:30:02]         PID: ['874155', '874157']
[2026-04-19 09:30:02] 📋 ========================================
[2026-04-19 09:30:02] 🔍 ② 检查API接口
[2026-04-19 09:30:05] ✅   ✅ 美股_批量行情: 正常
[2026-04-19 09:30:05] ✅   ✅ 美股_账户资产: 正常
[2026-04-19 09:30:05] ✅   ✅ ETH合约_行情: 正常
[2026-04-19 09:30:05] ✅   ✅ ETH合约_账户: 正常
[2026-04-19 09:30:05] ✅   ✅ ETH合约_K线: 正常
[2026-04-19 09:30:05] 📋 ========================================
[2026-04-19 09:30:05] 🔍 ③ 检查数据类型隐患
[2026-04-19 09:30:05] ✅   ✅ 未发现类型隐患
[2026-04-19 09:30:05] ✅   ✅ 无需修复，检查完成
[2026-04-19 09:30:05] 📋 ========================================
[2026-04-19 09:30:05] 📊 检查完成 | 进程:✅ 美股:✅ ETH合约:✅ | API:5/5 正常 | 修复:0 个
[2026-04-19 10:00:01] 📋 ========================================
[2026-04-19 10:00:01] 🔍 ① 检查进程运行状态
[2026-04-19 10:00:01] ✅   ✅ ETH合约机器人: 运行中
[2026-04-19 10:00:01] ✅   ✅ 美股机器人: 运行中
[2026-04-19 10:00:01]         PID: ['1164410', '1164421']
[2026-04-19 10:00:01]         PID: ['874155', '874157']
[2026-04-19 10:00:01] 📋 ========================================
[2026-04-19 10:00:01] 🔍 ② 检查API接口
[2026-04-19 10:00:04] ✅   ✅ 美股_批量行情: 正常
[2026-04-19 10:00:04] ✅   ✅ 美股_账户资产: 正常
[2026-04-19 10:00:04] ✅   ✅ ETH合约_行情: 正常
[2026-04-19 10:00:04] ✅   ✅ ETH合约_账户: 正常
[2026-04-19 10:00:04] ✅   ✅ ETH合约_K线: 正常
[2026-04-19 10:00:04] 📋 ========================================
[2026-04-19 10:00:04] 🔍 ③ 检查数据类型隐患
[2026-04-19 10:00:04] ✅   ✅ 未发现类型隐患
[2026-04-19 10:00:04] ✅   ✅ 无需修复，检查完成
[2026-04-19 10:00:04] 📋 ========================================
[2026-04-19 10:00:04] 📊 检查完成 | 进程:✅ 美股:✅ ETH合约:✅ | API:5/5 正常 | 修复:0 个
[2026-04-19 10:30:02] 📋 ========================================
[2026-04-19 10:30:02] 🔍 ① 检查进程运行状态
[2026-04-19 10:30:02] ✅   ✅ ETH合约机器人: 运行中
[2026-04-19 10:30:02] ✅   ✅ 美股机器人: 运行中
[2026-04-19 10:30:02]         PID: ['1164410', '1164421']
[2026-04-19 10:30:02]         PID: ['874155', '874157']
[2026-04-19 10:30:02] 📋 ========================================
[2026-04-19 10:30:02] 🔍 ② 检查API接口
[2026-04-19 10:30:05] ✅   ✅ 美股_批量行情: 正常
[2026-04-19 10:30:05] ✅   ✅ 美股_账户资产: 正常
[2026-04-19 10:30:05] ✅   ✅ ETH合约_行情: 正常
[2026-04-19 10:30:05] ✅   ✅ ETH合约_账户: 正常
[2026-04-19 10:30:05] ✅   ✅ ETH合约_K线: 正常
[2026-04-19 10:30:05] 📋 ========================================
[2026-04-19 10:30:05] 🔍 ③ 检查数据类型隐患
[2026-04-19 10:30:05] ✅   ✅ 未发现类型隐患
[2026-04-19 10:30:05] ✅   ✅ 无需修复，检查完成
[2026-04-19 10:30:05] 📋 ========================================
[2026-04-19 10:30:05] 📊 检查完成 | 进程:✅ 美股:✅ ETH合约:✅ | API:5/5 正常 | 修复:0 个
[2026-04-19 11:00:02] 📋 ========================================
[2026-04-19 11:00:02] 🔍 ① 检查进程运行状态
[2026-04-19 11:00:02] ✅   ✅ ETH合约机器人: 运行中
[2026-04-19 11:00:02] ✅   ✅ 美股机器人: 运行中
[2026-04-19 11:00:02]         PID: ['1164410', '1164421']
[2026-04-19 11:00:02]         PID: ['874155', '874157']
[2026-04-19 11:00:02] 📋 ========================================
[2026-04-19 11:00:02] 🔍 ② 检查API接口
[2026-04-19 11:00:06] ✅   ✅ 美股_批量行情: 正常
[2026-04-19 11:00:06] ✅   ✅ 美股_账户资产: 正常
[2026-04-19 11:00:06] ✅   ✅ ETH合约_行情: 正常
[2026-04-19 11:00:06] ✅   ✅ ETH合约_账户: 正常
[2026-04-19 11:00:06] ✅   ✅ ETH合约_K线: 正常
[2026-04-19 11:00:06] 📋 ========================================
[2026-04-19 11:00:06] 🔍 ③ 检查数据类型隐患
[2026-04-19 11:00:06] ✅   ✅ 未发现类型隐患
[2026-04-19 11:00:06] ✅   ✅ 无需修复，检查完成
[2026-04-19 11:00:06] 📋 ========================================
[2026-04-19 11:00:06] 📊 检查完成 | 进程:✅ 美股:✅ ETH合约:✅ | API:5/5 正常 | 修复:0 个
[2026-04-19 11:30:02] 📋 ========================================
[2026-04-19 11:30:02] 🔍 ① 检查进程运行状态
[2026-04-19 11:30:02] ✅   ✅ ETH合约机器人: 运行中
[2026-04-19 11:30:02] ✅   ✅ 美股机器人: 运行中
[2026-04-19 11:30:02]         PID: ['1164410', '1164421']
[2026-04-19 11:30:02]         PID: ['874155', '874157']
[2026-04-19 11:30:02] 📋 ========================================
[2026-04-19 11:30:02] 🔍 ② 检查API接口
[2026-04-19 11:30:05] ✅   ✅ 美股_批量行情: 正常
[2026-04-19 11:30:05] ✅   ✅ 美股_账户资产: 正常
[2026-04-19 11:30:05] ✅   ✅ ETH合约_行情: 正常
[2026-04-19 11:30:05] ✅   ✅ ETH合约_账户: 正常
[2026-04-19 11:30:05] ✅   ✅ ETH合约_K线: 正常
[2026-04-19 11:30:05] 📋 ========================================
[2026-04-19 11:30:05] 🔍 ③ 检查数据类型隐患
[2026-04-19 11:30:05] ✅   ✅ 未发现类型隐患
[2026-04-19 11:30:05] ✅   ✅ 无需修复，检查完成
[2026-04-19 11:30:05] 📋 ========================================
[2026-04-19 11:30:05] 📊 检查完成 | 进程:✅ 美股:✅ ETH合约:✅ | API:5/5 正常 | 修复:0 个
[2026-04-19 12:00:02] 📋 ========================================
[2026-04-19 12:00:02] 🔍 ① 检查进程运行状态
[2026-04-19 12:00:03] ✅   ✅ ETH合约机器人: 运行中
[2026-04-19 12:00:03] ✅   ✅ 美股机器人: 运行中
[2026-04-19 12:00:03]         PID: ['1164410', '1164421']
[2026-04-19 12:00:03]         PID: ['874155', '874157']
[2026-04-19 12:00:03] 📋 ========================================
[2026-04-19 12:00:03] 🔍 ② 检查API接口
[2026-04-19 12:00:07] ✅   ✅ 美股_批量行情: 正常
[2026-04-19 12:00:07] ✅   ✅ 美股_账户资产: 正常
[2026-04-19 12:00:07] ✅   ✅ ETH合约_行情: 正常
[2026-04-19 12:00:07] ✅   ✅ ETH合约_账户: 正常
[2026-04-19 12:00:07] ✅   ✅ ETH合约_K线: 正常
[2026-04-19 12:00:07] 📋 ========================================
[2026-04-19 12:00:07] 🔍 ③ 检查数据类型隐患
[2026-04-19 12:00:07] ✅   ✅ 未发现类型隐患
[2026-04-19 12:00:07] ✅   ✅ 无需修复，检查完成
[2026-04-19 12:00:07] 📋 ========================================
[2026-04-19 12:00:07] 📊 检查完成 | 进程:✅ 美股:✅ ETH合约:✅ | API:5/5 正常 | 修复:0 个
[2026-04-19 12:30:02] 📋 ========================================
[2026-04-19 12:30:02] 🔍 ① 检查进程运行状态
[2026-04-19 12:30:02] ✅   ✅ ETH合约机器人: 运行中
[2026-04-19 12:30:02] ✅   ✅ 美股机器人: 运行中
[2026-04-19 12:30:02]         PID: ['1164410', '1164421']
[2026-04-19 12:30:02]         PID: ['874155', '874157']
[2026-04-19 12:30:02] 📋 ========================================
[2026-04-19 12:30:02] 🔍 ② 检查API接口
[2026-04-19 12:30:06] ✅   ✅ 美股_批量行情: 正常
[2026-04-19 12:30:06] ✅   ✅ 美股_账户资产: 正常
[2026-04-19 12:30:06] ✅   ✅ ETH合约_行情: 正常
[2026-04-19 12:30:06] ✅   ✅ ETH合约_账户: 正常
[2026-04-19 12:30:06] ✅   ✅ ETH合约_K线: 正常
[2026-04-19 12:30:06] 📋 ========================================
[2026-04-19 12:30:06] 🔍 ③ 检查数据类型隐患
[2026-04-19 12:30:06] ✅   ✅ 未发现类型隐患
[2026-04-19 12:30:06] ✅   ✅ 无需修复，检查完成
[2026-04-19 12:30:06] 📋 ========================================
[2026-04-19 12:30:06] 📊 检查完成 | 进程:✅ 美股:✅ ETH合约:✅ | API:5/5 正常 | 修复:0 个
[2026-04-19 13:00:02] 📋 ========================================
[2026-04-19 13:00:02] 🔍 ① 检查进程运行状态
[2026-04-19 13:00:02] ✅   ✅ ETH合约机器人: 运行中
[2026-04-19 13:00:02] ✅   ✅ 美股机器人: 运行中
[2026-04-19 13:00:02]         PID: ['1164410', '1164421']
[2026-04-19 13:00:02]         PID: ['874155', '874157']
[2026-04-19 13:00:02] 📋 ========================================
[2026-04-19 13:00:02] 🔍 ② 检查API接口
[2026-04-19 13:00:06] ✅   ✅ 美股_批量行情: 正常
[2026-04-19 13:00:06] ✅   ✅ 美股_账户资产: 正常
[2026-04-19 13:00:06] ✅   ✅ ETH合约_行情: 正常
[2026-04-19 13:00:06] ✅   ✅ ETH合约_账户: 正常
[2026-04-19 13:00:06] ✅   ✅ ETH合约_K线: 正常
[2026-04-19 13:00:06] 📋 ========================================
[2026-04-19 13:00:06] 🔍 ③ 检查数据类型隐患
[2026-04-19 13:00:06] ✅   ✅ 未发现类型隐患
[2026-04-19 13:00:06] ✅   ✅ 无需修复，检查完成
[2026-04-19 13:00:06] 📋 ========================================
[2026-04-19 13:00:06] 📊 检查完成 | 进程:✅ 美股:✅ ETH合约:✅ | API:5/5 正常 | 修复:0 个
[2026-04-19 13:30:01] 📋 ========================================
[2026-04-19 13:30:01] 🔍 ① 检查进程运行状态
[2026-04-19 13:30:02] ❌   ❌ ETH合约机器人: 未运行
[2026-04-19 13:30:02] ❌   ❌ 美股机器人: 未运行
[2026-04-19 13:30:02] 📋 ========================================
[2026-04-19 13:30:02] 🔍 ② 检查API接口
[2026-04-19 13:30:04] ✅   ✅ 美股_批量行情: 正常
[2026-04-19 13:30:04] ✅   ✅ 美股_账户资产: 正常
[2026-04-19 13:30:04] ✅   ✅ ETH合约_行情: 正常
[2026-04-19 13:30:04] ✅   ✅ ETH合约_账户: 正常
[2026-04-19 13:30:04] ✅   ✅ ETH合约_K线: 正常
[2026-04-19 13:30:04] 📋 ========================================
[2026-04-19 13:30:04] 🔍 ③ 检查数据类型隐患
[2026-04-19 13:30:04] ✅   ✅ 未发现类型隐患
[2026-04-19 13:30:04] 📋 ========================================
[2026-04-19 13:30:04] 🔁 ⑤ 重启故障进程
[2026-04-19 13:30:04] 🔁   🚀 执行: cd /root/.openclaw/workspace && nohup python3 -u eth_futures...
[2026-04-19 13:30:04] 🔁   🚀 执行: cd /root/.openclaw/workspace && nohup python3 -u trading_bot...
[2026-04-19 13:30:04] 📋 ========================================
[2026-04-19 13:30:04] 📝 ⑥ 写入修复日志
[2026-04-19 13:30:04] 📝   📌 进程异常 - ETH合约机器人: ETH合约机器人进程未运行
[2026-04-19 13:30:04] 📝   📌 进程异常 - 美股机器人: 美股机器人进程未运行
[2026-04-19 13:30:04] 📝   📌 进程异常 - ETH合约机器人: ETH合约机器人进程未运行
[2026-04-19 13:30:04] 📝   📌 进程异常 - 美股机器人: 美股机器人进程未运行
[2026-04-19 13:30:04] 📋 ========================================
[2026-04-19 13:30:04] 📊 检查完成 | 进程:✅ 美股:❌ ETH合约:❌ | API:5/5 正常 | 修复:4 个
[2026-04-19 14:00:01] 📋 ========================================
[2026-04-19 14:00:01] 🔍 ① 检查进程运行状态
[2026-04-19 14:00:01] ✅   ✅ ETH合约机器人: 运行中
[2026-04-19 14:00:01] ✅   ✅ 美股机器人: 运行中
[2026-04-19 14:00:01]         PID: ['1414656']
[2026-04-19 14:00:01]         PID: ['1414658']
[2026-04-19 14:00:01] 📋 ========================================
[2026-04-19 14:00:01] 🔍 ② 检查API接口
[2026-04-19 14:00:03] ✅   ✅ 美股_批量行情: 正常
[2026-04-19 14:00:03] ✅   ✅ 美股_账户资产: 正常
[2026-04-19 14:00:03] ✅   ✅ ETH合约_行情: 正常
[2026-04-19 14:00:03] ✅   ✅ ETH合约_账户: 正常
[2026-04-19 14:00:03] ✅   ✅ ETH合约_K线: 正常
[2026-04-19 14:00:03] 📋 ========================================
[2026-04-19 14:00:03] 🔍 ③ 检查数据类型隐患
[2026-04-19 14:00:03] ✅   ✅ 未发现类型隐患
[2026-04-19 14:00:03] ✅   ✅ 无需修复，检查完成
[2026-04-19 14:00:03] 📋 ========================================
[2026-04-19 14:00:03] 📊 检查完成 | 进程:✅ 美股:✅ ETH合约:✅ | API:5/5 正常 | 修复:0 个
[2026-04-19 14:30:01] 📋 ========================================
[2026-04-19 14:30:01] 🔍 ① 检查进程运行状态
[2026-04-19 14:30:01] ✅   ✅ ETH合约机器人: 运行中
[2026-04-19 14:30:01] ✅   ✅ 美股机器人: 运行中
[2026-04-19 14:30:01]         PID: ['1414656']
[2026-04-19 14:30:01]         PID: ['1414658']
[2026-04-19 14:30:01] 📋 ========================================
[2026-04-19 14:30:01] 🔍 ② 检查API接口
[2026-04-19 14:30:04] ✅   ✅ 美股_批量行情: 正常
[2026-04-19 14:30:04] ✅   ✅ 美股_账户资产: 正常
[2026-04-19 14:30:04] ✅   ✅ ETH合约_行情: 正常
[2026-04-19 14:30:04] ✅   ✅ ETH合约_账户: 正常
[2026-04-19 14:30:04] ✅   ✅ ETH合约_K线: 正常
[2026-04-19 14:30:04] 📋 ========================================
[2026-04-19 14:30:04] 🔍 ③ 检查数据类型隐患
[2026-04-19 14:30:04] ✅   ✅ 未发现类型隐患
[2026-04-19 14:30:04] ✅   ✅ 无需修复，检查完成
[2026-04-19 14:30:04] 📋 ========================================
[2026-04-19 14:30:04] 📊 检查完成 | 进程:✅ 美股:✅ ETH合约:✅ | API:5/5 正常 | 修复:0 个
[2026-04-19 15:00:01] 📋 ========================================
[2026-04-19 15:00:01] 🔍 ① 检查进程运行状态
[2026-04-19 15:00:01] ✅   ✅ ETH合约机器人: 运行中
[2026-04-19 15:00:01] ✅   ✅ 美股机器人: 运行中
[2026-04-19 15:00:01]         PID: ['1414656']
[2026-04-19 15:00:01]         PID: ['1414658']
[2026-04-19 15:00:01] 📋 ========================================
[2026-04-19 15:00:01] 🔍 ② 检查API接口
[2026-04-19 15:00:03] ✅   ✅ 美股_批量行情: 正常
[2026-04-19 15:00:03] ✅   ✅ 美股_账户资产: 正常
[2026-04-19 15:00:03] ✅   ✅ ETH合约_行情: 正常
[2026-04-19 15:00:03] ✅   ✅ ETH合约_账户: 正常
[2026-04-19 15:00:03] ✅   ✅ ETH合约_K线: 正常
[2026-04-19 15:00:03] 📋 ========================================
[2026-04-19 15:00:03] 🔍 ③ 检查数据类型隐患
[2026-04-19 15:00:03] ✅   ✅ 未发现类型隐患
[2026-04-19 15:00:03] ✅   ✅ 无需修复，检查完成
[2026-04-19 15:00:03] 📋 ========================================
[2026-04-19 15:00:03] 📊 检查完成 | 进程:✅ 美股:✅ ETH合约:✅ | API:5/5 正常 | 修复:0 个
[2026-04-19 15:27:50] 📋 ========================================
[2026-04-19 15:27:50] 🔍 ① 检查进程运行状态
[2026-04-19 15:27:50] ✅   ✅ ETH合约机器人: 运行中
[2026-04-19 15:27:50] ✅   ✅ 美股机器人: 运行中
[2026-04-19 15:27:50]         PID: ['1414656', '1441308']
[2026-04-19 15:27:50]         PID: ['1414658']
[2026-04-19 15:27:50] 📋 ========================================
[2026-04-19 15:27:50] 🔍 ② 检查API接口
[2026-04-19 15:27:51] ✅   ✅ 美股_批量行情: 正常
[2026-04-19 15:27:51] ❌   ❌ 美股_账户资产: API错误 40037: Apikey does not exist
[2026-04-19 15:27:51] ✅   ✅ ETH合约_行情: 正常
[2026-04-19 15:27:51] ❌   ❌ ETH合约_账户: API错误 40037: Apikey does not exist
[2026-04-19 15:27:51] ✅   ✅ ETH合约_K线: 正常
[2026-04-19 15:27:51] 📋 ========================================
[2026-04-19 15:27:51] 🔍 ③ 检查数据类型隐患
[2026-04-19 15:27:51] ✅   ✅ 未发现类型隐患
[2026-04-19 15:27:51] ✅   ✅ 无需修复，检查完成
[2026-04-19 15:27:51] 📋 ========================================
[2026-04-19 15:27:51] 📊 检查完成 | 进程:✅ 美股:✅ ETH合约:✅ | API:3/5 正常 | 修复:0 个
[2026-04-19 15:30:02] 📋 ========================================
[2026-04-19 15:30:02] 🔍 ① 检查进程运行状态
[2026-04-19 15:30:02] ✅   ✅ ETH合约机器人: 运行中
[2026-04-19 15:30:02] ✅   ✅ 美股机器人: 运行中
[2026-04-19 15:30:02]         PID: ['1414656', '1441308']
[2026-04-19 15:30:02]         PID: ['1414658']
[2026-04-19 15:30:02] 📋 ========================================
[2026-04-19 15:30:02] 🔍 ② 检查API接口
[2026-04-19 15:30:05] ✅   ✅ 美股_批量行情: 正常
[2026-04-19 15:30:05] ❌   ❌ 美股_账户资产: API错误 40037: Apikey does not exist
[2026-04-19 15:30:05] ✅   ✅ ETH合约_行情: 正常
[2026-04-19 15:30:05] ❌   ❌ ETH合约_账户: API错误 40037: Apikey does not exist
[2026-04-19 15:30:05] ✅   ✅ ETH合约_K线: 正常
[2026-04-19 15:30:05] 📋 ========================================
[2026-04-19 15:30:05] 🔍 ③ 检查数据类型隐患
[2026-04-19 15:30:05] ✅   ✅ 未发现类型隐患
[2026-04-19 15:30:05] ✅   ✅ 无需修复，检查完成
[2026-04-19 15:30:05] 📋 ========================================
[2026-04-19 15:30:05] 📊 检查完成 | 进程:✅ 美股:✅ ETH合约:✅ | API:3/5 正常 | 修复:0 个
[2026-04-19 16:00:02] 📋 ========================================
[2026-04-19 16:00:02] 🔍 ① 检查进程运行状态
[2026-04-19 16:00:02] ✅   ✅ ETH合约机器人: 运行中
[2026-04-19 16:00:02] ✅   ✅ 美股机器人: 运行中
[2026-04-19 16:00:02]         PID: ['1414656', '1441308']
[2026-04-19 16:00:02]         PID: ['1414658']
[2026-04-19 16:00:02] 📋 ========================================
[2026-04-19 16:00:02] 🔍 ② 检查API接口
[2026-04-19 16:00:05] ✅   ✅ 美股_批量行情: 正常
[2026-04-19 16:00:05] ❌   ❌ 美股_账户资产: API错误 40037: Apikey does not exist
[2026-04-19 16:00:05] ✅   ✅ ETH合约_行情: 正常
[2026-04-19 16:00:05] ❌   ❌ ETH合约_账户: API错误 40037: Apikey does not exist
[2026-04-19 16:00:05] ✅   ✅ ETH合约_K线: 正常
[2026-04-19 16:00:05] 📋 ========================================
[2026-04-19 16:00:05] 🔍 ③ 检查数据类型隐患
[2026-04-19 16:00:05] ✅   ✅ 未发现类型隐患
[2026-04-19 16:00:05] ✅   ✅ 无需修复，检查完成
[2026-04-19 16:00:05] 📋 ========================================
[2026-04-19 16:00:05] 📊 检查完成 | 进程:✅ 美股:✅ ETH合约:✅ | API:3/5 正常 | 修复:0 个
[2026-04-19 16:17:52] 📋 ========================================
[2026-04-19 16:17:52] 🔍 ① 检查进程运行状态
[2026-04-19 16:18:14] 📋 ========================================
[2026-04-19 16:18:14] 🔍 ① 检查进程运行状态
[2026-04-19 16:18:14] ✅   ✅ 美股机器人: 运行中
[2026-04-19 16:18:14]         PID: ['1414658']
[2026-04-19 16:18:14] 📋 ========================================
[2026-04-19 16:18:14] 🔍 ② 检查API接口
[2026-04-19 16:18:15] ✅   ✅ 美股_批量行情: 正常
[2026-04-19 16:18:15] ❌   ❌ 美股_账户资产: API错误 40037: Apikey does not exist
[2026-04-19 16:18:15] ✅   ✅ ETH合约_行情: 正常
[2026-04-19 16:18:15] ❌   ❌ ETH合约_账户: API错误 40037: Apikey does not exist
[2026-04-19 16:18:15] ✅   ✅ ETH合约_K线: 正常
[2026-04-19 16:18:15] 📋 ========================================
[2026-04-19 16:18:15] 🔍 ③ 检查数据类型隐患
[2026-04-19 16:18:15] ✅   ✅ 未发现类型隐患
[2026-04-19 16:18:15] 📋 ========================================
[2026-04-19 16:18:15] 🔁 ⑤ 重启故障进程
[2026-04-19 16:18:15] 🔁   🚀 执行: cd /root/.openclaw/workspace && nohup python3 -u eth_futures...
[2026-04-19 16:18:15] 📋 ========================================
[2026-04-19 16:18:15] 📝 ⑥ 写入修复日志
[2026-04-19 16:18:15] 📝   📌 进程异常 - ETH合约机器人: ETH合约机器人进程未运行
[2026-04-19 16:18:15] 📝   📌 进程异常 - ETH合约机器人: ETH合约机器人进程未运行
[2026-04-19 16:18:15] 📋 ========================================
[2026-04-19 16:18:15] 📊 检查完成 | 进程:✅ 美股:✅ | API:3/5 正常 | 修复:2 个
[2026-04-19 16:19:12] 📋 ========================================
[2026-04-19 16:19:12] 🔍 ① 检查进程运行状态
[2026-04-19 16:19:12] ✅   ✅ 美股机器人: 运行中
[2026-04-19 16:19:12]         PID: ['1414658']
[2026-04-19 16:19:12] 📋 ========================================
[2026-04-19 16:19:12] 🔍 ② 检查API接口
[2026-04-19 16:19:13] ✅   ✅ 美股_批量行情: 正常
[2026-04-19 16:19:13] ❌   ❌ 美股_账户资产: API错误 40037: Apikey does not exist
[2026-04-19 16:19:13] 📋 ========================================
[2026-04-19 16:19:13] 🔍 ③ 检查数据类型隐患
[2026-04-19 16:19:13] ✅   ✅ 未发现类型隐患
[2026-04-19 16:19:13] ✅   ✅ 无需修复，检查完成
[2026-04-19 16:19:13] 📋 ========================================
[2026-04-19 16:19:13] 📊 检查完成 | 进程:✅ 美股:✅ | API:1/2 正常 | 修复:0 个
[2026-04-19 16:30:02] 📋 ========================================
[2026-04-19 16:30:02] 🔍 ① 检查进程运行状态
[2026-04-19 16:30:02] ✅   ✅ 美股机器人: 运行中
[2026-04-19 16:30:02]         PID: ['1414658']
[2026-04-19 16:30:02] 📋 ========================================
[2026-04-19 16:30:02] 🔍 ② 检查API接口
[2026-04-19 16:30:03] ✅   ✅ 美股_批量行情: 正常
[2026-04-19 16:30:03] ❌   ❌ 美股_账户资产: API错误 40037: Apikey does not exist
[2026-04-19 16:30:03] 📋 ========================================
[2026-04-19 16:30:03] 🔍 ③ 检查数据类型隐患
[2026-04-19 16:30:03] ✅   ✅ 未发现类型隐患
[2026-04-19 16:30:03] ✅   ✅ 无需修复，检查完成
[2026-04-19 16:30:03] 📋 ========================================
[2026-04-19 16:30:03] 📊 检查完成 | 进程:✅ 美股:✅ | API:1/2 正常 | 修复:0 个
[2026-04-19 17:00:01] 📋 ========================================
[2026-04-19 17:00:01] 🔍 ① 检查进程运行状态
[2026-04-19 17:00:02] ✅   ✅ 美股机器人: 运行中
[2026-04-19 17:00:02]         PID: ['1414658']
[2026-04-19 17:00:02] 📋 ========================================
[2026-04-19 17:00:02] 🔍 ② 检查API接口
[2026-04-19 17:00:04] ✅   ✅ 美股_批量行情: 正常
[2026-04-19 17:00:04] ❌   ❌ 美股_账户资产: API错误 40037: Apikey does not exist
[2026-04-19 17:00:04] 📋 ========================================
[2026-04-19 17:00:04] 🔍 ③ 检查数据类型隐患
[2026-04-19 17:00:04] ✅   ✅ 未发现类型隐患
[2026-04-19 17:00:04] ✅   ✅ 无需修复，检查完成
[2026-04-19 17:00:04] 📋 ========================================
[2026-04-19 17:00:04] 📊 检查完成 | 进程:✅ 美股:✅ | API:1/2 正常 | 修复:0 个
[2026-04-19 17:30:02] 📋 ========================================
[2026-04-19 17:30:02] 🔍 ① 检查进程运行状态
[2026-04-19 17:30:02] ✅   ✅ 美股机器人: 运行中
[2026-04-19 17:30:02]         PID: ['1414658']
[2026-04-19 17:30:02] 📋 ========================================
[2026-04-19 17:30:02] 🔍 ② 检查API接口
[2026-04-19 17:30:03] ✅   ✅ 美股_批量行情: 正常
[2026-04-19 17:30:03] ❌   ❌ 美股_账户资产: API错误 40037: Apikey does not exist
[2026-04-19 17:30:03] 📋 ========================================
[2026-04-19 17:30:03] 🔍 ③ 检查数据类型隐患
[2026-04-19 17:30:03] ✅   ✅ 未发现类型隐患
[2026-04-19 17:30:03] ✅   ✅ 无需修复，检查完成
[2026-04-19 17:30:03] 📋 ========================================
[2026-04-19 17:30:03] 📊 检查完成 | 进程:✅ 美股:✅ | API:1/2 正常 | 修复:0 个
[2026-04-19 18:00:02] 📋 ========================================
[2026-04-19 18:00:02] 🔍 ① 检查进程运行状态
[2026-04-19 18:00:02] ✅   ✅ 美股机器人: 运行中
[2026-04-19 18:00:02]         PID: ['1414658']
[2026-04-19 18:00:02] 📋 ========================================
[2026-04-19 18:00:02] 🔍 ② 检查API接口
[2026-04-19 18:00:03] ✅   ✅ 美股_批量行情: 正常
[2026-04-19 18:00:03] ❌   ❌ 美股_账户资产: API错误 40037: Apikey does not exist
[2026-04-19 18:00:03] 📋 ========================================
[2026-04-19 18:00:03] 🔍 ③ 检查数据类型隐患
[2026-04-19 18:00:03] ✅   ✅ 未发现类型隐患
[2026-04-19 18:00:03] ✅   ✅ 无需修复，检查完成
[2026-04-19 18:00:03] 📋 ========================================
[2026-04-19 18:00:03] 📊 检查完成 | 进程:✅ 美股:✅ | API:1/2 正常 | 修复:0 个
[2026-04-19 18:30:02] 📋 ========================================
[2026-04-19 18:30:02] 🔍 ① 检查进程运行状态
[2026-04-19 18:30:02] ✅   ✅ 美股机器人: 运行中
[2026-04-19 18:30:02]         PID: ['1414658']
[2026-04-19 18:30:02] 📋 ========================================
[2026-04-19 18:30:02] 🔍 ② 检查API接口
[2026-04-19 18:30:03] ✅   ✅ 美股_批量行情: 正常
[2026-04-19 18:30:03] ❌   ❌ 美股_账户资产: API错误 40037: Apikey does not exist
[2026-04-19 18:30:03] 📋 ========================================
[2026-04-19 18:30:03] 🔍 ③ 检查数据类型隐患
[2026-04-19 18:30:03] ✅   ✅ 未发现类型隐患
[2026-04-19 18:30:03] ✅   ✅ 无需修复，检查完成
[2026-04-19 18:30:03] 📋 ========================================
[2026-04-19 18:30:03] 📊 检查完成 | 进程:✅ 美股:✅ | API:1/2 正常 | 修复:0 个
[2026-04-19 19:00:01] 📋 ========================================
[2026-04-19 19:00:01] 🔍 ① 检查进程运行状态
[2026-04-19 19:00:02] ✅   ✅ 美股机器人: 运行中
[2026-04-19 19:00:02]         PID: ['1414658']
[2026-04-19 19:00:02] 📋 ========================================
[2026-04-19 19:00:02] 🔍 ② 检查API接口
[2026-04-19 19:00:03] ✅   ✅ 美股_批量行情: 正常
[2026-04-19 19:00:03] ❌   ❌ 美股_账户资产: API错误 40037: Apikey does not exist
[2026-04-19 19:00:03] 📋 ========================================
[2026-04-19 19:00:03] 🔍 ③ 检查数据类型隐患
[2026-04-19 19:00:03] ✅   ✅ 未发现类型隐患
[2026-04-19 19:00:03] ✅   ✅ 无需修复，检查完成
[2026-04-19 19:00:03] 📋 ========================================
[2026-04-19 19:00:03] 📊 检查完成 | 进程:✅ 美股:✅ | API:1/2 正常 | 修复:0 个
[2026-04-19 19:30:01] 📋 ========================================
[2026-04-19 19:30:01] 🔍 ① 检查进程运行状态
[2026-04-19 19:30:01] ✅   ✅ 美股机器人: 运行中
[2026-04-19 19:30:01]         PID: ['1414658']
[2026-04-19 19:30:01] 📋 ========================================
[2026-04-19 19:30:01] 🔍 ② 检查API接口
[2026-04-19 19:30:03] ✅   ✅ 美股_批量行情: 正常
[2026-04-19 19:30:03] ❌   ❌ 美股_账户资产: API错误 40037: Apikey does not exist
[2026-04-19 19:30:03] 📋 ========================================
[2026-04-19 19:30:03] 🔍 ③ 检查数据类型隐患
[2026-04-19 19:30:03] ✅   ✅ 未发现类型隐患
[2026-04-19 19:30:03] ✅   ✅ 无需修复，检查完成
[2026-04-19 19:30:03] 📋 ========================================
[2026-04-19 19:30:03] 📊 检查完成 | 进程:✅ 美股:✅ | API:1/2 正常 | 修复:0 个
[2026-04-19 20:00:01] 📋 ========================================
[2026-04-19 20:00:01] 🔍 ① 检查进程运行状态
[2026-04-19 20:00:01] ✅   ✅ 美股机器人: 运行中
[2026-04-19 20:00:01]         PID: ['1414658']
[2026-04-19 20:00:01] 📋 ========================================
[2026-04-19 20:00:01] 🔍 ② 检查API接口
[2026-04-19 20:00:03] ✅   ✅ 美股_批量行情: 正常
[2026-04-19 20:00:03] ❌   ❌ 美股_账户资产: API错误 40037: Apikey does not exist
[2026-04-19 20:00:03] 📋 ========================================
[2026-04-19 20:00:03] 🔍 ③ 检查数据类型隐患
[2026-04-19 20:00:03] ✅   ✅ 未发现类型隐患
[2026-04-19 20:00:03] ✅   ✅ 无需修复，检查完成
[2026-04-19 20:00:03] 📋 ========================================
[2026-04-19 20:00:03] 📊 检查完成 | 进程:✅ 美股:✅ | API:1/2 正常 | 修复:0 个
[2026-04-19 20:30:02] 📋 ========================================
[2026-04-19 20:30:02] 🔍 ① 检查进程运行状态
[2026-04-19 20:30:02] ✅   ✅ 美股机器人: 运行中
[2026-04-19 20:30:02]         PID: ['1414658']
[2026-04-19 20:30:02] 📋 ========================================
[2026-04-19 20:30:02] 🔍 ② 检查API接口
[2026-04-19 20:30:04] ✅   ✅ 美股_批量行情: 正常
[2026-04-19 20:30:04] ❌   ❌ 美股_账户资产: API错误 40037: Apikey does not exist
[2026-04-19 20:30:04] 📋 ========================================
[2026-04-19 20:30:04] 🔍 ③ 检查数据类型隐患
[2026-04-19 20:30:04] ✅   ✅ 未发现类型隐患
[2026-04-19 20:30:04] ✅   ✅ 无需修复，检查完成
[2026-04-19 20:30:04] 📋 ========================================
[2026-04-19 20:30:04] 📊 检查完成 | 进程:✅ 美股:✅ | API:1/2 正常 | 修复:0 个
[2026-04-19 20:36:14] 📋 ========================================
[2026-04-19 20:36:14] 🔍 ① 检查进程运行状态
[2026-04-19 20:36:14] ✅   ✅ 美股机器人: 运行中
[2026-04-19 20:36:14]         PID: ['1414658']
[2026-04-19 20:36:14] 📋 ========================================
[2026-04-19 20:36:14] 🔍 ② 检查API接口
[2026-04-19 20:36:14] ✅   ✅ 美股_批量行情: 正常
[2026-04-19 20:36:14] ❌   ❌ 美股_账户资产: API错误 40037: Apikey does not exist
[2026-04-19 20:36:14] 📋 ========================================
[2026-04-19 20:36:14] 🔍 ③ 检查数据类型隐患
[2026-04-19 20:36:14] ✅   ✅ 未发现类型隐患
[2026-04-19 20:36:14] ✅   ✅ 无需修复，检查完成
[2026-04-19 20:36:14] 📋 ========================================
[2026-04-19 20:36:14] 📊 检查完成 | 进程:✅ 美股:✅ 合约监测:✅ | API:1/2 正常 | 修复:0 个
[2026-04-19 21:00:02] 📋 ========================================
[2026-04-19 21:00:02] 🔍 ① 检查进程运行状态
[2026-04-19 21:00:02] ✅   ✅ 美股机器人: 运行中
[2026-04-19 21:00:02]         PID: ['1414658']
[2026-04-19 21:00:02] 📋 ========================================
[2026-04-19 21:00:02] 🔍 ② 检查API接口
[2026-04-19 21:00:05] ✅   ✅ 美股_批量行情: 正常
[2026-04-19 21:00:05] ❌   ❌ 美股_账户资产: API错误 40037: Apikey does not exist
[2026-04-19 21:00:05] 📋 ========================================
[2026-04-19 21:00:05] 🔍 ③ 检查数据类型隐患
[2026-04-19 21:00:05] ✅   ✅ 未发现类型隐患
[2026-04-19 21:00:05] ✅   ✅ 无需修复，检查完成
[2026-04-19 21:00:05] 📋 ========================================
[2026-04-19 21:00:05] 📊 检查完成 | 进程:✅ 美股:✅ 合约监测:✅ | API:1/2 正常 | 修复:0 个
[2026-04-19 21:30:01] 📋 ========================================
[2026-04-19 21:30:01] 🔍 ① 检查进程运行状态
[2026-04-19 21:30:01] ✅   ✅ 美股机器人: 运行中
[2026-04-19 21:30:01]         PID: ['1414658']
[2026-04-19 21:30:01] 📋 ========================================
[2026-04-19 21:30:01] 🔍 ② 检查API接口
[2026-04-19 21:30:03] ✅   ✅ 美股_批量行情: 正常
[2026-04-19 21:30:03] ❌   ❌ 美股_账户资产: API错误 40037: Apikey does not exist
[2026-04-19 21:30:03] 📋 ========================================
[2026-04-19 21:30:03] 🔍 ③ 检查数据类型隐患
[2026-04-19 21:30:03] ✅   ✅ 未发现类型隐患
[2026-04-19 21:30:03] ✅   ✅ 无需修复，检查完成
[2026-04-19 21:30:03] 📋 ========================================
[2026-04-19 21:30:03] 📊 检查完成 | 进程:✅ 美股:✅ 合约监测:✅ | API:1/2 正常 | 修复:0 个
[2026-04-19 22:00:02] 📋 ========================================
[2026-04-19 22:00:02] 🔍 ① 检查进程运行状态
[2026-04-19 22:00:02] ✅   ✅ 美股机器人: 运行中
[2026-04-19 22:00:02]         PID: ['1414658']
[2026-04-19 22:00:02] 📋 ========================================
[2026-04-19 22:00:02] 🔍 ② 检查API接口
[2026-04-19 22:00:04] ✅   ✅ 美股_批量行情: 正常
[2026-04-19 22:00:04] ❌   ❌ 美股_账户资产: API错误 40037: Apikey does not exist
[2026-04-19 22:00:04] 📋 ========================================
[2026-04-19 22:00:04] 🔍 ③ 检查数据类型隐患
[2026-04-19 22:00:04] ✅   ✅ 未发现类型隐患
[2026-04-19 22:00:04] ✅   ✅ 无需修复，检查完成
[2026-04-19 22:00:04] 📋 ========================================
[2026-04-19 22:00:04] 📊 检查完成 | 进程:✅ 美股:✅ 合约监测:✅ | API:1/2 正常 | 修复:0 个
[2026-04-19 22:30:01] 📋 ========================================
[2026-04-19 22:30:01] 🔍 ① 检查进程运行状态
[2026-04-19 22:30:01] ✅   ✅ 美股机器人: 运行中
[2026-04-19 22:30:01]         PID: ['1414658']
[2026-04-19 22:30:01] 📋 ========================================
[2026-04-19 22:30:01] 🔍 ② 检查API接口
[2026-04-19 22:30:03] ✅   ✅ 美股_批量行情: 正常
[2026-04-19 22:30:03] ❌   ❌ 美股_账户资产: API错误 40037: Apikey does not exist
[2026-04-19 22:30:03] 📋 ========================================
[2026-04-19 22:30:03] 🔍 ③ 检查数据类型隐患
[2026-04-19 22:30:03] ✅   ✅ 未发现类型隐患
[2026-04-19 22:30:03] ✅   ✅ 无需修复，检查完成
[2026-04-19 22:30:03] 📋 ========================================
[2026-04-19 22:30:03] 📊 检查完成 | 进程:✅ 美股:✅ 合约监测:✅ | API:1/2 正常 | 修复:0 个
[2026-04-19 23:00:01] 📋 ========================================
[2026-04-19 23:00:01] 🔍 ① 检查进程运行状态
[2026-04-19 23:00:02] ✅   ✅ 美股机器人: 运行中
[2026-04-19 23:00:02]         PID: ['1414658']
[2026-04-19 23:00:02] 📋 ========================================
[2026-04-19 23:00:02] 🔍 ② 检查API接口
[2026-04-19 23:00:03] ✅   ✅ 美股_批量行情: 正常
[2026-04-19 23:00:03] ❌   ❌ 美股_账户资产: API错误 40037: Apikey does not exist
[2026-04-19 23:00:03] 📋 ========================================
[2026-04-19 23:00:03] 🔍 ③ 检查数据类型隐患
[2026-04-19 23:00:03] ✅   ✅ 未发现类型隐患
[2026-04-19 23:00:03] ✅   ✅ 无需修复，检查完成
[2026-04-19 23:00:03] 📋 ========================================
[2026-04-19 23:00:03] 📊 检查完成 | 进程:✅ 美股:✅ 合约监测:✅ | API:1/2 正常 | 修复:0 个
[2026-04-19 23:30:01] 📋 ========================================
[2026-04-19 23:30:01] 🔍 ① 检查进程运行状态
[2026-04-19 23:30:02] ✅   ✅ 美股机器人: 运行中
[2026-04-19 23:30:02]         PID: ['1414658']
[2026-04-19 23:30:02] 📋 ========================================
[2026-04-19 23:30:02] 🔍 ② 检查API接口
[2026-04-19 23:30:04] ✅   ✅ 美股_批量行情: 正常
[2026-04-19 23:30:04] ❌   ❌ 美股_账户资产: API错误 40037: Apikey does not exist
[2026-04-19 23:30:04] 📋 ========================================
[2026-04-19 23:30:04] 🔍 ③ 检查数据类型隐患
[2026-04-19 23:30:04] ✅   ✅ 未发现类型隐患
[2026-04-19 23:30:04] ✅   ✅ 无需修复，检查完成
[2026-04-19 23:30:04] 📋 ========================================
[2026-04-19 23:30:04] 📊 检查完成 | 进程:✅ 美股:✅ 合约监测:✅ | API:1/2 正常 | 修复:0 个
[2026-04-20 00:00:01] 📋 ========================================
[2026-04-20 00:00:01] 🔍 ① 检查进程运行状态
[2026-04-20 00:00:01] ✅   ✅ 美股机器人: 运行中
[2026-04-20 00:00:01]         PID: ['1414658']
[2026-04-20 00:00:01] 📋 ========================================
[2026-04-20 00:00:01] 🔍 ② 检查API接口
[2026-04-20 00:00:03] ✅   ✅ 美股_批量行情: 正常
[2026-04-20 00:00:03] ❌   ❌ 美股_账户资产: API错误 40037: Apikey does not exist
[2026-04-20 00:00:03] 📋 ========================================
[2026-04-20 00:00:03] 🔍 ③ 检查数据类型隐患
[2026-04-20 00:00:03] ✅   ✅ 未发现类型隐患
[2026-04-20 00:00:03] ✅   ✅ 无需修复，检查完成
[2026-04-20 00:00:03] 📋 ========================================
[2026-04-20 00:00:03] 📊 检查完成 | 进程:✅ 美股:✅ 合约监测:✅ | API:1/2 正常 | 修复:0 个
