[2026-04-22 01:00:40] ==================================================
[2026-04-22 01:00:40] 移动止盈v2启动
[2026-04-22 01:00:40] 参数: 激活>8.0% | 回撤>4.0% | 固定止损>9.0% | 间隔5秒
[2026-04-22 01:00:40] ==================================================
[2026-04-22 01:00:41] 监控中: 0个 (无持仓)
[2026-04-22 01:00:46] 监控中: 0个 (无持仓)
[2026-04-22 01:00:51] 监控中: 0个 (无持仓)
[2026-04-22 01:00:57] 监控中: 0个 (无持仓)
[2026-04-22 01:01:02] 监控中: 0个 (无持仓)
[2026-04-22 01:01:07] 监控中: 0个 (无持仓)
[2026-04-22 01:01:13] 监控中: 0个 (无持仓)
[2026-04-22 01:01:18] 监控中: 0个 (无持仓)
[2026-04-22 01:01:24] 监控中: 0个 (无持仓)
[2026-04-22 01:01:29] 监控中: 0个 (无持仓)
[2026-04-22 01:01:34] 监控中: 0个 (无持仓)
[2026-04-22 01:01:40] 监控中: 0个 (无持仓)
[2026-04-22 01:01:45] 监控中: 0个 (无持仓)
[2026-04-22 01:01:51] 监控中: 0个 (无持仓)
[2026-04-22 01:01:56] 监控中: 0个 (无持仓)
[2026-04-22 01:02:02] 监控中: 0个 (无持仓)
[2026-04-22 01:02:07] 监控中: 0个 (无持仓)
[2026-04-22 01:02:12] 监控中: 0个 (无持仓)
[2026-04-22 01:02:18] 监控中: 0个 (无持仓)
[2026-04-22 01:02:23] 监控中: 0个 (无持仓)
[2026-04-22 01:02:29] 监控中: 0个 (无持仓)
[2026-04-22 01:02:34] 监控中: 0个 (无持仓)
[2026-04-22 01:02:39] 监控中: 0个 (无持仓)
[2026-04-22 01:02:45] 监控中: 0个 (无持仓)
[2026-04-22 01:02:50] 监控中: 0个 (无持仓)
[2026-04-22 01:02:55] 监控中: 0个 (无持仓)
[2026-04-22 01:03:01] 监控中: 0个 (无持仓)
[2026-04-22 01:03:06] 监控中: 0个 (无持仓)
[2026-04-22 01:03:12] 监控中: 0个 (无持仓)
[2026-04-22 01:03:17] 监控中: 0个 (无持仓)
[2026-04-22 01:03:22] 监控中: 0个 (无持仓)
[2026-04-22 01:03:28] 监控中: 0个 (无持仓)
[2026-04-22 01:03:33] 监控中: 0个 (无持仓)
[2026-04-22 01:03:39] 监控中: 0个 (无持仓)
[2026-04-22 01:03:44] 监控中: 0个 (无持仓)
[2026-04-22 01:03:49] 监控中: 0个 (无持仓)
[2026-04-22 01:03:55] 监控中: 0个 (无持仓)
[2026-04-22 01:04:00] 监控中: 0个 (无持仓)
[2026-04-22 01:04:06] 监控中: 0个 (无持仓)
[2026-04-22 01:04:12] 监控中: 0个 (无持仓)
[2026-04-22 01:04:18] 监控中: 0个 (无持仓)
[2026-04-22 01:04:23] 监控中: 0个 (无持仓)
[2026-04-22 01:04:28] 监控中: 0个 (无持仓)
[2026-04-22 01:04:34] 监控中: 0个 (无持仓)
[2026-04-22 01:04:39] 监控中: 0个 (无持仓)
[2026-04-22 01:04:45] 监控中: 0个 (无持仓)
[2026-04-22 01:04:50] 监控中: 0个 (无持仓)
[2026-04-22 01:04:55] 监控中: 0个 (无持仓)
[2026-04-22 01:05:01] 监控中: 0个 (无持仓)
[2026-04-22 01:05:07] 监控中: 0个 (无持仓)
[2026-04-22 01:05:12] 监控中: 0个 (无持仓)
[2026-04-22 01:05:18] 监控中: 0个 (无持仓)
[2026-04-22 01:05:23] 监控中: 0个 (无持仓)
[2026-04-22 01:05:29] 监控中: 0个 (无持仓)
[2026-04-22 01:05:34] 监控中: 0个 (无持仓)
[2026-04-22 01:05:40] 监控中: 0个 (无持仓)
[2026-04-22 01:05:46] 监控中: 0个 (无持仓)
[2026-04-22 01:05:51] 监控中: 0个 (无持仓)
[2026-04-22 01:05:57] 监控中: 0个 (无持仓)
[2026-04-22 01:06:03] 监控中: 0个 (无持仓)
[2026-04-22 01:06:08] 监控中: 0个 (无持仓)
[2026-04-22 01:06:13] 监控中: 0个 (无持仓)
[2026-04-22 01:06:19] 监控中: 0个 (无持仓)
[2026-04-22 01:06:24] 监控中: 0个 (无持仓)
[2026-04-22 01:06:30] 监控中: 0个 (无持仓)
[2026-04-22 01:06:35] 监控中: 0个 (无持仓)
[2026-04-22 01:06:41] 📡 API持仓: 1个
[2026-04-22 01:06:41] 监控中: 1个 | RAVEUSDT_long: ⏳-0.04%
[2026-04-22 01:06:46] 📡 API持仓: 1个
[2026-04-22 01:06:46] 📈 RAVEUSDT 新峰值: $1.428520
[2026-04-22 01:06:46] 监控中: 1个 | RAVEUSDT_long: ⏳+0.14%
[2026-04-22 01:06:52] 📡 API持仓: 1个
[2026-04-22 01:06:52] 📈 RAVEUSDT 新峰值: $1.430030
[2026-04-22 01:06:52] 监控中: 1个 | RAVEUSDT_long: ⏳+0.24%
[2026-04-22 01:06:58] 📡 API持仓: 1个
[2026-04-22 01:06:58] 监控中: 1个 | RAVEUSDT_long: ⏳+0.21%
[2026-04-22 01:07:04] 📡 API持仓: 1个
[2026-04-22 01:07:05] 📈 RAVEUSDT 新峰值: $1.445070
[2026-04-22 01:07:05] 监控中: 1个 | RAVEUSDT_long: ⏳+1.30%
[2026-04-22 01:07:10] all-position API失败，使用缓存的 1 个持仓
[2026-04-22 01:07:11] 🗑️ RAVEUSDT 已平仓/爆仓，清除记录
[2026-04-22 01:07:11] 监控中: 1个 | RAVEUSDT_long_long: ⏳+1.30%
[2026-04-22 01:07:17] all-position API失败，使用缓存的 1 个持仓
[2026-04-22 01:07:17] 🗑️ RAVEUSDT_long 已平仓/爆仓，清除记录
[2026-04-22 01:07:17] 监控中: 1个 | RAVEUSDT_long_long_long: ⏳+1.30%
[2026-04-22 01:07:23] all-position API失败，使用缓存的 1 个持仓
[2026-04-22 01:07:23] 🗑️ RAVEUSDT_long_long 已平仓/爆仓，清除记录
[2026-04-22 01:07:23] 监控中: 1个 | RAVEUSDT_long_long_long_long: ⏳+1.30%
[2026-04-22 01:07:30] all-position API失败，使用缓存的 1 个持仓
[2026-04-22 01:07:30] 🗑️ RAVEUSDT_long_long_long 已平仓/爆仓，清除记录
[2026-04-22 01:07:30] 监控中: 1个 | RAVEUSDT_long_long_long_long_long: ⏳+1.30%
[2026-04-22 01:07:35] all-position API失败，使用缓存的 1 个持仓
[2026-04-22 01:07:36] 🗑️ RAVEUSDT_long_long_long_long 已平仓/爆仓，清除记录
[2026-04-22 01:07:36] 监控中: 1个 | RAVEUSDT_long_long_long_long_long_long: ⏳+1.30%
[2026-04-22 01:07:41] all-position API失败，使用缓存的 1 个持仓
[2026-04-22 01:07:41] 🗑️ RAVEUSDT_long_long_long_long_long 已平仓/爆仓，清除记录
[2026-04-22 01:07:41] 监控中: 1个 | RAVEUSDT_long_long_long_long_long_long_long: ⏳+1.30%
[2026-04-22 01:07:47] all-position API失败，使用缓存的 1 个持仓
[2026-04-22 01:07:47] 🗑️ RAVEUSDT_long_long_long_long_long_long 已平仓/爆仓，清除记录
[2026-04-22 01:07:47] 监控中: 1个 | RAVEUSDT_long_long_long_long_long_long_long_long: ⏳+1.30%
[2026-04-22 01:07:52] all-position API失败，使用缓存的 1 个持仓
[2026-04-22 01:07:53] 🗑️ RAVEUSDT_long_long_long_long_long_long_long 已平仓/爆仓，清除记录
[2026-04-22 01:07:53] 监控中: 1个 | RAVEUSDT_long_long_long_long_long_long_long_long_long: ⏳+1.30%
[2026-04-22 01:07:58] all-position API失败，使用缓存的 1 个持仓
[2026-04-22 01:07:58] 🗑️ RAVEUSDT_long_long_long_long_long_long_long_long 已平仓/爆仓，清除记录
[2026-04-22 01:07:58] 监控中: 1个 | RAVEUSDT_long_long_long_long_long_long_long_long_long_long: ⏳+1.30%
[2026-04-22 01:08:04] all-position API失败，使用缓存的 1 个持仓
[2026-04-22 01:08:04] 🗑️ RAVEUSDT_long_long_long_long_long_long_long_long_long 已平仓/爆仓，清除记录
[2026-04-22 01:08:04] 监控中: 1个 | RAVEUSDT_long_long_long_long_long_long_long_long_long_long_long: ⏳+1.30%
[2026-04-22 01:08:09] all-position API失败，使用缓存的 1 个持仓
[2026-04-22 01:08:10] 🗑️ RAVEUSDT_long_long_long_long_long_long_long_long_long_long 已平仓/爆仓，清除记录
[2026-04-22 01:08:10] 监控中: 1个 | RAVEUSDT_long_long_long_long_long_long_long_long_long_long_long_long: ⏳+1.30%
[2026-04-22 01:08:15] all-position API失败，使用缓存的 1 个持仓
[2026-04-22 01:08:15] 🗑️ RAVEUSDT_long_long_long_long_long_long_long_long_long_long_long 已平仓/爆仓，清除记录
[2026-04-22 01:08:15] 监控中: 1个 | RAVEUSDT_long_long_long_long_long_long_long_long_long_long_long_long_long: ⏳+1.30%
[2026-04-22 01:08:21] all-position API失败，使用缓存的 1 个持仓
[2026-04-22 01:08:21] 🗑️ RAVEUSDT_long_long_long_long_long_long_long_long_long_long_long_long 已平仓/爆仓，清除记录
[2026-04-22 01:08:21] 监控中: 1个 | RAVEUSDT_long_long_long_long_long_long_long_long_long_long_long_long_long_long: ⏳+1.30%
[2026-04-22 01:08:26] all-position API失败，使用缓存的 1 个持仓
[2026-04-22 01:08:27] 🗑️ RAVEUSDT_long_long_long_long_long_long_long_long_long_long_long_long_long 已平仓/爆仓，清除记录
[2026-04-22 01:08:27] 监控中: 1个 | RAVEUSDT_long_long_long_long_long_long_long_long_long_long_long_long_long_long_long: ⏳+1.30%
[2026-04-22 01:08:32] all-position API失败，使用缓存的 1 个持仓
[2026-04-22 01:08:32] 🗑️ RAVEUSDT_long_long_long_long_long_long_long_long_long_long_long_long_long_long 已平仓/爆仓，清除记录
[2026-04-22 01:08:32] 监控中: 1个 | RAVEUSDT_long_long_long_long_long_long_long_long_long_long_long_long_long_long_long_long: ⏳+1.30%
[2026-04-22 01:08:38] all-position API失败，使用缓存的 1 个持仓
[2026-04-22 01:08:38] 🗑️ RAVEUSDT_long_long_long_long_long_long_long_long_long_long_long_long_long_long_long 已平仓/爆仓，清除记录
[2026-04-22 01:08:38] 监控中: 1个 | RAVEUSDT_long_long_long_long_long_long_long_long_long_long_long_long_long_long_long_long_long: ⏳+1.30%
[2026-04-22 01:08:43] all-position API失败，使用缓存的 1 个持仓
[2026-04-22 01:08:43] 🗑️ RAVEUSDT_long_long_long_long_long_long_long_long_long_long_long_long_long_long_long_long 已平仓/爆仓，清除记录
[2026-04-22 01:08:43] 监控中: 1个 | RAVEUSDT_long_long_long_long_long_long_long_long_long_long_long_long_long_long_long_long_long_long: ⏳+1.30%
[2026-04-22 01:08:49] all-position API失败，使用缓存的 1 个持仓
[2026-04-22 01:08:49] 🗑️ RAVEUSDT_long_long_long_long_long_long_long_long_long_long_long_long_long_long_long_long_long 已平仓/爆仓，清除记录
[2026-04-22 01:08:49] 监控中: 1个 | RAVEUSDT_long_long_long_long_long_long_long_long_long_long_long_long_long_long_long_long_long_long_long: ⏳+1.30%
[2026-04-22 01:08:54] all-position API失败，使用缓存的 1 个持仓
[2026-04-22 01:08:55] 🗑️ RAVEUSDT_long_long_long_long_long_long_long_long_long_long_long_long_long_long_long_long_long_long 已平仓/爆仓，清除记录
[2026-04-22 01:08:55] 监控中: 1个 | RAVEUSDT_long_long_long_long_long_long_long_long_long_long_long_long_long_long_long_long_long_long_long_long: ⏳+1.30%
[2026-04-22 01:09:00] all-position API失败，使用缓存的 1 个持仓
[2026-04-22 01:09:00] 🗑️ RAVEUSDT_long_long_long_long_long_long_long_long_long_long_long_long_long_long_long_long_long_long_long 已平仓/爆仓，清除记录
[2026-04-22 01:09:00] 监控中: 1个 | RAVEUSDT_long_long_long_long_long_long_long_long_long_long_long_long_long_long_long_long_long_long_long_long_long: ⏳+1.30%
[2026-04-22 01:09:06] all-position API失败，使用缓存的 1 个持仓
[2026-04-22 01:09:06] 🗑️ RAVEUSDT_long_long_long_long_long_long_long_long_long_long_long_long_long_long_long_long_long_long_long_long 已平仓/爆仓，清除记录
[2026-04-22 01:09:06] 监控中: 1个 | RAVEUSDT_long_long_long_long_long_long_long_long_long_long_long_long_long_long_long_long_long_long_long_long_long_long: ⏳+1.30%
[2026-04-22 01:09:12] all-position API失败，使用缓存的 1 个持仓
[2026-04-22 01:09:12] 🗑️ RAVEUSDT_long_long_long_long_long_long_long_long_long_long_long_long_long_long_long_long_long_long_long_long_long 已平仓/爆仓，清除记录
[2026-04-22 01:09:12] 监控中: 1个 | RAVEUSDT_long_long_long_long_long_long_long_long_long_long_long_long_long_long_long_long_long_long_long_long_long_long_long: ⏳+1.30%
[2026-04-22 01:09:17] all-position API失败，使用缓存的 1 个持仓
[2026-04-22 01:09:18] 🗑️ RAVEUSDT_long_long_long_long_long_long_long_long_long_long_long_long_long_long_long_long_long_long_long_long_long_long 已平仓/爆仓，清除记录
[2026-04-22 01:09:18] 监控中: 1个 | RAVEUSDT_long_long_long_long_long_long_long_long_long_long_long_long_long_long_long_long_long_long_long_long_long_long_long_long: ⏳+1.30%
[2026-04-22 01:09:23] all-position API失败，使用缓存的 1 个持仓
[2026-04-22 01:09:23] 🗑️ RAVEUSDT_long_long_long_long_long_long_long_long_long_long_long_long_long_long_long_long_long_long_long_long_long_long_long 已平仓/爆仓，清除记录
[2026-04-22 01:09:23] 监控中: 1个 | RAVEUSDT_long_long_long_long_long_long_long_long_long_long_long_long_long_long_long_long_long_long_long_long_long_long_long_long_long: ⏳+1.30%
[2026-04-22 01:09:29] all-position API失败，使用缓存的 1 个持仓
[2026-04-22 01:09:29] 🗑️ RAVEUSDT_long_long_long_long_long_long_long_long_long_long_long_long_long_long_long_long_long_long_long_long_long_long_long_long 已平仓/爆仓，清除记录
[2026-04-22 01:09:29] 监控中: 1个 | RAVEUSDT_long_long_long_long_long_long_long_long_long_long_long_long_long_long_long_long_long_long_long_long_long_long_long_long_long_long: ⏳+1.30%
[2026-04-22 01:09:34] all-position API失败，使用缓存的 1 个持仓
[2026-04-22 01:09:35] 🗑️ RAVEUSDT_long_long_long_long_long_long_long_long_long_long_long_long_long_long_long_long_long_long_long_long_long_long_long_long_long 已平仓/爆仓，清除记录
[2026-04-22 01:09:35] 监控中: 1个 | RAVEUSDT_long_long_long_long_long_long_long_long_long_long_long_long_long_long_long_long_long_long_long_long_long_long_long_long_long_long_long: ⏳+1.30%
[2026-04-22 01:09:40] all-position API失败，使用缓存的 1 个持仓
[2026-04-22 01:09:40] 🗑️ RAVEUSDT_long_long_long_long_long_long_long_long_long_long_long_long_long_long_long_long_long_long_long_long_long_long_long_long_long_long 已平仓/爆仓，清除记录
[2026-04-22 01:09:40] 监控中: 1个 | RAVEUSDT_long_long_long_long_long_long_long_long_long_long_long_long_long_long_long_long_long_long_long_long_long_long_long_long_long_long_long_long: ⏳+1.30%
[2026-04-22 01:09:46] all-position API失败，使用缓存的 1 个持仓
[2026-04-22 01:09:46] 🗑️ RAVEUSDT_long_long_long_long_long_long_long_long_long_long_long_long_long_long_long_long_long_long_long_long_long_long_long_long_long_long_long 已平仓/爆仓，清除记录
[2026-04-22 01:09:46] 监控中: 1个 | RAVEUSDT_long_long_long_long_long_long_long_long_long_long_long_long_long_long_long_long_long_long_long_long_long_long_long_long_long_long_long_long_long: ⏳+1.30%
[2026-04-22 01:09:51] all-position API失败，使用缓存的 1 个持仓
[2026-04-22 01:09:51] 🗑️ RAVEUSDT_long_long_long_long_long_long_long_long_long_long_long_long_long_long_long_long_long_long_long_long_long_long_long_long_long_long_long_long 已平仓/爆仓，清除记录
[2026-04-22 01:09:51] 监控中: 1个 | RAVEUSDT_long_long_long_long_long_long_long_long_long_long_long_long_long_long_long_long_long_long_long_long_long_long_long_long_long_long_long_long_long_long: ⏳+1.30%
[2026-04-22 01:09:57] all-position API失败，使用缓存的 1 个持仓
[2026-04-22 01:09:57] 🗑️ RAVEUSDT_long_long_long_long_long_long_long_long_long_long_long_long_long_long_long_long_long_long_long_long_long_long_long_long_long_long_long_long_long 已平仓/爆仓，清除记录
[2026-04-22 01:09:57] 监控中: 1个 | RAVEUSDT_long_long_long_long_long_long_long_long_long_long_long_long_long_long_long_long_long_long_long_long_long_long_long_long_long_long_long_long_long_long_long: ⏳+1.30%
[2026-04-22 01:10:03] all-position API失败，使用缓存的 1 个持仓
[2026-04-22 01:10:03] 🗑️ RAVEUSDT_long_long_long_long_long_long_long_long_long_long_long_long_long_long_long_long_long_long_long_long_long_long_long_long_long_long_long_long_long_long 已平仓/爆仓，清除记录
[2026-04-22 01:10:03] 监控中: 1个 | RAVEUSDT_long_long_long_long_long_long_long_long_long_long_long_long_long_long_long_long_long_long_long_long_long_long_long_long_long_long_long_long_long_long_long_long: ⏳+1.30%
[2026-04-22 01:10:08] all-position API失败，使用缓存的 1 个持仓
[2026-04-22 01:10:09] 🗑️ RAVEUSDT_long_long_long_long_long_long_long_long_long_long_long_long_long_long_long_long_long_long_long_long_long_long_long_long_long_long_long_long_long_long_long 已平仓/爆仓，清除记录
[2026-04-22 01:10:09] 监控中: 1个 | RAVEUSDT_long_long_long_long_long_long_long_long_long_long_long_long_long_long_long_long_long_long_long_long_long_long_long_long_long_long_long_long_long_long_long_long_long: ⏳+1.30%
[2026-04-22 01:10:14] all-position API失败，使用缓存的 1 个持仓
[2026-04-22 01:10:14] 🗑️ RAVEUSDT_long_long_long_long_long_long_long_long_long_long_long_long_long_long_long_long_long_long_long_long_long_long_long_long_long_long_long_long_long_long_long_long 已平仓/爆仓，清除记录
[2026-04-22 01:10:14] 监控中: 1个 | RAVEUSDT_long_long_long_long_long_long_long_long_long_long_long_long_long_long_long_long_long_long_long_long_long_long_long_long_long_long_long_long_long_long_long_long_long_long: ⏳+1.30%
[2026-04-22 01:10:20] all-position API失败，使用缓存的 1 个持仓
[2026-04-22 01:10:20] 🗑️ RAVEUSDT_long_long_long_long_long_long_long_long_long_long_long_long_long_long_long_long_long_long_long_long_long_long_long_long_long_long_long_long_long_long_long_long_long 已平仓/爆仓，清除记录
[2026-04-22 01:10:20] 监控中: 1个 | RAVEUSDT_long_long_long_long_long_long_long_long_long_long_long_long_long_long_long_long_long_long_long_long_long_long_long_long_long_long_long_long_long_long_long_long_long_long_long: ⏳+1.30%
[2026-04-22 01:10:25] all-position API失败，使用缓存的 1 个持仓
[2026-04-22 01:10:25] 🗑️ RAVEUSDT_long_long_long_long_long_long_long_long_long_long_long_long_long_long_long_long_long_long_long_long_long_long_long_long_long_long_long_long_long_long_long_long_long_long 已平仓/爆仓，清除记录
[2026-04-22 01:10:25] 监控中: 1个 | RAVEUSDT_long_long_long_long_long_long_long_long_long_long_long_long_long_long_long_long_long_long_long_long_long_long_long_long_long_long_long_long_long_long_long_long_long_long_long_long: ⏳+1.30%
[2026-04-22 01:10:31] all-position API失败，使用缓存的 1 个持仓
[2026-04-22 01:10:31] 🗑️ RAVEUSDT_long_long_long_long_long_long_long_long_long_long_long_long_long_long_long_long_long_long_long_long_long_long_long_long_long_long_long_long_long_long_long_long_long_long_long 已平仓/爆仓，清除记录
[2026-04-22 01:10:31] 监控中: 1个 | RAVEUSDT_long_long_long_long_long_long_long_long_long_long_long_long_long_long_long_long_long_long_long_long_long_long_long_long_long_long_long_long_long_long_long_long_long_long_long_long_long: ⏳+1.30%
[2026-04-22 01:10:36] all-position API失败，使用缓存的 1 个持仓
[2026-04-22 01:10:37] 🗑️ RAVEUSDT_long_long_long_long_long_long_long_long_long_long_long_long_long_long_long_long_long_long_long_long_long_long_long_long_long_long_long_long_long_long_long_long_long_long_long_long 已平仓/爆仓，清除记录
[2026-04-22 01:10:37] 监控中: 1个 | RAVEUSDT_long_long_long_long_long_long_long_long_long_long_long_long_long_long_long_long_long_long_long_long_long_long_long_long_long_long_long_long_long_long_long_long_long_long_long_long_long_long: ⏳+1.30%
[2026-04-22 01:10:42] all-position API失败，使用缓存的 1 个持仓
[2026-04-22 01:10:42] 🗑️ RAVEUSDT_long_long_long_long_long_long_long_long_long_long_long_long_long_long_long_long_long_long_long_long_long_long_long_long_long_long_long_long_long_long_long_long_long_long_long_long_long 已平仓/爆仓，清除记录
[2026-04-22 01:10:42] 监控中: 1个 | RAVEUSDT_long_long_long_long_long_long_long_long_long_long_long_long_long_long_long_long_long_long_long_long_long_long_long_long_long_long_long_long_long_long_long_long_long_long_long_long_long_long_long: ⏳+1.30%
[2026-04-22 01:10:48] all-position API失败，使用缓存的 1 个持仓
[2026-04-22 01:10:48] 🗑️ RAVEUSDT_long_long_long_long_long_long_long_long_long_long_long_long_long_long_long_long_long_long_long_long_long_long_long_long_long_long_long_long_long_long_long_long_long_long_long_long_long_long 已平仓/爆仓，清除记录
[2026-04-22 01:10:48] 监控中: 1个 | RAVEUSDT_long_long_long_long_long_long_long_long_long_long_long_long_long_long_long_long_long_long_long_long_long_long_long_long_long_long_long_long_long_long_long_long_long_long_long_long_long_long_long_long: ⏳+1.30%
[2026-04-22 01:10:53] all-position API失败，使用缓存的 1 个持仓
[2026-04-22 01:10:53] 🗑️ RAVEUSDT_long_long_long_long_long_long_long_long_long_long_long_long_long_long_long_long_long_long_long_long_long_long_long_long_long_long_long_long_long_long_long_long_long_long_long_long_long_long_long 已平仓/爆仓，清除记录
[2026-04-22 01:10:53] 监控中: 1个 | RAVEUSDT_long_long_long_long_long_long_long_long_long_long_long_long_long_long_long_long_long_long_long_long_long_long_long_long_long_long_long_long_long_long_long_long_long_long_long_long_long_long_long_long_long: ⏳+1.30%
[2026-04-22 01:10:59] all-position API失败，使用缓存的 1 个持仓
[2026-04-22 01:10:59] 🗑️ RAVEUSDT_long_long_long_long_long_long_long_long_long_long_long_long_long_long_long_long_long_long_long_long_long_long_long_long_long_long_long_long_long_long_long_long_long_long_long_long_long_long_long_long 已平仓/爆仓，清除记录
[2026-04-22 01:10:59] 监控中: 1个 | RAVEUSDT_long_long_long_long_long_long_long_long_long_long_long_long_long_long_long_long_long_long_long_long_long_long_long_long_long_long_long_long_long_long_long_long_long_long_long_long_long_long_long_long_long_long: ⏳+1.30%
[2026-04-22 01:11:04] all-position API失败，使用缓存的 1 个持仓
[2026-04-22 01:11:04] 🗑️ RAVEUSDT_long_long_long_long_long_long_long_long_long_long_long_long_long_long_long_long_long_long_long_long_long_long_long_long_long_long_long_long_long_long_long_long_long_long_long_long_long_long_long_long_long 已平仓/爆仓，清除记录
[2026-04-22 01:11:04] 监控中: 1个 | RAVEUSDT_long_long_long_long_long_long_long_long_long_long_long_long_long_long_long_long_long_long_long_long_long_long_long_long_long_long_long_long_long_long_long_long_long_long_long_long_long_long_long_long_long_long_long: ⏳+1.30%
[2026-04-22 01:11:10] all-position API失败，使用缓存的 1 个持仓
[2026-04-22 01:11:10] 🗑️ RAVEUSDT_long_long_long_long_long_long_long_long_long_long_long_long_long_long_long_long_long_long_long_long_long_long_long_long_long_long_long_long_long_long_long_long_long_long_long_long_long_long_long_long_long_long 已平仓/爆仓，清除记录
[2026-04-22 01:11:10] 监控中: 1个 | RAVEUSDT_long_long_long_long_long_long_long_long_long_long_long_long_long_long_long_long_long_long_long_long_long_long_long_long_long_long_long_long_long_long_long_long_long_long_long_long_long_long_long_long_long_long_long_long: ⏳+1.30%
[2026-04-22 01:11:15] all-position API失败，使用缓存的 1 个持仓
[2026-04-22 01:11:16] 🗑️ RAVEUSDT_long_long_long_long_long_long_long_long_long_long_long_long_long_long_long_long_long_long_long_long_long_long_long_long_long_long_long_long_long_long_long_long_long_long_long_long_long_long_long_long_long_long_long 已平仓/爆仓，清除记录
[2026-04-22 01:11:16] 监控中: 1个 | RAVEUSDT_long_long_long_long_long_long_long_long_long_long_long_long_long_long_long_long_long_long_long_long_long_long_long_long_long_long_long_long_long_long_long_long_long_long_long_long_long_long_long_long_long_long_long_long_long: ⏳+1.30%
[2026-04-22 01:11:21] all-position API失败，使用缓存的 1 个持仓
[2026-04-22 01:11:21] 🗑️ RAVEUSDT_long_long_long_long_long_long_long_long_long_long_long_long_long_long_long_long_long_long_long_long_long_long_long_long_long_long_long_long_long_long_long_long_long_long_long_long_long_long_long_long_long_long_long_long 已平仓/爆仓，清除记录
[2026-04-22 01:11:21] 监控中: 1个 | RAVEUSDT_long_long_long_long_long_long_long_long_long_long_long_long_long_long_long_long_long_long_long_long_long_long_long_long_long_long_long_long_long_long_long_long_long_long_long_long_long_long_long_long_long_long_long_long_long_long: ⏳+1.30%
[2026-04-22 01:11:27] all-position API失败，使用缓存的 1 个持仓
[2026-04-22 01:11:27] 🗑️ RAVEUSDT_long_long_long_long_long_long_long_long_long_long_long_long_long_long_long_long_long_long_long_long_long_long_long_long_long_long_long_long_long_long_long_long_long_long_long_long_long_long_long_long_long_long_long_long_long 已平仓/爆仓，清除记录
[2026-04-22 01:11:27] 监控中: 1个 | RAVEUSDT_long_long_long_long_long_long_long_long_long_long_long_long_long_long_long_long_long_long_long_long_long_long_long_long_long_long_long_long_long_long_long_long_long_long_long_long_long_long_long_long_long_long_long_long_long_long_long: ⏳+1.30%
[2026-04-22 01:11:32] all-position API失败，使用缓存的 1 个持仓
[2026-04-22 01:11:32] 🗑️ RAVEUSDT_long_long_long_long_long_long_long_long_long_long_long_long_long_long_long_long_long_long_long_long_long_long_long_long_long_long_long_long_long_long_long_long_long_long_long_long_long_long_long_long_long_long_long_long_long_long 已平仓/爆仓，清除记录
[2026-04-22 01:11:32] 监控中: 1个 | RAVEUSDT_long_long_long_long_long_long_long_long_long_long_long_long_long_long_long_long_long_long_long_long_long_long_long_long_long_long_long_long_long_long_long_long_long_long_long_long_long_long_long_long_long_long_long_long_long_long_long_long: ⏳+1.30%
[2026-04-22 01:11:38] all-position API失败，使用缓存的 1 个持仓
[2026-04-22 01:11:38] 🗑️ RAVEUSDT_long_long_long_long_long_long_long_long_long_long_long_long_long_long_long_long_long_long_long_long_long_long_long_long_long_long_long_long_long_long_long_long_long_long_long_long_long_long_long_long_long_long_long_long_long_long_long 已平仓/爆仓，清除记录
[2026-04-22 01:11:38] 监控中: 1个 | RAVEUSDT_long_long_long_long_long_long_long_long_long_long_long_long_long_long_long_long_long_long_long_long_long_long_long_long_long_long_long_long_long_long_long_long_long_long_long_long_long_long_long_long_long_long_long_long_long_long_long_long_long: ⏳+1.30%
[2026-04-22 01:11:43] all-position API失败，使用缓存的 1 个持仓
[2026-04-22 01:11:44] 🗑️ RAVEUSDT_long_long_long_long_long_long_long_long_long_long_long_long_long_long_long_long_long_long_long_long_long_long_long_long_long_long_long_long_long_long_long_long_long_long_long_long_long_long_long_long_long_long_long_long_long_long_long_long 已平仓/爆仓，清除记录
[2026-04-22 01:11:44] 监控中: 1个 | RAVEUSDT_long_long_long_long_long_long_long_long_long_long_long_long_long_long_long_long_long_long_long_long_long_long_long_long_long_long_long_long_long_long_long_long_long_long_long_long_long_long_long_long_long_long_long_long_long_long_long_long_long_long: ⏳+1.30%
[2026-04-22 01:11:49] all-position API失败，使用缓存的 1 个持仓
[2026-04-22 01:11:49] 🗑️ RAVEUSDT_long_long_long_long_long_long_long_long_long_long_long_long_long_long_long_long_long_long_long_long_long_long_long_long_long_long_long_long_long_long_long_long_long_long_long_long_long_long_long_long_long_long_long_long_long_long_long_long_long 已平仓/爆仓，清除记录
[2026-04-22 01:11:49] 监控中: 1个 | RAVEUSDT_long_long_long_long_long_long_long_long_long_long_long_long_long_long_long_long_long_long_long_long_long_long_long_long_long_long_long_long_long_long_long_long_long_long_long_long_long_long_long_long_long_long_long_long_long_long_long_long_long_long_long: ⏳+1.30%
[2026-04-22 01:11:55] all-position API失败，使用缓存的 1 个持仓
[2026-04-22 01:11:55] 🗑️ RAVEUSDT_long_long_long_long_long_long_long_long_long_long_long_long_long_long_long_long_long_long_long_long_long_long_long_long_long_long_long_long_long_long_long_long_long_long_long_long_long_long_long_long_long_long_long_long_long_long_long_long_long_long 已平仓/爆仓，清除记录
[2026-04-22 01:11:55] 监控中: 1个 | RAVEUSDT_long_long_long_long_long_long_long_long_long_long_long_long_long_long_long_long_long_long_long_long_long_long_long_long_long_long_long_long_long_long_long_long_long_long_long_long_long_long_long_long_long_long_long_long_long_long_long_long_long_long_long_long: ⏳+1.30%
[2026-04-22 01:12:00] all-position API失败，使用缓存的 1 个持仓
[2026-04-22 01:12:00] 🗑️ RAVEUSDT_long_long_long_long_long_long_long_long_long_long_long_long_long_long_long_long_long_long_long_long_long_long_long_long_long_long_long_long_long_long_long_long_long_long_long_long_long_long_long_long_long_long_long_long_long_long_long_long_long_long_long 已平仓/爆仓，清除记录
[2026-04-22 01:12:00] 监控中: 1个 | RAVEUSDT_long_long_long_long_long_long_long_long_long_long_long_long_long_long_long_long_long_long_long_long_long_long_long_long_long_long_long_long_long_long_long_long_long_long_long_long_long_long_long_long_long_long_long_long_long_long_long_long_long_long_long_long_long: ⏳+1.30%
[2026-04-22 01:12:06] all-position API失败，使用缓存的 1 个持仓
[2026-04-22 01:12:06] 🗑️ RAVEUSDT_long_long_long_long_long_long_long_long_long_long_long_long_long_long_long_long_long_long_long_long_long_long_long_long_long_long_long_long_long_long_long_long_long_long_long_long_long_long_long_long_long_long_long_long_long_long_long_long_long_long_long_long 已平仓/爆仓，清除记录
[2026-04-22 01:12:06] 监控中: 1个 | RAVEUSDT_long_long_long_long_long_long_long_long_long_long_long_long_long_long_long_long_long_long_long_long_long_long_long_long_long_long_long_long_long_long_long_long_long_long_long_long_long_long_long_long_long_long_long_long_long_long_long_long_long_long_long_long_long_long: ⏳+1.30%
[2026-04-22 01:12:11] all-position API失败，使用缓存的 1 个持仓
[2026-04-22 01:12:12] 🗑️ RAVEUSDT_long_long_long_long_long_long_long_long_long_long_long_long_long_long_long_long_long_long_long_long_long_long_long_long_long_long_long_long_long_long_long_long_long_long_long_long_long_long_long_long_long_long_long_long_long_long_long_long_long_long_long_long_long 已平仓/爆仓，清除记录
[2026-04-22 01:12:12] 监控中: 1个 | RAVEUSDT_long_long_long_long_long_long_long_long_long_long_long_long_long_long_long_long_long_long_long_long_long_long_long_long_long_long_long_long_long_long_long_long_long_long_long_long_long_long_long_long_long_long_long_long_long_long_long_long_long_long_long_long_long_long_long: ⏳+1.30%
[2026-04-22 01:12:17] all-position API失败，使用缓存的 1 个持仓
[2026-04-22 01:12:17] 🗑️ RAVEUSDT_long_long_long_long_long_long_long_long_long_long_long_long_long_long_long_long_long_long_long_long_long_long_long_long_long_long_long_long_long_long_long_long_long_long_long_long_long_long_long_long_long_long_long_long_long_long_long_long_long_long_long_long_long_long 已平仓/爆仓，清除记录
[2026-04-22 01:12:17] 监控中: 1个 | RAVEUSDT_long_long_long_long_long_long_long_long_long_long_long_long_long_long_long_long_long_long_long_long_long_long_long_long_long_long_long_long_long_long_long_long_long_long_long_long_long_long_long_long_long_long_long_long_long_long_long_long_long_long_long_long_long_long_long_long: ⏳+1.30%
[2026-04-22 01:12:23] all-position API失败，使用缓存的 1 个持仓
[2026-04-22 01:12:24] 🗑️ RAVEUSDT_long_long_long_long_long_long_long_long_long_long_long_long_long_long_long_long_long_long_long_long_long_long_long_long_long_long_long_long_long_long_long_long_long_long_long_long_long_long_long_long_long_long_long_long_long_long_long_long_long_long_long_long_long_long_long 已平仓/爆仓，清除记录
[2026-04-22 01:12:24] 监控中: 1个 | RAVEUSDT_long_long_long_long_long_long_long_long_long_long_long_long_long_long_long_long_long_long_long_long_long_long_long_long_long_long_long_long_long_long_long_long_long_long_long_long_long_long_long_long_long_long_long_long_long_long_long_long_long_long_long_long_long_long_long_long_long: ⏳+1.30%
[2026-04-22 01:12:29] all-position API失败，使用缓存的 1 个持仓
[2026-04-22 01:12:30] 🗑️ RAVEUSDT_long_long_long_long_long_long_long_long_long_long_long_long_long_long_long_long_long_long_long_long_long_long_long_long_long_long_long_long_long_long_long_long_long_long_long_long_long_long_long_long_long_long_long_long_long_long_long_long_long_long_long_long_long_long_long_long 已平仓/爆仓，清除记录
[2026-04-22 01:12:30] 监控中: 1个 | RAVEUSDT_long_long_long_long_long_long_long_long_long_long_long_long_long_long_long_long_long_long_long_long_long_long_long_long_long_long_long_long_long_long_long_long_long_long_long_long_long_long_long_long_long_long_long_long_long_long_long_long_long_long_long_long_long_long_long_long_long_long: ⏳+1.30%
[2026-04-22 01:12:35] all-position API失败，使用缓存的 1 个持仓
[2026-04-22 01:12:36] 🗑️ RAVEUSDT_long_long_long_long_long_long_long_long_long_long_long_long_long_long_long_long_long_long_long_long_long_long_long_long_long_long_long_long_long_long_long_long_long_long_long_long_long_long_long_long_long_long_long_long_long_long_long_long_long_long_long_long_long_long_long_long_long 已平仓/爆仓，清除记录
[2026-04-22 01:12:36] 监控中: 1个 | RAVEUSDT_long_long_long_long_long_long_long_long_long_long_long_long_long_long_long_long_long_long_long_long_long_long_long_long_long_long_long_long_long_long_long_long_long_long_long_long_long_long_long_long_long_long_long_long_long_long_long_long_long_long_long_long_long_long_long_long_long_long_long: ⏳+1.30%
[2026-04-22 01:12:41] all-position API失败，使用缓存的 1 个持仓
[2026-04-22 01:12:42] 🗑️ RAVEUSDT_long_long_long_long_long_long_long_long_long_long_long_long_long_long_long_long_long_long_long_long_long_long_long_long_long_long_long_long_long_long_long_long_long_long_long_long_long_long_long_long_long_long_long_long_long_long_long_long_long_long_long_long_long_long_long_long_long_long 已平仓/爆仓，清除记录
[2026-04-22 01:12:42] 监控中: 1个 | RAVEUSDT_long_long_long_long_long_long_long_long_long_long_long_long_long_long_long_long_long_long_long_long_long_long_long_long_long_long_long_long_long_long_long_long_long_long_long_long_long_long_long_long_long_long_long_long_long_long_long_long_long_long_long_long_long_long_long_long_long_long_long_long: ⏳+1.30%
[2026-04-22 01:12:47] all-position API失败，使用缓存的 1 个持仓
[2026-04-22 01:12:47] 🗑️ RAVEUSDT_long_long_long_long_long_long_long_long_long_long_long_long_long_long_long_long_long_long_long_long_long_long_long_long_long_long_long_long_long_long_long_long_long_long_long_long_long_long_long_long_long_long_long_long_long_long_long_long_long_long_long_long_long_long_long_long_long_long_long 已平仓/爆仓，清除记录
[2026-04-22 01:12:47] 监控中: 1个 | RAVEUSDT_long_long_long_long_long_long_long_long_long_long_long_long_long_long_long_long_long_long_long_long_long_long_long_long_long_long_long_long_long_long_long_long_long_long_long_long_long_long_long_long_long_long_long_long_long_long_long_long_long_long_long_long_long_long_long_long_long_long_long_long_long: ⏳+1.30%
[2026-04-22 01:12:53] all-position API失败，使用缓存的 1 个持仓
[2026-04-22 01:12:53] 🗑️ RAVEUSDT_long_long_long_long_long_long_long_long_long_long_long_long_long_long_long_long_long_long_long_long_long_long_long_long_long_long_long_long_long_long_long_long_long_long_long_long_long_long_long_long_long_long_long_long_long_long_long_long_long_long_long_long_long_long_long_long_long_long_long_long 已平仓/爆仓，清除记录
[2026-04-22 01:12:53] 监控中: 1个 | RAVEUSDT_long_long_long_long_long_long_long_long_long_long_long_long_long_long_long_long_long_long_long_long_long_long_long_long_long_long_long_long_long_long_long_long_long_long_long_long_long_long_long_long_long_long_long_long_long_long_long_long_long_long_long_long_long_long_long_long_long_long_long_long_long_long: ⏳+1.30%
[2026-04-22 01:12:58] all-position API失败，使用缓存的 1 个持仓
[2026-04-22 01:12:59] 🗑️ RAVEUSDT_long_long_long_long_long_long_long_long_long_long_long_long_long_long_long_long_long_long_long_long_long_long_long_long_long_long_long_long_long_long_long_long_long_long_long_long_long_long_long_long_long_long_long_long_long_long_long_long_long_long_long_long_long_long_long_long_long_long_long_long_long 已平仓/爆仓，清除记录
[2026-04-22 01:12:59] 监控中: 1个 | RAVEUSDT_long_long_long_long_long_long_long_long_long_long_long_long_long_long_long_long_long_long_long_long_long_long_long_long_long_long_long_long_long_long_long_long_long_long_long_long_long_long_long_long_long_long_long_long_long_long_long_long_long_long_long_long_long_long_long_long_long_long_long_long_long_long_long: ⏳+1.30%
[2026-04-22 01:13:04] all-position API失败，使用缓存的 1 个持仓
[2026-04-22 01:13:04] 🗑️ RAVEUSDT_long_long_long_long_long_long_long_long_long_long_long_long_long_long_long_long_long_long_long_long_long_long_long_long_long_long_long_long_long_long_long_long_long_long_long_long_long_long_long_long_long_long_long_long_long_long_long_long_long_long_long_long_long_long_long_long_long_long_long_long_long_long 已平仓/爆仓，清除记录
[2026-04-22 01:13:04] 监控中: 1个 | RAVEUSDT_long_long_long_long_long_long_long_long_long_long_long_long_long_long_long_long_long_long_long_long_long_long_long_long_long_long_long_long_long_long_long_long_long_long_long_long_long_long_long_long_long_long_long_long_long_long_long_long_long_long_long_long_long_long_long_long_long_long_long_long_long_long_long_long: ⏳+1.30%
[2026-04-22 01:13:09] all-position API失败，使用缓存的 1 个持仓
[2026-04-22 01:13:10] 🗑️ RAVEUSDT_long_long_long_long_long_long_long_long_long_long_long_long_long_long_long_long_long_long_long_long_long_long_long_long_long_long_long_long_long_long_long_long_long_long_long_long_long_long_long_long_long_long_long_long_long_long_long_long_long_long_long_long_long_long_long_long_long_long_long_long_long_long_long 已平仓/爆仓，清除记录
[2026-04-22 01:13:10] 监控中: 1个 | RAVEUSDT_long_long_long_long_long_long_long_long_long_long_long_long_long_long_long_long_long_long_long_long_long_long_long_long_long_long_long_long_long_long_long_long_long_long_long_long_long_long_long_long_long_long_long_long_long_long_long_long_long_long_long_long_long_long_long_long_long_long_long_long_long_long_long_long_long: ⏳+1.30%
[2026-04-22 01:13:15] all-position API失败，使用缓存的 1 个持仓
[2026-04-22 01:13:15] 🗑️ RAVEUSDT_long_long_long_long_long_long_long_long_long_long_long_long_long_long_long_long_long_long_long_long_long_long_long_long_long_long_long_long_long_long_long_long_long_long_long_long_long_long_long_long_long_long_long_long_long_long_long_long_long_long_long_long_long_long_long_long_long_long_long_long_long_long_long_long 已平仓/爆仓，清除记录
[2026-04-22 01:13:15] 监控中: 1个 | RAVEUSDT_long_long_long_long_long_long_long_long_long_long_long_long_long_long_long_long_long_long_long_long_long_long_long_long_long_long_long_long_long_long_long_long_long_long_long_long_long_long_long_long_long_long_long_long_long_long_long_long_long_long_long_long_long_long_long_long_long_long_long_long_long_long_long_long_long_long: ⏳+1.30%
[2026-04-22 01:13:21] all-position API失败，使用缓存的 1 个持仓
[2026-04-22 01:13:21] 🗑️ RAVEUSDT_long_long_long_long_long_long_long_long_long_long_long_long_long_long_long_long_long_long_long_long_long_long_long_long_long_long_long_long_long_long_long_long_long_long_long_long_long_long_long_long_long_long_long_long_long_long_long_long_long_long_long_long_long_long_long_long_long_long_long_long_long_long_long_long_long 已平仓/爆仓，清除记录
[2026-04-22 01:13:21] 监控中: 1个 | RAVEUSDT_long_long_long_long_long_long_long_long_long_long_long_long_long_long_long_long_long_long_long_long_long_long_long_long_long_long_long_long_long_long_long_long_long_long_long_long_long_long_long_long_long_long_long_long_long_long_long_long_long_long_long_long_long_long_long_long_long_long_long_long_long_long_long_long_long_long_long: ⏳+1.30%
[2026-04-22 01:13:26] all-position API失败，使用缓存的 1 个持仓
[2026-04-22 01:13:26] 🗑️ RAVEUSDT_long_long_long_long_long_long_long_long_long_long_long_long_long_long_long_long_long_long_long_long_long_long_long_long_long_long_long_long_long_long_long_long_long_long_long_long_long_long_long_long_long_long_long_long_long_long_long_long_long_long_long_long_long_long_long_long_long_long_long_long_long_long_long_long_long_long 已平仓/爆仓，清除记录
[2026-04-22 01:13:26] 监控中: 1个 | RAVEUSDT_long_long_long_long_long_long_long_long_long_long_long_long_long_long_long_long_long_long_long_long_long_long_long_long_long_long_long_long_long_long_long_long_long_long_long_long_long_long_long_long_long_long_long_long_long_long_long_long_long_long_long_long_long_long_long_long_long_long_long_long_long_long_long_long_long_long_long_long: ⏳+1.30%
[2026-04-22 01:13:32] all-position API失败，使用缓存的 1 个持仓
[2026-04-22 01:13:32] 🗑️ RAVEUSDT_long_long_long_long_long_long_long_long_long_long_long_long_long_long_long_long_long_long_long_long_long_long_long_long_long_long_long_long_long_long_long_long_long_long_long_long_long_long_long_long_long_long_long_long_long_long_long_long_long_long_long_long_long_long_long_long_long_long_long_long_long_long_long_long_long_long_long 已平仓/爆仓，清除记录
[2026-04-22 01:13:32] 监控中: 1个 | RAVEUSDT_long_long_long_long_long_long_long_long_long_long_long_long_long_long_long_long_long_long_long_long_long_long_long_long_long_long_long_long_long_long_long_long_long_long_long_long_long_long_long_long_long_long_long_long_long_long_long_long_long_long_long_long_long_long_long_long_long_long_long_long_long_long_long_long_long_long_long_long_long: ⏳+1.30%
[2026-04-22 01:13:37] all-position API失败，使用缓存的 1 个持仓
[2026-04-22 01:13:38] 🗑️ RAVEUSDT_long_long_long_long_long_long_long_long_long_long_long_long_long_long_long_long_long_long_long_long_long_long_long_long_long_long_long_long_long_long_long_long_long_long_long_long_long_long_long_long_long_long_long_long_long_long_long_long_long_long_long_long_long_long_long_long_long_long_long_long_long_long_long_long_long_long_long_long 已平仓/爆仓，清除记录
[2026-04-22 01:13:38] 监控中: 1个 | RAVEUSDT_long_long_long_long_long_long_long_long_long_long_long_long_long_long_long_long_long_long_long_long_long_long_long_long_long_long_long_long_long_long_long_long_long_long_long_long_long_long_long_long_long_long_long_long_long_long_long_long_long_long_long_long_long_long_long_long_long_long_long_long_long_long_long_long_long_long_long_long_long_long: ⏳+1.30%
[2026-04-22 01:13:43] all-position API失败，使用缓存的 1 个持仓
[2026-04-22 01:13:43] 🗑️ RAVEUSDT_long_long_long_long_long_long_long_long_long_long_long_long_long_long_long_long_long_long_long_long_long_long_long_long_long_long_long_long_long_long_long_long_long_long_long_long_long_long_long_long_long_long_long_long_long_long_long_long_long_long_long_long_long_long_long_long_long_long_long_long_long_long_long_long_long_long_long_long_long 已平仓/爆仓，清除记录
[2026-04-22 01:13:43] 监控中: 1个 | RAVEUSDT_long_long_long_long_long_long_long_long_long_long_long_long_long_long_long_long_long_long_long_long_long_long_long_long_long_long_long_long_long_long_long_long_long_long_long_long_long_long_long_long_long_long_long_long_long_long_long_long_long_long_long_long_long_long_long_long_long_long_long_long_long_long_long_long_long_long_long_long_long_long_long: ⏳+1.30%
[2026-04-22 01:13:49] all-position API失败，使用缓存的 1 个持仓
[2026-04-22 01:13:49] 🗑️ RAVEUSDT_long_long_long_long_long_long_long_long_long_long_long_long_long_long_long_long_long_long_long_long_long_long_long_long_long_long_long_long_long_long_long_long_long_long_long_long_long_long_long_long_long_long_long_long_long_long_long_long_long_long_long_long_long_long_long_long_long_long_long_long_long_long_long_long_long_long_long_long_long_long 已平仓/爆仓，清除记录
[2026-04-22 01:13:49] 监控中: 1个 | RAVEUSDT_long_long_long_long_long_long_long_long_long_long_long_long_long_long_long_long_long_long_long_long_long_long_long_long_long_long_long_long_long_long_long_long_long_long_long_long_long_long_long_long_long_long_long_long_long_long_long_long_long_long_long_long_long_long_long_long_long_long_long_long_long_long_long_long_long_long_long_long_long_long_long_long: ⏳+1.30%
[2026-04-22 01:13:54] all-position API失败，使用缓存的 1 个持仓
[2026-04-22 01:13:54] 🗑️ RAVEUSDT_long_long_long_long_long_long_long_long_long_long_long_long_long_long_long_long_long_long_long_long_long_long_long_long_long_long_long_long_long_long_long_long_long_long_long_long_long_long_long_long_long_long_long_long_long_long_long_long_long_long_long_long_long_long_long_long_long_long_long_long_long_long_long_long_long_long_long_long_long_long_long 已平仓/爆仓，清除记录
[2026-04-22 01:13:54] 监控中: 1个 | RAVEUSDT_long_long_long_long_long_long_long_long_long_long_long_long_long_long_long_long_long_long_long_long_long_long_long_long_long_long_long_long_long_long_long_long_long_long_long_long_long_long_long_long_long_long_long_long_long_long_long_long_long_long_long_long_long_long_long_long_long_long_long_long_long_long_long_long_long_long_long_long_long_long_long_long_long: ⏳+1.30%
[2026-04-22 01:14:00] all-position API失败，使用缓存的 1 个持仓
[2026-04-22 01:14:00] 🗑️ RAVEUSDT_long_long_long_long_long_long_long_long_long_long_long_long_long_long_long_long_long_long_long_long_long_long_long_long_long_long_long_long_long_long_long_long_long_long_long_long_long_long_long_long_long_long_long_long_long_long_long_long_long_long_long_long_long_long_long_long_long_long_long_long_long_long_long_long_long_long_long_long_long_long_long_long 已平仓/爆仓，清除记录
[2026-04-22 01:14:00] 监控中: 1个 | RAVEUSDT_long_long_long_long_long_long_long_long_long_long_long_long_long_long_long_long_long_long_long_long_long_long_long_long_long_long_long_long_long_long_long_long_long_long_long_long_long_long_long_long_long_long_long_long_long_long_long_long_long_long_long_long_long_long_long_long_long_long_long_long_long_long_long_long_long_long_long_long_long_long_long_long_long_long: ⏳+1.30%
[2026-04-22 01:14:06] all-position API失败，使用缓存的 1 个持仓
[2026-04-22 01:14:06] 🗑️ RAVEUSDT_long_long_long_long_long_long_long_long_long_long_long_long_long_long_long_long_long_long_long_long_long_long_long_long_long_long_long_long_long_long_long_long_long_long_long_long_long_long_long_long_long_long_long_long_long_long_long_long_long_long_long_long_long_long_long_long_long_long_long_long_long_long_long_long_long_long_long_long_long_long_long_long_long 已平仓/爆仓，清除记录
[2026-04-22 01:14:06] 监控中: 1个 | RAVEUSDT_long_long_long_long_long_long_long_long_long_long_long_long_long_long_long_long_long_long_long_long_long_long_long_long_long_long_long_long_long_long_long_long_long_long_long_long_long_long_long_long_long_long_long_long_long_long_long_long_long_long_long_long_long_long_long_long_long_long_long_long_long_long_long_long_long_long_long_long_long_long_long_long_long_long_long: ⏳+1.30%
[2026-04-22 01:14:11] all-position API失败，使用缓存的 1 个持仓
[2026-04-22 01:14:11] 🗑️ RAVEUSDT_long_long_long_long_long_long_long_long_long_long_long_long_long_long_long_long_long_long_long_long_long_long_long_long_long_long_long_long_long_long_long_long_long_long_long_long_long_long_long_long_long_long_long_long_long_long_long_long_long_long_long_long_long_long_long_long_long_long_long_long_long_long_long_long_long_long_long_long_long_long_long_long_long_long 已平仓/爆仓，清除记录
[2026-04-22 01:14:11] 监控中: 1个 | RAVEUSDT_long_long_long_long_long_long_long_long_long_long_long_long_long_long_long_long_long_long_long_long_long_long_long_long_long_long_long_long_long_long_long_long_long_long_long_long_long_long_long_long_long_long_long_long_long_long_long_long_long_long_long_long_long_long_long_long_long_long_long_long_long_long_long_long_long_long_long_long_long_long_long_long_long_long_long_long: ⏳+1.30%
[2026-04-22 01:14:17] all-position API失败，使用缓存的 1 个持仓
[2026-04-22 01:14:17] 🗑️ RAVEUSDT_long_long_long_long_long_long_long_long_long_long_long_long_long_long_long_long_long_long_long_long_long_long_long_long_long_long_long_long_long_long_long_long_long_long_long_long_long_long_long_long_long_long_long_long_long_long_long_long_long_long_long_long_long_long_long_long_long_long_long_long_long_long_long_long_long_long_long_long_long_long_long_long_long_long_long 已平仓/爆仓，清除记录
[2026-04-22 01:14:17] 监控中: 1个 | RAVEUSDT_long_long_long_long_long_long_long_long_long_long_long_long_long_long_long_long_long_long_long_long_long_long_long_long_long_long_long_long_long_long_long_long_long_long_long_long_long_long_long_long_long_long_long_long_long_long_long_long_long_long_long_long_long_long_long_long_long_long_long_long_long_long_long_long_long_long_long_long_long_long_long_long_long_long_long_long_long: ⏳+1.30%
[2026-04-22 01:14:22] all-position API失败，使用缓存的 1 个持仓
[2026-04-22 01:14:22] 🗑️ RAVEUSDT_long_long_long_long_long_long_long_long_long_long_long_long_long_long_long_long_long_long_long_long_long_long_long_long_long_long_long_long_long_long_long_long_long_long_long_long_long_long_long_long_long_long_long_long_long_long_long_long_long_long_long_long_long_long_long_long_long_long_long_long_long_long_long_long_long_long_long_long_long_long_long_long_long_long_long_long 已平仓/爆仓，清除记录
[2026-04-22 01:14:22] 监控中: 1个 | RAVEUSDT_long_long_long_long_long_long_long_long_long_long_long_long_long_long_long_long_long_long_long_long_long_long_long_long_long_long_long_long_long_long_long_long_long_long_long_long_long_long_long_long_long_long_long_long_long_long_long_long_long_long_long_long_long_long_long_long_long_long_long_long_long_long_long_long_long_long_long_long_long_long_long_long_long_long_long_long_long_long: ⏳+1.30%
[2026-04-22 01:14:28] all-position API失败，使用缓存的 1 个持仓
[2026-04-22 01:14:28] 🗑️ RAVEUSDT_long_long_long_long_long_long_long_long_long_long_long_long_long_long_long_long_long_long_long_long_long_long_long_long_long_long_long_long_long_long_long_long_long_long_long_long_long_long_long_long_long_long_long_long_long_long_long_long_long_long_long_long_long_long_long_long_long_long_long_long_long_long_long_long_long_long_long_long_long_long_long_long_long_long_long_long_long 已平仓/爆仓，清除记录
[2026-04-22 01:14:28] 监控中: 1个 | RAVEUSDT_long_long_long_long_long_long_long_long_long_long_long_long_long_long_long_long_long_long_long_long_long_long_long_long_long_long_long_long_long_long_long_long_long_long_long_long_long_long_long_long_long_long_long_long_long_long_long_long_long_long_long_long_long_long_long_long_long_long_long_long_long_long_long_long_long_long_long_long_long_long_long_long_long_long_long_long_long_long_long: ⏳+1.30%
[2026-04-22 01:14:33] all-position API失败，使用缓存的 1 个持仓
[2026-04-22 01:14:34] 🗑️ RAVEUSDT_long_long_long_long_long_long_long_long_long_long_long_long_long_long_long_long_long_long_long_long_long_long_long_long_long_long_long_long_long_long_long_long_long_long_long_long_long_long_long_long_long_long_long_long_long_long_long_long_long_long_long_long_long_long_long_long_long_long_long_long_long_long_long_long_long_long_long_long_long_long_long_long_long_long_long_long_long_long 已平仓/爆仓，清除记录
[2026-04-22 01:14:34] 监控中: 1个 | RAVEUSDT_long_long_long_long_long_long_long_long_long_long_long_long_long_long_long_long_long_long_long_long_long_long_long_long_long_long_long_long_long_long_long_long_long_long_long_long_long_long_long_long_long_long_long_long_long_long_long_long_long_long_long_long_long_long_long_long_long_long_long_long_long_long_long_long_long_long_long_long_long_long_long_long_long_long_long_long_long_long_long_long: ⏳+1.30%
[2026-04-22 01:14:39] all-position API失败，使用缓存的 1 个持仓
[2026-04-22 01:14:39] 🗑️ RAVEUSDT_long_long_long_long_long_long_long_long_long_long_long_long_long_long_long_long_long_long_long_long_long_long_long_long_long_long_long_long_long_long_long_long_long_long_long_long_long_long_long_long_long_long_long_long_long_long_long_long_long_long_long_long_long_long_long_long_long_long_long_long_long_long_long_long_long_long_long_long_long_long_long_long_long_long_long_long_long_long_long 已平仓/爆仓，清除记录
[2026-04-22 01:14:39] 监控中: 1个 | RAVEUSDT_long_long_long_long_long_long_long_long_long_long_long_long_long_long_long_long_long_long_long_long_long_long_long_long_long_long_long_long_long_long_long_long_long_long_long_long_long_long_long_long_long_long_long_long_long_long_long_long_long_long_long_long_long_long_long_long_long_long_long_long_long_long_long_long_long_long_long_long_long_long_long_long_long_long_long_long_long_long_long_long_long: ⏳+1.30%
[2026-04-22 01:14:45] all-position API失败，使用缓存的 1 个持仓
[2026-04-22 01:14:45] 🗑️ RAVEUSDT_long_long_long_long_long_long_long_long_long_long_long_long_long_long_long_long_long_long_long_long_long_long_long_long_long_long_long_long_long_long_long_long_long_long_long_long_long_long_long_long_long_long_long_long_long_long_long_long_long_long_long_long_long_long_long_long_long_long_long_long_long_long_long_long_long_long_long_long_long_long_long_long_long_long_long_long_long_long_long_long 已平仓/爆仓，清除记录
[2026-04-22 01:14:45] 监控中: 1个 | RAVEUSDT_long_long_long_long_long_long_long_long_long_long_long_long_long_long_long_long_long_long_long_long_long_long_long_long_long_long_long_long_long_long_long_long_long_long_long_long_long_long_long_long_long_long_long_long_long_long_long_long_long_long_long_long_long_long_long_long_long_long_long_long_long_long_long_long_long_long_long_long_long_long_long_long_long_long_long_long_long_long_long_long_long_long: ⏳+1.30%
[2026-04-22 01:14:50] all-position API失败，使用缓存的 1 个持仓
[2026-04-22 01:14:50] 🗑️ RAVEUSDT_long_long_long_long_long_long_long_long_long_long_long_long_long_long_long_long_long_long_long_long_long_long_long_long_long_long_long_long_long_long_long_long_long_long_long_long_long_long_long_long_long_long_long_long_long_long_long_long_long_long_long_long_long_long_long_long_long_long_long_long_long_long_long_long_long_long_long_long_long_long_long_long_long_long_long_long_long_long_long_long_long 已平仓/爆仓，清除记录
[2026-04-22 01:14:50] 监控中: 1个 | RAVEUSDT_long_long_long_long_long_long_long_long_long_long_long_long_long_long_long_long_long_long_long_long_long_long_long_long_long_long_long_long_long_long_long_long_long_long_long_long_long_long_long_long_long_long_long_long_long_long_long_long_long_long_long_long_long_long_long_long_long_long_long_long_long_long_long_long_long_long_long_long_long_long_long_long_long_long_long_long_long_long_long_long_long_long_long: ⏳+1.30%
