2026-04-06 12:42:36,298 - ERROR - 获取K线失败 TSLAUSDT: API Error: Parameter verification failed
2026-04-06 21:54:57,054 - INFO - ==================================================
2026-04-06 21:54:57,054 - INFO - 🚀 美股交易机器人启动
2026-04-06 21:54:57,054 - INFO - 监控标的: 25 个
2026-04-06 21:54:57,055 - INFO - 开仓金额: 25 U/笔
2026-04-06 21:54:57,055 - INFO - 扫描间隔: 600 秒
2026-04-06 21:54:57,055 - INFO - ==================================================
2026-04-06 21:54:57,246 - INFO - 
[21:54:57] 美股开盘时段 | 余额: 0.00 U
2026-04-06 21:54:57,656 - ERROR - 获取K线失败 TSLAUSDT: API Error: Parameter verification failed
2026-04-06 21:54:58,091 - ERROR - 获取K线失败 NVDAUSDT: API Error: Parameter verification failed
2026-04-06 21:54:58,495 - ERROR - 获取K线失败 COINUSDT: API Error: Parameter verification failed
2026-04-06 21:54:58,874 - ERROR - 获取K线失败 MARAUSDT: API Error: Parameter verification failed
2026-04-06 21:54:59,261 - ERROR - 获取K线失败 RIOTUSDT: API Error: Parameter verification failed
2026-04-06 21:54:59,645 - ERROR - 获取K线失败 AMDUSDT: API Error: Parameter verification failed
2026-04-06 21:55:00,037 - ERROR - 获取K线失败 ARMUSDT: API Error: Parameter verification failed
2026-04-06 21:55:00,408 - ERROR - 获取K线失败 PLTRUSDT: API Error: Parameter verification failed
2026-04-06 21:55:00,791 - ERROR - 获取K线失败 SNOWUSDT: API Error: Parameter verification failed
2026-04-06 21:55:01,160 - ERROR - 获取K线失败 QBTSUSDT: API Error: Parameter verification failed
2026-04-06 21:55:01,527 - ERROR - 获取K线失败 AAPLUSDT: API Error: Parameter verification failed
2026-04-06 21:55:01,920 - ERROR - 获取K线失败 METAUSDT: API Error: Parameter verification failed
2026-04-06 21:55:02,312 - ERROR - 获取K线失败 AMZNUSDT: API Error: Parameter verification failed
2026-04-06 21:55:02,677 - ERROR - 获取K线失败 GOOGLUSDT: API Error: Parameter verification failed
2026-04-06 21:55:03,055 - ERROR - 获取K线失败 NFLXUSDT: API Error: Parameter verification failed
2026-04-06 21:55:03,429 - ERROR - 获取K线失败 TSMUSDT: API Error: Parameter verification failed
2026-04-06 21:55:03,968 - ERROR - 获取K线失败 KOUSDT: API Error: Parameter verification failed
2026-04-06 21:55:04,332 - ERROR - 获取K线失败 CVXUSDT: API Error: Parameter verification failed
2026-04-06 21:55:04,685 - ERROR - 获取K线失败 AXPUSDT: API Error: Parameter verification failed
2026-04-06 21:55:05,089 - ERROR - 获取K线失败 BIDUUSDT: API Error: Parameter verification failed
2026-04-06 21:55:05,460 - ERROR - 获取K线失败 PDDUSDT: API Error: Parameter verification failed
2026-04-06 21:55:05,841 - ERROR - 获取K线失败 GRABUSDT: API Error: Parameter verification failed
2026-04-06 21:55:06,214 - ERROR - 获取K线失败 TQQQUSDT: API Error: Parameter verification failed
2026-04-06 21:55:06,584 - ERROR - 获取K线失败 SQQQUSDT: API Error: Parameter verification failed
2026-04-06 21:55:06,954 - ERROR - 获取K线失败 VTIUSDT: API Error: Parameter verification failed
2026-04-06 21:55:07,143 - INFO - 本次扫描: 无交易信号
2026-04-06 22:01:16,697 - ERROR - 获取余额失败: API Error: Apikey does not exist
2026-04-06 22:05:07,320 - INFO - [22:05:07] 非开盘时段 | 每30分钟检查一次
2026-04-06 22:08:17,305 - INFO - ==================================================
2026-04-06 22:08:17,307 - INFO - 🚀 Bitget 美股交易机器人 v2 启动
2026-04-06 22:08:17,307 - INFO - 监控标的: 8 个
2026-04-06 22:08:17,308 - INFO - 开仓金额: 25 U/笔
2026-04-06 22:08:17,308 - INFO - 扫描间隔: 600 秒 (10分钟)
2026-04-06 22:08:17,308 - INFO - ==================================================
2026-04-06 22:08:17,523 - INFO - [22:08:17] ⏸ 非开盘时段
2026-04-06 22:09:14,603 - INFO - ==================================================
2026-04-06 22:09:14,603 - INFO - 🚀 Bitget 美股交易机器人 v2 启动
2026-04-06 22:09:14,603 - INFO - 监控标的: 8 个
2026-04-06 22:09:14,604 - INFO - 开仓金额: 25 U/笔
2026-04-06 22:09:14,604 - INFO - 扫描间隔: 600 秒 (10分钟)
2026-04-06 22:09:14,604 - INFO - ==================================================
2026-04-06 22:09:14,794 - INFO - 
[22:09:14] ✅ 美股开盘时段 | 余额: 77.25 U
2026-04-06 22:09:20,691 - INFO - 本次扫描: 无交易信号
2026-04-06 22:12:13,767 - INFO - ==================================================
2026-04-06 22:12:13,768 - INFO - 🚀 Bitget 美股交易机器人 v2 启动
2026-04-06 22:12:13,769 - INFO - 监控标的: 8 个
2026-04-06 22:12:13,769 - INFO - 开仓金额: 25 U/笔
2026-04-06 22:12:13,769 - INFO - 扫描间隔: 600 秒 (10分钟)
2026-04-06 22:12:13,769 - INFO - ==================================================
2026-04-06 22:12:13,769 - ERROR - 主循环异常: 'TradingBot' object has no attribute 'is_us_market_open'
2026-04-06 22:13:13,769 - ERROR - 主循环异常: 'TradingBot' object has no attribute 'is_us_market_open'
2026-04-06 22:13:39,450 - INFO - ==================================================
2026-04-06 22:13:39,451 - INFO - 🚀 Bitget 美股交易机器人 v2 启动
2026-04-06 22:13:39,451 - INFO - 监控标的: 8 个
2026-04-06 22:13:39,451 - INFO - 开仓金额: 25 U/笔
2026-04-06 22:13:39,451 - INFO - 扫描间隔: 600 秒 (10分钟)
2026-04-06 22:13:39,451 - INFO - ==================================================
2026-04-06 22:13:39,651 - ERROR - 主循环异常: name 'market_open' is not defined
2026-04-06 22:14:46,848 - INFO - ==================================================
2026-04-06 22:14:46,848 - INFO - 🚀 Bitget 美股交易机器人 v3 启动
2026-04-06 22:14:46,848 - INFO - 监控标的: 8 个
2026-04-06 22:14:46,848 - INFO - 开仓金额: 25 U/笔
2026-04-06 22:14:46,848 - INFO - ==================================================
2026-04-06 22:14:46,848 - INFO - 交易时段规则:
2026-04-06 22:14:46,848 - INFO -   📈 开盘交易: 21:30-04:00 (每10分钟扫描)
2026-04-06 22:14:46,848 - INFO -   🌅 盘前准备: 04:00-09:00 (每30分钟检查)
2026-04-06 22:14:46,848 - INFO -   🌙 盘后时段: 09:00-21:30 (每小时检查)
2026-04-06 22:14:46,849 - INFO -   🚫 周末: 每2小时检查一次
2026-04-06 22:14:46,849 - INFO - ==================================================
2026-04-06 22:14:47,070 - INFO - 
[22:14:47] 📈 美股开盘中 | 余额: 77.25 U
2026-04-06 22:14:52,815 - INFO - 本次扫描: 无交易信号
2026-04-06 22:16:17,356 - INFO - ==================================================
2026-04-06 22:16:17,360 - INFO - 🚀 Bitget 美股交易机器人 v3 启动
2026-04-06 22:16:17,360 - INFO - 监控标的: 8 个
2026-04-06 22:16:17,360 - INFO - 开仓金额: 25 U/笔
2026-04-06 22:16:17,360 - INFO - ==================================================
2026-04-06 22:16:17,360 - INFO - 交易时段规则:
2026-04-06 22:16:17,361 - INFO -   📈 开盘交易: 21:30-04:00 (每5分钟扫描)
2026-04-06 22:16:17,361 - INFO -   🌅 盘前准备: 04:00-09:00 (每30分钟检查)
2026-04-06 22:16:17,362 - INFO -   🌙 盘后时段: 09:00-21:30 (每小时检查)
2026-04-06 22:16:17,362 - INFO -   🚫 周末: 每2小时检查一次
2026-04-06 22:16:17,362 - INFO - ==================================================
2026-04-06 22:16:17,585 - INFO - 
[22:16:17] 📈 美股开盘中 | 余额: 77.25 U
2026-04-06 22:16:23,499 - INFO - 本次扫描: 无交易信号
2026-04-06 22:21:23,713 - INFO - 
[22:21:23] 📈 美股开盘中 | 余额: 77.25 U
2026-04-06 22:21:29,872 - INFO - 本次扫描: 无交易信号
2026-04-06 22:26:30,141 - INFO - 
[22:26:30] 📈 美股开盘中 | 余额: 77.25 U
2026-04-06 22:26:36,277 - INFO - 本次扫描: 无交易信号
2026-04-06 22:31:36,483 - INFO - 
[22:31:36] 📈 美股开盘中 | 余额: 77.25 U
2026-04-06 22:31:42,418 - INFO - 本次扫描: 无交易信号
2026-04-06 22:36:25,141 - INFO - ==================================================
2026-04-06 22:36:25,141 - INFO - 🚀 Bitget 美股交易机器人 v3 启动
2026-04-06 22:36:25,141 - INFO - 监控标的: 8 个
2026-04-06 22:36:25,141 - INFO - 开仓金额: 25 U/笔
2026-04-06 22:36:25,141 - INFO - ==================================================
2026-04-06 22:36:25,142 - INFO - 交易时段规则:
2026-04-06 22:36:25,142 - INFO -   📈 开盘交易: 21:30-04:00 (每5分钟扫描)
2026-04-06 22:36:25,142 - INFO -   🌅 盘前准备: 04:00-09:00 (每30分钟检查)
2026-04-06 22:36:25,142 - INFO -   🌙 盘后时段: 09:00-21:30 (每小时检查)
2026-04-06 22:36:25,142 - INFO -   🚫 周末: 每2小时检查一次
2026-04-06 22:36:25,142 - INFO - ==================================================
2026-04-06 22:36:25,340 - INFO - 
[22:36:25] 📈 美股开盘中 | 余额: 77.25 U
2026-04-06 22:36:30,697 - INFO - 开仓: NVDAONUSDT 价格:176.75 数量:0.14144271570014144 (25U)
2026-04-06 22:36:30,697 - INFO - 🟢 Buy Nvidia(NVDAONUSDT) Price: 176.7500 Tech: 1 News: 10.0 Signal: ['均线多头', 'MACD收缩', '新闻情绪偏多', '重大事件(1)'] Amt: 25U
2026-04-06 22:36:33,930 - INFO - 开仓: AAPLONUSDT 价格:262.46 数量:0.09525260992151185 (25U)
2026-04-06 22:36:33,931 - INFO - 🟢 Buy Apple(AAPLONUSDT) Price: 262.4600 Tech: 1 News: 10.0 Signal: ['均线多头', 'RSI超买(72.3)', 'MACD扩张', '新闻情绪偏多'] Amt: 25U
2026-04-06 22:36:37,409 - INFO - 开仓: METAONUSDT 价格:577.98 数量:0.04325409183708779 (25U)
2026-04-06 22:36:37,409 - INFO - 🟢 Buy Meta(METAONUSDT) Price: 577.9800 Tech: 2 News: 7.5 Signal: ['均线多头', '新闻情绪偏多'] Amt: 25U
2026-04-06 22:36:46,972 - INFO - 本次操作: 买入3笔, 卖出0笔
2026-04-06 22:41:47,180 - INFO - 
[22:41:47] 📈 美股开盘中 | 余额: 2.51 U
2026-04-06 22:42:08,498 - INFO - 本次扫描: 无交易信号
2026-04-06 22:47:08,690 - INFO - 
[22:47:08] 📈 美股开盘中 | 余额: 2.51 U
2026-04-06 22:47:29,826 - INFO - 本次扫描: 无交易信号
2026-04-06 22:52:30,023 - INFO - 
[22:52:30] 📈 美股开盘中 | 余额: 2.51 U
2026-04-06 22:52:50,687 - INFO - 本次扫描: 无交易信号
2026-04-06 22:54:16,851 - INFO - ==================================================
2026-04-06 22:54:16,851 - INFO - 🚀 Bitget 美股交易机器人 v3 启动
2026-04-06 22:54:16,852 - INFO - 监控标的: 8 个
2026-04-06 22:54:16,852 - INFO - 开仓金额: 25 U/笔
2026-04-06 22:54:16,852 - INFO - ==================================================
2026-04-06 22:54:16,852 - INFO - 交易时段规则:
2026-04-06 22:54:16,852 - INFO -   📈 开盘交易: 21:30-04:00 (每5分钟扫描)
2026-04-06 22:54:16,852 - INFO -   🌅 盘前准备: 04:00-09:00 (每30分钟检查)
2026-04-06 22:54:16,852 - INFO -   🌙 盘后时段: 09:00-21:30 (每小时检查)
2026-04-06 22:54:16,852 - INFO -   🚫 周末: 每2小时检查一次
2026-04-06 22:54:16,852 - INFO - ==================================================
2026-04-06 22:54:17,126 - INFO - 
[22:54:17] 📈 美股开盘中 | 余额: 2.51 U
2026-04-06 22:54:33,701 - INFO - 本次扫描: 无交易信号
2026-04-06 22:59:33,899 - INFO - 
[22:59:33] 📈 美股开盘中 | 余额: 26.05 U
2026-04-06 22:59:50,633 - INFO - 开仓: GOOGLONUSDT 价格:298.22 数量:0.08383072899201931 (25U)
2026-04-06 22:59:50,633 - INFO - 🟢 Buy Google(GOOGLONUSDT) Price: 298.2200 Tech: 3 News: 10.0 Signal: ['均线多头', 'MACD扩张', '新闻情绪偏多', '重大事件(1)'] Amt: 25U
2026-04-06 22:59:55,093 - INFO - 本次操作: 买入1笔, 卖出0笔
2026-04-06 23:04:55,279 - INFO - 
[23:04:55] 📈 美股开盘中 | 余额: 1.30 U
2026-04-06 23:05:17,105 - INFO - 本次扫描: 无交易信号
2026-04-06 23:10:17,333 - INFO - 
[23:10:17] 📈 美股开盘中 | 余额: 1.30 U
2026-04-06 23:10:38,584 - INFO - 本次扫描: 无交易信号
2026-04-06 23:15:38,795 - INFO - 
[23:15:38] 📈 美股开盘中 | 余额: 1.30 U
2026-04-06 23:15:59,484 - INFO - 本次扫描: 无交易信号
2026-04-06 23:20:59,701 - INFO - 
[23:20:59] 📈 美股开盘中 | 余额: 1.30 U
2026-04-06 23:21:20,289 - INFO - 本次扫描: 无交易信号
2026-04-06 23:22:46,693 - INFO - ==================================================
2026-04-06 23:22:46,693 - INFO - 🚀 Bitget 美股交易机器人 v3 启动
2026-04-06 23:22:46,693 - INFO - 监控标的: 8 个
2026-04-06 23:22:46,694 - INFO - 开仓金额: 25 U/笔
2026-04-06 23:22:46,694 - INFO - ==================================================
2026-04-06 23:22:46,694 - INFO - 交易时段规则:
2026-04-06 23:22:46,694 - INFO -   📈 开盘交易: 21:30-04:00 (每5分钟扫描)
2026-04-06 23:22:46,694 - INFO -   🌅 盘前准备: 04:00-09:00 (每30分钟检查)
2026-04-06 23:22:46,694 - INFO -   🌙 盘后时段: 09:00-21:30 (每小时检查)
2026-04-06 23:22:46,694 - INFO -   🚫 周末: 每2小时检查一次
2026-04-06 23:22:46,694 - INFO - ==================================================
2026-04-06 23:22:47,049 - INFO - 
[23:22:47] 📈 美股开盘中 | 余额: 1.30 U
2026-04-06 23:23:01,009 - INFO - 本次扫描: 无交易信号
2026-04-06 23:23:40,805 - INFO - ==================================================
2026-04-06 23:23:40,805 - INFO - 🚀 Bitget 美股交易机器人 v3 启动
2026-04-06 23:23:40,805 - INFO - 监控标的: 8 个
2026-04-06 23:23:40,805 - INFO - 开仓金额: 25 U/笔
2026-04-06 23:23:40,805 - INFO - ==================================================
2026-04-06 23:23:40,805 - INFO - 交易时段规则:
2026-04-06 23:23:40,805 - INFO -   📈 开盘交易: 21:30-04:00 (每5分钟扫描)
2026-04-06 23:23:40,806 - INFO -   🌅 盘前准备: 04:00-09:00 (每30分钟检查)
2026-04-06 23:23:40,806 - INFO -   🌙 盘后时段: 09:00-21:30 (每小时检查)
2026-04-06 23:23:40,806 - INFO -   🚫 周末: 每2小时检查一次
2026-04-06 23:23:40,806 - INFO - ==================================================
2026-04-06 23:23:41,015 - INFO - 
[23:23:41] 📈 美股开盘中 | 余额: 1.30 U
2026-04-06 23:24:02,007 - INFO - 本次扫描: 无交易信号
2026-04-06 23:29:02,310 - INFO - 
[23:29:02] 📈 美股开盘中 | 余额: 1.30 U
2026-04-06 23:29:22,214 - INFO - 本次扫描: 无交易信号
2026-04-06 23:34:22,426 - INFO - 
[23:34:22] 📈 美股开盘中 | 余额: 1.30 U
2026-04-06 23:34:43,337 - INFO - 本次扫描: 无交易信号
2026-04-06 23:39:43,551 - INFO - 
[23:39:43] 📈 美股开盘中 | 余额: 1.30 U
2026-04-06 23:40:04,514 - INFO - 本次扫描: 无交易信号
2026-04-06 23:45:04,701 - INFO - 
[23:45:04] 📈 美股开盘中 | 余额: 1.30 U
2026-04-06 23:45:25,198 - INFO - 本次扫描: 无交易信号
2026-04-06 23:50:25,399 - INFO - 
[23:50:25] 📈 美股开盘中 | 余额: 1.30 U
2026-04-06 23:50:46,047 - INFO - 本次扫描: 无交易信号
2026-04-06 23:55:46,225 - INFO - 
[23:55:46] 📈 美股开盘中 | 余额: 1.30 U
2026-04-06 23:56:07,373 - INFO - 本次扫描: 无交易信号
2026-04-07 00:01:07,559 - INFO - 
[00:01:07] 📈 美股开盘中 | 余额: 1.30 U
2026-04-07 00:01:27,779 - INFO - 本次扫描: 无交易信号
2026-04-07 00:06:27,980 - INFO - 
[00:06:27] 📈 美股开盘中 | 余额: 1.30 U
2026-04-07 00:06:48,589 - INFO - 本次扫描: 无交易信号
2026-04-07 00:11:48,786 - INFO - 
[00:11:48] 📈 美股开盘中 | 余额: 1.30 U
2026-04-07 00:12:10,033 - INFO - 本次扫描: 无交易信号
2026-04-07 00:17:10,256 - INFO - 
[00:17:10] 📈 美股开盘中 | 余额: 1.30 U
2026-04-07 00:17:29,842 - INFO - 本次扫描: 无交易信号
2026-04-07 00:22:30,055 - INFO - 
[00:22:30] 📈 美股开盘中 | 余额: 1.30 U
2026-04-07 00:22:49,672 - INFO - 本次扫描: 无交易信号
2026-04-07 00:27:49,849 - INFO - 
[00:27:49] 📈 美股开盘中 | 余额: 1.30 U
2026-04-07 00:28:09,558 - INFO - 本次扫描: 无交易信号
2026-04-07 00:33:09,770 - INFO - 
[00:33:09] 📈 美股开盘中 | 余额: 1.30 U
2026-04-07 00:33:29,862 - INFO - 本次扫描: 无交易信号
2026-04-07 00:38:30,055 - INFO - 
[00:38:30] 📈 美股开盘中 | 余额: 1.30 U
2026-04-07 00:38:49,293 - INFO - 本次扫描: 无交易信号
